[0.029s] Invoking command in '/root/nav_migration/src/build/navigros2': CMAKE_PREFIX_PATH=/opt/ros/humble /usr/bin/cmake /root/nav_migration/src/navigros2 -DCMAKE_INSTALL_PREFIX=/root/nav_migration/src/install/navigros2
[0.527s] -- The C compiler identification is GNU 11.4.0
[1.328s] -- The CXX compiler identification is GNU 11.4.0
[1.904s] -- Detecting C compiler ABI info
[2.120s] -- Detecting C compiler ABI info - done
[2.127s] -- Check for working C compiler: /usr/bin/cc - skipped
[2.129s] -- Detecting C compile features
[2.131s] -- Detecting C compile features - done
[2.138s] -- Detecting CXX compiler ABI info
[2.303s] -- Detecting CXX compiler ABI info - done
[2.309s] -- Check for working CXX compiler: /usr/bin/c++ - skipped
[2.309s] -- Detecting CXX compile features
[2.310s] -- Detecting CXX compile features - done
[2.334s] -- Found ament_cmake: 1.3.10 (/opt/ros/humble/share/ament_cmake/cmake)
[2.522s] -- Found Python3: /usr/bin/python3 (found version "3.10.12") found components: Interpreter 
[2.675s] -- Found rosidl_default_generators: 1.2.0 (/opt/ros/humble/share/rosidl_default_generators/cmake)
[2.685s] -- Using all available rosidl_typesupport_c: rosidl_typesupport_fastrtps_c;rosidl_typesupport_introspection_c
[2.698s] -- Found rosidl_adapter: 3.1.5 (/opt/ros/humble/share/rosidl_adapter/cmake)
[2.869s] -- Using all available rosidl_typesupport_cpp: rosidl_typesupport_fastrtps_cpp;rosidl_typesupport_introspection_cpp
[2.925s] -- Found rclpy: 3.3.14 (/opt/ros/humble/share/rclpy/cmake)
[2.927s] -- Found std_msgs: 4.2.4 (/opt/ros/humble/share/std_msgs/cmake)
[2.966s] -- Found geometry_msgs: 4.2.4 (/opt/ros/humble/share/geometry_msgs/cmake)
[2.985s] -- Found nav_msgs: 4.2.4 (/opt/ros/humble/share/nav_msgs/cmake)
[3.010s] -- Found action_msgs: 1.2.1 (/opt/ros/humble/share/action_msgs/cmake)
[3.379s] -- Found ament_cmake_ros: 0.10.0 (/opt/ros/humble/share/ament_cmake_ros/cmake)
[3.641s] -- Using all available rosidl_typesupport_c: rosidl_typesupport_fastrtps_c;rosidl_typesupport_introspection_c
[3.971s] -- Using all available rosidl_typesupport_cpp: rosidl_typesupport_fastrtps_cpp;rosidl_typesupport_introspection_cpp
[4.135s] -- Found PythonInterp: /usr/bin/python3 (found suitable version "3.10.12", minimum required is "3.6") 
[4.140s] -- Found python_cmake_module: 0.10.0 (/opt/ros/humble/share/python_cmake_module/cmake)
[4.339s] -- Found PythonLibs: /usr/lib/x86_64-linux-gnu/libpython3.10.so (found suitable version "3.10.12", minimum required is "3.5") 
[4.340s] -- Using PYTHON_EXECUTABLE: /usr/bin/python3
[4.340s] -- Using PYTHON_INCLUDE_DIRS: /usr/include/python3.10
[4.340s] -- Using PYTHON_LIBRARIES: /usr/lib/x86_64-linux-gnu/libpython3.10.so
[4.362s] -- Found PythonExtra: .so  
[4.440s] -- Found ament_lint_auto: 0.12.11 (/opt/ros/humble/share/ament_lint_auto/cmake)
[4.477s] -- Added test 'lint_cmake' to check CMake code style
[4.478s] -- Added test 'xmllint' to check XML markup files
[4.482s] -- Configuring done
[4.538s] -- Generating done
[4.545s] -- Build files have been written to: /root/nav_migration/src/build/navigros2
[4.553s] Invoked command in '/root/nav_migration/src/build/navigros2' returned '0': CMAKE_PREFIX_PATH=/opt/ros/humble /usr/bin/cmake /root/nav_migration/src/navigros2 -DCMAKE_INSTALL_PREFIX=/root/nav_migration/src/install/navigros2
[4.555s] Invoking command in '/root/nav_migration/src/build/navigros2': CMAKE_PREFIX_PATH=/opt/ros/humble /usr/bin/cmake --build /root/nav_migration/src/build/navigros2 -- -j22 -l22
[4.595s] [  1%] [34m[1mGenerating C code for ROS interfaces[0m
[4.603s] [  3%] [34m[1mGenerating C++ code for ROS interfaces[0m
[4.609s] [  3%] Built target ament_cmake_python_copy_navigros2
[4.869s] running egg_info
[4.870s] creating navigros2.egg-info
[4.870s] writing navigros2.egg-info/PKG-INFO
[4.871s] writing dependency_links to navigros2.egg-info/dependency_links.txt
[4.871s] writing top-level names to navigros2.egg-info/top_level.txt
[4.871s] writing manifest file 'navigros2.egg-info/SOURCES.txt'
[4.874s] reading manifest file 'navigros2.egg-info/SOURCES.txt'
[4.874s] writing manifest file 'navigros2.egg-info/SOURCES.txt'
[4.899s] [  3%] Built target ament_cmake_python_build_navigros2_egg
[5.103s] [  3%] Built target navigros2__cpp
[5.111s] [  4%] [34m[1mGenerating C++ type support dispatch for ROS interfaces[0m
[5.113s] [  6%] [34m[1mGenerating C++ type support for eProsima Fast-RTPS[0m
[5.118s] [  7%] [34m[1mGenerating C++ introspection for ROS interfaces[0m
[5.121s] [  9%] [32mBuilding C object CMakeFiles/navigros2__rosidl_generator_c.dir/rosidl_generator_c/navigros2/msg/detail/alignment__functions.c.o[0m
[5.122s] [ 11%] [32mBuilding C object CMakeFiles/navigros2__rosidl_generator_c.dir/rosidl_generator_c/navigros2/msg/detail/feature_locations__functions.c.o[0m
[5.123s] [ 12%] [32mBuilding C object CMakeFiles/navigros2__rosidl_generator_c.dir/rosidl_generator_c/navigros2/srv/detail/set_clock_gain__functions.c.o[0m
[5.127s] [ 14%] [32mBuilding C object CMakeFiles/navigros2__rosidl_generator_c.dir/rosidl_generator_c/navigros2/msg/detail/float_list__functions.c.o[0m
[5.132s] [ 15%] [32mBuilding C object CMakeFiles/navigros2__rosidl_generator_c.dir/rosidl_generator_c/navigros2/srv/detail/set_dist__functions.c.o[0m
[5.282s] [ 17%] [32m[1mLinking C shared library libnavigros2__rosidl_generator_c.so[0m
[5.388s] [ 17%] Built target navigros2__rosidl_generator_c
[5.399s] [ 19%] [34m[1mGenerating C type support for eProsima Fast-RTPS[0m
[5.399s] [ 20%] [34m[1mGenerating C type support dispatch for ROS interfaces[0m
[5.399s] [ 22%] [34m[1mGenerating C introspection for ROS interfaces[0m
[5.471s] [ 23%] [32mBuilding CXX object CMakeFiles/navigros2__rosidl_typesupport_cpp.dir/rosidl_typesupport_cpp/navigros2/msg/feature_locations__type_support.cpp.o[0m
[5.472s] [ 25%] [32mBuilding CXX object CMakeFiles/navigros2__rosidl_typesupport_cpp.dir/rosidl_typesupport_cpp/navigros2/msg/alignment__type_support.cpp.o[0m
[5.472s] [ 26%] [32mBuilding CXX object CMakeFiles/navigros2__rosidl_typesupport_cpp.dir/rosidl_typesupport_cpp/navigros2/srv/set_dist__type_support.cpp.o[0m
[5.473s] [ 28%] [32mBuilding CXX object CMakeFiles/navigros2__rosidl_typesupport_cpp.dir/rosidl_typesupport_cpp/navigros2/srv/set_clock_gain__type_support.cpp.o[0m
[5.473s] [ 30%] [32mBuilding CXX object CMakeFiles/navigros2__rosidl_typesupport_cpp.dir/rosidl_typesupport_cpp/navigros2/msg/float_list__type_support.cpp.o[0m
[5.546s] [ 31%] [32mBuilding CXX object CMakeFiles/navigros2__rosidl_typesupport_introspection_cpp.dir/rosidl_typesupport_introspection_cpp/navigros2/msg/detail/float_list__type_support.cpp.o[0m
[5.547s] [ 33%] [32mBuilding CXX object CMakeFiles/navigros2__rosidl_typesupport_introspection_cpp.dir/rosidl_typesupport_introspection_cpp/navigros2/msg/detail/alignment__type_support.cpp.o[0m
[5.547s] [ 34%] [32mBuilding CXX object CMakeFiles/navigros2__rosidl_typesupport_introspection_cpp.dir/rosidl_typesupport_introspection_cpp/navigros2/srv/detail/set_dist__type_support.cpp.o[0m
[5.548s] [ 36%] [32mBuilding CXX object CMakeFiles/navigros2__rosidl_typesupport_introspection_cpp.dir/rosidl_typesupport_introspection_cpp/navigros2/srv/detail/set_clock_gain__type_support.cpp.o[0m
[5.549s] [ 38%] [32mBuilding CXX object CMakeFiles/navigros2__rosidl_typesupport_introspection_cpp.dir/rosidl_typesupport_introspection_cpp/navigros2/msg/detail/feature_locations__type_support.cpp.o[0m
[5.612s] [ 41%] [32mBuilding CXX object CMakeFiles/navigros2__rosidl_typesupport_fastrtps_cpp.dir/rosidl_typesupport_fastrtps_cpp/navigros2/msg/detail/dds_fastrtps/feature_locations__type_support.cpp.o[0m
[5.612s] [ 41%] [32mBuilding CXX object CMakeFiles/navigros2__rosidl_typesupport_fastrtps_cpp.dir/rosidl_typesupport_fastrtps_cpp/navigros2/msg/detail/dds_fastrtps/float_list__type_support.cpp.o[0m
[5.612s] [ 44%] [32mBuilding CXX object CMakeFiles/navigros2__rosidl_typesupport_fastrtps_cpp.dir/rosidl_typesupport_fastrtps_cpp/navigros2/msg/detail/dds_fastrtps/alignment__type_support.cpp.o[0m
[5.612s] [ 44%] [32mBuilding CXX object CMakeFiles/navigros2__rosidl_typesupport_fastrtps_cpp.dir/rosidl_typesupport_fastrtps_cpp/navigros2/srv/detail/dds_fastrtps/set_clock_gain__type_support.cpp.o[0m
[5.615s] [ 46%] [32mBuilding CXX object CMakeFiles/navigros2__rosidl_typesupport_fastrtps_cpp.dir/rosidl_typesupport_fastrtps_cpp/navigros2/srv/detail/dds_fastrtps/set_dist__type_support.cpp.o[0m
[5.902s] [ 47%] [32mBuilding CXX object CMakeFiles/navigros2__rosidl_typesupport_c.dir/rosidl_typesupport_c/navigros2/msg/float_list__type_support.cpp.o[0m
[5.906s] [ 50%] [32mBuilding CXX object CMakeFiles/navigros2__rosidl_typesupport_c.dir/rosidl_typesupport_c/navigros2/msg/alignment__type_support.cpp.o[0m
[5.906s] [ 50%] [32mBuilding CXX object CMakeFiles/navigros2__rosidl_typesupport_c.dir/rosidl_typesupport_c/navigros2/msg/feature_locations__type_support.cpp.o[0m
[5.909s] [ 52%] [32mBuilding CXX object CMakeFiles/navigros2__rosidl_typesupport_c.dir/rosidl_typesupport_c/navigros2/srv/set_dist__type_support.cpp.o[0m
[5.910s] [ 53%] [32mBuilding CXX object CMakeFiles/navigros2__rosidl_typesupport_c.dir/rosidl_typesupport_c/navigros2/srv/set_clock_gain__type_support.cpp.o[0m
[5.989s] [ 55%] [32m[1mLinking CXX shared library libnavigros2__rosidl_typesupport_c.so[0m
[6.037s] [ 57%] [32mBuilding C object CMakeFiles/navigros2__rosidl_typesupport_introspection_c.dir/rosidl_typesupport_introspection_c/navigros2/msg/detail/feature_locations__type_support.c.o[0m
[6.043s] [ 58%] [32mBuilding C object CMakeFiles/navigros2__rosidl_typesupport_introspection_c.dir/rosidl_typesupport_introspection_c/navigros2/msg/detail/alignment__type_support.c.o[0m
[6.043s] [ 60%] [32mBuilding C object CMakeFiles/navigros2__rosidl_typesupport_introspection_c.dir/rosidl_typesupport_introspection_c/navigros2/srv/detail/set_dist__type_support.c.o[0m
[6.048s] [ 61%] [32mBuilding CXX object CMakeFiles/navigros2__rosidl_typesupport_fastrtps_c.dir/rosidl_typesupport_fastrtps_c/navigros2/msg/detail/alignment__type_support_c.cpp.o[0m
[6.054s] [ 63%] [32mBuilding CXX object CMakeFiles/navigros2__rosidl_typesupport_fastrtps_c.dir/rosidl_typesupport_fastrtps_c/navigros2/msg/detail/feature_locations__type_support_c.cpp.o[0m
[6.054s] [ 65%] [32mBuilding C object CMakeFiles/navigros2__rosidl_typesupport_introspection_c.dir/rosidl_typesupport_introspection_c/navigros2/msg/detail/float_list__type_support.c.o[0m
[6.100s] [ 66%] [32mBuilding CXX object CMakeFiles/navigros2__rosidl_typesupport_fastrtps_c.dir/rosidl_typesupport_fastrtps_c/navigros2/msg/detail/float_list__type_support_c.cpp.o[0m
[6.117s] [ 68%] [32mBuilding C object CMakeFiles/navigros2__rosidl_typesupport_introspection_c.dir/rosidl_typesupport_introspection_c/navigros2/srv/detail/set_clock_gain__type_support.c.o[0m
[6.118s] [ 69%] [32mBuilding CXX object CMakeFiles/navigros2__rosidl_typesupport_fastrtps_c.dir/rosidl_typesupport_fastrtps_c/navigros2/srv/detail/set_dist__type_support_c.cpp.o[0m
[6.120s] [ 71%] [32mBuilding CXX object CMakeFiles/navigros2__rosidl_typesupport_fastrtps_c.dir/rosidl_typesupport_fastrtps_c/navigros2/srv/detail/set_clock_gain__type_support_c.cpp.o[0m
[6.132s] [ 73%] [32m[1mLinking CXX shared library libnavigros2__rosidl_typesupport_cpp.so[0m
[6.165s] [ 74%] [32m[1mLinking C shared library libnavigros2__rosidl_typesupport_introspection_c.so[0m
[6.170s] [ 74%] Built target navigros2__rosidl_typesupport_c
[6.254s] [ 74%] Built target navigros2__rosidl_typesupport_cpp
[6.269s] [ 74%] Built target navigros2__rosidl_typesupport_introspection_c
[6.413s] [ 76%] [32m[1mLinking CXX shared library libnavigros2__rosidl_typesupport_fastrtps_cpp.so[0m
[6.463s] [ 77%] [32m[1mLinking CXX shared library libnavigros2__rosidl_typesupport_introspection_cpp.so[0m
[6.526s] [ 79%] [32m[1mLinking CXX shared library libnavigros2__rosidl_typesupport_fastrtps_c.so[0m
[6.549s] [ 79%] Built target navigros2__rosidl_typesupport_fastrtps_cpp
[6.588s] [ 79%] Built target navigros2__rosidl_typesupport_introspection_cpp
[6.656s] [ 79%] Built target navigros2__rosidl_typesupport_fastrtps_c
[6.669s] [ 79%] Built target navigros2
[6.683s] [ 80%] [34m[1mGenerating Python code for ROS interfaces[0m
[7.346s] [ 80%] Built target navigros2__py
[7.369s] [ 82%] [32mBuilding C object CMakeFiles/navigros2__rosidl_generator_py.dir/rosidl_generator_py/navigros2/msg/_alignment_s.c.o[0m
[7.371s] [ 84%] [32mBuilding C object CMakeFiles/navigros2__rosidl_generator_py.dir/rosidl_generator_py/navigros2/msg/_feature_locations_s.c.o[0m
[7.371s] [ 85%] [32mBuilding C object CMakeFiles/navigros2__rosidl_generator_py.dir/rosidl_generator_py/navigros2/srv/_set_clock_gain_s.c.o[0m
[7.371s] [ 87%] [32mBuilding C object CMakeFiles/navigros2__rosidl_generator_py.dir/rosidl_generator_py/navigros2/msg/_float_list_s.c.o[0m
[7.376s] [ 88%] [32mBuilding C object CMakeFiles/navigros2__rosidl_generator_py.dir/rosidl_generator_py/navigros2/srv/_set_dist_s.c.o[0m
[7.573s] [ 90%] [32m[1mLinking C shared library rosidl_generator_py/navigros2/libnavigros2__rosidl_generator_py.so[0m
[7.803s] [ 90%] Built target navigros2__rosidl_generator_py
[7.824s] [ 93%] [32mBuilding C object CMakeFiles/navigros2__rosidl_typesupport_c__pyext.dir/rosidl_generator_py/navigros2/_navigros2_s.ep.rosidl_typesupport_c.c.o[0m
[7.824s] [ 93%] [32mBuilding C object CMakeFiles/navigros2__rosidl_typesupport_fastrtps_c__pyext.dir/rosidl_generator_py/navigros2/_navigros2_s.ep.rosidl_typesupport_fastrtps_c.c.o[0m
[7.828s] [ 95%] [32mBuilding C object CMakeFiles/navigros2__rosidl_typesupport_introspection_c__pyext.dir/rosidl_generator_py/navigros2/_navigros2_s.ep.rosidl_typesupport_introspection_c.c.o[0m
[7.939s] [ 96%] [32m[1mLinking C shared library rosidl_generator_py/navigros2/navigros2_s__rosidl_typesupport_fastrtps_c.cpython-310-x86_64-linux-gnu.so[0m
[7.944s] [ 98%] [32m[1mLinking C shared library rosidl_generator_py/navigros2/navigros2_s__rosidl_typesupport_introspection_c.cpython-310-x86_64-linux-gnu.so[0m
[7.951s] [100%] [32m[1mLinking C shared library rosidl_generator_py/navigros2/navigros2_s__rosidl_typesupport_c.cpython-310-x86_64-linux-gnu.so[0m
[8.028s] [100%] Built target navigros2__rosidl_typesupport_introspection_c__pyext
[8.028s] [100%] Built target navigros2__rosidl_typesupport_fastrtps_c__pyext
[8.057s] [100%] Built target navigros2__rosidl_typesupport_c__pyext
[8.071s] Invoked command in '/root/nav_migration/src/build/navigros2' returned '0': CMAKE_PREFIX_PATH=/opt/ros/humble /usr/bin/cmake --build /root/nav_migration/src/build/navigros2 -- -j22 -l22
[8.205s] Invoking command in '/root/nav_migration/src/build/navigros2': CMAKE_PREFIX_PATH=/opt/ros/humble /usr/bin/cmake --install /root/nav_migration/src/build/navigros2
[8.212s] -- Install configuration: ""
[8.212s] -- Installing: /root/nav_migration/src/install/navigros2/share/ament_index/resource_index/rosidl_interfaces/navigros2
[8.212s] -- Installing: /root/nav_migration/src/install/navigros2/include/navigros2/navigros2
[8.213s] -- Installing: /root/nav_migration/src/install/navigros2/include/navigros2/navigros2/msg
[8.213s] -- Installing: /root/nav_migration/src/install/navigros2/include/navigros2/navigros2/msg/rosidl_generator_c__visibility_control.h
[8.213s] -- Installing: /root/nav_migration/src/install/navigros2/include/navigros2/navigros2/msg/detail
[8.213s] -- Installing: /root/nav_migration/src/install/navigros2/include/navigros2/navigros2/msg/detail/float_list__type_support.h
[8.213s] -- Installing: /root/nav_migration/src/install/navigros2/include/navigros2/navigros2/msg/detail/float_list__functions.c
[8.213s] -- Installing: /root/nav_migration/src/install/navigros2/include/navigros2/navigros2/msg/detail/feature_locations__struct.h
[8.214s] -- Installing: /root/nav_migration/src/install/navigros2/include/navigros2/navigros2/msg/detail/alignment__type_support.h
[8.214s] -- Installing: /root/nav_migration/src/install/navigros2/include/navigros2/navigros2/msg/detail/alignment__struct.h
[8.214s] -- Installing: /root/nav_migration/src/install/navigros2/include/navigros2/navigros2/msg/detail/alignment__functions.c
[8.214s] -- Installing: /root/nav_migration/src/install/navigros2/include/navigros2/navigros2/msg/detail/feature_locations__functions.c
[8.214s] -- Installing: /root/nav_migration/src/install/navigros2/include/navigros2/navigros2/msg/detail/float_list__struct.h
[8.214s] -- Installing: /root/nav_migration/src/install/navigros2/include/navigros2/navigros2/msg/detail/alignment__functions.h
[8.214s] -- Installing: /root/nav_migration/src/install/navigros2/include/navigros2/navigros2/msg/detail/float_list__functions.h
[8.215s] -- Installing: /root/nav_migration/src/install/navigros2/include/navigros2/navigros2/msg/detail/feature_locations__functions.h
[8.215s] -- Installing: /root/nav_migration/src/install/navigros2/include/navigros2/navigros2/msg/detail/feature_locations__type_support.h
[8.215s] -- Installing: /root/nav_migration/src/install/navigros2/include/navigros2/navigros2/msg/alignment.h
[8.215s] -- Installing: /root/nav_migration/src/install/navigros2/include/navigros2/navigros2/msg/float_list.h
[8.215s] -- Installing: /root/nav_migration/src/install/navigros2/include/navigros2/navigros2/msg/feature_locations.h
[8.215s] -- Installing: /root/nav_migration/src/install/navigros2/include/navigros2/navigros2/srv
[8.215s] -- Installing: /root/nav_migration/src/install/navigros2/include/navigros2/navigros2/srv/detail
[8.216s] -- Installing: /root/nav_migration/src/install/navigros2/include/navigros2/navigros2/srv/detail/set_dist__functions.h
[8.216s] -- Installing: /root/nav_migration/src/install/navigros2/include/navigros2/navigros2/srv/detail/set_clock_gain__type_support.h
[8.216s] -- Installing: /root/nav_migration/src/install/navigros2/include/navigros2/navigros2/srv/detail/set_clock_gain__functions.h
[8.216s] -- Installing: /root/nav_migration/src/install/navigros2/include/navigros2/navigros2/srv/detail/set_clock_gain__functions.c
[8.216s] -- Installing: /root/nav_migration/src/install/navigros2/include/navigros2/navigros2/srv/detail/set_dist__functions.c
[8.216s] -- Installing: /root/nav_migration/src/install/navigros2/include/navigros2/navigros2/srv/detail/set_clock_gain__struct.h
[8.216s] -- Installing: /root/nav_migration/src/install/navigros2/include/navigros2/navigros2/srv/detail/set_dist__struct.h
[8.217s] -- Installing: /root/nav_migration/src/install/navigros2/include/navigros2/navigros2/srv/detail/set_dist__type_support.h
[8.217s] -- Installing: /root/nav_migration/src/install/navigros2/include/navigros2/navigros2/srv/set_clock_gain.h
[8.217s] -- Installing: /root/nav_migration/src/install/navigros2/include/navigros2/navigros2/srv/set_dist.h
[8.217s] -- Installing: /root/nav_migration/src/install/navigros2/share/navigros2/environment/library_path.sh
[8.217s] -- Installing: /root/nav_migration/src/install/navigros2/share/navigros2/environment/library_path.dsv
[8.217s] -- Installing: /root/nav_migration/src/install/navigros2/lib/libnavigros2__rosidl_generator_c.so
[8.218s] -- Set runtime path of "/root/nav_migration/src/install/navigros2/lib/libnavigros2__rosidl_generator_c.so" to ""
[8.218s] -- Up-to-date: /root/nav_migration/src/install/navigros2/include/navigros2/navigros2
[8.218s] -- Up-to-date: /root/nav_migration/src/install/navigros2/include/navigros2/navigros2/msg
[8.218s] -- Up-to-date: /root/nav_migration/src/install/navigros2/include/navigros2/navigros2/msg/detail
[8.218s] -- Installing: /root/nav_migration/src/install/navigros2/include/navigros2/navigros2/msg/detail/float_list__rosidl_typesupport_fastrtps_c.h
[8.218s] -- Installing: /root/nav_migration/src/install/navigros2/include/navigros2/navigros2/msg/detail/feature_locations__rosidl_typesupport_fastrtps_c.h
[8.218s] -- Installing: /root/nav_migration/src/install/navigros2/include/navigros2/navigros2/msg/detail/alignment__rosidl_typesupport_fastrtps_c.h
[8.218s] -- Installing: /root/nav_migration/src/install/navigros2/include/navigros2/navigros2/msg/rosidl_typesupport_fastrtps_c__visibility_control.h
[8.219s] -- Up-to-date: /root/nav_migration/src/install/navigros2/include/navigros2/navigros2/srv
[8.219s] -- Up-to-date: /root/nav_migration/src/install/navigros2/include/navigros2/navigros2/srv/detail
[8.219s] -- Installing: /root/nav_migration/src/install/navigros2/include/navigros2/navigros2/srv/detail/set_dist__rosidl_typesupport_fastrtps_c.h
[8.219s] -- Installing: /root/nav_migration/src/install/navigros2/include/navigros2/navigros2/srv/detail/set_clock_gain__rosidl_typesupport_fastrtps_c.h
[8.219s] -- Installing: /root/nav_migration/src/install/navigros2/lib/libnavigros2__rosidl_typesupport_fastrtps_c.so
[8.219s] -- Set runtime path of "/root/nav_migration/src/install/navigros2/lib/libnavigros2__rosidl_typesupport_fastrtps_c.so" to ""
[8.219s] -- Up-to-date: /root/nav_migration/src/install/navigros2/include/navigros2/navigros2
[8.220s] -- Up-to-date: /root/nav_migration/src/install/navigros2/include/navigros2/navigros2/msg
[8.220s] -- Up-to-date: /root/nav_migration/src/install/navigros2/include/navigros2/navigros2/msg/detail
[8.220s] -- Installing: /root/nav_migration/src/install/navigros2/include/navigros2/navigros2/msg/detail/alignment__type_support.c
[8.220s] -- Installing: /root/nav_migration/src/install/navigros2/include/navigros2/navigros2/msg/detail/float_list__type_support.c
[8.220s] -- Installing: /root/nav_migration/src/install/navigros2/include/navigros2/navigros2/msg/detail/alignment__rosidl_typesupport_introspection_c.h
[8.220s] -- Installing: /root/nav_migration/src/install/navigros2/include/navigros2/navigros2/msg/detail/float_list__rosidl_typesupport_introspection_c.h
[8.221s] -- Installing: /root/nav_migration/src/install/navigros2/include/navigros2/navigros2/msg/detail/feature_locations__rosidl_typesupport_introspection_c.h
[8.221s] -- Installing: /root/nav_migration/src/install/navigros2/include/navigros2/navigros2/msg/detail/feature_locations__type_support.c
[8.221s] -- Installing: /root/nav_migration/src/install/navigros2/include/navigros2/navigros2/msg/rosidl_typesupport_introspection_c__visibility_control.h
[8.221s] -- Up-to-date: /root/nav_migration/src/install/navigros2/include/navigros2/navigros2/srv
[8.221s] -- Up-to-date: /root/nav_migration/src/install/navigros2/include/navigros2/navigros2/srv/detail
[8.221s] -- Installing: /root/nav_migration/src/install/navigros2/include/navigros2/navigros2/srv/detail/set_clock_gain__rosidl_typesupport_introspection_c.h
[8.221s] -- Installing: /root/nav_migration/src/install/navigros2/include/navigros2/navigros2/srv/detail/set_dist__type_support.c
[8.221s] -- Installing: /root/nav_migration/src/install/navigros2/include/navigros2/navigros2/srv/detail/set_clock_gain__type_support.c
[8.221s] -- Installing: /root/nav_migration/src/install/navigros2/include/navigros2/navigros2/srv/detail/set_dist__rosidl_typesupport_introspection_c.h
[8.221s] -- Installing: /root/nav_migration/src/install/navigros2/lib/libnavigros2__rosidl_typesupport_introspection_c.so
[8.221s] -- Set runtime path of "/root/nav_migration/src/install/navigros2/lib/libnavigros2__rosidl_typesupport_introspection_c.so" to ""
[8.222s] -- Installing: /root/nav_migration/src/install/navigros2/lib/libnavigros2__rosidl_typesupport_c.so
[8.222s] -- Set runtime path of "/root/nav_migration/src/install/navigros2/lib/libnavigros2__rosidl_typesupport_c.so" to ""
[8.222s] -- Up-to-date: /root/nav_migration/src/install/navigros2/include/navigros2/navigros2
[8.222s] -- Up-to-date: /root/nav_migration/src/install/navigros2/include/navigros2/navigros2/msg
[8.222s] -- Up-to-date: /root/nav_migration/src/install/navigros2/include/navigros2/navigros2/msg/detail
[8.222s] -- Installing: /root/nav_migration/src/install/navigros2/include/navigros2/navigros2/msg/detail/float_list__builder.hpp
[8.222s] -- Installing: /root/nav_migration/src/install/navigros2/include/navigros2/navigros2/msg/detail/float_list__struct.hpp
[8.223s] -- Installing: /root/nav_migration/src/install/navigros2/include/navigros2/navigros2/msg/detail/feature_locations__builder.hpp
[8.223s] -- Installing: /root/nav_migration/src/install/navigros2/include/navigros2/navigros2/msg/detail/feature_locations__struct.hpp
[8.223s] -- Installing: /root/nav_migration/src/install/navigros2/include/navigros2/navigros2/msg/detail/feature_locations__traits.hpp
[8.223s] -- Installing: /root/nav_migration/src/install/navigros2/include/navigros2/navigros2/msg/detail/alignment__builder.hpp
[8.223s] -- Installing: /root/nav_migration/src/install/navigros2/include/navigros2/navigros2/msg/detail/float_list__traits.hpp
[8.223s] -- Installing: /root/nav_migration/src/install/navigros2/include/navigros2/navigros2/msg/detail/alignment__struct.hpp
[8.223s] -- Installing: /root/nav_migration/src/install/navigros2/include/navigros2/navigros2/msg/detail/alignment__traits.hpp
[8.223s] -- Installing: /root/nav_migration/src/install/navigros2/include/navigros2/navigros2/msg/feature_locations.hpp
[8.224s] -- Installing: /root/nav_migration/src/install/navigros2/include/navigros2/navigros2/msg/float_list.hpp
[8.224s] -- Installing: /root/nav_migration/src/install/navigros2/include/navigros2/navigros2/msg/alignment.hpp
[8.224s] -- Up-to-date: /root/nav_migration/src/install/navigros2/include/navigros2/navigros2/srv
[8.224s] -- Up-to-date: /root/nav_migration/src/install/navigros2/include/navigros2/navigros2/srv/detail
[8.224s] -- Installing: /root/nav_migration/src/install/navigros2/include/navigros2/navigros2/srv/detail/set_dist__builder.hpp
[8.224s] -- Installing: /root/nav_migration/src/install/navigros2/include/navigros2/navigros2/srv/detail/set_clock_gain__struct.hpp
[8.224s] -- Installing: /root/nav_migration/src/install/navigros2/include/navigros2/navigros2/srv/detail/set_dist__struct.hpp
[8.224s] -- Installing: /root/nav_migration/src/install/navigros2/include/navigros2/navigros2/srv/detail/set_clock_gain__traits.hpp
[8.224s] -- Installing: /root/nav_migration/src/install/navigros2/include/navigros2/navigros2/srv/detail/set_clock_gain__builder.hpp
[8.225s] -- Installing: /root/nav_migration/src/install/navigros2/include/navigros2/navigros2/srv/detail/set_dist__traits.hpp
[8.225s] -- Installing: /root/nav_migration/src/install/navigros2/include/navigros2/navigros2/srv/set_dist.hpp
[8.225s] -- Installing: /root/nav_migration/src/install/navigros2/include/navigros2/navigros2/srv/set_clock_gain.hpp
[8.225s] -- Up-to-date: /root/nav_migration/src/install/navigros2/include/navigros2/navigros2
[8.225s] -- Up-to-date: /root/nav_migration/src/install/navigros2/include/navigros2/navigros2/msg
[8.225s] -- Up-to-date: /root/nav_migration/src/install/navigros2/include/navigros2/navigros2/msg/detail
[8.225s] -- Installing: /root/nav_migration/src/install/navigros2/include/navigros2/navigros2/msg/detail/feature_locations__rosidl_typesupport_fastrtps_cpp.hpp
[8.225s] -- Installing: /root/nav_migration/src/install/navigros2/include/navigros2/navigros2/msg/detail/dds_fastrtps
[8.226s] -- Installing: /root/nav_migration/src/install/navigros2/include/navigros2/navigros2/msg/detail/alignment__rosidl_typesupport_fastrtps_cpp.hpp
[8.226s] -- Installing: /root/nav_migration/src/install/navigros2/include/navigros2/navigros2/msg/detail/float_list__rosidl_typesupport_fastrtps_cpp.hpp
[8.226s] -- Installing: /root/nav_migration/src/install/navigros2/include/navigros2/navigros2/msg/rosidl_typesupport_fastrtps_cpp__visibility_control.h
[8.226s] -- Up-to-date: /root/nav_migration/src/install/navigros2/include/navigros2/navigros2/srv
[8.226s] -- Up-to-date: /root/nav_migration/src/install/navigros2/include/navigros2/navigros2/srv/detail
[8.226s] -- Installing: /root/nav_migration/src/install/navigros2/include/navigros2/navigros2/srv/detail/set_clock_gain__rosidl_typesupport_fastrtps_cpp.hpp
[8.226s] -- Installing: /root/nav_migration/src/install/navigros2/include/navigros2/navigros2/srv/detail/dds_fastrtps
[8.227s] -- Installing: /root/nav_migration/src/install/navigros2/include/navigros2/navigros2/srv/detail/set_dist__rosidl_typesupport_fastrtps_cpp.hpp
[8.227s] -- Installing: /root/nav_migration/src/install/navigros2/lib/libnavigros2__rosidl_typesupport_fastrtps_cpp.so
[8.227s] -- Set runtime path of "/root/nav_migration/src/install/navigros2/lib/libnavigros2__rosidl_typesupport_fastrtps_cpp.so" to ""
[8.227s] -- Up-to-date: /root/nav_migration/src/install/navigros2/include/navigros2/navigros2
[8.227s] -- Up-to-date: /root/nav_migration/src/install/navigros2/include/navigros2/navigros2/msg
[8.228s] -- Up-to-date: /root/nav_migration/src/install/navigros2/include/navigros2/navigros2/msg/detail
[8.228s] -- Installing: /root/nav_migration/src/install/navigros2/include/navigros2/navigros2/msg/detail/feature_locations__type_support.cpp
[8.228s] -- Installing: /root/nav_migration/src/install/navigros2/include/navigros2/navigros2/msg/detail/alignment__type_support.cpp
[8.228s] -- Installing: /root/nav_migration/src/install/navigros2/include/navigros2/navigros2/msg/detail/feature_locations__rosidl_typesupport_introspection_cpp.hpp
[8.228s] -- Installing: /root/nav_migration/src/install/navigros2/include/navigros2/navigros2/msg/detail/float_list__rosidl_typesupport_introspection_cpp.hpp
[8.228s] -- Installing: /root/nav_migration/src/install/navigros2/include/navigros2/navigros2/msg/detail/float_list__type_support.cpp
[8.228s] -- Installing: /root/nav_migration/src/install/navigros2/include/navigros2/navigros2/msg/detail/alignment__rosidl_typesupport_introspection_cpp.hpp
[8.228s] -- Up-to-date: /root/nav_migration/src/install/navigros2/include/navigros2/navigros2/srv
[8.229s] -- Up-to-date: /root/nav_migration/src/install/navigros2/include/navigros2/navigros2/srv/detail
[8.229s] -- Installing: /root/nav_migration/src/install/navigros2/include/navigros2/navigros2/srv/detail/set_dist__rosidl_typesupport_introspection_cpp.hpp
[8.229s] -- Installing: /root/nav_migration/src/install/navigros2/include/navigros2/navigros2/srv/detail/set_dist__type_support.cpp
[8.229s] -- Installing: /root/nav_migration/src/install/navigros2/include/navigros2/navigros2/srv/detail/set_clock_gain__rosidl_typesupport_introspection_cpp.hpp
[8.229s] -- Installing: /root/nav_migration/src/install/navigros2/include/navigros2/navigros2/srv/detail/set_clock_gain__type_support.cpp
[8.229s] -- Installing: /root/nav_migration/src/install/navigros2/lib/libnavigros2__rosidl_typesupport_introspection_cpp.so
[8.229s] -- Set runtime path of "/root/nav_migration/src/install/navigros2/lib/libnavigros2__rosidl_typesupport_introspection_cpp.so" to ""
[8.229s] -- Installing: /root/nav_migration/src/install/navigros2/lib/libnavigros2__rosidl_typesupport_cpp.so
[8.229s] -- Set runtime path of "/root/nav_migration/src/install/navigros2/lib/libnavigros2__rosidl_typesupport_cpp.so" to ""
[8.230s] -- Installing: /root/nav_migration/src/install/navigros2/share/navigros2/environment/pythonpath.sh
[8.230s] -- Installing: /root/nav_migration/src/install/navigros2/share/navigros2/environment/pythonpath.dsv
[8.230s] -- Installing: /root/nav_migration/src/install/navigros2/local/lib/python3.10/dist-packages/navigros2-0.0.0-py3.10.egg-info
[8.230s] -- Installing: /root/nav_migration/src/install/navigros2/local/lib/python3.10/dist-packages/navigros2-0.0.0-py3.10.egg-info/dependency_links.txt
[8.230s] -- Installing: /root/nav_migration/src/install/navigros2/local/lib/python3.10/dist-packages/navigros2-0.0.0-py3.10.egg-info/PKG-INFO
[8.230s] -- Installing: /root/nav_migration/src/install/navigros2/local/lib/python3.10/dist-packages/navigros2-0.0.0-py3.10.egg-info/SOURCES.txt
[8.230s] -- Installing: /root/nav_migration/src/install/navigros2/local/lib/python3.10/dist-packages/navigros2-0.0.0-py3.10.egg-info/top_level.txt
[8.230s] -- Installing: /root/nav_migration/src/install/navigros2/local/lib/python3.10/dist-packages/navigros2
[8.230s] -- Installing: /root/nav_migration/src/install/navigros2/local/lib/python3.10/dist-packages/navigros2/navigros2_s__rosidl_typesupport_c.cpython-310-x86_64-linux-gnu.so
[8.230s] -- Installing: /root/nav_migration/src/install/navigros2/local/lib/python3.10/dist-packages/navigros2/navigros2_s__rosidl_typesupport_introspection_c.cpython-310-x86_64-linux-gnu.so
[8.230s] -- Installing: /root/nav_migration/src/install/navigros2/local/lib/python3.10/dist-packages/navigros2/msg
[8.231s] -- Installing: /root/nav_migration/src/install/navigros2/local/lib/python3.10/dist-packages/navigros2/msg/_float_list.py
[8.231s] -- Installing: /root/nav_migration/src/install/navigros2/local/lib/python3.10/dist-packages/navigros2/msg/_alignment_s.c
[8.231s] -- Installing: /root/nav_migration/src/install/navigros2/local/lib/python3.10/dist-packages/navigros2/msg/_feature_locations.py
[8.231s] -- Installing: /root/nav_migration/src/install/navigros2/local/lib/python3.10/dist-packages/navigros2/msg/_alignment.py
[8.231s] -- Installing: /root/nav_migration/src/install/navigros2/local/lib/python3.10/dist-packages/navigros2/msg/_float_list_s.c
[8.231s] -- Installing: /root/nav_migration/src/install/navigros2/local/lib/python3.10/dist-packages/navigros2/msg/__init__.py
[8.231s] -- Installing: /root/nav_migration/src/install/navigros2/local/lib/python3.10/dist-packages/navigros2/msg/_feature_locations_s.c
[8.231s] -- Installing: /root/nav_migration/src/install/navigros2/local/lib/python3.10/dist-packages/navigros2/srv
[8.231s] -- Installing: /root/nav_migration/src/install/navigros2/local/lib/python3.10/dist-packages/navigros2/srv/_set_clock_gain.py
[8.232s] -- Installing: /root/nav_migration/src/install/navigros2/local/lib/python3.10/dist-packages/navigros2/srv/_set_dist.py
[8.232s] -- Installing: /root/nav_migration/src/install/navigros2/local/lib/python3.10/dist-packages/navigros2/srv/_set_clock_gain_s.c
[8.232s] -- Installing: /root/nav_migration/src/install/navigros2/local/lib/python3.10/dist-packages/navigros2/srv/_set_dist_s.c
[8.232s] -- Installing: /root/nav_migration/src/install/navigros2/local/lib/python3.10/dist-packages/navigros2/srv/__init__.py
[8.232s] -- Installing: /root/nav_migration/src/install/navigros2/local/lib/python3.10/dist-packages/navigros2/_navigros2_s.ep.rosidl_typesupport_c.c
[8.232s] -- Installing: /root/nav_migration/src/install/navigros2/local/lib/python3.10/dist-packages/navigros2/navigros2_s__rosidl_typesupport_fastrtps_c.cpython-310-x86_64-linux-gnu.so
[8.232s] -- Installing: /root/nav_migration/src/install/navigros2/local/lib/python3.10/dist-packages/navigros2/_navigros2_s.ep.rosidl_typesupport_introspection_c.c
[8.232s] -- Installing: /root/nav_migration/src/install/navigros2/local/lib/python3.10/dist-packages/navigros2/_navigros2_s.ep.rosidl_typesupport_fastrtps_c.c
[8.232s] -- Installing: /root/nav_migration/src/install/navigros2/local/lib/python3.10/dist-packages/navigros2/__init__.py
[8.232s] -- Installing: /root/nav_migration/src/install/navigros2/local/lib/python3.10/dist-packages/navigros2/libnavigros2__rosidl_generator_py.so
[8.276s] Listing '/root/nav_migration/src/install/navigros2/local/lib/python3.10/dist-packages/navigros2'...
[8.276s] Compiling '/root/nav_migration/src/install/navigros2/local/lib/python3.10/dist-packages/navigros2/__init__.py'...
[8.276s] Listing '/root/nav_migration/src/install/navigros2/local/lib/python3.10/dist-packages/navigros2/msg'...
[8.277s] Compiling '/root/nav_migration/src/install/navigros2/local/lib/python3.10/dist-packages/navigros2/msg/__init__.py'...
[8.277s] Compiling '/root/nav_migration/src/install/navigros2/local/lib/python3.10/dist-packages/navigros2/msg/_alignment.py'...
[8.277s] Compiling '/root/nav_migration/src/install/navigros2/local/lib/python3.10/dist-packages/navigros2/msg/_feature_locations.py'...
[8.277s] Compiling '/root/nav_migration/src/install/navigros2/local/lib/python3.10/dist-packages/navigros2/msg/_float_list.py'...
[8.277s] Listing '/root/nav_migration/src/install/navigros2/local/lib/python3.10/dist-packages/navigros2/srv'...
[8.277s] Compiling '/root/nav_migration/src/install/navigros2/local/lib/python3.10/dist-packages/navigros2/srv/__init__.py'...
[8.277s] Compiling '/root/nav_migration/src/install/navigros2/local/lib/python3.10/dist-packages/navigros2/srv/_set_clock_gain.py'...
[8.277s] Compiling '/root/nav_migration/src/install/navigros2/local/lib/python3.10/dist-packages/navigros2/srv/_set_dist.py'...
[8.282s] -- Installing: /root/nav_migration/src/install/navigros2/local/lib/python3.10/dist-packages/navigros2/navigros2_s__rosidl_typesupport_fastrtps_c.cpython-310-x86_64-linux-gnu.so
[8.282s] -- Set runtime path of "/root/nav_migration/src/install/navigros2/local/lib/python3.10/dist-packages/navigros2/navigros2_s__rosidl_typesupport_fastrtps_c.cpython-310-x86_64-linux-gnu.so" to ""
[8.283s] -- Installing: /root/nav_migration/src/install/navigros2/local/lib/python3.10/dist-packages/navigros2/navigros2_s__rosidl_typesupport_introspection_c.cpython-310-x86_64-linux-gnu.so
[8.283s] -- Set runtime path of "/root/nav_migration/src/install/navigros2/local/lib/python3.10/dist-packages/navigros2/navigros2_s__rosidl_typesupport_introspection_c.cpython-310-x86_64-linux-gnu.so" to ""
[8.283s] -- Installing: /root/nav_migration/src/install/navigros2/local/lib/python3.10/dist-packages/navigros2/navigros2_s__rosidl_typesupport_c.cpython-310-x86_64-linux-gnu.so
[8.284s] -- Set runtime path of "/root/nav_migration/src/install/navigros2/local/lib/python3.10/dist-packages/navigros2/navigros2_s__rosidl_typesupport_c.cpython-310-x86_64-linux-gnu.so" to ""
[8.284s] -- Installing: /root/nav_migration/src/install/navigros2/lib/libnavigros2__rosidl_generator_py.so
[8.284s] -- Set runtime path of "/root/nav_migration/src/install/navigros2/lib/libnavigros2__rosidl_generator_py.so" to ""
[8.284s] -- Installing: /root/nav_migration/src/install/navigros2/share/navigros2/msg/Alignment.idl
[8.285s] -- Installing: /root/nav_migration/src/install/navigros2/share/navigros2/msg/FeatureLocations.idl
[8.285s] -- Installing: /root/nav_migration/src/install/navigros2/share/navigros2/msg/FloatList.idl
[8.285s] -- Installing: /root/nav_migration/src/install/navigros2/share/navigros2/srv/SetDist.idl
[8.286s] -- Installing: /root/nav_migration/src/install/navigros2/share/navigros2/srv/SetClockGain.idl
[8.286s] -- Installing: /root/nav_migration/src/install/navigros2/share/navigros2/msg/Alignment.msg
[8.286s] -- Installing: /root/nav_migration/src/install/navigros2/share/navigros2/msg/FeatureLocations.msg
[8.286s] -- Installing: /root/nav_migration/src/install/navigros2/share/navigros2/msg/FloatList.msg
[8.286s] -- Installing: /root/nav_migration/src/install/navigros2/share/navigros2/srv/SetDist.srv
[8.287s] -- Installing: /root/nav_migration/src/install/navigros2/share/navigros2/srv/SetDist_Request.msg
[8.287s] -- Installing: /root/nav_migration/src/install/navigros2/share/navigros2/srv/SetDist_Response.msg
[8.287s] -- Installing: /root/nav_migration/src/install/navigros2/share/navigros2/srv/SetClockGain.srv
[8.287s] -- Installing: /root/nav_migration/src/install/navigros2/share/navigros2/srv/SetClockGain_Request.msg
[8.287s] -- Installing: /root/nav_migration/src/install/navigros2/share/navigros2/srv/SetClockGain_Response.msg
[8.288s] -- Installing: /root/nav_migration/src/install/navigros2/share/ament_index/resource_index/package_run_dependencies/navigros2
[8.288s] -- Installing: /root/nav_migration/src/install/navigros2/share/ament_index/resource_index/parent_prefix_path/navigros2
[8.288s] -- Installing: /root/nav_migration/src/install/navigros2/share/navigros2/environment/ament_prefix_path.sh
[8.288s] -- Installing: /root/nav_migration/src/install/navigros2/share/navigros2/environment/ament_prefix_path.dsv
[8.288s] -- Installing: /root/nav_migration/src/install/navigros2/share/navigros2/environment/path.sh
[8.288s] -- Installing: /root/nav_migration/src/install/navigros2/share/navigros2/environment/path.dsv
[8.289s] -- Installing: /root/nav_migration/src/install/navigros2/share/navigros2/local_setup.bash
[8.289s] -- Installing: /root/nav_migration/src/install/navigros2/share/navigros2/local_setup.sh
[8.290s] -- Installing: /root/nav_migration/src/install/navigros2/share/navigros2/local_setup.zsh
[8.290s] -- Installing: /root/nav_migration/src/install/navigros2/share/navigros2/local_setup.dsv
[8.290s] -- Installing: /root/nav_migration/src/install/navigros2/share/navigros2/package.dsv
[8.290s] -- Installing: /root/nav_migration/src/install/navigros2/share/ament_index/resource_index/packages/navigros2
[8.290s] -- Installing: /root/nav_migration/src/install/navigros2/share/navigros2/cmake/export_navigros2__rosidl_generator_cExport.cmake
[8.291s] -- Installing: /root/nav_migration/src/install/navigros2/share/navigros2/cmake/export_navigros2__rosidl_generator_cExport-noconfig.cmake
[8.291s] -- Installing: /root/nav_migration/src/install/navigros2/share/navigros2/cmake/export_navigros2__rosidl_typesupport_fastrtps_cExport.cmake
[8.291s] -- Installing: /root/nav_migration/src/install/navigros2/share/navigros2/cmake/export_navigros2__rosidl_typesupport_fastrtps_cExport-noconfig.cmake
[8.291s] -- Installing: /root/nav_migration/src/install/navigros2/share/navigros2/cmake/navigros2__rosidl_typesupport_introspection_cExport.cmake
[8.291s] -- Installing: /root/nav_migration/src/install/navigros2/share/navigros2/cmake/navigros2__rosidl_typesupport_introspection_cExport-noconfig.cmake
[8.291s] -- Installing: /root/nav_migration/src/install/navigros2/share/navigros2/cmake/navigros2__rosidl_typesupport_cExport.cmake
[8.291s] -- Installing: /root/nav_migration/src/install/navigros2/share/navigros2/cmake/navigros2__rosidl_typesupport_cExport-noconfig.cmake
[8.291s] -- Installing: /root/nav_migration/src/install/navigros2/share/navigros2/cmake/export_navigros2__rosidl_generator_cppExport.cmake
[8.292s] -- Installing: /root/nav_migration/src/install/navigros2/share/navigros2/cmake/export_navigros2__rosidl_typesupport_fastrtps_cppExport.cmake
[8.292s] -- Installing: /root/nav_migration/src/install/navigros2/share/navigros2/cmake/export_navigros2__rosidl_typesupport_fastrtps_cppExport-noconfig.cmake
[8.292s] -- Installing: /root/nav_migration/src/install/navigros2/share/navigros2/cmake/navigros2__rosidl_typesupport_introspection_cppExport.cmake
[8.292s] -- Installing: /root/nav_migration/src/install/navigros2/share/navigros2/cmake/navigros2__rosidl_typesupport_introspection_cppExport-noconfig.cmake
[8.293s] -- Installing: /root/nav_migration/src/install/navigros2/share/navigros2/cmake/navigros2__rosidl_typesupport_cppExport.cmake
[8.293s] -- Installing: /root/nav_migration/src/install/navigros2/share/navigros2/cmake/navigros2__rosidl_typesupport_cppExport-noconfig.cmake
[8.293s] -- Installing: /root/nav_migration/src/install/navigros2/share/navigros2/cmake/export_navigros2__rosidl_generator_pyExport.cmake
[8.293s] -- Installing: /root/nav_migration/src/install/navigros2/share/navigros2/cmake/export_navigros2__rosidl_generator_pyExport-noconfig.cmake
[8.293s] -- Installing: /root/nav_migration/src/install/navigros2/share/navigros2/cmake/rosidl_cmake-extras.cmake
[8.293s] -- Installing: /root/nav_migration/src/install/navigros2/share/navigros2/cmake/ament_cmake_export_dependencies-extras.cmake
[8.294s] -- Installing: /root/nav_migration/src/install/navigros2/share/navigros2/cmake/ament_cmake_export_include_directories-extras.cmake
[8.294s] -- Installing: /root/nav_migration/src/install/navigros2/share/navigros2/cmake/ament_cmake_export_libraries-extras.cmake
[8.294s] -- Installing: /root/nav_migration/src/install/navigros2/share/navigros2/cmake/ament_cmake_export_targets-extras.cmake
[8.294s] -- Installing: /root/nav_migration/src/install/navigros2/share/navigros2/cmake/rosidl_cmake_export_typesupport_targets-extras.cmake
[8.294s] -- Installing: /root/nav_migration/src/install/navigros2/share/navigros2/cmake/rosidl_cmake_export_typesupport_libraries-extras.cmake
[8.294s] -- Installing: /root/nav_migration/src/install/navigros2/share/navigros2/cmake/navigros2Config.cmake
[8.294s] -- Installing: /root/nav_migration/src/install/navigros2/share/navigros2/cmake/navigros2Config-version.cmake
[8.294s] -- Installing: /root/nav_migration/src/install/navigros2/share/navigros2/package.xml
[8.298s] Invoked command in '/root/nav_migration/src/build/navigros2' returned '0': CMAKE_PREFIX_PATH=/opt/ros/humble /usr/bin/cmake --install /root/nav_migration/src/build/navigros2
