[0.011s] Invoking command in '/root/nav_migration/src/build/navigros2': CMAKE_PREFIX_PATH=/opt/ros/humble /usr/bin/cmake --build /root/nav_migration/src/build/navigros2 -- -j22 -l22
[0.063s] -- Found ament_cmake: 1.3.10 (/opt/ros/humble/share/ament_cmake/cmake)
[0.156s] -- Found rosidl_default_generators: 1.2.0 (/opt/ros/humble/share/rosidl_default_generators/cmake)
[0.158s] -- Using all available rosidl_typesupport_c: rosidl_typesupport_fastrtps_c;rosidl_typesupport_introspection_c
[0.162s] -- Found rosidl_adapter: 3.1.5 (/opt/ros/humble/share/rosidl_adapter/cmake)
[0.260s] -- Using all available rosidl_typesupport_cpp: rosidl_typesupport_fastrtps_cpp;rosidl_typesupport_introspection_cpp
[0.283s] -- Found rclpy: 3.3.14 (/opt/ros/humble/share/rclpy/cmake)
[0.283s] -- Found std_msgs: 4.2.4 (/opt/ros/humble/share/std_msgs/cmake)
[0.307s] -- Found geometry_msgs: 4.2.4 (/opt/ros/humble/share/geometry_msgs/cmake)
[0.324s] -- Found nav_msgs: 4.2.4 (/opt/ros/humble/share/nav_msgs/cmake)
[0.338s] -- Found action_msgs: 1.2.1 (/opt/ros/humble/share/action_msgs/cmake)
[0.359s] -- Found sensor_msgs: 4.2.4 (/opt/ros/humble/share/sensor_msgs/cmake)
[0.373s] -- Found cv_bridge: 3.2.1 (/opt/ros/humble/share/cv_bridge/cmake)
[0.575s] -- Found ament_cmake_ros: 0.10.0 (/opt/ros/humble/share/ament_cmake_ros/cmake)
[0.705s] -- Using all available rosidl_typesupport_c: rosidl_typesupport_fastrtps_c;rosidl_typesupport_introspection_c
[0.877s] -- Using all available rosidl_typesupport_cpp: rosidl_typesupport_fastrtps_cpp;rosidl_typesupport_introspection_cpp
[0.893s] -- Found python_cmake_module: 0.10.0 (/opt/ros/humble/share/python_cmake_module/cmake)
[0.908s] -- Using PYTHON_EXECUTABLE: /usr/bin/python3
[0.908s] -- Using PYTHON_INCLUDE_DIRS: /usr/include/python3.10
[0.908s] -- Using PYTHON_LIBRARIES: /usr/lib/x86_64-linux-gnu/libpython3.10.so
[0.930s] -- Configuring done
[0.978s] -- Generating done
[0.982s] -- Build files have been written to: /root/nav_migration/src/build/navigros2
[1.000s] [  1%] [34m[1mGenerating C code for ROS interfaces[0m
[1.008s] [  2%] [34m[1mGenerating C++ code for ROS interfaces[0m
[1.017s] [  2%] Built target ament_cmake_python_copy_navigros2
[1.138s] running egg_info
[1.138s] writing navigros2.egg-info/PKG-INFO
[1.138s] writing dependency_links to navigros2.egg-info/dependency_links.txt
[1.139s] writing top-level names to navigros2.egg-info/top_level.txt
[1.140s] reading manifest file 'navigros2.egg-info/SOURCES.txt'
[1.141s] writing manifest file 'navigros2.egg-info/SOURCES.txt'
[1.158s] [  2%] Built target ament_cmake_python_build_navigros2_egg
[1.489s] [  2%] Built target navigros2__cpp
[1.496s] [  3%] [34m[1mGenerating C++ type support dispatch for ROS interfaces[0m
[1.497s] [  6%] [34m[1mGenerating C++ type support for eProsima Fast-RTPS[0m
[1.497s] [  6%] [34m[1mGenerating C++ introspection for ROS interfaces[0m
[1.511s] [35m[1mConsolidate compiler generated dependencies of target navigros2__rosidl_generator_c[0m
[1.521s] [ 10%] [32mBuilding C object CMakeFiles/navigros2__rosidl_generator_c.dir/rosidl_generator_c/navigros2/srv/detail/set_dist__functions.c.o[0m
[1.521s] [ 10%] [32mBuilding C object CMakeFiles/navigros2__rosidl_generator_c.dir/rosidl_generator_c/navigros2/msg/detail/float_list__functions.c.o[0m
[1.521s] [ 10%] [32mBuilding C object CMakeFiles/navigros2__rosidl_generator_c.dir/rosidl_generator_c/navigros2/msg/detail/alignment__functions.c.o[0m
[1.521s] [ 11%] [32mBuilding C object CMakeFiles/navigros2__rosidl_generator_c.dir/rosidl_generator_c/navigros2/msg/detail/feature_locations__functions.c.o[0m
[1.521s] [ 12%] [32mBuilding C object CMakeFiles/navigros2__rosidl_generator_c.dir/rosidl_generator_c/navigros2/action/detail/map_repeater__functions.c.o[0m
[1.522s] [ 13%] [32mBuilding C object CMakeFiles/navigros2__rosidl_generator_c.dir/rosidl_generator_c/navigros2/action/detail/map_maker__functions.c.o[0m
[1.525s] [ 15%] [32mBuilding C object CMakeFiles/navigros2__rosidl_generator_c.dir/rosidl_generator_c/navigros2/srv/detail/set_clock_gain__functions.c.o[0m
[1.655s] [ 16%] [32m[1mLinking C shared library libnavigros2__rosidl_generator_c.so[0m
[1.727s] [ 16%] Built target navigros2__rosidl_generator_c
[1.733s] [ 20%] [34m[1mGenerating C introspection for ROS interfaces[0m
[1.733s] [ 20%] [34m[1mGenerating C type support for eProsima Fast-RTPS[0m
[1.733s] [ 20%] [34m[1mGenerating C type support dispatch for ROS interfaces[0m
[1.796s] [35m[1mConsolidate compiler generated dependencies of target navigros2__rosidl_typesupport_cpp[0m
[1.805s] [ 21%] [32mBuilding CXX object CMakeFiles/navigros2__rosidl_typesupport_cpp.dir/rosidl_typesupport_cpp/navigros2/msg/float_list__type_support.cpp.o[0m
[1.806s] [ 22%] [32mBuilding CXX object CMakeFiles/navigros2__rosidl_typesupport_cpp.dir/rosidl_typesupport_cpp/navigros2/msg/feature_locations__type_support.cpp.o[0m
[1.806s] [ 24%] [32mBuilding CXX object CMakeFiles/navigros2__rosidl_typesupport_cpp.dir/rosidl_typesupport_cpp/navigros2/srv/set_clock_gain__type_support.cpp.o[0m
[1.806s] [ 25%] [32mBuilding CXX object CMakeFiles/navigros2__rosidl_typesupport_cpp.dir/rosidl_typesupport_cpp/navigros2/msg/alignment__type_support.cpp.o[0m
[1.807s] [ 26%] [32mBuilding CXX object CMakeFiles/navigros2__rosidl_typesupport_cpp.dir/rosidl_typesupport_cpp/navigros2/srv/set_dist__type_support.cpp.o[0m
[1.808s] [ 27%] [32mBuilding CXX object CMakeFiles/navigros2__rosidl_typesupport_cpp.dir/rosidl_typesupport_cpp/navigros2/action/map_maker__type_support.cpp.o[0m
[1.808s] [ 29%] [32mBuilding CXX object CMakeFiles/navigros2__rosidl_typesupport_cpp.dir/rosidl_typesupport_cpp/navigros2/action/map_repeater__type_support.cpp.o[0m
[1.873s] [35m[1mConsolidate compiler generated dependencies of target navigros2__rosidl_typesupport_introspection_cpp[0m
[1.885s] [ 34%] [32mBuilding CXX object CMakeFiles/navigros2__rosidl_typesupport_introspection_cpp.dir/rosidl_typesupport_introspection_cpp/navigros2/action/detail/map_maker__type_support.cpp.o[0m
[1.885s] [ 34%] [32mBuilding CXX object CMakeFiles/navigros2__rosidl_typesupport_introspection_cpp.dir/rosidl_typesupport_introspection_cpp/navigros2/srv/detail/set_clock_gain__type_support.cpp.o[0m
[1.885s] [ 34%] [32mBuilding CXX object CMakeFiles/navigros2__rosidl_typesupport_introspection_cpp.dir/rosidl_typesupport_introspection_cpp/navigros2/msg/detail/alignment__type_support.cpp.o[0m
[1.885s] [ 34%] [32mBuilding CXX object CMakeFiles/navigros2__rosidl_typesupport_introspection_cpp.dir/rosidl_typesupport_introspection_cpp/navigros2/srv/detail/set_dist__type_support.cpp.o[0m
[1.886s] [ 35%] [32mBuilding CXX object CMakeFiles/navigros2__rosidl_typesupport_introspection_cpp.dir/rosidl_typesupport_introspection_cpp/navigros2/msg/detail/feature_locations__type_support.cpp.o[0m
[1.886s] [ 36%] [32mBuilding CXX object CMakeFiles/navigros2__rosidl_typesupport_introspection_cpp.dir/rosidl_typesupport_introspection_cpp/navigros2/msg/detail/float_list__type_support.cpp.o[0m
[1.887s] [ 37%] [32mBuilding CXX object CMakeFiles/navigros2__rosidl_typesupport_introspection_cpp.dir/rosidl_typesupport_introspection_cpp/navigros2/action/detail/map_repeater__type_support.cpp.o[0m
[2.105s] [35m[1mConsolidate compiler generated dependencies of target navigros2__rosidl_typesupport_fastrtps_cpp[0m
[2.123s] [ 40%] [32mBuilding CXX object CMakeFiles/navigros2__rosidl_typesupport_fastrtps_cpp.dir/rosidl_typesupport_fastrtps_cpp/navigros2/msg/detail/dds_fastrtps/float_list__type_support.cpp.o[0m
[2.123s] [ 40%] [32mBuilding CXX object CMakeFiles/navigros2__rosidl_typesupport_fastrtps_cpp.dir/rosidl_typesupport_fastrtps_cpp/navigros2/msg/detail/dds_fastrtps/feature_locations__type_support.cpp.o[0m
[2.127s] [ 41%] [32mBuilding CXX object CMakeFiles/navigros2__rosidl_typesupport_fastrtps_cpp.dir/rosidl_typesupport_fastrtps_cpp/navigros2/msg/detail/dds_fastrtps/alignment__type_support.cpp.o[0m
[2.131s] [ 44%] [32mBuilding CXX object CMakeFiles/navigros2__rosidl_typesupport_fastrtps_cpp.dir/rosidl_typesupport_fastrtps_cpp/navigros2/srv/detail/dds_fastrtps/set_dist__type_support.cpp.o[0m
[2.131s] [ 44%] [32mBuilding CXX object CMakeFiles/navigros2__rosidl_typesupport_fastrtps_cpp.dir/rosidl_typesupport_fastrtps_cpp/navigros2/srv/detail/dds_fastrtps/set_clock_gain__type_support.cpp.o[0m
[2.249s] [ 45%] [32mBuilding CXX object CMakeFiles/navigros2__rosidl_typesupport_fastrtps_cpp.dir/rosidl_typesupport_fastrtps_cpp/navigros2/action/detail/dds_fastrtps/map_repeater__type_support.cpp.o[0m
[2.253s] [ 46%] [32mBuilding CXX object CMakeFiles/navigros2__rosidl_typesupport_fastrtps_cpp.dir/rosidl_typesupport_fastrtps_cpp/navigros2/action/detail/dds_fastrtps/map_maker__type_support.cpp.o[0m
[2.257s] [35m[1mConsolidate compiler generated dependencies of target navigros2__rosidl_typesupport_c[0m
[2.277s] [ 48%] [32mBuilding CXX object CMakeFiles/navigros2__rosidl_typesupport_c.dir/rosidl_typesupport_c/navigros2/msg/alignment__type_support.cpp.o[0m
[2.277s] [ 49%] [32mBuilding CXX object CMakeFiles/navigros2__rosidl_typesupport_c.dir/rosidl_typesupport_c/navigros2/srv/set_dist__type_support.cpp.o[0m
[2.277s] [ 50%] [32mBuilding CXX object CMakeFiles/navigros2__rosidl_typesupport_c.dir/rosidl_typesupport_c/navigros2/msg/feature_locations__type_support.cpp.o[0m
[2.306s] [ 51%] [32mBuilding CXX object CMakeFiles/navigros2__rosidl_typesupport_c.dir/rosidl_typesupport_c/navigros2/msg/float_list__type_support.cpp.o[0m
[2.321s] [ 53%] [32mBuilding CXX object CMakeFiles/navigros2__rosidl_typesupport_c.dir/rosidl_typesupport_c/navigros2/srv/set_clock_gain__type_support.cpp.o[0m
[2.322s] [ 54%] [32mBuilding CXX object CMakeFiles/navigros2__rosidl_typesupport_c.dir/rosidl_typesupport_c/navigros2/action/map_repeater__type_support.cpp.o[0m
[2.330s] [ 55%] [32mBuilding CXX object CMakeFiles/navigros2__rosidl_typesupport_c.dir/rosidl_typesupport_c/navigros2/action/map_maker__type_support.cpp.o[0m
[2.407s] [ 56%] [32m[1mLinking CXX shared library libnavigros2__rosidl_typesupport_c.so[0m
[2.509s] [ 56%] Built target navigros2__rosidl_typesupport_c
[2.534s] [ 58%] [32m[1mLinking CXX shared library libnavigros2__rosidl_typesupport_cpp.so[0m
[2.598s] [35m[1mConsolidate compiler generated dependencies of target navigros2__rosidl_typesupport_introspection_c[0m
[2.609s] [ 60%] [32mBuilding C object CMakeFiles/navigros2__rosidl_typesupport_introspection_c.dir/rosidl_typesupport_introspection_c/navigros2/msg/detail/float_list__type_support.c.o[0m
[2.609s] [ 60%] [32mBuilding C object CMakeFiles/navigros2__rosidl_typesupport_introspection_c.dir/rosidl_typesupport_introspection_c/navigros2/msg/detail/feature_locations__type_support.c.o[0m
[2.609s] [ 62%] [32mBuilding C object CMakeFiles/navigros2__rosidl_typesupport_introspection_c.dir/rosidl_typesupport_introspection_c/navigros2/srv/detail/set_dist__type_support.c.o[0m
[2.610s] [ 63%] [32mBuilding C object CMakeFiles/navigros2__rosidl_typesupport_introspection_c.dir/rosidl_typesupport_introspection_c/navigros2/srv/detail/set_clock_gain__type_support.c.o[0m
[2.611s] [ 64%] [32mBuilding C object CMakeFiles/navigros2__rosidl_typesupport_introspection_c.dir/rosidl_typesupport_introspection_c/navigros2/msg/detail/alignment__type_support.c.o[0m
[2.617s] [ 65%] [32mBuilding C object CMakeFiles/navigros2__rosidl_typesupport_introspection_c.dir/rosidl_typesupport_introspection_c/navigros2/action/detail/map_repeater__type_support.c.o[0m
[2.617s] [ 67%] [32mBuilding C object CMakeFiles/navigros2__rosidl_typesupport_introspection_c.dir/rosidl_typesupport_introspection_c/navigros2/action/detail/map_maker__type_support.c.o[0m
[2.631s] [ 67%] Built target navigros2__rosidl_typesupport_cpp
[2.656s] [35m[1mConsolidate compiler generated dependencies of target navigros2__rosidl_typesupport_fastrtps_c[0m
[2.676s] [ 68%] [32m[1mLinking C shared library libnavigros2__rosidl_typesupport_introspection_c.so[0m
[2.677s] [ 72%] [32mBuilding CXX object CMakeFiles/navigros2__rosidl_typesupport_fastrtps_c.dir/rosidl_typesupport_fastrtps_c/navigros2/msg/detail/alignment__type_support_c.cpp.o[0m
[2.677s] [ 72%] [32mBuilding CXX object CMakeFiles/navigros2__rosidl_typesupport_fastrtps_c.dir/rosidl_typesupport_fastrtps_c/navigros2/msg/detail/feature_locations__type_support_c.cpp.o[0m
[2.678s] [ 72%] [32mBuilding CXX object CMakeFiles/navigros2__rosidl_typesupport_fastrtps_c.dir/rosidl_typesupport_fastrtps_c/navigros2/srv/detail/set_clock_gain__type_support_c.cpp.o[0m
[2.678s] [ 73%] [32mBuilding CXX object CMakeFiles/navigros2__rosidl_typesupport_fastrtps_c.dir/rosidl_typesupport_fastrtps_c/navigros2/srv/detail/set_dist__type_support_c.cpp.o[0m
[2.678s] [ 74%] [32mBuilding CXX object CMakeFiles/navigros2__rosidl_typesupport_fastrtps_c.dir/rosidl_typesupport_fastrtps_c/navigros2/action/detail/map_maker__type_support_c.cpp.o[0m
[2.681s] [ 75%] [32mBuilding CXX object CMakeFiles/navigros2__rosidl_typesupport_fastrtps_c.dir/rosidl_typesupport_fastrtps_c/navigros2/msg/detail/float_list__type_support_c.cpp.o[0m
[2.681s] [ 77%] [32mBuilding CXX object CMakeFiles/navigros2__rosidl_typesupport_fastrtps_c.dir/rosidl_typesupport_fastrtps_c/navigros2/action/detail/map_repeater__type_support_c.cpp.o[0m
[2.687s] [ 78%] [32m[1mLinking CXX shared library libnavigros2__rosidl_typesupport_introspection_cpp.so[0m
[2.754s] [ 78%] Built target navigros2__rosidl_typesupport_introspection_c
[2.838s] [ 78%] Built target navigros2__rosidl_typesupport_introspection_cpp
[3.026s] [ 79%] [32m[1mLinking CXX shared library libnavigros2__rosidl_typesupport_fastrtps_cpp.so[0m
[3.070s] [ 81%] [32m[1mLinking CXX shared library libnavigros2__rosidl_typesupport_fastrtps_c.so[0m
[3.117s] [ 81%] Built target navigros2__rosidl_typesupport_fastrtps_cpp
[3.161s] [ 81%] Built target navigros2__rosidl_typesupport_fastrtps_c
[3.172s] [ 81%] Built target navigros2
[3.186s] [ 82%] [34m[1mGenerating Python code for ROS interfaces[0m
[4.142s] [ 82%] Built target navigros2__py
[4.148s] [35m[1mConsolidate compiler generated dependencies of target navigros2__rosidl_generator_py[0m
[4.157s] [ 83%] [32mBuilding C object CMakeFiles/navigros2__rosidl_generator_py.dir/rosidl_generator_py/navigros2/msg/_feature_locations_s.c.o[0m
[4.158s] [ 84%] [32mBuilding C object CMakeFiles/navigros2__rosidl_generator_py.dir/rosidl_generator_py/navigros2/msg/_float_list_s.c.o[0m
[4.159s] [ 86%] [32mBuilding C object CMakeFiles/navigros2__rosidl_generator_py.dir/rosidl_generator_py/navigros2/action/_map_maker_s.c.o[0m
[4.159s] [ 87%] [32mBuilding C object CMakeFiles/navigros2__rosidl_generator_py.dir/rosidl_generator_py/navigros2/msg/_alignment_s.c.o[0m
[4.160s] [ 88%] [32mBuilding C object CMakeFiles/navigros2__rosidl_generator_py.dir/rosidl_generator_py/navigros2/action/_map_repeater_s.c.o[0m
[4.161s] [ 89%] [32mBuilding C object CMakeFiles/navigros2__rosidl_generator_py.dir/rosidl_generator_py/navigros2/srv/_set_dist_s.c.o[0m
[4.164s] [ 91%] [32mBuilding C object CMakeFiles/navigros2__rosidl_generator_py.dir/rosidl_generator_py/navigros2/srv/_set_clock_gain_s.c.o[0m
[4.278s] [ 92%] [32m[1mLinking C shared library rosidl_generator_py/navigros2/libnavigros2__rosidl_generator_py.so[0m
[4.342s] [ 92%] Built target navigros2__rosidl_generator_py
[4.348s] [35m[1mConsolidate compiler generated dependencies of target navigros2__rosidl_typesupport_fastrtps_c__pyext[0m
[4.348s] [35m[1mConsolidate compiler generated dependencies of target navigros2__rosidl_typesupport_introspection_c__pyext[0m
[4.350s] [35m[1mConsolidate compiler generated dependencies of target navigros2__rosidl_typesupport_c__pyext[0m
[4.354s] [ 93%] [32mBuilding C object CMakeFiles/navigros2__rosidl_typesupport_introspection_c__pyext.dir/rosidl_generator_py/navigros2/_navigros2_s.ep.rosidl_typesupport_introspection_c.c.o[0m
[4.355s] [ 94%] [32mBuilding C object CMakeFiles/navigros2__rosidl_typesupport_fastrtps_c__pyext.dir/rosidl_generator_py/navigros2/_navigros2_s.ep.rosidl_typesupport_fastrtps_c.c.o[0m
[4.356s] [ 96%] [32mBuilding C object CMakeFiles/navigros2__rosidl_typesupport_c__pyext.dir/rosidl_generator_py/navigros2/_navigros2_s.ep.rosidl_typesupport_c.c.o[0m
[4.441s] [ 97%] [32m[1mLinking C shared library rosidl_generator_py/navigros2/navigros2_s__rosidl_typesupport_c.cpython-310-x86_64-linux-gnu.so[0m
[4.442s] [ 98%] [32m[1mLinking C shared library rosidl_generator_py/navigros2/navigros2_s__rosidl_typesupport_fastrtps_c.cpython-310-x86_64-linux-gnu.so[0m
[4.445s] [100%] [32m[1mLinking C shared library rosidl_generator_py/navigros2/navigros2_s__rosidl_typesupport_introspection_c.cpython-310-x86_64-linux-gnu.so[0m
[4.482s] [100%] Built target navigros2__rosidl_typesupport_c__pyext
[4.482s] [100%] Built target navigros2__rosidl_typesupport_fastrtps_c__pyext
[4.495s] [100%] Built target navigros2__rosidl_typesupport_introspection_c__pyext
[4.504s] Invoked command in '/root/nav_migration/src/build/navigros2' returned '0': CMAKE_PREFIX_PATH=/opt/ros/humble /usr/bin/cmake --build /root/nav_migration/src/build/navigros2 -- -j22 -l22
[4.589s] Invoking command in '/root/nav_migration/src/build/navigros2': CMAKE_PREFIX_PATH=/opt/ros/humble /usr/bin/cmake --install /root/nav_migration/src/build/navigros2
[4.591s] -- Install configuration: ""
[4.591s] -- Up-to-date: /root/nav_migration/src/install/navigros2/share/ament_index/resource_index/rosidl_interfaces/navigros2
[4.591s] -- Up-to-date: /root/nav_migration/src/install/navigros2/include/navigros2/navigros2
[4.591s] -- Up-to-date: /root/nav_migration/src/install/navigros2/include/navigros2/navigros2/action
[4.591s] -- Installing: /root/nav_migration/src/install/navigros2/include/navigros2/navigros2/action/map_repeater.h
[4.591s] -- Up-to-date: /root/nav_migration/src/install/navigros2/include/navigros2/navigros2/action/detail
[4.591s] -- Installing: /root/nav_migration/src/install/navigros2/include/navigros2/navigros2/action/detail/map_maker__type_support.h
[4.591s] -- Installing: /root/nav_migration/src/install/navigros2/include/navigros2/navigros2/action/detail/map_repeater__functions.c
[4.592s] -- Installing: /root/nav_migration/src/install/navigros2/include/navigros2/navigros2/action/detail/map_repeater__struct.h
[4.592s] -- Installing: /root/nav_migration/src/install/navigros2/include/navigros2/navigros2/action/detail/map_maker__struct.h
[4.592s] -- Installing: /root/nav_migration/src/install/navigros2/include/navigros2/navigros2/action/detail/map_maker__functions.h
[4.592s] -- Installing: /root/nav_migration/src/install/navigros2/include/navigros2/navigros2/action/detail/map_repeater__type_support.h
[4.592s] -- Installing: /root/nav_migration/src/install/navigros2/include/navigros2/navigros2/action/detail/map_repeater__functions.h
[4.592s] -- Installing: /root/nav_migration/src/install/navigros2/include/navigros2/navigros2/action/detail/map_maker__functions.c
[4.592s] -- Installing: /root/nav_migration/src/install/navigros2/include/navigros2/navigros2/action/map_maker.h
[4.592s] -- Up-to-date: /root/nav_migration/src/install/navigros2/include/navigros2/navigros2/msg
[4.593s] -- Up-to-date: /root/nav_migration/src/install/navigros2/include/navigros2/navigros2/msg/rosidl_generator_c__visibility_control.h
[4.593s] -- Up-to-date: /root/nav_migration/src/install/navigros2/include/navigros2/navigros2/msg/detail
[4.593s] -- Installing: /root/nav_migration/src/install/navigros2/include/navigros2/navigros2/msg/detail/float_list__type_support.h
[4.593s] -- Installing: /root/nav_migration/src/install/navigros2/include/navigros2/navigros2/msg/detail/float_list__functions.c
[4.593s] -- Installing: /root/nav_migration/src/install/navigros2/include/navigros2/navigros2/msg/detail/feature_locations__struct.h
[4.593s] -- Installing: /root/nav_migration/src/install/navigros2/include/navigros2/navigros2/msg/detail/alignment__type_support.h
[4.593s] -- Installing: /root/nav_migration/src/install/navigros2/include/navigros2/navigros2/msg/detail/alignment__struct.h
[4.593s] -- Installing: /root/nav_migration/src/install/navigros2/include/navigros2/navigros2/msg/detail/alignment__functions.c
[4.593s] -- Installing: /root/nav_migration/src/install/navigros2/include/navigros2/navigros2/msg/detail/feature_locations__functions.c
[4.593s] -- Installing: /root/nav_migration/src/install/navigros2/include/navigros2/navigros2/msg/detail/float_list__struct.h
[4.593s] -- Installing: /root/nav_migration/src/install/navigros2/include/navigros2/navigros2/msg/detail/alignment__functions.h
[4.593s] -- Installing: /root/nav_migration/src/install/navigros2/include/navigros2/navigros2/msg/detail/float_list__functions.h
[4.593s] -- Installing: /root/nav_migration/src/install/navigros2/include/navigros2/navigros2/msg/detail/feature_locations__functions.h
[4.593s] -- Installing: /root/nav_migration/src/install/navigros2/include/navigros2/navigros2/msg/detail/feature_locations__type_support.h
[4.594s] -- Installing: /root/nav_migration/src/install/navigros2/include/navigros2/navigros2/msg/alignment.h
[4.594s] -- Installing: /root/nav_migration/src/install/navigros2/include/navigros2/navigros2/msg/float_list.h
[4.594s] -- Installing: /root/nav_migration/src/install/navigros2/include/navigros2/navigros2/msg/feature_locations.h
[4.594s] -- Up-to-date: /root/nav_migration/src/install/navigros2/include/navigros2/navigros2/srv
[4.594s] -- Up-to-date: /root/nav_migration/src/install/navigros2/include/navigros2/navigros2/srv/detail
[4.594s] -- Installing: /root/nav_migration/src/install/navigros2/include/navigros2/navigros2/srv/detail/set_dist__functions.h
[4.594s] -- Installing: /root/nav_migration/src/install/navigros2/include/navigros2/navigros2/srv/detail/set_clock_gain__type_support.h
[4.594s] -- Installing: /root/nav_migration/src/install/navigros2/include/navigros2/navigros2/srv/detail/set_clock_gain__functions.h
[4.594s] -- Installing: /root/nav_migration/src/install/navigros2/include/navigros2/navigros2/srv/detail/set_clock_gain__functions.c
[4.594s] -- Installing: /root/nav_migration/src/install/navigros2/include/navigros2/navigros2/srv/detail/set_dist__functions.c
[4.594s] -- Installing: /root/nav_migration/src/install/navigros2/include/navigros2/navigros2/srv/detail/set_clock_gain__struct.h
[4.594s] -- Installing: /root/nav_migration/src/install/navigros2/include/navigros2/navigros2/srv/detail/set_dist__struct.h
[4.595s] -- Installing: /root/nav_migration/src/install/navigros2/include/navigros2/navigros2/srv/detail/set_dist__type_support.h
[4.595s] -- Installing: /root/nav_migration/src/install/navigros2/include/navigros2/navigros2/srv/set_clock_gain.h
[4.595s] -- Installing: /root/nav_migration/src/install/navigros2/include/navigros2/navigros2/srv/set_dist.h
[4.595s] -- Up-to-date: /root/nav_migration/src/install/navigros2/share/navigros2/environment/library_path.sh
[4.595s] -- Installing: /root/nav_migration/src/install/navigros2/share/navigros2/environment/library_path.dsv
[4.596s] -- Installing: /root/nav_migration/src/install/navigros2/lib/libnavigros2__rosidl_generator_c.so
[4.596s] -- Set runtime path of "/root/nav_migration/src/install/navigros2/lib/libnavigros2__rosidl_generator_c.so" to ""
[4.597s] -- Up-to-date: /root/nav_migration/src/install/navigros2/include/navigros2/navigros2
[4.597s] -- Up-to-date: /root/nav_migration/src/install/navigros2/include/navigros2/navigros2/action
[4.597s] -- Up-to-date: /root/nav_migration/src/install/navigros2/include/navigros2/navigros2/action/detail
[4.597s] -- Installing: /root/nav_migration/src/install/navigros2/include/navigros2/navigros2/action/detail/map_repeater__rosidl_typesupport_fastrtps_c.h
[4.597s] -- Installing: /root/nav_migration/src/install/navigros2/include/navigros2/navigros2/action/detail/map_maker__rosidl_typesupport_fastrtps_c.h
[4.597s] -- Up-to-date: /root/nav_migration/src/install/navigros2/include/navigros2/navigros2/msg
[4.597s] -- Up-to-date: /root/nav_migration/src/install/navigros2/include/navigros2/navigros2/msg/detail
[4.597s] -- Installing: /root/nav_migration/src/install/navigros2/include/navigros2/navigros2/msg/detail/float_list__rosidl_typesupport_fastrtps_c.h
[4.597s] -- Installing: /root/nav_migration/src/install/navigros2/include/navigros2/navigros2/msg/detail/feature_locations__rosidl_typesupport_fastrtps_c.h
[4.598s] -- Installing: /root/nav_migration/src/install/navigros2/include/navigros2/navigros2/msg/detail/alignment__rosidl_typesupport_fastrtps_c.h
[4.598s] -- Up-to-date: /root/nav_migration/src/install/navigros2/include/navigros2/navigros2/msg/rosidl_typesupport_fastrtps_c__visibility_control.h
[4.598s] -- Up-to-date: /root/nav_migration/src/install/navigros2/include/navigros2/navigros2/srv
[4.598s] -- Up-to-date: /root/nav_migration/src/install/navigros2/include/navigros2/navigros2/srv/detail
[4.598s] -- Installing: /root/nav_migration/src/install/navigros2/include/navigros2/navigros2/srv/detail/set_dist__rosidl_typesupport_fastrtps_c.h
[4.598s] -- Installing: /root/nav_migration/src/install/navigros2/include/navigros2/navigros2/srv/detail/set_clock_gain__rosidl_typesupport_fastrtps_c.h
[4.598s] -- Installing: /root/nav_migration/src/install/navigros2/lib/libnavigros2__rosidl_typesupport_fastrtps_c.so
[4.598s] -- Set runtime path of "/root/nav_migration/src/install/navigros2/lib/libnavigros2__rosidl_typesupport_fastrtps_c.so" to ""
[4.598s] -- Up-to-date: /root/nav_migration/src/install/navigros2/include/navigros2/navigros2
[4.598s] -- Up-to-date: /root/nav_migration/src/install/navigros2/include/navigros2/navigros2/action
[4.598s] -- Up-to-date: /root/nav_migration/src/install/navigros2/include/navigros2/navigros2/action/detail
[4.598s] -- Installing: /root/nav_migration/src/install/navigros2/include/navigros2/navigros2/action/detail/map_maker__type_support.c
[4.599s] -- Installing: /root/nav_migration/src/install/navigros2/include/navigros2/navigros2/action/detail/map_repeater__type_support.c
[4.599s] -- Installing: /root/nav_migration/src/install/navigros2/include/navigros2/navigros2/action/detail/map_repeater__rosidl_typesupport_introspection_c.h
[4.599s] -- Installing: /root/nav_migration/src/install/navigros2/include/navigros2/navigros2/action/detail/map_maker__rosidl_typesupport_introspection_c.h
[4.599s] -- Up-to-date: /root/nav_migration/src/install/navigros2/include/navigros2/navigros2/msg
[4.599s] -- Up-to-date: /root/nav_migration/src/install/navigros2/include/navigros2/navigros2/msg/detail
[4.599s] -- Installing: /root/nav_migration/src/install/navigros2/include/navigros2/navigros2/msg/detail/alignment__type_support.c
[4.599s] -- Installing: /root/nav_migration/src/install/navigros2/include/navigros2/navigros2/msg/detail/float_list__type_support.c
[4.599s] -- Installing: /root/nav_migration/src/install/navigros2/include/navigros2/navigros2/msg/detail/alignment__rosidl_typesupport_introspection_c.h
[4.599s] -- Installing: /root/nav_migration/src/install/navigros2/include/navigros2/navigros2/msg/detail/float_list__rosidl_typesupport_introspection_c.h
[4.599s] -- Installing: /root/nav_migration/src/install/navigros2/include/navigros2/navigros2/msg/detail/feature_locations__rosidl_typesupport_introspection_c.h
[4.599s] -- Installing: /root/nav_migration/src/install/navigros2/include/navigros2/navigros2/msg/detail/feature_locations__type_support.c
[4.599s] -- Up-to-date: /root/nav_migration/src/install/navigros2/include/navigros2/navigros2/msg/rosidl_typesupport_introspection_c__visibility_control.h
[4.600s] -- Up-to-date: /root/nav_migration/src/install/navigros2/include/navigros2/navigros2/srv
[4.600s] -- Up-to-date: /root/nav_migration/src/install/navigros2/include/navigros2/navigros2/srv/detail
[4.600s] -- Installing: /root/nav_migration/src/install/navigros2/include/navigros2/navigros2/srv/detail/set_clock_gain__rosidl_typesupport_introspection_c.h
[4.600s] -- Installing: /root/nav_migration/src/install/navigros2/include/navigros2/navigros2/srv/detail/set_dist__type_support.c
[4.600s] -- Installing: /root/nav_migration/src/install/navigros2/include/navigros2/navigros2/srv/detail/set_clock_gain__type_support.c
[4.600s] -- Installing: /root/nav_migration/src/install/navigros2/include/navigros2/navigros2/srv/detail/set_dist__rosidl_typesupport_introspection_c.h
[4.600s] -- Installing: /root/nav_migration/src/install/navigros2/lib/libnavigros2__rosidl_typesupport_introspection_c.so
[4.600s] -- Set runtime path of "/root/nav_migration/src/install/navigros2/lib/libnavigros2__rosidl_typesupport_introspection_c.so" to ""
[4.600s] -- Installing: /root/nav_migration/src/install/navigros2/lib/libnavigros2__rosidl_typesupport_c.so
[4.600s] -- Set runtime path of "/root/nav_migration/src/install/navigros2/lib/libnavigros2__rosidl_typesupport_c.so" to ""
[4.600s] -- Up-to-date: /root/nav_migration/src/install/navigros2/include/navigros2/navigros2
[4.600s] -- Up-to-date: /root/nav_migration/src/install/navigros2/include/navigros2/navigros2/action
[4.600s] -- Up-to-date: /root/nav_migration/src/install/navigros2/include/navigros2/navigros2/action/detail
[4.601s] -- Installing: /root/nav_migration/src/install/navigros2/include/navigros2/navigros2/action/detail/map_repeater__traits.hpp
[4.601s] -- Installing: /root/nav_migration/src/install/navigros2/include/navigros2/navigros2/action/detail/map_maker__traits.hpp
[4.601s] -- Installing: /root/nav_migration/src/install/navigros2/include/navigros2/navigros2/action/detail/map_maker__builder.hpp
[4.601s] -- Installing: /root/nav_migration/src/install/navigros2/include/navigros2/navigros2/action/detail/map_repeater__builder.hpp
[4.601s] -- Installing: /root/nav_migration/src/install/navigros2/include/navigros2/navigros2/action/detail/map_maker__struct.hpp
[4.601s] -- Installing: /root/nav_migration/src/install/navigros2/include/navigros2/navigros2/action/detail/map_repeater__struct.hpp
[4.601s] -- Installing: /root/nav_migration/src/install/navigros2/include/navigros2/navigros2/action/map_maker.hpp
[4.601s] -- Installing: /root/nav_migration/src/install/navigros2/include/navigros2/navigros2/action/map_repeater.hpp
[4.601s] -- Up-to-date: /root/nav_migration/src/install/navigros2/include/navigros2/navigros2/msg
[4.601s] -- Up-to-date: /root/nav_migration/src/install/navigros2/include/navigros2/navigros2/msg/detail
[4.601s] -- Installing: /root/nav_migration/src/install/navigros2/include/navigros2/navigros2/msg/detail/float_list__builder.hpp
[4.601s] -- Installing: /root/nav_migration/src/install/navigros2/include/navigros2/navigros2/msg/detail/float_list__struct.hpp
[4.601s] -- Installing: /root/nav_migration/src/install/navigros2/include/navigros2/navigros2/msg/detail/feature_locations__builder.hpp
[4.601s] -- Installing: /root/nav_migration/src/install/navigros2/include/navigros2/navigros2/msg/detail/feature_locations__struct.hpp
[4.602s] -- Installing: /root/nav_migration/src/install/navigros2/include/navigros2/navigros2/msg/detail/feature_locations__traits.hpp
[4.602s] -- Installing: /root/nav_migration/src/install/navigros2/include/navigros2/navigros2/msg/detail/alignment__builder.hpp
[4.602s] -- Installing: /root/nav_migration/src/install/navigros2/include/navigros2/navigros2/msg/detail/float_list__traits.hpp
[4.602s] -- Installing: /root/nav_migration/src/install/navigros2/include/navigros2/navigros2/msg/detail/alignment__struct.hpp
[4.602s] -- Installing: /root/nav_migration/src/install/navigros2/include/navigros2/navigros2/msg/detail/alignment__traits.hpp
[4.602s] -- Installing: /root/nav_migration/src/install/navigros2/include/navigros2/navigros2/msg/feature_locations.hpp
[4.602s] -- Installing: /root/nav_migration/src/install/navigros2/include/navigros2/navigros2/msg/float_list.hpp
[4.602s] -- Installing: /root/nav_migration/src/install/navigros2/include/navigros2/navigros2/msg/alignment.hpp
[4.602s] -- Up-to-date: /root/nav_migration/src/install/navigros2/include/navigros2/navigros2/srv
[4.602s] -- Up-to-date: /root/nav_migration/src/install/navigros2/include/navigros2/navigros2/srv/detail
[4.602s] -- Installing: /root/nav_migration/src/install/navigros2/include/navigros2/navigros2/srv/detail/set_dist__builder.hpp
[4.603s] -- Installing: /root/nav_migration/src/install/navigros2/include/navigros2/navigros2/srv/detail/set_clock_gain__struct.hpp
[4.603s] -- Installing: /root/nav_migration/src/install/navigros2/include/navigros2/navigros2/srv/detail/set_dist__struct.hpp
[4.604s] -- Installing: /root/nav_migration/src/install/navigros2/include/navigros2/navigros2/srv/detail/set_clock_gain__traits.hpp
[4.604s] -- Installing: /root/nav_migration/src/install/navigros2/include/navigros2/navigros2/srv/detail/set_clock_gain__builder.hpp
[4.604s] -- Installing: /root/nav_migration/src/install/navigros2/include/navigros2/navigros2/srv/detail/set_dist__traits.hpp
[4.604s] -- Installing: /root/nav_migration/src/install/navigros2/include/navigros2/navigros2/srv/set_dist.hpp
[4.605s] -- Installing: /root/nav_migration/src/install/navigros2/include/navigros2/navigros2/srv/set_clock_gain.hpp
[4.605s] -- Up-to-date: /root/nav_migration/src/install/navigros2/include/navigros2/navigros2
[4.605s] -- Up-to-date: /root/nav_migration/src/install/navigros2/include/navigros2/navigros2/action
[4.605s] -- Up-to-date: /root/nav_migration/src/install/navigros2/include/navigros2/navigros2/action/detail
[4.605s] -- Up-to-date: /root/nav_migration/src/install/navigros2/include/navigros2/navigros2/action/detail/dds_fastrtps
[4.605s] -- Installing: /root/nav_migration/src/install/navigros2/include/navigros2/navigros2/action/detail/map_repeater__rosidl_typesupport_fastrtps_cpp.hpp
[4.605s] -- Installing: /root/nav_migration/src/install/navigros2/include/navigros2/navigros2/action/detail/map_maker__rosidl_typesupport_fastrtps_cpp.hpp
[4.605s] -- Up-to-date: /root/nav_migration/src/install/navigros2/include/navigros2/navigros2/msg
[4.605s] -- Up-to-date: /root/nav_migration/src/install/navigros2/include/navigros2/navigros2/msg/detail
[4.605s] -- Installing: /root/nav_migration/src/install/navigros2/include/navigros2/navigros2/msg/detail/feature_locations__rosidl_typesupport_fastrtps_cpp.hpp
[4.605s] -- Up-to-date: /root/nav_migration/src/install/navigros2/include/navigros2/navigros2/msg/detail/dds_fastrtps
[4.605s] -- Installing: /root/nav_migration/src/install/navigros2/include/navigros2/navigros2/msg/detail/alignment__rosidl_typesupport_fastrtps_cpp.hpp
[4.605s] -- Installing: /root/nav_migration/src/install/navigros2/include/navigros2/navigros2/msg/detail/float_list__rosidl_typesupport_fastrtps_cpp.hpp
[4.605s] -- Up-to-date: /root/nav_migration/src/install/navigros2/include/navigros2/navigros2/msg/rosidl_typesupport_fastrtps_cpp__visibility_control.h
[4.605s] -- Up-to-date: /root/nav_migration/src/install/navigros2/include/navigros2/navigros2/srv
[4.605s] -- Up-to-date: /root/nav_migration/src/install/navigros2/include/navigros2/navigros2/srv/detail
[4.606s] -- Installing: /root/nav_migration/src/install/navigros2/include/navigros2/navigros2/srv/detail/set_clock_gain__rosidl_typesupport_fastrtps_cpp.hpp
[4.606s] -- Up-to-date: /root/nav_migration/src/install/navigros2/include/navigros2/navigros2/srv/detail/dds_fastrtps
[4.606s] -- Installing: /root/nav_migration/src/install/navigros2/include/navigros2/navigros2/srv/detail/set_dist__rosidl_typesupport_fastrtps_cpp.hpp
[4.606s] -- Installing: /root/nav_migration/src/install/navigros2/lib/libnavigros2__rosidl_typesupport_fastrtps_cpp.so
[4.606s] -- Set runtime path of "/root/nav_migration/src/install/navigros2/lib/libnavigros2__rosidl_typesupport_fastrtps_cpp.so" to ""
[4.606s] -- Up-to-date: /root/nav_migration/src/install/navigros2/include/navigros2/navigros2
[4.606s] -- Up-to-date: /root/nav_migration/src/install/navigros2/include/navigros2/navigros2/action
[4.606s] -- Up-to-date: /root/nav_migration/src/install/navigros2/include/navigros2/navigros2/action/detail
[4.606s] -- Installing: /root/nav_migration/src/install/navigros2/include/navigros2/navigros2/action/detail/map_repeater__rosidl_typesupport_introspection_cpp.hpp
[4.606s] -- Installing: /root/nav_migration/src/install/navigros2/include/navigros2/navigros2/action/detail/map_maker__type_support.cpp
[4.606s] -- Installing: /root/nav_migration/src/install/navigros2/include/navigros2/navigros2/action/detail/map_maker__rosidl_typesupport_introspection_cpp.hpp
[4.606s] -- Installing: /root/nav_migration/src/install/navigros2/include/navigros2/navigros2/action/detail/map_repeater__type_support.cpp
[4.607s] -- Up-to-date: /root/nav_migration/src/install/navigros2/include/navigros2/navigros2/msg
[4.607s] -- Up-to-date: /root/nav_migration/src/install/navigros2/include/navigros2/navigros2/msg/detail
[4.607s] -- Installing: /root/nav_migration/src/install/navigros2/include/navigros2/navigros2/msg/detail/feature_locations__type_support.cpp
[4.607s] -- Installing: /root/nav_migration/src/install/navigros2/include/navigros2/navigros2/msg/detail/alignment__type_support.cpp
[4.607s] -- Installing: /root/nav_migration/src/install/navigros2/include/navigros2/navigros2/msg/detail/feature_locations__rosidl_typesupport_introspection_cpp.hpp
[4.607s] -- Installing: /root/nav_migration/src/install/navigros2/include/navigros2/navigros2/msg/detail/float_list__rosidl_typesupport_introspection_cpp.hpp
[4.607s] -- Installing: /root/nav_migration/src/install/navigros2/include/navigros2/navigros2/msg/detail/float_list__type_support.cpp
[4.607s] -- Installing: /root/nav_migration/src/install/navigros2/include/navigros2/navigros2/msg/detail/alignment__rosidl_typesupport_introspection_cpp.hpp
[4.607s] -- Up-to-date: /root/nav_migration/src/install/navigros2/include/navigros2/navigros2/srv
[4.607s] -- Up-to-date: /root/nav_migration/src/install/navigros2/include/navigros2/navigros2/srv/detail
[4.607s] -- Installing: /root/nav_migration/src/install/navigros2/include/navigros2/navigros2/srv/detail/set_dist__rosidl_typesupport_introspection_cpp.hpp
[4.607s] -- Installing: /root/nav_migration/src/install/navigros2/include/navigros2/navigros2/srv/detail/set_dist__type_support.cpp
[4.607s] -- Installing: /root/nav_migration/src/install/navigros2/include/navigros2/navigros2/srv/detail/set_clock_gain__rosidl_typesupport_introspection_cpp.hpp
[4.607s] -- Installing: /root/nav_migration/src/install/navigros2/include/navigros2/navigros2/srv/detail/set_clock_gain__type_support.cpp
[4.607s] -- Installing: /root/nav_migration/src/install/navigros2/lib/libnavigros2__rosidl_typesupport_introspection_cpp.so
[4.607s] -- Set runtime path of "/root/nav_migration/src/install/navigros2/lib/libnavigros2__rosidl_typesupport_introspection_cpp.so" to ""
[4.607s] -- Installing: /root/nav_migration/src/install/navigros2/lib/libnavigros2__rosidl_typesupport_cpp.so
[4.607s] -- Set runtime path of "/root/nav_migration/src/install/navigros2/lib/libnavigros2__rosidl_typesupport_cpp.so" to ""
[4.607s] -- Up-to-date: /root/nav_migration/src/install/navigros2/share/navigros2/environment/pythonpath.sh
[4.607s] -- Installing: /root/nav_migration/src/install/navigros2/share/navigros2/environment/pythonpath.dsv
[4.607s] -- Up-to-date: /root/nav_migration/src/install/navigros2/local/lib/python3.10/dist-packages/navigros2-0.0.0-py3.10.egg-info
[4.607s] -- Installing: /root/nav_migration/src/install/navigros2/local/lib/python3.10/dist-packages/navigros2-0.0.0-py3.10.egg-info/dependency_links.txt
[4.609s] -- Installing: /root/nav_migration/src/install/navigros2/local/lib/python3.10/dist-packages/navigros2-0.0.0-py3.10.egg-info/PKG-INFO
[4.609s] -- Installing: /root/nav_migration/src/install/navigros2/local/lib/python3.10/dist-packages/navigros2-0.0.0-py3.10.egg-info/SOURCES.txt
[4.609s] -- Installing: /root/nav_migration/src/install/navigros2/local/lib/python3.10/dist-packages/navigros2-0.0.0-py3.10.egg-info/top_level.txt
[4.609s] -- Up-to-date: /root/nav_migration/src/install/navigros2/local/lib/python3.10/dist-packages/navigros2
[4.610s] -- Installing: /root/nav_migration/src/install/navigros2/local/lib/python3.10/dist-packages/navigros2/navigros2_s__rosidl_typesupport_c.cpython-310-x86_64-linux-gnu.so
[4.610s] -- Up-to-date: /root/nav_migration/src/install/navigros2/local/lib/python3.10/dist-packages/navigros2/action
[4.610s] -- Installing: /root/nav_migration/src/install/navigros2/local/lib/python3.10/dist-packages/navigros2/action/_map_repeater_s.c
[4.610s] -- Installing: /root/nav_migration/src/install/navigros2/local/lib/python3.10/dist-packages/navigros2/action/_map_maker.py
[4.610s] -- Installing: /root/nav_migration/src/install/navigros2/local/lib/python3.10/dist-packages/navigros2/action/_map_repeater.py
[4.610s] -- Installing: /root/nav_migration/src/install/navigros2/local/lib/python3.10/dist-packages/navigros2/action/_map_maker_s.c
[4.610s] -- Installing: /root/nav_migration/src/install/navigros2/local/lib/python3.10/dist-packages/navigros2/action/__init__.py
[4.610s] -- Installing: /root/nav_migration/src/install/navigros2/local/lib/python3.10/dist-packages/navigros2/navigros2_s__rosidl_typesupport_introspection_c.cpython-310-x86_64-linux-gnu.so
[4.610s] -- Up-to-date: /root/nav_migration/src/install/navigros2/local/lib/python3.10/dist-packages/navigros2/msg
[4.610s] -- Installing: /root/nav_migration/src/install/navigros2/local/lib/python3.10/dist-packages/navigros2/msg/_float_list.py
[4.610s] -- Installing: /root/nav_migration/src/install/navigros2/local/lib/python3.10/dist-packages/navigros2/msg/_alignment_s.c
[4.610s] -- Installing: /root/nav_migration/src/install/navigros2/local/lib/python3.10/dist-packages/navigros2/msg/_feature_locations.py
[4.610s] -- Installing: /root/nav_migration/src/install/navigros2/local/lib/python3.10/dist-packages/navigros2/msg/_alignment.py
[4.611s] -- Installing: /root/nav_migration/src/install/navigros2/local/lib/python3.10/dist-packages/navigros2/msg/_float_list_s.c
[4.611s] -- Installing: /root/nav_migration/src/install/navigros2/local/lib/python3.10/dist-packages/navigros2/msg/__init__.py
[4.611s] -- Installing: /root/nav_migration/src/install/navigros2/local/lib/python3.10/dist-packages/navigros2/msg/_feature_locations_s.c
[4.611s] -- Up-to-date: /root/nav_migration/src/install/navigros2/local/lib/python3.10/dist-packages/navigros2/srv
[4.611s] -- Installing: /root/nav_migration/src/install/navigros2/local/lib/python3.10/dist-packages/navigros2/srv/_set_clock_gain.py
[4.611s] -- Installing: /root/nav_migration/src/install/navigros2/local/lib/python3.10/dist-packages/navigros2/srv/_set_dist.py
[4.611s] -- Installing: /root/nav_migration/src/install/navigros2/local/lib/python3.10/dist-packages/navigros2/srv/_set_clock_gain_s.c
[4.611s] -- Installing: /root/nav_migration/src/install/navigros2/local/lib/python3.10/dist-packages/navigros2/srv/_set_dist_s.c
[4.611s] -- Installing: /root/nav_migration/src/install/navigros2/local/lib/python3.10/dist-packages/navigros2/srv/__init__.py
[4.611s] -- Installing: /root/nav_migration/src/install/navigros2/local/lib/python3.10/dist-packages/navigros2/_navigros2_s.ep.rosidl_typesupport_c.c
[4.611s] -- Installing: /root/nav_migration/src/install/navigros2/local/lib/python3.10/dist-packages/navigros2/navigros2_s__rosidl_typesupport_fastrtps_c.cpython-310-x86_64-linux-gnu.so
[4.611s] -- Installing: /root/nav_migration/src/install/navigros2/local/lib/python3.10/dist-packages/navigros2/_navigros2_s.ep.rosidl_typesupport_introspection_c.c
[4.611s] -- Installing: /root/nav_migration/src/install/navigros2/local/lib/python3.10/dist-packages/navigros2/_navigros2_s.ep.rosidl_typesupport_fastrtps_c.c
[4.612s] -- Installing: /root/nav_migration/src/install/navigros2/local/lib/python3.10/dist-packages/navigros2/__init__.py
[4.612s] -- Installing: /root/nav_migration/src/install/navigros2/local/lib/python3.10/dist-packages/navigros2/libnavigros2__rosidl_generator_py.so
[4.646s] Listing '/root/nav_migration/src/install/navigros2/local/lib/python3.10/dist-packages/navigros2'...
[4.646s] Compiling '/root/nav_migration/src/install/navigros2/local/lib/python3.10/dist-packages/navigros2/__init__.py'...
[4.646s] Listing '/root/nav_migration/src/install/navigros2/local/lib/python3.10/dist-packages/navigros2/action'...
[4.646s] Compiling '/root/nav_migration/src/install/navigros2/local/lib/python3.10/dist-packages/navigros2/action/__init__.py'...
[4.646s] Compiling '/root/nav_migration/src/install/navigros2/local/lib/python3.10/dist-packages/navigros2/action/_map_maker.py'...
[4.646s] Compiling '/root/nav_migration/src/install/navigros2/local/lib/python3.10/dist-packages/navigros2/action/_map_repeater.py'...
[4.646s] Listing '/root/nav_migration/src/install/navigros2/local/lib/python3.10/dist-packages/navigros2/msg'...
[4.646s] Compiling '/root/nav_migration/src/install/navigros2/local/lib/python3.10/dist-packages/navigros2/msg/__init__.py'...
[4.646s] Compiling '/root/nav_migration/src/install/navigros2/local/lib/python3.10/dist-packages/navigros2/msg/_alignment.py'...
[4.646s] Compiling '/root/nav_migration/src/install/navigros2/local/lib/python3.10/dist-packages/navigros2/msg/_feature_locations.py'...
[4.646s] Compiling '/root/nav_migration/src/install/navigros2/local/lib/python3.10/dist-packages/navigros2/msg/_float_list.py'...
[4.646s] Listing '/root/nav_migration/src/install/navigros2/local/lib/python3.10/dist-packages/navigros2/srv'...
[4.646s] Compiling '/root/nav_migration/src/install/navigros2/local/lib/python3.10/dist-packages/navigros2/srv/__init__.py'...
[4.646s] Compiling '/root/nav_migration/src/install/navigros2/local/lib/python3.10/dist-packages/navigros2/srv/_set_clock_gain.py'...
[4.646s] Compiling '/root/nav_migration/src/install/navigros2/local/lib/python3.10/dist-packages/navigros2/srv/_set_dist.py'...
[4.650s] -- Installing: /root/nav_migration/src/install/navigros2/local/lib/python3.10/dist-packages/navigros2/navigros2_s__rosidl_typesupport_fastrtps_c.cpython-310-x86_64-linux-gnu.so
[4.650s] -- Set runtime path of "/root/nav_migration/src/install/navigros2/local/lib/python3.10/dist-packages/navigros2/navigros2_s__rosidl_typesupport_fastrtps_c.cpython-310-x86_64-linux-gnu.so" to ""
[4.650s] -- Installing: /root/nav_migration/src/install/navigros2/local/lib/python3.10/dist-packages/navigros2/navigros2_s__rosidl_typesupport_introspection_c.cpython-310-x86_64-linux-gnu.so
[4.650s] -- Set runtime path of "/root/nav_migration/src/install/navigros2/local/lib/python3.10/dist-packages/navigros2/navigros2_s__rosidl_typesupport_introspection_c.cpython-310-x86_64-linux-gnu.so" to ""
[4.650s] -- Installing: /root/nav_migration/src/install/navigros2/local/lib/python3.10/dist-packages/navigros2/navigros2_s__rosidl_typesupport_c.cpython-310-x86_64-linux-gnu.so
[4.650s] -- Set runtime path of "/root/nav_migration/src/install/navigros2/local/lib/python3.10/dist-packages/navigros2/navigros2_s__rosidl_typesupport_c.cpython-310-x86_64-linux-gnu.so" to ""
[4.650s] -- Installing: /root/nav_migration/src/install/navigros2/lib/libnavigros2__rosidl_generator_py.so
[4.651s] -- Set runtime path of "/root/nav_migration/src/install/navigros2/lib/libnavigros2__rosidl_generator_py.so" to ""
[4.651s] -- Up-to-date: /root/nav_migration/src/install/navigros2/share/navigros2/msg/Alignment.idl
[4.651s] -- Up-to-date: /root/nav_migration/src/install/navigros2/share/navigros2/msg/FeatureLocations.idl
[4.651s] -- Up-to-date: /root/nav_migration/src/install/navigros2/share/navigros2/msg/FloatList.idl
[4.651s] -- Installing: /root/nav_migration/src/install/navigros2/share/navigros2/srv/SetDist.idl
[4.651s] -- Up-to-date: /root/nav_migration/src/install/navigros2/share/navigros2/srv/SetClockGain.idl
[4.651s] -- Up-to-date: /root/nav_migration/src/install/navigros2/share/navigros2/action/MapMaker.idl
[4.652s] -- Up-to-date: /root/nav_migration/src/install/navigros2/share/navigros2/action/MapRepeater.idl
[4.652s] -- Up-to-date: /root/nav_migration/src/install/navigros2/share/navigros2/msg/Alignment.msg
[4.652s] -- Up-to-date: /root/nav_migration/src/install/navigros2/share/navigros2/msg/FeatureLocations.msg
[4.652s] -- Up-to-date: /root/nav_migration/src/install/navigros2/share/navigros2/msg/FloatList.msg
[4.652s] -- Installing: /root/nav_migration/src/install/navigros2/share/navigros2/srv/SetDist.srv
[4.652s] -- Installing: /root/nav_migration/src/install/navigros2/share/navigros2/srv/SetDist_Request.msg
[4.652s] -- Up-to-date: /root/nav_migration/src/install/navigros2/share/navigros2/srv/SetDist_Response.msg
[4.652s] -- Up-to-date: /root/nav_migration/src/install/navigros2/share/navigros2/srv/SetClockGain.srv
[4.652s] -- Up-to-date: /root/nav_migration/src/install/navigros2/share/navigros2/srv/SetClockGain_Request.msg
[4.652s] -- Up-to-date: /root/nav_migration/src/install/navigros2/share/navigros2/srv/SetClockGain_Response.msg
[4.652s] -- Up-to-date: /root/nav_migration/src/install/navigros2/share/navigros2/action/MapMaker.action
[4.652s] -- Up-to-date: /root/nav_migration/src/install/navigros2/share/navigros2/action/MapRepeater.action
[4.653s] -- Up-to-date: /root/nav_migration/src/install/navigros2/lib/navigros2/distance_ros.py
[4.653s] -- Up-to-date: /root/nav_migration/src/install/navigros2/lib/navigros2/distance.py
[4.653s] -- Up-to-date: /root/nav_migration/src/install/navigros2/lib/navigros2/histogram_viz.py
[4.653s] -- Up-to-date: /root/nav_migration/src/install/navigros2/lib/navigros2/live_viz.py
[4.653s] -- Up-to-date: /root/nav_migration/src/install/navigros2/lib/navigros2/matches_viz.py
[4.653s] -- Installing: /root/nav_migration/src/install/navigros2/lib/navigros2/mapmaker_ros.py
[4.653s] -- Up-to-date: /root/nav_migration/src/install/navigros2/lib/navigros2/repeater_ros.py
[4.653s] -- Up-to-date: /root/nav_migration/src/install/navigros2/share/navigros2/launch
[4.653s] -- Up-to-date: /root/nav_migration/src/install/navigros2/share/navigros2/launch/launch_node.py
[4.653s] -- Up-to-date: /root/nav_migration/src/install/navigros2/share/navigros2/launch/navigros2_launch.py
[4.653s] -- Up-to-date: /root/nav_migration/src/install/navigros2/share/navigros2/launch/__pycache__
[4.653s] -- Up-to-date: /root/nav_migration/src/install/navigros2/share/navigros2/launch/__pycache__/launch_node.cpython-310.pyc
[4.654s] -- Up-to-date: /root/nav_migration/src/install/navigros2/share/navigros2/launch/launcher.py
[4.654s] -- Up-to-date: /root/nav_migration/src/install/navigros2/share/navigros2/launch/navigros2-gui-launch.py
[4.654s] -- Up-to-date: /root/nav_migration/src/install/navigros2/share/ament_index/resource_index/package_run_dependencies/navigros2
[4.654s] -- Up-to-date: /root/nav_migration/src/install/navigros2/share/ament_index/resource_index/parent_prefix_path/navigros2
[4.654s] -- Up-to-date: /root/nav_migration/src/install/navigros2/share/navigros2/environment/ament_prefix_path.sh
[4.654s] -- Installing: /root/nav_migration/src/install/navigros2/share/navigros2/environment/ament_prefix_path.dsv
[4.654s] -- Up-to-date: /root/nav_migration/src/install/navigros2/share/navigros2/environment/path.sh
[4.654s] -- Installing: /root/nav_migration/src/install/navigros2/share/navigros2/environment/path.dsv
[4.654s] -- Up-to-date: /root/nav_migration/src/install/navigros2/share/navigros2/local_setup.bash
[4.654s] -- Up-to-date: /root/nav_migration/src/install/navigros2/share/navigros2/local_setup.sh
[4.655s] -- Up-to-date: /root/nav_migration/src/install/navigros2/share/navigros2/local_setup.zsh
[4.655s] -- Installing: /root/nav_migration/src/install/navigros2/share/navigros2/local_setup.dsv
[4.655s] -- Installing: /root/nav_migration/src/install/navigros2/share/navigros2/package.dsv
[4.655s] -- Up-to-date: /root/nav_migration/src/install/navigros2/share/ament_index/resource_index/packages/navigros2
[4.655s] -- Up-to-date: /root/nav_migration/src/install/navigros2/share/navigros2/cmake/export_navigros2__rosidl_generator_cExport.cmake
[4.655s] -- Up-to-date: /root/nav_migration/src/install/navigros2/share/navigros2/cmake/export_navigros2__rosidl_generator_cExport-noconfig.cmake
[4.655s] -- Up-to-date: /root/nav_migration/src/install/navigros2/share/navigros2/cmake/export_navigros2__rosidl_typesupport_fastrtps_cExport.cmake
[4.655s] -- Up-to-date: /root/nav_migration/src/install/navigros2/share/navigros2/cmake/export_navigros2__rosidl_typesupport_fastrtps_cExport-noconfig.cmake
[4.655s] -- Up-to-date: /root/nav_migration/src/install/navigros2/share/navigros2/cmake/navigros2__rosidl_typesupport_introspection_cExport.cmake
[4.655s] -- Up-to-date: /root/nav_migration/src/install/navigros2/share/navigros2/cmake/navigros2__rosidl_typesupport_introspection_cExport-noconfig.cmake
[4.655s] -- Up-to-date: /root/nav_migration/src/install/navigros2/share/navigros2/cmake/navigros2__rosidl_typesupport_cExport.cmake
[4.655s] -- Up-to-date: /root/nav_migration/src/install/navigros2/share/navigros2/cmake/navigros2__rosidl_typesupport_cExport-noconfig.cmake
[4.655s] -- Up-to-date: /root/nav_migration/src/install/navigros2/share/navigros2/cmake/export_navigros2__rosidl_generator_cppExport.cmake
[4.655s] -- Up-to-date: /root/nav_migration/src/install/navigros2/share/navigros2/cmake/export_navigros2__rosidl_typesupport_fastrtps_cppExport.cmake
[4.655s] -- Up-to-date: /root/nav_migration/src/install/navigros2/share/navigros2/cmake/export_navigros2__rosidl_typesupport_fastrtps_cppExport-noconfig.cmake
[4.655s] -- Up-to-date: /root/nav_migration/src/install/navigros2/share/navigros2/cmake/navigros2__rosidl_typesupport_introspection_cppExport.cmake
[4.655s] -- Up-to-date: /root/nav_migration/src/install/navigros2/share/navigros2/cmake/navigros2__rosidl_typesupport_introspection_cppExport-noconfig.cmake
[4.655s] -- Up-to-date: /root/nav_migration/src/install/navigros2/share/navigros2/cmake/navigros2__rosidl_typesupport_cppExport.cmake
[4.655s] -- Up-to-date: /root/nav_migration/src/install/navigros2/share/navigros2/cmake/navigros2__rosidl_typesupport_cppExport-noconfig.cmake
[4.655s] -- Up-to-date: /root/nav_migration/src/install/navigros2/share/navigros2/cmake/export_navigros2__rosidl_generator_pyExport.cmake
[4.655s] -- Up-to-date: /root/nav_migration/src/install/navigros2/share/navigros2/cmake/export_navigros2__rosidl_generator_pyExport-noconfig.cmake
[4.655s] -- Up-to-date: /root/nav_migration/src/install/navigros2/share/navigros2/cmake/rosidl_cmake-extras.cmake
[4.655s] -- Up-to-date: /root/nav_migration/src/install/navigros2/share/navigros2/cmake/ament_cmake_export_dependencies-extras.cmake
[4.655s] -- Up-to-date: /root/nav_migration/src/install/navigros2/share/navigros2/cmake/ament_cmake_export_include_directories-extras.cmake
[4.656s] -- Up-to-date: /root/nav_migration/src/install/navigros2/share/navigros2/cmake/ament_cmake_export_libraries-extras.cmake
[4.656s] -- Up-to-date: /root/nav_migration/src/install/navigros2/share/navigros2/cmake/ament_cmake_export_targets-extras.cmake
[4.656s] -- Up-to-date: /root/nav_migration/src/install/navigros2/share/navigros2/cmake/rosidl_cmake_export_typesupport_targets-extras.cmake
[4.656s] -- Up-to-date: /root/nav_migration/src/install/navigros2/share/navigros2/cmake/rosidl_cmake_export_typesupport_libraries-extras.cmake
[4.656s] -- Up-to-date: /root/nav_migration/src/install/navigros2/share/navigros2/cmake/navigros2Config.cmake
[4.657s] -- Up-to-date: /root/nav_migration/src/install/navigros2/share/navigros2/cmake/navigros2Config-version.cmake
[4.657s] -- Up-to-date: /root/nav_migration/src/install/navigros2/share/navigros2/package.xml
[4.657s] Invoked command in '/root/nav_migration/src/build/navigros2' returned '0': CMAKE_PREFIX_PATH=/opt/ros/humble /usr/bin/cmake --install /root/nav_migration/src/build/navigros2
