[0.407s] DEBUG:colcon:Command line arguments: ['/usr/bin/colcon', 'build', '--packages-select', 'navigros2']
[0.408s] DEBUG:colcon:Parsed command line arguments: Namespace(log_base=None, log_level=None, verb_name='build', build_base='build', install_base='install', merge_install=False, symlink_install=False, test_result_base=None, continue_on_error=False, executor='parallel', parallel_workers=22, event_handlers=None, ignore_user_meta=False, metas=['./colcon.meta'], base_paths=['.'], packages_ignore=None, packages_ignore_regex=None, paths=None, packages_up_to=None, packages_up_to_regex=None, packages_above=None, packages_above_and_dependencies=None, packages_above_depth=None, packages_select_by_dep=None, packages_skip_by_dep=None, packages_skip_up_to=None, packages_select_build_failed=False, packages_skip_build_finished=False, packages_select_test_failures=False, packages_skip_test_passed=False, packages_select=['navigros2'], packages_skip=None, packages_select_regex=None, packages_skip_regex=None, packages_start=None, packages_end=None, allow_overriding=[], cmake_args=None, cmake_target=None, cmake_target_skip_unavailable=False, cmake_clean_cache=False, cmake_clean_first=False, cmake_force_configure=False, ament_cmake_args=None, catkin_cmake_args=None, catkin_skip_building_tests=False, verb_parser=<colcon_defaults.argument_parser.defaults.DefaultArgumentsDecorator object at 0x7f114f3035b0>, verb_extension=<colcon_core.verb.build.BuildVerb object at 0x7f114f2b0eb0>, main=<bound method BuildVerb.main of <colcon_core.verb.build.BuildVerb object at 0x7f114f2b0eb0>>)
[0.817s] Level 1:colcon.colcon_core.package_discovery:discover_packages(colcon_meta) check parameters
[0.817s] Level 1:colcon.colcon_core.package_discovery:discover_packages(recursive) check parameters
[0.817s] Level 1:colcon.colcon_core.package_discovery:discover_packages(ignore) check parameters
[0.817s] Level 1:colcon.colcon_core.package_discovery:discover_packages(path) check parameters
[0.817s] Level 1:colcon.colcon_core.package_discovery:discover_packages(colcon_meta) discover
[0.817s] Level 1:colcon.colcon_core.package_discovery:discover_packages(recursive) discover
[0.818s] INFO:colcon.colcon_core.package_discovery:Crawling recursively for packages in '/root/nav_migration/src'
[0.818s] Level 1:colcon.colcon_core.package_identification:_identify(.) by extensions ['ignore', 'ignore_ament_install']
[0.818s] Level 1:colcon.colcon_core.package_identification:_identify(.) by extension 'ignore'
[0.818s] Level 1:colcon.colcon_core.package_identification:_identify(.) by extension 'ignore_ament_install'
[0.818s] Level 1:colcon.colcon_core.package_identification:_identify(.) by extensions ['colcon_pkg']
[0.818s] Level 1:colcon.colcon_core.package_identification:_identify(.) by extension 'colcon_pkg'
[0.818s] Level 1:colcon.colcon_core.package_identification:_identify(.) by extensions ['colcon_meta']
[0.818s] Level 1:colcon.colcon_core.package_identification:_identify(.) by extension 'colcon_meta'
[0.818s] Level 1:colcon.colcon_core.package_identification:_identify(.) by extensions ['ros']
[0.818s] Level 1:colcon.colcon_core.package_identification:_identify(.) by extension 'ros'
[0.841s] Level 1:colcon.colcon_core.package_identification:_identify(.) by extensions ['cmake', 'python']
[0.842s] Level 1:colcon.colcon_core.package_identification:_identify(.) by extension 'cmake'
[0.842s] Level 1:colcon.colcon_core.package_identification:_identify(.) by extension 'python'
[0.842s] Level 1:colcon.colcon_core.package_identification:_identify(.) by extensions ['python_setup_py']
[0.842s] Level 1:colcon.colcon_core.package_identification:_identify(.) by extension 'python_setup_py'
[0.842s] Level 1:colcon.colcon_core.package_identification:_identify(build) by extensions ['ignore', 'ignore_ament_install']
[0.842s] Level 1:colcon.colcon_core.package_identification:_identify(build) by extension 'ignore'
[0.843s] Level 1:colcon.colcon_core.package_identification:_identify(build) ignored
[0.843s] Level 1:colcon.colcon_core.package_identification:_identify(install) by extensions ['ignore', 'ignore_ament_install']
[0.843s] Level 1:colcon.colcon_core.package_identification:_identify(install) by extension 'ignore'
[0.843s] Level 1:colcon.colcon_core.package_identification:_identify(install) ignored
[0.843s] Level 1:colcon.colcon_core.package_identification:_identify(log) by extensions ['ignore', 'ignore_ament_install']
[0.843s] Level 1:colcon.colcon_core.package_identification:_identify(log) by extension 'ignore'
[0.843s] Level 1:colcon.colcon_core.package_identification:_identify(log) ignored
[0.843s] Level 1:colcon.colcon_core.package_identification:_identify(navigros2) by extensions ['ignore', 'ignore_ament_install']
[0.843s] Level 1:colcon.colcon_core.package_identification:_identify(navigros2) by extension 'ignore'
[0.843s] Level 1:colcon.colcon_core.package_identification:_identify(navigros2) by extension 'ignore_ament_install'
[0.843s] Level 1:colcon.colcon_core.package_identification:_identify(navigros2) by extensions ['colcon_pkg']
[0.843s] Level 1:colcon.colcon_core.package_identification:_identify(navigros2) by extension 'colcon_pkg'
[0.843s] Level 1:colcon.colcon_core.package_identification:_identify(navigros2) by extensions ['colcon_meta']
[0.844s] Level 1:colcon.colcon_core.package_identification:_identify(navigros2) by extension 'colcon_meta'
[0.844s] Level 1:colcon.colcon_core.package_identification:_identify(navigros2) by extensions ['ros']
[0.844s] Level 1:colcon.colcon_core.package_identification:_identify(navigros2) by extension 'ros'
[0.850s] DEBUG:colcon.colcon_core.package_identification:Package 'navigros2' with type 'ros.ament_cmake' and name 'navigros2'
[0.850s] Level 1:colcon.colcon_core.package_discovery:discover_packages(recursive) using defaults
[0.850s] Level 1:colcon.colcon_core.package_discovery:discover_packages(ignore) discover
[0.850s] Level 1:colcon.colcon_core.package_discovery:discover_packages(ignore) using defaults
[0.850s] Level 1:colcon.colcon_core.package_discovery:discover_packages(path) discover
[0.850s] Level 1:colcon.colcon_core.package_discovery:discover_packages(path) using defaults
[0.896s] Level 1:colcon.colcon_core.package_discovery:discover_packages(prefix_path) check parameters
[0.897s] Level 1:colcon.colcon_core.package_discovery:discover_packages(prefix_path) discover
[0.900s] Level 1:colcon.colcon_core.package_discovery:discover_packages(prefix_path) using defaults
[0.902s] Level 5:colcon.colcon_core.verb:set package 'navigros2' build argument 'cmake_args' from command line to 'None'
[0.902s] Level 5:colcon.colcon_core.verb:set package 'navigros2' build argument 'cmake_target' from command line to 'None'
[0.902s] Level 5:colcon.colcon_core.verb:set package 'navigros2' build argument 'cmake_target_skip_unavailable' from command line to 'False'
[0.902s] Level 5:colcon.colcon_core.verb:set package 'navigros2' build argument 'cmake_clean_cache' from command line to 'False'
[0.902s] Level 5:colcon.colcon_core.verb:set package 'navigros2' build argument 'cmake_clean_first' from command line to 'False'
[0.902s] Level 5:colcon.colcon_core.verb:set package 'navigros2' build argument 'cmake_force_configure' from command line to 'False'
[0.902s] Level 5:colcon.colcon_core.verb:set package 'navigros2' build argument 'ament_cmake_args' from command line to 'None'
[0.902s] Level 5:colcon.colcon_core.verb:set package 'navigros2' build argument 'catkin_cmake_args' from command line to 'None'
[0.902s] Level 5:colcon.colcon_core.verb:set package 'navigros2' build argument 'catkin_skip_building_tests' from command line to 'False'
[0.902s] DEBUG:colcon.colcon_core.verb:Building package 'navigros2' with the following arguments: {'ament_cmake_args': None, 'build_base': '/root/nav_migration/src/build/navigros2', 'catkin_cmake_args': None, 'catkin_skip_building_tests': False, 'cmake_args': None, 'cmake_clean_cache': False, 'cmake_clean_first': False, 'cmake_force_configure': False, 'cmake_target': None, 'cmake_target_skip_unavailable': False, 'install_base': '/root/nav_migration/src/install/navigros2', 'merge_install': False, 'path': '/root/nav_migration/src/navigros2', 'symlink_install': False, 'test_result_base': None}
[0.903s] INFO:colcon.colcon_core.executor:Executing jobs using 'parallel' executor
[0.905s] DEBUG:colcon.colcon_parallel_executor.executor.parallel:run_until_complete
[0.906s] INFO:colcon.colcon_ros.task.ament_cmake.build:Building ROS package in '/root/nav_migration/src/navigros2' with build type 'ament_cmake'
[0.906s] INFO:colcon.colcon_cmake.task.cmake.build:Building CMake package in '/root/nav_migration/src/navigros2'
[0.914s] INFO:colcon.colcon_core.plugin_system:Skipping extension 'colcon_core.shell.bat': Not used on non-Windows systems
[0.914s] INFO:colcon.colcon_core.shell:Skip shell extension 'powershell' for command environment: Not usable outside of PowerShell
[0.914s] DEBUG:colcon.colcon_core.shell:Skip shell extension 'dsv' for command environment
[0.926s] DEBUG:colcon.colcon_core.event_handler.log_command:Invoking command in '/root/nav_migration/src/build/navigros2': /usr/bin/cmake --build /root/nav_migration/src/build/navigros2 -- -j22 -l22
[1.472s] DEBUG:colcon.colcon_core.event_handler.log_command:Invoked command in '/root/nav_migration/src/build/navigros2' returned '0': /usr/bin/cmake --build /root/nav_migration/src/build/navigros2 -- -j22 -l22
[1.641s] DEBUG:colcon.colcon_core.event_handler.log_command:Invoking command in '/root/nav_migration/src/build/navigros2': /usr/bin/cmake --install /root/nav_migration/src/build/navigros2
[1.732s] Level 1:colcon.colcon_core.environment:create_environment_scripts_only(navigros2)
[1.733s] DEBUG:colcon.colcon_core.event_handler.log_command:Invoked command in '/root/nav_migration/src/build/navigros2' returned '0': /usr/bin/cmake --install /root/nav_migration/src/build/navigros2
[1.742s] Level 1:colcon.colcon_core.environment:checking '/root/nav_migration/src/install/navigros2' for CMake module files
[1.743s] Level 1:colcon.colcon_core.environment:checking '/root/nav_migration/src/install/navigros2' for CMake config files
[1.743s] Level 1:colcon.colcon_core.shell:create_environment_hook('navigros2', 'cmake_prefix_path')
[1.743s] INFO:colcon.colcon_core.shell:Creating environment hook '/root/nav_migration/src/install/navigros2/share/navigros2/hook/cmake_prefix_path.ps1'
[1.744s] INFO:colcon.colcon_core.shell:Creating environment descriptor '/root/nav_migration/src/install/navigros2/share/navigros2/hook/cmake_prefix_path.dsv'
[1.745s] INFO:colcon.colcon_core.shell:Creating environment hook '/root/nav_migration/src/install/navigros2/share/navigros2/hook/cmake_prefix_path.sh'
[1.747s] Level 1:colcon.colcon_core.environment:checking '/root/nav_migration/src/install/navigros2/lib'
[1.747s] Level 1:colcon.colcon_core.shell:create_environment_hook('navigros2', 'ld_library_path_lib')
[1.748s] INFO:colcon.colcon_core.shell:Creating environment hook '/root/nav_migration/src/install/navigros2/share/navigros2/hook/ld_library_path_lib.ps1'
[1.748s] INFO:colcon.colcon_core.shell:Creating environment descriptor '/root/nav_migration/src/install/navigros2/share/navigros2/hook/ld_library_path_lib.dsv'
[1.748s] INFO:colcon.colcon_core.shell:Creating environment hook '/root/nav_migration/src/install/navigros2/share/navigros2/hook/ld_library_path_lib.sh'
[1.749s] Level 1:colcon.colcon_core.environment:checking '/root/nav_migration/src/install/navigros2/bin'
[1.749s] Level 1:colcon.colcon_core.environment:checking '/root/nav_migration/src/install/navigros2/lib/pkgconfig/navigros2.pc'
[1.752s] Level 1:colcon.colcon_core.environment:checking '/root/nav_migration/src/install/navigros2/lib/python3.10/site-packages'
[1.752s] Level 1:colcon.colcon_core.environment:checking '/root/nav_migration/src/install/navigros2/bin'
[1.752s] INFO:colcon.colcon_core.shell:Creating package script '/root/nav_migration/src/install/navigros2/share/navigros2/package.ps1'
[1.754s] INFO:colcon.colcon_core.shell:Creating package descriptor '/root/nav_migration/src/install/navigros2/share/navigros2/package.dsv'
[1.755s] INFO:colcon.colcon_core.shell:Creating package script '/root/nav_migration/src/install/navigros2/share/navigros2/package.sh'
[1.756s] INFO:colcon.colcon_core.shell:Creating package script '/root/nav_migration/src/install/navigros2/share/navigros2/package.bash'
[1.757s] INFO:colcon.colcon_core.shell:Creating package script '/root/nav_migration/src/install/navigros2/share/navigros2/package.zsh'
[1.758s] Level 1:colcon.colcon_core.environment:create_file_with_runtime_dependencies(/root/nav_migration/src/install/navigros2/share/colcon-core/packages/navigros2)
[1.898s] Level 1:colcon.colcon_core.environment:create_environment_scripts_only(navigros2)
[1.899s] Level 1:colcon.colcon_core.environment:checking '/root/nav_migration/src/install/navigros2' for CMake module files
[1.899s] Level 1:colcon.colcon_core.environment:checking '/root/nav_migration/src/install/navigros2' for CMake config files
[1.900s] Level 1:colcon.colcon_core.shell:create_environment_hook('navigros2', 'cmake_prefix_path')
[1.900s] INFO:colcon.colcon_core.shell:Creating environment hook '/root/nav_migration/src/install/navigros2/share/navigros2/hook/cmake_prefix_path.ps1'
[1.901s] INFO:colcon.colcon_core.shell:Creating environment descriptor '/root/nav_migration/src/install/navigros2/share/navigros2/hook/cmake_prefix_path.dsv'
[1.901s] INFO:colcon.colcon_core.shell:Creating environment hook '/root/nav_migration/src/install/navigros2/share/navigros2/hook/cmake_prefix_path.sh'
[1.902s] Level 1:colcon.colcon_core.environment:checking '/root/nav_migration/src/install/navigros2/lib'
[1.902s] Level 1:colcon.colcon_core.shell:create_environment_hook('navigros2', 'ld_library_path_lib')
[1.902s] INFO:colcon.colcon_core.shell:Creating environment hook '/root/nav_migration/src/install/navigros2/share/navigros2/hook/ld_library_path_lib.ps1'
[1.902s] INFO:colcon.colcon_core.shell:Creating environment descriptor '/root/nav_migration/src/install/navigros2/share/navigros2/hook/ld_library_path_lib.dsv'
[1.903s] INFO:colcon.colcon_core.shell:Creating environment hook '/root/nav_migration/src/install/navigros2/share/navigros2/hook/ld_library_path_lib.sh'
[1.903s] Level 1:colcon.colcon_core.environment:checking '/root/nav_migration/src/install/navigros2/bin'
[1.903s] Level 1:colcon.colcon_core.environment:checking '/root/nav_migration/src/install/navigros2/lib/pkgconfig/navigros2.pc'
[1.904s] Level 1:colcon.colcon_core.environment:checking '/root/nav_migration/src/install/navigros2/lib/python3.10/site-packages'
[1.904s] Level 1:colcon.colcon_core.environment:checking '/root/nav_migration/src/install/navigros2/bin'
[1.904s] INFO:colcon.colcon_core.shell:Creating package script '/root/nav_migration/src/install/navigros2/share/navigros2/package.ps1'
[1.905s] INFO:colcon.colcon_core.shell:Creating package descriptor '/root/nav_migration/src/install/navigros2/share/navigros2/package.dsv'
[1.905s] INFO:colcon.colcon_core.shell:Creating package script '/root/nav_migration/src/install/navigros2/share/navigros2/package.sh'
[1.906s] INFO:colcon.colcon_core.shell:Creating package script '/root/nav_migration/src/install/navigros2/share/navigros2/package.bash'
[1.906s] INFO:colcon.colcon_core.shell:Creating package script '/root/nav_migration/src/install/navigros2/share/navigros2/package.zsh'
[1.906s] Level 1:colcon.colcon_core.environment:create_file_with_runtime_dependencies(/root/nav_migration/src/install/navigros2/share/colcon-core/packages/navigros2)
[1.907s] DEBUG:colcon.colcon_parallel_executor.executor.parallel:closing loop
[1.907s] DEBUG:colcon.colcon_parallel_executor.executor.parallel:loop closed
[1.907s] DEBUG:colcon.colcon_parallel_executor.executor.parallel:run_until_complete finished with '0'
[1.908s] DEBUG:colcon.colcon_core.event_reactor:joining thread
[1.948s] INFO:colcon.colcon_core.plugin_system:Skipping extension 'colcon_notification.desktop_notification.notify_send': Could not find 'notify-send'
[1.948s] INFO:colcon.colcon_core.plugin_system:Skipping extension 'colcon_notification.desktop_notification.terminal_notifier': Not used on non-Darwin systems
[1.948s] INFO:colcon.colcon_core.plugin_system:Skipping extension 'colcon_notification.desktop_notification.win32': Not used on non-Windows systems
[1.949s] INFO:colcon.colcon_notification.desktop_notification:Sending desktop notification using 'notify2'
[1.949s] DEBUG:colcon.colcon_notification.desktop_notification.notify2:Failed to initialize notify2: org.freedesktop.DBus.Error.FileNotFound: Failed to connect to socket /run/user/0/bus: No such file or directory
[1.949s] DEBUG:colcon.colcon_core.event_reactor:joined thread
[1.949s] INFO:colcon.colcon_core.shell:Creating prefix script '/root/nav_migration/src/install/local_setup.ps1'
[1.952s] INFO:colcon.colcon_core.shell:Creating prefix util module '/root/nav_migration/src/install/_local_setup_util_ps1.py'
[1.953s] INFO:colcon.colcon_core.shell:Creating prefix chain script '/root/nav_migration/src/install/setup.ps1'
[1.954s] INFO:colcon.colcon_core.shell:Creating prefix script '/root/nav_migration/src/install/local_setup.sh'
[1.955s] INFO:colcon.colcon_core.shell:Creating prefix util module '/root/nav_migration/src/install/_local_setup_util_sh.py'
[1.956s] INFO:colcon.colcon_core.shell:Creating prefix chain script '/root/nav_migration/src/install/setup.sh'
[1.957s] INFO:colcon.colcon_core.shell:Creating prefix script '/root/nav_migration/src/install/local_setup.bash'
[1.958s] INFO:colcon.colcon_core.shell:Creating prefix chain script '/root/nav_migration/src/install/setup.bash'
[1.959s] INFO:colcon.colcon_core.shell:Creating prefix script '/root/nav_migration/src/install/local_setup.zsh'
[1.959s] INFO:colcon.colcon_core.shell:Creating prefix chain script '/root/nav_migration/src/install/setup.zsh'
