[0.019s] Invoking command in '/root/nav_migration/src/build/navigros2': CMAKE_PREFIX_PATH=${CMAKE_PREFIX_PATH}:/opt/ros/humble /usr/bin/cmake --build /root/nav_migration/src/build/navigros2 -- -j22 -l22
[0.106s] -- Found ament_cmake: 1.3.10 (/opt/ros/humble/share/ament_cmake/cmake)
[0.313s] -- Found rosidl_default_generators: 1.2.0 (/opt/ros/humble/share/rosidl_default_generators/cmake)
[0.321s] -- Using all available rosidl_typesupport_c: rosidl_typesupport_fastrtps_c;rosidl_typesupport_introspection_c
[0.329s] -- Found rosidl_adapter: 3.1.5 (/opt/ros/humble/share/rosidl_adapter/cmake)
[0.772s] -- Using all available rosidl_typesupport_cpp: rosidl_typesupport_fastrtps_cpp;rosidl_typesupport_introspection_cpp
[0.852s] -- Found rclpy: 3.3.14 (/opt/ros/humble/share/rclpy/cmake)
[0.854s] -- Found std_msgs: 4.2.4 (/opt/ros/humble/share/std_msgs/cmake)
[0.925s] -- Found geometry_msgs: 4.2.4 (/opt/ros/humble/share/geometry_msgs/cmake)
[0.956s] -- Found nav_msgs: 4.2.4 (/opt/ros/humble/share/nav_msgs/cmake)
[0.993s] -- Found action_msgs: 1.2.1 (/opt/ros/humble/share/action_msgs/cmake)
[1.441s] -- Found ament_cmake_ros: 0.10.0 (/opt/ros/humble/share/ament_cmake_ros/cmake)
[1.712s] -- Using all available rosidl_typesupport_c: rosidl_typesupport_fastrtps_c;rosidl_typesupport_introspection_c
[2.057s] -- Using all available rosidl_typesupport_cpp: rosidl_typesupport_fastrtps_cpp;rosidl_typesupport_introspection_cpp
[2.085s] -- Found python_cmake_module: 0.10.0 (/opt/ros/humble/share/python_cmake_module/cmake)
[2.117s] -- Using PYTHON_EXECUTABLE: /usr/bin/python3
[2.117s] -- Using PYTHON_INCLUDE_DIRS: /usr/include/python3.10
[2.117s] -- Using PYTHON_LIBRARIES: /usr/lib/x86_64-linux-gnu/libpython3.10.so
[2.158s] -- Found ament_lint_auto: 0.12.11 (/opt/ros/humble/share/ament_lint_auto/cmake)
[2.207s] -- Added test 'flake8' to check Python code syntax and style conventions
[2.209s] -- Added test 'lint_cmake' to check CMake code style
[2.209s] -- Added test 'pep257' to check Python code against some of the docstring style conventions in PEP 257
[2.213s] -- Added test 'xmllint' to check XML markup files
[2.224s] -- Configuring done
[2.355s] -- Generating done
[2.358s] -- Build files have been written to: /root/nav_migration/src/build/navigros2
[2.393s] [35m[1mConsolidate compiler generated dependencies of target navigros2__rosidl_generator_c[0m
[2.402s] [  1%] Built target navigros2__cpp
[2.410s] [  2%] [32mBuilding C object CMakeFiles/navigros2__rosidl_generator_c.dir/rosidl_generator_c/navigros2/msg/detail/float_list__functions.c.o[0m
[2.411s] [  3%] [32mBuilding C object CMakeFiles/navigros2__rosidl_generator_c.dir/rosidl_generator_c/navigros2/msg/detail/feature_locations__functions.c.o[0m
[2.411s] [  5%] [32mBuilding C object CMakeFiles/navigros2__rosidl_generator_c.dir/rosidl_generator_c/navigros2/msg/detail/alignment__functions.c.o[0m
[2.412s] [  6%] [32mBuilding C object CMakeFiles/navigros2__rosidl_generator_c.dir/rosidl_generator_c/navigros2/action/detail/map_repeater__functions.c.o[0m
[2.416s] [  7%] [32mBuilding C object CMakeFiles/navigros2__rosidl_generator_c.dir/rosidl_generator_c/navigros2/srv/detail/set_dist__functions.c.o[0m
[2.417s] [  8%] [32mBuilding C object CMakeFiles/navigros2__rosidl_generator_c.dir/rosidl_generator_c/navigros2/srv/detail/set_clock_gain__functions.c.o[0m
[2.417s] [ 10%] [32mBuilding C object CMakeFiles/navigros2__rosidl_generator_c.dir/rosidl_generator_c/navigros2/action/detail/map_maker__functions.c.o[0m
[2.426s] [35m[1mConsolidate compiler generated dependencies of target navigros2__rosidl_typesupport_cpp[0m
[2.427s] [35m[1mConsolidate compiler generated dependencies of target navigros2__rosidl_typesupport_introspection_cpp[0m
[2.431s] [35m[1mConsolidate compiler generated dependencies of target navigros2__rosidl_typesupport_fastrtps_cpp[0m
[2.456s] [ 13%] [32mBuilding CXX object CMakeFiles/navigros2__rosidl_typesupport_introspection_cpp.dir/rosidl_typesupport_introspection_cpp/navigros2/msg/detail/alignment__type_support.cpp.o[0m
[2.456s] [ 13%] [32mBuilding CXX object CMakeFiles/navigros2__rosidl_typesupport_fastrtps_cpp.dir/rosidl_typesupport_fastrtps_cpp/navigros2/msg/detail/dds_fastrtps/alignment__type_support.cpp.o[0m
[2.456s] [ 13%] [32mBuilding CXX object CMakeFiles/navigros2__rosidl_typesupport_introspection_cpp.dir/rosidl_typesupport_introspection_cpp/navigros2/msg/detail/feature_locations__type_support.cpp.o[0m
[2.457s] [ 15%] [32mBuilding CXX object CMakeFiles/navigros2__rosidl_typesupport_fastrtps_cpp.dir/rosidl_typesupport_fastrtps_cpp/navigros2/msg/detail/dds_fastrtps/feature_locations__type_support.cpp.o[0m
[2.457s] [ 16%] [32mBuilding CXX object CMakeFiles/navigros2__rosidl_typesupport_cpp.dir/rosidl_typesupport_cpp/navigros2/msg/feature_locations__type_support.cpp.o[0m
[2.457s] [ 17%] [32mBuilding CXX object CMakeFiles/navigros2__rosidl_typesupport_fastrtps_cpp.dir/rosidl_typesupport_fastrtps_cpp/navigros2/msg/detail/dds_fastrtps/float_list__type_support.cpp.o[0m
[2.458s] [ 18%] [32mBuilding CXX object CMakeFiles/navigros2__rosidl_typesupport_introspection_cpp.dir/rosidl_typesupport_introspection_cpp/navigros2/srv/detail/set_clock_gain__type_support.cpp.o[0m
[2.458s] [ 20%] [32mBuilding CXX object CMakeFiles/navigros2__rosidl_typesupport_fastrtps_cpp.dir/rosidl_typesupport_fastrtps_cpp/navigros2/srv/detail/dds_fastrtps/set_clock_gain__type_support.cpp.o[0m
[2.458s] [ 21%] [32mBuilding CXX object CMakeFiles/navigros2__rosidl_typesupport_cpp.dir/rosidl_typesupport_cpp/navigros2/srv/set_dist__type_support.cpp.o[0m
[2.459s] [ 22%] [32mBuilding CXX object CMakeFiles/navigros2__rosidl_typesupport_fastrtps_cpp.dir/rosidl_typesupport_fastrtps_cpp/navigros2/srv/detail/dds_fastrtps/set_dist__type_support.cpp.o[0m
[2.459s] [ 24%] [32mBuilding CXX object CMakeFiles/navigros2__rosidl_typesupport_introspection_cpp.dir/rosidl_typesupport_introspection_cpp/navigros2/srv/detail/set_dist__type_support.cpp.o[0m
[2.461s] [ 25%] [32mBuilding CXX object CMakeFiles/navigros2__rosidl_typesupport_introspection_cpp.dir/rosidl_typesupport_introspection_cpp/navigros2/msg/detail/float_list__type_support.cpp.o[0m
[2.462s] [ 26%] [32mBuilding CXX object CMakeFiles/navigros2__rosidl_typesupport_cpp.dir/rosidl_typesupport_cpp/navigros2/msg/float_list__type_support.cpp.o[0m
[2.462s] [ 27%] [32mBuilding CXX object CMakeFiles/navigros2__rosidl_typesupport_cpp.dir/rosidl_typesupport_cpp/navigros2/msg/alignment__type_support.cpp.o[0m
[2.468s] [ 27%] Built target ament_cmake_python_copy_navigros2
[2.672s] [ 30%] [32mBuilding CXX object CMakeFiles/navigros2__rosidl_typesupport_introspection_cpp.dir/rosidl_typesupport_introspection_cpp/navigros2/action/detail/map_maker__type_support.cpp.o[0m
[2.673s] [ 30%] [32mBuilding CXX object CMakeFiles/navigros2__rosidl_typesupport_fastrtps_cpp.dir/rosidl_typesupport_fastrtps_cpp/navigros2/action/detail/dds_fastrtps/map_maker__type_support.cpp.o[0m
[2.673s] [ 31%] [32mBuilding CXX object CMakeFiles/navigros2__rosidl_typesupport_cpp.dir/rosidl_typesupport_cpp/navigros2/srv/set_clock_gain__type_support.cpp.o[0m
[2.673s] [ 32%] [32mBuilding CXX object CMakeFiles/navigros2__rosidl_typesupport_introspection_cpp.dir/rosidl_typesupport_introspection_cpp/navigros2/action/detail/map_repeater__type_support.cpp.o[0m
[2.673s] [ 34%] [32mBuilding CXX object CMakeFiles/navigros2__rosidl_typesupport_fastrtps_cpp.dir/rosidl_typesupport_fastrtps_cpp/navigros2/action/detail/dds_fastrtps/map_repeater__type_support.cpp.o[0m
[2.790s] [ 35%] [32mBuilding CXX object CMakeFiles/navigros2__rosidl_typesupport_cpp.dir/rosidl_typesupport_cpp/navigros2/action/map_maker__type_support.cpp.o[0m
[2.800s] [ 36%] [32m[1mLinking C shared library libnavigros2__rosidl_generator_c.so[0m
[3.099s] running egg_info
[3.099s] writing navigros2.egg-info/PKG-INFO
[3.099s] writing dependency_links to navigros2.egg-info/dependency_links.txt
[3.100s] writing top-level names to navigros2.egg-info/top_level.txt
[3.113s] reading manifest file 'navigros2.egg-info/SOURCES.txt'
[3.113s] writing manifest file 'navigros2.egg-info/SOURCES.txt'
[3.246s] [ 36%] Built target ament_cmake_python_build_navigros2_egg
[3.263s] [ 37%] [32mBuilding CXX object CMakeFiles/navigros2__rosidl_typesupport_cpp.dir/rosidl_typesupport_cpp/navigros2/action/map_repeater__type_support.cpp.o[0m
[3.267s] [ 39%] Built target navigros2__rosidl_generator_c
[3.355s] [35m[1mConsolidate compiler generated dependencies of target navigros2__rosidl_typesupport_fastrtps_c[0m
[3.420s] [ 40%] [32mBuilding CXX object CMakeFiles/navigros2__rosidl_typesupport_fastrtps_c.dir/rosidl_typesupport_fastrtps_c/navigros2/msg/detail/alignment__type_support_c.cpp.o[0m
[3.532s] [ 41%] [32mBuilding CXX object CMakeFiles/navigros2__rosidl_typesupport_fastrtps_c.dir/rosidl_typesupport_fastrtps_c/navigros2/msg/detail/feature_locations__type_support_c.cpp.o[0m
[3.589s] [35m[1mConsolidate compiler generated dependencies of target navigros2__rosidl_typesupport_introspection_c[0m
[3.709s] [ 43%] [32mBuilding C object CMakeFiles/navigros2__rosidl_typesupport_introspection_c.dir/rosidl_typesupport_introspection_c/navigros2/msg/detail/alignment__type_support.c.o[0m
[3.731s] [ 44%] [32mBuilding CXX object CMakeFiles/navigros2__rosidl_typesupport_fastrtps_c.dir/rosidl_typesupport_fastrtps_c/navigros2/msg/detail/float_list__type_support_c.cpp.o[0m
[3.799s] [ 45%] [32mBuilding CXX object CMakeFiles/navigros2__rosidl_typesupport_fastrtps_c.dir/rosidl_typesupport_fastrtps_c/navigros2/srv/detail/set_dist__type_support_c.cpp.o[0m
[3.822s] [35m[1mConsolidate compiler generated dependencies of target navigros2__rosidl_typesupport_c[0m
[3.823s] [ 46%] [32mBuilding CXX object CMakeFiles/navigros2__rosidl_typesupport_fastrtps_c.dir/rosidl_typesupport_fastrtps_c/navigros2/srv/detail/set_clock_gain__type_support_c.cpp.o[0m
[3.852s] [ 49%] [32mBuilding CXX object CMakeFiles/navigros2__rosidl_typesupport_c.dir/rosidl_typesupport_c/navigros2/msg/alignment__type_support.cpp.o[0m
[3.853s] [ 49%] [32mBuilding C object CMakeFiles/navigros2__rosidl_typesupport_introspection_c.dir/rosidl_typesupport_introspection_c/navigros2/msg/detail/feature_locations__type_support.c.o[0m
[3.897s] [ 50%] [32mBuilding C object CMakeFiles/navigros2__rosidl_typesupport_introspection_c.dir/rosidl_typesupport_introspection_c/navigros2/msg/detail/float_list__type_support.c.o[0m
[3.916s] [ 51%] [32mBuilding CXX object CMakeFiles/navigros2__rosidl_typesupport_fastrtps_c.dir/rosidl_typesupport_fastrtps_c/navigros2/action/detail/map_maker__type_support_c.cpp.o[0m
[3.930s] [ 53%] [32mBuilding CXX object CMakeFiles/navigros2__rosidl_typesupport_fastrtps_c.dir/rosidl_typesupport_fastrtps_c/navigros2/action/detail/map_repeater__type_support_c.cpp.o[0m
[3.933s] [ 54%] [32mBuilding C object CMakeFiles/navigros2__rosidl_typesupport_introspection_c.dir/rosidl_typesupport_introspection_c/navigros2/srv/detail/set_dist__type_support.c.o[0m
[3.935s] [ 55%] [32mBuilding CXX object CMakeFiles/navigros2__rosidl_typesupport_c.dir/rosidl_typesupport_c/navigros2/msg/float_list__type_support.cpp.o[0m
[3.946s] [ 56%] [32mBuilding CXX object CMakeFiles/navigros2__rosidl_typesupport_c.dir/rosidl_typesupport_c/navigros2/msg/feature_locations__type_support.cpp.o[0m
[3.989s] [ 58%] [32mBuilding CXX object CMakeFiles/navigros2__rosidl_typesupport_c.dir/rosidl_typesupport_c/navigros2/srv/set_dist__type_support.cpp.o[0m
[4.010s] [ 59%] [32mBuilding C object CMakeFiles/navigros2__rosidl_typesupport_introspection_c.dir/rosidl_typesupport_introspection_c/navigros2/srv/detail/set_clock_gain__type_support.c.o[0m
[4.021s] [ 60%] [32mBuilding CXX object CMakeFiles/navigros2__rosidl_typesupport_c.dir/rosidl_typesupport_c/navigros2/srv/set_clock_gain__type_support.cpp.o[0m
[4.030s] [ 62%] [32mBuilding CXX object CMakeFiles/navigros2__rosidl_typesupport_c.dir/rosidl_typesupport_c/navigros2/action/map_maker__type_support.cpp.o[0m
[4.037s] [ 63%] [32mBuilding C object CMakeFiles/navigros2__rosidl_typesupport_introspection_c.dir/rosidl_typesupport_introspection_c/navigros2/action/detail/map_maker__type_support.c.o[0m
[4.052s] [ 64%] [32mBuilding CXX object CMakeFiles/navigros2__rosidl_typesupport_c.dir/rosidl_typesupport_c/navigros2/action/map_repeater__type_support.cpp.o[0m
[4.092s] [ 65%] [32mBuilding C object CMakeFiles/navigros2__rosidl_typesupport_introspection_c.dir/rosidl_typesupport_introspection_c/navigros2/action/detail/map_repeater__type_support.c.o[0m
[4.211s] [ 67%] [32m[1mLinking C shared library libnavigros2__rosidl_typesupport_introspection_c.so[0m
[4.218s] [ 68%] [32m[1mLinking CXX shared library libnavigros2__rosidl_typesupport_c.so[0m
[4.310s] [ 69%] Built target navigros2__rosidl_typesupport_introspection_c
[4.333s] [ 70%] Built target navigros2__rosidl_typesupport_c
[4.539s] [ 72%] [32m[1mLinking CXX shared library libnavigros2__rosidl_typesupport_cpp.so[0m
[4.642s] [ 73%] Built target navigros2__rosidl_typesupport_cpp
[4.659s] [ 74%] [32m[1mLinking CXX shared library libnavigros2__rosidl_typesupport_fastrtps_cpp.so[0m
[4.672s] [ 75%] [32m[1mLinking CXX shared library libnavigros2__rosidl_typesupport_fastrtps_c.so[0m
[4.693s] [ 77%] [32m[1mLinking CXX shared library libnavigros2__rosidl_typesupport_introspection_cpp.so[0m
[4.790s] [ 79%] Built target navigros2__rosidl_typesupport_fastrtps_cpp
[4.791s] [ 79%] Built target navigros2__rosidl_typesupport_fastrtps_c
[4.817s] [ 81%] Built target navigros2__rosidl_typesupport_introspection_cpp
[4.831s] [ 81%] Built target navigros2
[4.847s] [ 82%] Built target navigros2__py
[4.865s] [35m[1mConsolidate compiler generated dependencies of target navigros2__rosidl_generator_py[0m
[4.881s] [ 83%] [32mBuilding C object CMakeFiles/navigros2__rosidl_generator_py.dir/rosidl_generator_py/navigros2/msg/_float_list_s.c.o[0m
[4.881s] [ 84%] [32mBuilding C object CMakeFiles/navigros2__rosidl_generator_py.dir/rosidl_generator_py/navigros2/msg/_alignment_s.c.o[0m
[4.881s] [ 86%] [32mBuilding C object CMakeFiles/navigros2__rosidl_generator_py.dir/rosidl_generator_py/navigros2/msg/_feature_locations_s.c.o[0m
[4.883s] [ 87%] [32mBuilding C object CMakeFiles/navigros2__rosidl_generator_py.dir/rosidl_generator_py/navigros2/srv/_set_dist_s.c.o[0m
[4.884s] [ 88%] [32mBuilding C object CMakeFiles/navigros2__rosidl_generator_py.dir/rosidl_generator_py/navigros2/srv/_set_clock_gain_s.c.o[0m
[4.888s] [ 89%] [32mBuilding C object CMakeFiles/navigros2__rosidl_generator_py.dir/rosidl_generator_py/navigros2/action/_map_maker_s.c.o[0m
[4.890s] [ 91%] [32mBuilding C object CMakeFiles/navigros2__rosidl_generator_py.dir/rosidl_generator_py/navigros2/action/_map_repeater_s.c.o[0m
[5.104s] [ 92%] [32m[1mLinking C shared library rosidl_generator_py/navigros2/libnavigros2__rosidl_generator_py.so[0m
[5.187s] [ 92%] Built target navigros2__rosidl_generator_py
[5.197s] [35m[1mConsolidate compiler generated dependencies of target navigros2__rosidl_typesupport_fastrtps_c__pyext[0m
[5.198s] [35m[1mConsolidate compiler generated dependencies of target navigros2__rosidl_typesupport_c__pyext[0m
[5.200s] [35m[1mConsolidate compiler generated dependencies of target navigros2__rosidl_typesupport_introspection_c__pyext[0m
[5.206s] [ 93%] [32mBuilding C object CMakeFiles/navigros2__rosidl_typesupport_fastrtps_c__pyext.dir/rosidl_generator_py/navigros2/_navigros2_s.ep.rosidl_typesupport_fastrtps_c.c.o[0m
[5.209s] [ 94%] [32mBuilding C object CMakeFiles/navigros2__rosidl_typesupport_introspection_c__pyext.dir/rosidl_generator_py/navigros2/_navigros2_s.ep.rosidl_typesupport_introspection_c.c.o[0m
[5.210s] [ 96%] [32mBuilding C object CMakeFiles/navigros2__rosidl_typesupport_c__pyext.dir/rosidl_generator_py/navigros2/_navigros2_s.ep.rosidl_typesupport_c.c.o[0m
[5.333s] [ 97%] [32m[1mLinking C shared library rosidl_generator_py/navigros2/navigros2_s__rosidl_typesupport_fastrtps_c.cpython-310-x86_64-linux-gnu.so[0m
[5.342s] [ 98%] [32m[1mLinking C shared library rosidl_generator_py/navigros2/navigros2_s__rosidl_typesupport_c.cpython-310-x86_64-linux-gnu.so[0m
[5.346s] [100%] [32m[1mLinking C shared library rosidl_generator_py/navigros2/navigros2_s__rosidl_typesupport_introspection_c.cpython-310-x86_64-linux-gnu.so[0m
[5.398s] [100%] Built target navigros2__rosidl_typesupport_c__pyext
[5.415s] [100%] Built target navigros2__rosidl_typesupport_fastrtps_c__pyext
[5.443s] [100%] Built target navigros2__rosidl_typesupport_introspection_c__pyext
[5.454s] Invoked command in '/root/nav_migration/src/build/navigros2' returned '0': CMAKE_PREFIX_PATH=${CMAKE_PREFIX_PATH}:/opt/ros/humble /usr/bin/cmake --build /root/nav_migration/src/build/navigros2 -- -j22 -l22
[5.598s] Invoking command in '/root/nav_migration/src/build/navigros2': CMAKE_PREFIX_PATH=${CMAKE_PREFIX_PATH}:/opt/ros/humble /usr/bin/cmake --install /root/nav_migration/src/build/navigros2
[5.605s] -- Install configuration: ""
[5.605s] -- Up-to-date: /root/nav_migration/src/install/navigros2/share/ament_index/resource_index/rosidl_interfaces/navigros2
[5.605s] -- Up-to-date: /root/nav_migration/src/install/navigros2/include/navigros2/navigros2
[5.606s] -- Up-to-date: /root/nav_migration/src/install/navigros2/include/navigros2/navigros2/action
[5.607s] -- Up-to-date: /root/nav_migration/src/install/navigros2/include/navigros2/navigros2/action/map_repeater.h
[5.607s] -- Up-to-date: /root/nav_migration/src/install/navigros2/include/navigros2/navigros2/action/detail
[5.607s] -- Up-to-date: /root/nav_migration/src/install/navigros2/include/navigros2/navigros2/action/detail/map_maker__type_support.h
[5.607s] -- Up-to-date: /root/nav_migration/src/install/navigros2/include/navigros2/navigros2/action/detail/map_repeater__functions.c
[5.608s] -- Up-to-date: /root/nav_migration/src/install/navigros2/include/navigros2/navigros2/action/detail/map_repeater__struct.h
[5.608s] -- Up-to-date: /root/nav_migration/src/install/navigros2/include/navigros2/navigros2/action/detail/map_maker__struct.h
[5.608s] -- Up-to-date: /root/nav_migration/src/install/navigros2/include/navigros2/navigros2/action/detail/map_maker__functions.h
[5.608s] -- Up-to-date: /root/nav_migration/src/install/navigros2/include/navigros2/navigros2/action/detail/map_repeater__type_support.h
[5.609s] -- Up-to-date: /root/nav_migration/src/install/navigros2/include/navigros2/navigros2/action/detail/map_repeater__functions.h
[5.609s] -- Up-to-date: /root/nav_migration/src/install/navigros2/include/navigros2/navigros2/action/detail/map_maker__functions.c
[5.609s] -- Up-to-date: /root/nav_migration/src/install/navigros2/include/navigros2/navigros2/action/map_maker.h
[5.609s] -- Up-to-date: /root/nav_migration/src/install/navigros2/include/navigros2/navigros2/msg
[5.609s] -- Up-to-date: /root/nav_migration/src/install/navigros2/include/navigros2/navigros2/msg/rosidl_generator_c__visibility_control.h
[5.609s] -- Up-to-date: /root/nav_migration/src/install/navigros2/include/navigros2/navigros2/msg/detail
[5.609s] -- Up-to-date: /root/nav_migration/src/install/navigros2/include/navigros2/navigros2/msg/detail/float_list__type_support.h
[5.609s] -- Up-to-date: /root/nav_migration/src/install/navigros2/include/navigros2/navigros2/msg/detail/float_list__functions.c
[5.609s] -- Up-to-date: /root/nav_migration/src/install/navigros2/include/navigros2/navigros2/msg/detail/feature_locations__struct.h
[5.609s] -- Up-to-date: /root/nav_migration/src/install/navigros2/include/navigros2/navigros2/msg/detail/alignment__type_support.h
[5.609s] -- Up-to-date: /root/nav_migration/src/install/navigros2/include/navigros2/navigros2/msg/detail/alignment__struct.h
[5.609s] -- Up-to-date: /root/nav_migration/src/install/navigros2/include/navigros2/navigros2/msg/detail/alignment__functions.c
[5.609s] -- Up-to-date: /root/nav_migration/src/install/navigros2/include/navigros2/navigros2/msg/detail/feature_locations__functions.c
[5.609s] -- Up-to-date: /root/nav_migration/src/install/navigros2/include/navigros2/navigros2/msg/detail/float_list__struct.h
[5.609s] -- Up-to-date: /root/nav_migration/src/install/navigros2/include/navigros2/navigros2/msg/detail/alignment__functions.h
[5.609s] -- Up-to-date: /root/nav_migration/src/install/navigros2/include/navigros2/navigros2/msg/detail/float_list__functions.h
[5.610s] -- Up-to-date: /root/nav_migration/src/install/navigros2/include/navigros2/navigros2/msg/detail/feature_locations__functions.h
[5.610s] -- Up-to-date: /root/nav_migration/src/install/navigros2/include/navigros2/navigros2/msg/detail/feature_locations__type_support.h
[5.610s] -- Up-to-date: /root/nav_migration/src/install/navigros2/include/navigros2/navigros2/msg/alignment.h
[5.610s] -- Up-to-date: /root/nav_migration/src/install/navigros2/include/navigros2/navigros2/msg/float_list.h
[5.610s] -- Up-to-date: /root/nav_migration/src/install/navigros2/include/navigros2/navigros2/msg/feature_locations.h
[5.610s] -- Up-to-date: /root/nav_migration/src/install/navigros2/include/navigros2/navigros2/srv
[5.610s] -- Up-to-date: /root/nav_migration/src/install/navigros2/include/navigros2/navigros2/srv/detail
[5.610s] -- Up-to-date: /root/nav_migration/src/install/navigros2/include/navigros2/navigros2/srv/detail/set_dist__functions.h
[5.610s] -- Up-to-date: /root/nav_migration/src/install/navigros2/include/navigros2/navigros2/srv/detail/set_clock_gain__type_support.h
[5.610s] -- Up-to-date: /root/nav_migration/src/install/navigros2/include/navigros2/navigros2/srv/detail/set_clock_gain__functions.h
[5.610s] -- Up-to-date: /root/nav_migration/src/install/navigros2/include/navigros2/navigros2/srv/detail/set_clock_gain__functions.c
[5.610s] -- Up-to-date: /root/nav_migration/src/install/navigros2/include/navigros2/navigros2/srv/detail/set_dist__functions.c
[5.610s] -- Up-to-date: /root/nav_migration/src/install/navigros2/include/navigros2/navigros2/srv/detail/set_clock_gain__struct.h
[5.610s] -- Up-to-date: /root/nav_migration/src/install/navigros2/include/navigros2/navigros2/srv/detail/set_dist__struct.h
[5.610s] -- Up-to-date: /root/nav_migration/src/install/navigros2/include/navigros2/navigros2/srv/detail/set_dist__type_support.h
[5.610s] -- Up-to-date: /root/nav_migration/src/install/navigros2/include/navigros2/navigros2/srv/set_clock_gain.h
[5.611s] -- Up-to-date: /root/nav_migration/src/install/navigros2/include/navigros2/navigros2/srv/set_dist.h
[5.611s] -- Up-to-date: /root/nav_migration/src/install/navigros2/share/navigros2/environment/library_path.sh
[5.611s] -- Installing: /root/nav_migration/src/install/navigros2/share/navigros2/environment/library_path.dsv
[5.611s] -- Installing: /root/nav_migration/src/install/navigros2/lib/libnavigros2__rosidl_generator_c.so
[5.612s] -- Set runtime path of "/root/nav_migration/src/install/navigros2/lib/libnavigros2__rosidl_generator_c.so" to ""
[5.612s] -- Up-to-date: /root/nav_migration/src/install/navigros2/include/navigros2/navigros2
[5.612s] -- Up-to-date: /root/nav_migration/src/install/navigros2/include/navigros2/navigros2/action
[5.612s] -- Up-to-date: /root/nav_migration/src/install/navigros2/include/navigros2/navigros2/action/detail
[5.613s] -- Up-to-date: /root/nav_migration/src/install/navigros2/include/navigros2/navigros2/action/detail/map_repeater__rosidl_typesupport_fastrtps_c.h
[5.613s] -- Up-to-date: /root/nav_migration/src/install/navigros2/include/navigros2/navigros2/action/detail/map_maker__rosidl_typesupport_fastrtps_c.h
[5.613s] -- Up-to-date: /root/nav_migration/src/install/navigros2/include/navigros2/navigros2/msg
[5.613s] -- Up-to-date: /root/nav_migration/src/install/navigros2/include/navigros2/navigros2/msg/detail
[5.613s] -- Up-to-date: /root/nav_migration/src/install/navigros2/include/navigros2/navigros2/msg/detail/float_list__rosidl_typesupport_fastrtps_c.h
[5.613s] -- Up-to-date: /root/nav_migration/src/install/navigros2/include/navigros2/navigros2/msg/detail/feature_locations__rosidl_typesupport_fastrtps_c.h
[5.613s] -- Up-to-date: /root/nav_migration/src/install/navigros2/include/navigros2/navigros2/msg/detail/alignment__rosidl_typesupport_fastrtps_c.h
[5.613s] -- Up-to-date: /root/nav_migration/src/install/navigros2/include/navigros2/navigros2/msg/rosidl_typesupport_fastrtps_c__visibility_control.h
[5.613s] -- Up-to-date: /root/nav_migration/src/install/navigros2/include/navigros2/navigros2/srv
[5.613s] -- Up-to-date: /root/nav_migration/src/install/navigros2/include/navigros2/navigros2/srv/detail
[5.613s] -- Up-to-date: /root/nav_migration/src/install/navigros2/include/navigros2/navigros2/srv/detail/set_dist__rosidl_typesupport_fastrtps_c.h
[5.613s] -- Up-to-date: /root/nav_migration/src/install/navigros2/include/navigros2/navigros2/srv/detail/set_clock_gain__rosidl_typesupport_fastrtps_c.h
[5.614s] -- Installing: /root/nav_migration/src/install/navigros2/lib/libnavigros2__rosidl_typesupport_fastrtps_c.so
[5.615s] -- Set runtime path of "/root/nav_migration/src/install/navigros2/lib/libnavigros2__rosidl_typesupport_fastrtps_c.so" to ""
[5.615s] -- Up-to-date: /root/nav_migration/src/install/navigros2/include/navigros2/navigros2
[5.615s] -- Up-to-date: /root/nav_migration/src/install/navigros2/include/navigros2/navigros2/action
[5.616s] -- Up-to-date: /root/nav_migration/src/install/navigros2/include/navigros2/navigros2/action/detail
[5.616s] -- Up-to-date: /root/nav_migration/src/install/navigros2/include/navigros2/navigros2/action/detail/map_maker__type_support.c
[5.616s] -- Up-to-date: /root/nav_migration/src/install/navigros2/include/navigros2/navigros2/action/detail/map_repeater__type_support.c
[5.616s] -- Up-to-date: /root/nav_migration/src/install/navigros2/include/navigros2/navigros2/action/detail/map_repeater__rosidl_typesupport_introspection_c.h
[5.616s] -- Up-to-date: /root/nav_migration/src/install/navigros2/include/navigros2/navigros2/action/detail/map_maker__rosidl_typesupport_introspection_c.h
[5.616s] -- Up-to-date: /root/nav_migration/src/install/navigros2/include/navigros2/navigros2/msg
[5.616s] -- Up-to-date: /root/nav_migration/src/install/navigros2/include/navigros2/navigros2/msg/detail
[5.616s] -- Up-to-date: /root/nav_migration/src/install/navigros2/include/navigros2/navigros2/msg/detail/alignment__type_support.c
[5.616s] -- Up-to-date: /root/nav_migration/src/install/navigros2/include/navigros2/navigros2/msg/detail/float_list__type_support.c
[5.617s] -- Up-to-date: /root/nav_migration/src/install/navigros2/include/navigros2/navigros2/msg/detail/alignment__rosidl_typesupport_introspection_c.h
[5.617s] -- Up-to-date: /root/nav_migration/src/install/navigros2/include/navigros2/navigros2/msg/detail/float_list__rosidl_typesupport_introspection_c.h
[5.617s] -- Up-to-date: /root/nav_migration/src/install/navigros2/include/navigros2/navigros2/msg/detail/feature_locations__rosidl_typesupport_introspection_c.h
[5.617s] -- Up-to-date: /root/nav_migration/src/install/navigros2/include/navigros2/navigros2/msg/detail/feature_locations__type_support.c
[5.617s] -- Up-to-date: /root/nav_migration/src/install/navigros2/include/navigros2/navigros2/msg/rosidl_typesupport_introspection_c__visibility_control.h
[5.617s] -- Up-to-date: /root/nav_migration/src/install/navigros2/include/navigros2/navigros2/srv
[5.618s] -- Up-to-date: /root/nav_migration/src/install/navigros2/include/navigros2/navigros2/srv/detail
[5.618s] -- Up-to-date: /root/nav_migration/src/install/navigros2/include/navigros2/navigros2/srv/detail/set_clock_gain__rosidl_typesupport_introspection_c.h
[5.618s] -- Up-to-date: /root/nav_migration/src/install/navigros2/include/navigros2/navigros2/srv/detail/set_dist__type_support.c
[5.618s] -- Up-to-date: /root/nav_migration/src/install/navigros2/include/navigros2/navigros2/srv/detail/set_clock_gain__type_support.c
[5.618s] -- Up-to-date: /root/nav_migration/src/install/navigros2/include/navigros2/navigros2/srv/detail/set_dist__rosidl_typesupport_introspection_c.h
[5.618s] -- Installing: /root/nav_migration/src/install/navigros2/lib/libnavigros2__rosidl_typesupport_introspection_c.so
[5.619s] -- Set runtime path of "/root/nav_migration/src/install/navigros2/lib/libnavigros2__rosidl_typesupport_introspection_c.so" to ""
[5.621s] -- Installing: /root/nav_migration/src/install/navigros2/lib/libnavigros2__rosidl_typesupport_c.so
[5.621s] -- Set runtime path of "/root/nav_migration/src/install/navigros2/lib/libnavigros2__rosidl_typesupport_c.so" to ""
[5.622s] -- Up-to-date: /root/nav_migration/src/install/navigros2/include/navigros2/navigros2
[5.622s] -- Up-to-date: /root/nav_migration/src/install/navigros2/include/navigros2/navigros2/action
[5.623s] -- Up-to-date: /root/nav_migration/src/install/navigros2/include/navigros2/navigros2/action/detail
[5.623s] -- Up-to-date: /root/nav_migration/src/install/navigros2/include/navigros2/navigros2/action/detail/map_repeater__traits.hpp
[5.623s] -- Up-to-date: /root/nav_migration/src/install/navigros2/include/navigros2/navigros2/action/detail/map_maker__traits.hpp
[5.623s] -- Up-to-date: /root/nav_migration/src/install/navigros2/include/navigros2/navigros2/action/detail/map_maker__builder.hpp
[5.623s] -- Up-to-date: /root/nav_migration/src/install/navigros2/include/navigros2/navigros2/action/detail/map_repeater__builder.hpp
[5.624s] -- Up-to-date: /root/nav_migration/src/install/navigros2/include/navigros2/navigros2/action/detail/map_maker__struct.hpp
[5.624s] -- Up-to-date: /root/nav_migration/src/install/navigros2/include/navigros2/navigros2/action/detail/map_repeater__struct.hpp
[5.624s] -- Up-to-date: /root/nav_migration/src/install/navigros2/include/navigros2/navigros2/action/map_maker.hpp
[5.624s] -- Up-to-date: /root/nav_migration/src/install/navigros2/include/navigros2/navigros2/action/map_repeater.hpp
[5.624s] -- Up-to-date: /root/nav_migration/src/install/navigros2/include/navigros2/navigros2/msg
[5.624s] -- Up-to-date: /root/nav_migration/src/install/navigros2/include/navigros2/navigros2/msg/detail
[5.624s] -- Up-to-date: /root/nav_migration/src/install/navigros2/include/navigros2/navigros2/msg/detail/float_list__builder.hpp
[5.624s] -- Up-to-date: /root/nav_migration/src/install/navigros2/include/navigros2/navigros2/msg/detail/float_list__struct.hpp
[5.624s] -- Up-to-date: /root/nav_migration/src/install/navigros2/include/navigros2/navigros2/msg/detail/feature_locations__builder.hpp
[5.624s] -- Up-to-date: /root/nav_migration/src/install/navigros2/include/navigros2/navigros2/msg/detail/feature_locations__struct.hpp
[5.624s] -- Up-to-date: /root/nav_migration/src/install/navigros2/include/navigros2/navigros2/msg/detail/feature_locations__traits.hpp
[5.625s] -- Up-to-date: /root/nav_migration/src/install/navigros2/include/navigros2/navigros2/msg/detail/alignment__builder.hpp
[5.625s] -- Up-to-date: /root/nav_migration/src/install/navigros2/include/navigros2/navigros2/msg/detail/float_list__traits.hpp
[5.625s] -- Up-to-date: /root/nav_migration/src/install/navigros2/include/navigros2/navigros2/msg/detail/alignment__struct.hpp
[5.625s] -- Up-to-date: /root/nav_migration/src/install/navigros2/include/navigros2/navigros2/msg/detail/alignment__traits.hpp
[5.625s] -- Up-to-date: /root/nav_migration/src/install/navigros2/include/navigros2/navigros2/msg/feature_locations.hpp
[5.625s] -- Up-to-date: /root/nav_migration/src/install/navigros2/include/navigros2/navigros2/msg/float_list.hpp
[5.625s] -- Up-to-date: /root/nav_migration/src/install/navigros2/include/navigros2/navigros2/msg/alignment.hpp
[5.625s] -- Up-to-date: /root/nav_migration/src/install/navigros2/include/navigros2/navigros2/srv
[5.625s] -- Up-to-date: /root/nav_migration/src/install/navigros2/include/navigros2/navigros2/srv/detail
[5.625s] -- Up-to-date: /root/nav_migration/src/install/navigros2/include/navigros2/navigros2/srv/detail/set_dist__builder.hpp
[5.626s] -- Up-to-date: /root/nav_migration/src/install/navigros2/include/navigros2/navigros2/srv/detail/set_clock_gain__struct.hpp
[5.626s] -- Up-to-date: /root/nav_migration/src/install/navigros2/include/navigros2/navigros2/srv/detail/set_dist__struct.hpp
[5.626s] -- Up-to-date: /root/nav_migration/src/install/navigros2/include/navigros2/navigros2/srv/detail/set_clock_gain__traits.hpp
[5.626s] -- Up-to-date: /root/nav_migration/src/install/navigros2/include/navigros2/navigros2/srv/detail/set_clock_gain__builder.hpp
[5.626s] -- Up-to-date: /root/nav_migration/src/install/navigros2/include/navigros2/navigros2/srv/detail/set_dist__traits.hpp
[5.626s] -- Up-to-date: /root/nav_migration/src/install/navigros2/include/navigros2/navigros2/srv/set_dist.hpp
[5.626s] -- Up-to-date: /root/nav_migration/src/install/navigros2/include/navigros2/navigros2/srv/set_clock_gain.hpp
[5.626s] -- Up-to-date: /root/nav_migration/src/install/navigros2/include/navigros2/navigros2
[5.626s] -- Up-to-date: /root/nav_migration/src/install/navigros2/include/navigros2/navigros2/action
[5.626s] -- Up-to-date: /root/nav_migration/src/install/navigros2/include/navigros2/navigros2/action/detail
[5.626s] -- Up-to-date: /root/nav_migration/src/install/navigros2/include/navigros2/navigros2/action/detail/dds_fastrtps
[5.626s] -- Up-to-date: /root/nav_migration/src/install/navigros2/include/navigros2/navigros2/action/detail/map_repeater__rosidl_typesupport_fastrtps_cpp.hpp
[5.626s] -- Up-to-date: /root/nav_migration/src/install/navigros2/include/navigros2/navigros2/action/detail/map_maker__rosidl_typesupport_fastrtps_cpp.hpp
[5.627s] -- Up-to-date: /root/nav_migration/src/install/navigros2/include/navigros2/navigros2/msg
[5.627s] -- Up-to-date: /root/nav_migration/src/install/navigros2/include/navigros2/navigros2/msg/detail
[5.627s] -- Up-to-date: /root/nav_migration/src/install/navigros2/include/navigros2/navigros2/msg/detail/feature_locations__rosidl_typesupport_fastrtps_cpp.hpp
[5.627s] -- Up-to-date: /root/nav_migration/src/install/navigros2/include/navigros2/navigros2/msg/detail/dds_fastrtps
[5.627s] -- Up-to-date: /root/nav_migration/src/install/navigros2/include/navigros2/navigros2/msg/detail/alignment__rosidl_typesupport_fastrtps_cpp.hpp
[5.627s] -- Up-to-date: /root/nav_migration/src/install/navigros2/include/navigros2/navigros2/msg/detail/float_list__rosidl_typesupport_fastrtps_cpp.hpp
[5.627s] -- Up-to-date: /root/nav_migration/src/install/navigros2/include/navigros2/navigros2/msg/rosidl_typesupport_fastrtps_cpp__visibility_control.h
[5.627s] -- Up-to-date: /root/nav_migration/src/install/navigros2/include/navigros2/navigros2/srv
[5.627s] -- Up-to-date: /root/nav_migration/src/install/navigros2/include/navigros2/navigros2/srv/detail
[5.628s] -- Up-to-date: /root/nav_migration/src/install/navigros2/include/navigros2/navigros2/srv/detail/set_clock_gain__rosidl_typesupport_fastrtps_cpp.hpp
[5.628s] -- Up-to-date: /root/nav_migration/src/install/navigros2/include/navigros2/navigros2/srv/detail/dds_fastrtps
[5.628s] -- Up-to-date: /root/nav_migration/src/install/navigros2/include/navigros2/navigros2/srv/detail/set_dist__rosidl_typesupport_fastrtps_cpp.hpp
[5.630s] -- Installing: /root/nav_migration/src/install/navigros2/lib/libnavigros2__rosidl_typesupport_fastrtps_cpp.so
[5.630s] -- Set runtime path of "/root/nav_migration/src/install/navigros2/lib/libnavigros2__rosidl_typesupport_fastrtps_cpp.so" to ""
[5.630s] -- Up-to-date: /root/nav_migration/src/install/navigros2/include/navigros2/navigros2
[5.630s] -- Up-to-date: /root/nav_migration/src/install/navigros2/include/navigros2/navigros2/action
[5.631s] -- Up-to-date: /root/nav_migration/src/install/navigros2/include/navigros2/navigros2/action/detail
[5.631s] -- Up-to-date: /root/nav_migration/src/install/navigros2/include/navigros2/navigros2/action/detail/map_repeater__rosidl_typesupport_introspection_cpp.hpp
[5.631s] -- Up-to-date: /root/nav_migration/src/install/navigros2/include/navigros2/navigros2/action/detail/map_maker__type_support.cpp
[5.632s] -- Up-to-date: /root/nav_migration/src/install/navigros2/include/navigros2/navigros2/action/detail/map_maker__rosidl_typesupport_introspection_cpp.hpp
[5.632s] -- Up-to-date: /root/nav_migration/src/install/navigros2/include/navigros2/navigros2/action/detail/map_repeater__type_support.cpp
[5.632s] -- Up-to-date: /root/nav_migration/src/install/navigros2/include/navigros2/navigros2/msg
[5.632s] -- Up-to-date: /root/nav_migration/src/install/navigros2/include/navigros2/navigros2/msg/detail
[5.632s] -- Up-to-date: /root/nav_migration/src/install/navigros2/include/navigros2/navigros2/msg/detail/feature_locations__type_support.cpp
[5.632s] -- Up-to-date: /root/nav_migration/src/install/navigros2/include/navigros2/navigros2/msg/detail/alignment__type_support.cpp
[5.632s] -- Up-to-date: /root/nav_migration/src/install/navigros2/include/navigros2/navigros2/msg/detail/feature_locations__rosidl_typesupport_introspection_cpp.hpp
[5.632s] -- Up-to-date: /root/nav_migration/src/install/navigros2/include/navigros2/navigros2/msg/detail/float_list__rosidl_typesupport_introspection_cpp.hpp
[5.632s] -- Up-to-date: /root/nav_migration/src/install/navigros2/include/navigros2/navigros2/msg/detail/float_list__type_support.cpp
[5.632s] -- Up-to-date: /root/nav_migration/src/install/navigros2/include/navigros2/navigros2/msg/detail/alignment__rosidl_typesupport_introspection_cpp.hpp
[5.633s] -- Up-to-date: /root/nav_migration/src/install/navigros2/include/navigros2/navigros2/srv
[5.633s] -- Up-to-date: /root/nav_migration/src/install/navigros2/include/navigros2/navigros2/srv/detail
[5.633s] -- Up-to-date: /root/nav_migration/src/install/navigros2/include/navigros2/navigros2/srv/detail/set_dist__rosidl_typesupport_introspection_cpp.hpp
[5.633s] -- Up-to-date: /root/nav_migration/src/install/navigros2/include/navigros2/navigros2/srv/detail/set_dist__type_support.cpp
[5.633s] -- Up-to-date: /root/nav_migration/src/install/navigros2/include/navigros2/navigros2/srv/detail/set_clock_gain__rosidl_typesupport_introspection_cpp.hpp
[5.633s] -- Up-to-date: /root/nav_migration/src/install/navigros2/include/navigros2/navigros2/srv/detail/set_clock_gain__type_support.cpp
[5.635s] -- Installing: /root/nav_migration/src/install/navigros2/lib/libnavigros2__rosidl_typesupport_introspection_cpp.so
[5.636s] -- Set runtime path of "/root/nav_migration/src/install/navigros2/lib/libnavigros2__rosidl_typesupport_introspection_cpp.so" to ""
[5.639s] -- Installing: /root/nav_migration/src/install/navigros2/lib/libnavigros2__rosidl_typesupport_cpp.so
[5.639s] -- Set runtime path of "/root/nav_migration/src/install/navigros2/lib/libnavigros2__rosidl_typesupport_cpp.so" to ""
[5.639s] -- Up-to-date: /root/nav_migration/src/install/navigros2/share/navigros2/environment/pythonpath.sh
[5.639s] -- Installing: /root/nav_migration/src/install/navigros2/share/navigros2/environment/pythonpath.dsv
[5.639s] -- Up-to-date: /root/nav_migration/src/install/navigros2/local/lib/python3.10/dist-packages/navigros2-0.0.0-py3.10.egg-info
[5.639s] -- Installing: /root/nav_migration/src/install/navigros2/local/lib/python3.10/dist-packages/navigros2-0.0.0-py3.10.egg-info/dependency_links.txt
[5.639s] -- Installing: /root/nav_migration/src/install/navigros2/local/lib/python3.10/dist-packages/navigros2-0.0.0-py3.10.egg-info/PKG-INFO
[5.639s] -- Installing: /root/nav_migration/src/install/navigros2/local/lib/python3.10/dist-packages/navigros2-0.0.0-py3.10.egg-info/SOURCES.txt
[5.639s] -- Installing: /root/nav_migration/src/install/navigros2/local/lib/python3.10/dist-packages/navigros2-0.0.0-py3.10.egg-info/top_level.txt
[5.639s] -- Up-to-date: /root/nav_migration/src/install/navigros2/local/lib/python3.10/dist-packages/navigros2
[5.640s] -- Installing: /root/nav_migration/src/install/navigros2/local/lib/python3.10/dist-packages/navigros2/navigros2_s__rosidl_typesupport_c.cpython-310-x86_64-linux-gnu.so
[5.640s] -- Up-to-date: /root/nav_migration/src/install/navigros2/local/lib/python3.10/dist-packages/navigros2/action
[5.640s] -- Up-to-date: /root/nav_migration/src/install/navigros2/local/lib/python3.10/dist-packages/navigros2/action/_map_repeater_s.c
[5.641s] -- Up-to-date: /root/nav_migration/src/install/navigros2/local/lib/python3.10/dist-packages/navigros2/action/_map_maker.py
[5.641s] -- Up-to-date: /root/nav_migration/src/install/navigros2/local/lib/python3.10/dist-packages/navigros2/action/_map_repeater.py
[5.641s] -- Up-to-date: /root/nav_migration/src/install/navigros2/local/lib/python3.10/dist-packages/navigros2/action/_map_maker_s.c
[5.641s] -- Up-to-date: /root/nav_migration/src/install/navigros2/local/lib/python3.10/dist-packages/navigros2/action/__init__.py
[5.641s] -- Installing: /root/nav_migration/src/install/navigros2/local/lib/python3.10/dist-packages/navigros2/navigros2_s__rosidl_typesupport_introspection_c.cpython-310-x86_64-linux-gnu.so
[5.641s] -- Up-to-date: /root/nav_migration/src/install/navigros2/local/lib/python3.10/dist-packages/navigros2/msg
[5.642s] -- Up-to-date: /root/nav_migration/src/install/navigros2/local/lib/python3.10/dist-packages/navigros2/msg/_float_list.py
[5.642s] -- Up-to-date: /root/nav_migration/src/install/navigros2/local/lib/python3.10/dist-packages/navigros2/msg/_alignment_s.c
[5.642s] -- Up-to-date: /root/nav_migration/src/install/navigros2/local/lib/python3.10/dist-packages/navigros2/msg/_feature_locations.py
[5.642s] -- Up-to-date: /root/nav_migration/src/install/navigros2/local/lib/python3.10/dist-packages/navigros2/msg/_alignment.py
[5.642s] -- Up-to-date: /root/nav_migration/src/install/navigros2/local/lib/python3.10/dist-packages/navigros2/msg/_float_list_s.c
[5.642s] -- Up-to-date: /root/nav_migration/src/install/navigros2/local/lib/python3.10/dist-packages/navigros2/msg/__init__.py
[5.642s] -- Up-to-date: /root/nav_migration/src/install/navigros2/local/lib/python3.10/dist-packages/navigros2/msg/_feature_locations_s.c
[5.642s] -- Up-to-date: /root/nav_migration/src/install/navigros2/local/lib/python3.10/dist-packages/navigros2/srv
[5.642s] -- Up-to-date: /root/nav_migration/src/install/navigros2/local/lib/python3.10/dist-packages/navigros2/srv/_set_clock_gain.py
[5.642s] -- Up-to-date: /root/nav_migration/src/install/navigros2/local/lib/python3.10/dist-packages/navigros2/srv/_set_dist.py
[5.642s] -- Up-to-date: /root/nav_migration/src/install/navigros2/local/lib/python3.10/dist-packages/navigros2/srv/_set_clock_gain_s.c
[5.642s] -- Up-to-date: /root/nav_migration/src/install/navigros2/local/lib/python3.10/dist-packages/navigros2/srv/_set_dist_s.c
[5.642s] -- Up-to-date: /root/nav_migration/src/install/navigros2/local/lib/python3.10/dist-packages/navigros2/srv/__init__.py
[5.643s] -- Up-to-date: /root/nav_migration/src/install/navigros2/local/lib/python3.10/dist-packages/navigros2/_navigros2_s.ep.rosidl_typesupport_c.c
[5.643s] -- Installing: /root/nav_migration/src/install/navigros2/local/lib/python3.10/dist-packages/navigros2/navigros2_s__rosidl_typesupport_fastrtps_c.cpython-310-x86_64-linux-gnu.so
[5.643s] -- Up-to-date: /root/nav_migration/src/install/navigros2/local/lib/python3.10/dist-packages/navigros2/_navigros2_s.ep.rosidl_typesupport_introspection_c.c
[5.643s] -- Up-to-date: /root/nav_migration/src/install/navigros2/local/lib/python3.10/dist-packages/navigros2/_navigros2_s.ep.rosidl_typesupport_fastrtps_c.c
[5.643s] -- Installing: /root/nav_migration/src/install/navigros2/local/lib/python3.10/dist-packages/navigros2/__init__.py
[5.643s] -- Installing: /root/nav_migration/src/install/navigros2/local/lib/python3.10/dist-packages/navigros2/libnavigros2__rosidl_generator_py.so
[5.682s] Listing '/root/nav_migration/src/install/navigros2/local/lib/python3.10/dist-packages/navigros2'...
[5.682s] Compiling '/root/nav_migration/src/install/navigros2/local/lib/python3.10/dist-packages/navigros2/__init__.py'...
[5.682s] Listing '/root/nav_migration/src/install/navigros2/local/lib/python3.10/dist-packages/navigros2/action'...
[5.682s] Listing '/root/nav_migration/src/install/navigros2/local/lib/python3.10/dist-packages/navigros2/msg'...
[5.682s] Listing '/root/nav_migration/src/install/navigros2/local/lib/python3.10/dist-packages/navigros2/srv'...
[5.686s] -- Installing: /root/nav_migration/src/install/navigros2/local/lib/python3.10/dist-packages/navigros2/navigros2_s__rosidl_typesupport_fastrtps_c.cpython-310-x86_64-linux-gnu.so
[5.687s] -- Set runtime path of "/root/nav_migration/src/install/navigros2/local/lib/python3.10/dist-packages/navigros2/navigros2_s__rosidl_typesupport_fastrtps_c.cpython-310-x86_64-linux-gnu.so" to ""
[5.687s] -- Installing: /root/nav_migration/src/install/navigros2/local/lib/python3.10/dist-packages/navigros2/navigros2_s__rosidl_typesupport_introspection_c.cpython-310-x86_64-linux-gnu.so
[5.687s] -- Set runtime path of "/root/nav_migration/src/install/navigros2/local/lib/python3.10/dist-packages/navigros2/navigros2_s__rosidl_typesupport_introspection_c.cpython-310-x86_64-linux-gnu.so" to ""
[5.688s] -- Installing: /root/nav_migration/src/install/navigros2/local/lib/python3.10/dist-packages/navigros2/navigros2_s__rosidl_typesupport_c.cpython-310-x86_64-linux-gnu.so
[5.688s] -- Set runtime path of "/root/nav_migration/src/install/navigros2/local/lib/python3.10/dist-packages/navigros2/navigros2_s__rosidl_typesupport_c.cpython-310-x86_64-linux-gnu.so" to ""
[5.689s] -- Installing: /root/nav_migration/src/install/navigros2/lib/libnavigros2__rosidl_generator_py.so
[5.690s] -- Set runtime path of "/root/nav_migration/src/install/navigros2/lib/libnavigros2__rosidl_generator_py.so" to ""
[5.690s] -- Up-to-date: /root/nav_migration/src/install/navigros2/share/navigros2/msg/Alignment.idl
[5.690s] -- Up-to-date: /root/nav_migration/src/install/navigros2/share/navigros2/msg/FeatureLocations.idl
[5.690s] -- Up-to-date: /root/nav_migration/src/install/navigros2/share/navigros2/msg/FloatList.idl
[5.691s] -- Up-to-date: /root/nav_migration/src/install/navigros2/share/navigros2/srv/SetDist.idl
[5.691s] -- Up-to-date: /root/nav_migration/src/install/navigros2/share/navigros2/srv/SetClockGain.idl
[5.691s] -- Up-to-date: /root/nav_migration/src/install/navigros2/share/navigros2/action/MapMaker.idl
[5.691s] -- Up-to-date: /root/nav_migration/src/install/navigros2/share/navigros2/action/MapRepeater.idl
[5.692s] -- Up-to-date: /root/nav_migration/src/install/navigros2/share/navigros2/msg/Alignment.msg
[5.692s] -- Up-to-date: /root/nav_migration/src/install/navigros2/share/navigros2/msg/FeatureLocations.msg
[5.692s] -- Up-to-date: /root/nav_migration/src/install/navigros2/share/navigros2/msg/FloatList.msg
[5.692s] -- Up-to-date: /root/nav_migration/src/install/navigros2/share/navigros2/srv/SetDist.srv
[5.692s] -- Up-to-date: /root/nav_migration/src/install/navigros2/share/navigros2/srv/SetDist_Request.msg
[5.692s] -- Up-to-date: /root/nav_migration/src/install/navigros2/share/navigros2/srv/SetDist_Response.msg
[5.692s] -- Up-to-date: /root/nav_migration/src/install/navigros2/share/navigros2/srv/SetClockGain.srv
[5.692s] -- Up-to-date: /root/nav_migration/src/install/navigros2/share/navigros2/srv/SetClockGain_Request.msg
[5.692s] -- Up-to-date: /root/nav_migration/src/install/navigros2/share/navigros2/srv/SetClockGain_Response.msg
[5.692s] -- Up-to-date: /root/nav_migration/src/install/navigros2/share/navigros2/action/MapMaker.action
[5.692s] -- Up-to-date: /root/nav_migration/src/install/navigros2/share/navigros2/action/MapRepeater.action
[5.692s] -- Up-to-date: /root/nav_migration/src/install/navigros2/share/ament_index/resource_index/package_run_dependencies/navigros2
[5.692s] -- Up-to-date: /root/nav_migration/src/install/navigros2/share/ament_index/resource_index/parent_prefix_path/navigros2
[5.693s] -- Up-to-date: /root/nav_migration/src/install/navigros2/share/navigros2/environment/ament_prefix_path.sh
[5.693s] -- Installing: /root/nav_migration/src/install/navigros2/share/navigros2/environment/ament_prefix_path.dsv
[5.693s] -- Up-to-date: /root/nav_migration/src/install/navigros2/share/navigros2/environment/path.sh
[5.693s] -- Installing: /root/nav_migration/src/install/navigros2/share/navigros2/environment/path.dsv
[5.693s] -- Up-to-date: /root/nav_migration/src/install/navigros2/share/navigros2/local_setup.bash
[5.693s] -- Up-to-date: /root/nav_migration/src/install/navigros2/share/navigros2/local_setup.sh
[5.694s] -- Up-to-date: /root/nav_migration/src/install/navigros2/share/navigros2/local_setup.zsh
[5.694s] -- Installing: /root/nav_migration/src/install/navigros2/share/navigros2/local_setup.dsv
[5.694s] -- Installing: /root/nav_migration/src/install/navigros2/share/navigros2/package.dsv
[5.694s] -- Up-to-date: /root/nav_migration/src/install/navigros2/share/ament_index/resource_index/packages/navigros2
[5.694s] -- Up-to-date: /root/nav_migration/src/install/navigros2/share/navigros2/cmake/export_navigros2__rosidl_generator_cExport.cmake
[5.694s] -- Up-to-date: /root/nav_migration/src/install/navigros2/share/navigros2/cmake/export_navigros2__rosidl_generator_cExport-noconfig.cmake
[5.694s] -- Up-to-date: /root/nav_migration/src/install/navigros2/share/navigros2/cmake/export_navigros2__rosidl_typesupport_fastrtps_cExport.cmake
[5.694s] -- Up-to-date: /root/nav_migration/src/install/navigros2/share/navigros2/cmake/export_navigros2__rosidl_typesupport_fastrtps_cExport-noconfig.cmake
[5.695s] -- Up-to-date: /root/nav_migration/src/install/navigros2/share/navigros2/cmake/navigros2__rosidl_typesupport_introspection_cExport.cmake
[5.695s] -- Up-to-date: /root/nav_migration/src/install/navigros2/share/navigros2/cmake/navigros2__rosidl_typesupport_introspection_cExport-noconfig.cmake
[5.695s] -- Up-to-date: /root/nav_migration/src/install/navigros2/share/navigros2/cmake/navigros2__rosidl_typesupport_cExport.cmake
[5.695s] -- Up-to-date: /root/nav_migration/src/install/navigros2/share/navigros2/cmake/navigros2__rosidl_typesupport_cExport-noconfig.cmake
[5.696s] -- Up-to-date: /root/nav_migration/src/install/navigros2/share/navigros2/cmake/export_navigros2__rosidl_generator_cppExport.cmake
[5.696s] -- Up-to-date: /root/nav_migration/src/install/navigros2/share/navigros2/cmake/export_navigros2__rosidl_typesupport_fastrtps_cppExport.cmake
[5.696s] -- Up-to-date: /root/nav_migration/src/install/navigros2/share/navigros2/cmake/export_navigros2__rosidl_typesupport_fastrtps_cppExport-noconfig.cmake
[5.697s] -- Up-to-date: /root/nav_migration/src/install/navigros2/share/navigros2/cmake/navigros2__rosidl_typesupport_introspection_cppExport.cmake
[5.697s] -- Up-to-date: /root/nav_migration/src/install/navigros2/share/navigros2/cmake/navigros2__rosidl_typesupport_introspection_cppExport-noconfig.cmake
[5.697s] -- Up-to-date: /root/nav_migration/src/install/navigros2/share/navigros2/cmake/navigros2__rosidl_typesupport_cppExport.cmake
[5.698s] -- Up-to-date: /root/nav_migration/src/install/navigros2/share/navigros2/cmake/navigros2__rosidl_typesupport_cppExport-noconfig.cmake
[5.698s] -- Up-to-date: /root/nav_migration/src/install/navigros2/share/navigros2/cmake/export_navigros2__rosidl_generator_pyExport.cmake
[5.698s] -- Up-to-date: /root/nav_migration/src/install/navigros2/share/navigros2/cmake/export_navigros2__rosidl_generator_pyExport-noconfig.cmake
[5.699s] -- Up-to-date: /root/nav_migration/src/install/navigros2/share/navigros2/cmake/rosidl_cmake-extras.cmake
[5.699s] -- Up-to-date: /root/nav_migration/src/install/navigros2/share/navigros2/cmake/ament_cmake_export_dependencies-extras.cmake
[5.699s] -- Up-to-date: /root/nav_migration/src/install/navigros2/share/navigros2/cmake/ament_cmake_export_include_directories-extras.cmake
[5.699s] -- Up-to-date: /root/nav_migration/src/install/navigros2/share/navigros2/cmake/ament_cmake_export_libraries-extras.cmake
[5.699s] -- Up-to-date: /root/nav_migration/src/install/navigros2/share/navigros2/cmake/ament_cmake_export_targets-extras.cmake
[5.699s] -- Up-to-date: /root/nav_migration/src/install/navigros2/share/navigros2/cmake/rosidl_cmake_export_typesupport_targets-extras.cmake
[5.700s] -- Up-to-date: /root/nav_migration/src/install/navigros2/share/navigros2/cmake/rosidl_cmake_export_typesupport_libraries-extras.cmake
[5.700s] -- Up-to-date: /root/nav_migration/src/install/navigros2/share/navigros2/cmake/navigros2Config.cmake
[5.700s] -- Up-to-date: /root/nav_migration/src/install/navigros2/share/navigros2/cmake/navigros2Config-version.cmake
[5.700s] -- Up-to-date: /root/nav_migration/src/install/navigros2/share/navigros2/package.xml
[5.702s] Invoked command in '/root/nav_migration/src/build/navigros2' returned '0': CMAKE_PREFIX_PATH=${CMAKE_PREFIX_PATH}:/opt/ros/humble /usr/bin/cmake --install /root/nav_migration/src/build/navigros2
