[0.058s] Invoking command in '/root/nav_migration/src/build/husky_simulator': AMENT_PREFIX_PATH=/root/nav_migration/src/install/husky_gazebo:/root/nav_migration/src/install/husky_control:/root/nav_migration/src/install/husky_description:${AMENT_PREFIX_PATH} CMAKE_PREFIX_PATH=/root/nav_migration/src/install/husky_gazebo:/root/nav_migration/src/install/husky_control:/root/nav_migration/src/install/husky_description:/root/clearpath_ws/install/clearpath_common:/root/clearpath_ws/install/clearpath_generator_common:/root/clearpath_ws/install/clearpath_description:/root/clearpath_ws/install/clearpath_sensors_description:/root/clearpath_ws/install/clearpath_platform:/root/clearpath_ws/install/clearpath_msgs:/root/clearpath_ws/install/clearpath_platform_msgs:/root/clearpath_ws/install/clearpath_platform_description:/root/clearpath_ws/install/clearpath_mounts_description:/root/clearpath_ws/install/clearpath_manipulators:/root/clearpath_ws/install/clearpath_manipulators_description:/root/clearpath_ws/install/clearpath_customization:/root/clearpath_ws/install/clearpath_control:/root/clearpath_ws/install/clearpath_config:/opt/ros/humble /usr/bin/cmake /root/nav_migration/src/husky-humble/husky_simulator -DCMAKE_INSTALL_PREFIX=/root/nav_migration/src/install/husky_simulator
[0.117s] -- The C compiler identification is GNU 11.4.0
[0.345s] -- The CXX compiler identification is GNU 11.4.0
[0.474s] -- Detecting C compiler ABI info
[0.542s] -- Detecting C compiler ABI info - done
[0.546s] -- Check for working C compiler: /usr/bin/cc - skipped
[0.546s] -- Detecting C compile features
[0.546s] -- Detecting C compile features - done
[0.548s] -- Detecting CXX compiler ABI info
[0.618s] -- Detecting CXX compiler ABI info - done
[0.623s] -- Check for working CXX compiler: /usr/bin/c++ - skipped
[0.623s] -- Detecting CXX compile features
[0.623s] -- Detecting CXX compile features - done
[0.625s] -- Found ament_cmake: 1.3.10 (/opt/ros/humble/share/ament_cmake/cmake)
[0.717s] -- Found Python3: /usr/bin/python3 (found version "3.10.12") found components: Interpreter 
[0.816s] -- Configuring done
[0.819s] -- Generating done
[0.819s] -- Build files have been written to: /root/nav_migration/src/build/husky_simulator
[0.823s] Invoked command in '/root/nav_migration/src/build/husky_simulator' returned '0': AMENT_PREFIX_PATH=/root/nav_migration/src/install/husky_gazebo:/root/nav_migration/src/install/husky_control:/root/nav_migration/src/install/husky_description:${AMENT_PREFIX_PATH} CMAKE_PREFIX_PATH=/root/nav_migration/src/install/husky_gazebo:/root/nav_migration/src/install/husky_control:/root/nav_migration/src/install/husky_description:/root/clearpath_ws/install/clearpath_common:/root/clearpath_ws/install/clearpath_generator_common:/root/clearpath_ws/install/clearpath_description:/root/clearpath_ws/install/clearpath_sensors_description:/root/clearpath_ws/install/clearpath_platform:/root/clearpath_ws/install/clearpath_msgs:/root/clearpath_ws/install/clearpath_platform_msgs:/root/clearpath_ws/install/clearpath_platform_description:/root/clearpath_ws/install/clearpath_mounts_description:/root/clearpath_ws/install/clearpath_manipulators:/root/clearpath_ws/install/clearpath_manipulators_description:/root/clearpath_ws/install/clearpath_customization:/root/clearpath_ws/install/clearpath_control:/root/clearpath_ws/install/clearpath_config:/opt/ros/humble /usr/bin/cmake /root/nav_migration/src/husky-humble/husky_simulator -DCMAKE_INSTALL_PREFIX=/root/nav_migration/src/install/husky_simulator
[0.824s] Invoking command in '/root/nav_migration/src/build/husky_simulator': AMENT_PREFIX_PATH=/root/nav_migration/src/install/husky_gazebo:/root/nav_migration/src/install/husky_control:/root/nav_migration/src/install/husky_description:${AMENT_PREFIX_PATH} CMAKE_PREFIX_PATH=/root/nav_migration/src/install/husky_gazebo:/root/nav_migration/src/install/husky_control:/root/nav_migration/src/install/husky_description:/root/clearpath_ws/install/clearpath_common:/root/clearpath_ws/install/clearpath_generator_common:/root/clearpath_ws/install/clearpath_description:/root/clearpath_ws/install/clearpath_sensors_description:/root/clearpath_ws/install/clearpath_platform:/root/clearpath_ws/install/clearpath_msgs:/root/clearpath_ws/install/clearpath_platform_msgs:/root/clearpath_ws/install/clearpath_platform_description:/root/clearpath_ws/install/clearpath_mounts_description:/root/clearpath_ws/install/clearpath_manipulators:/root/clearpath_ws/install/clearpath_manipulators_description:/root/clearpath_ws/install/clearpath_customization:/root/clearpath_ws/install/clearpath_control:/root/clearpath_ws/install/clearpath_config:/opt/ros/humble /usr/bin/cmake --build /root/nav_migration/src/build/husky_simulator -- -j22 -l22
[0.847s] Invoked command in '/root/nav_migration/src/build/husky_simulator' returned '0': AMENT_PREFIX_PATH=/root/nav_migration/src/install/husky_gazebo:/root/nav_migration/src/install/husky_control:/root/nav_migration/src/install/husky_description:${AMENT_PREFIX_PATH} CMAKE_PREFIX_PATH=/root/nav_migration/src/install/husky_gazebo:/root/nav_migration/src/install/husky_control:/root/nav_migration/src/install/husky_description:/root/clearpath_ws/install/clearpath_common:/root/clearpath_ws/install/clearpath_generator_common:/root/clearpath_ws/install/clearpath_description:/root/clearpath_ws/install/clearpath_sensors_description:/root/clearpath_ws/install/clearpath_platform:/root/clearpath_ws/install/clearpath_msgs:/root/clearpath_ws/install/clearpath_platform_msgs:/root/clearpath_ws/install/clearpath_platform_description:/root/clearpath_ws/install/clearpath_mounts_description:/root/clearpath_ws/install/clearpath_manipulators:/root/clearpath_ws/install/clearpath_manipulators_description:/root/clearpath_ws/install/clearpath_customization:/root/clearpath_ws/install/clearpath_control:/root/clearpath_ws/install/clearpath_config:/opt/ros/humble /usr/bin/cmake --build /root/nav_migration/src/build/husky_simulator -- -j22 -l22
[0.859s] Invoking command in '/root/nav_migration/src/build/husky_simulator': AMENT_PREFIX_PATH=/root/nav_migration/src/install/husky_gazebo:/root/nav_migration/src/install/husky_control:/root/nav_migration/src/install/husky_description:${AMENT_PREFIX_PATH} CMAKE_PREFIX_PATH=/root/nav_migration/src/install/husky_gazebo:/root/nav_migration/src/install/husky_control:/root/nav_migration/src/install/husky_description:/root/clearpath_ws/install/clearpath_common:/root/clearpath_ws/install/clearpath_generator_common:/root/clearpath_ws/install/clearpath_description:/root/clearpath_ws/install/clearpath_sensors_description:/root/clearpath_ws/install/clearpath_platform:/root/clearpath_ws/install/clearpath_msgs:/root/clearpath_ws/install/clearpath_platform_msgs:/root/clearpath_ws/install/clearpath_platform_description:/root/clearpath_ws/install/clearpath_mounts_description:/root/clearpath_ws/install/clearpath_manipulators:/root/clearpath_ws/install/clearpath_manipulators_description:/root/clearpath_ws/install/clearpath_customization:/root/clearpath_ws/install/clearpath_control:/root/clearpath_ws/install/clearpath_config:/opt/ros/humble /usr/bin/cmake --install /root/nav_migration/src/build/husky_simulator
[0.863s] -- Install configuration: ""
[0.863s] -- Installing: /root/nav_migration/src/install/husky_simulator/share/ament_index/resource_index/package_run_dependencies/husky_simulator
[0.864s] -- Installing: /root/nav_migration/src/install/husky_simulator/share/ament_index/resource_index/parent_prefix_path/husky_simulator
[0.864s] -- Installing: /root/nav_migration/src/install/husky_simulator/share/husky_simulator/environment/ament_prefix_path.sh
[0.864s] -- Installing: /root/nav_migration/src/install/husky_simulator/share/husky_simulator/environment/ament_prefix_path.dsv
[0.864s] -- Installing: /root/nav_migration/src/install/husky_simulator/share/husky_simulator/environment/path.sh
[0.864s] -- Installing: /root/nav_migration/src/install/husky_simulator/share/husky_simulator/environment/path.dsv
[0.864s] -- Installing: /root/nav_migration/src/install/husky_simulator/share/husky_simulator/local_setup.bash
[0.864s] -- Installing: /root/nav_migration/src/install/husky_simulator/share/husky_simulator/local_setup.sh
[0.864s] -- Installing: /root/nav_migration/src/install/husky_simulator/share/husky_simulator/local_setup.zsh
[0.865s] -- Installing: /root/nav_migration/src/install/husky_simulator/share/husky_simulator/local_setup.dsv
[0.866s] -- Installing: /root/nav_migration/src/install/husky_simulator/share/husky_simulator/package.dsv
[0.866s] -- Installing: /root/nav_migration/src/install/husky_simulator/share/ament_index/resource_index/packages/husky_simulator
[0.866s] -- Installing: /root/nav_migration/src/install/husky_simulator/share/husky_simulator/cmake/husky_simulatorConfig.cmake
[0.866s] -- Installing: /root/nav_migration/src/install/husky_simulator/share/husky_simulator/cmake/husky_simulatorConfig-version.cmake
[0.866s] -- Installing: /root/nav_migration/src/install/husky_simulator/share/husky_simulator/package.xml
[0.867s] Invoked command in '/root/nav_migration/src/build/husky_simulator' returned '0': AMENT_PREFIX_PATH=/root/nav_migration/src/install/husky_gazebo:/root/nav_migration/src/install/husky_control:/root/nav_migration/src/install/husky_description:${AMENT_PREFIX_PATH} CMAKE_PREFIX_PATH=/root/nav_migration/src/install/husky_gazebo:/root/nav_migration/src/install/husky_control:/root/nav_migration/src/install/husky_description:/root/clearpath_ws/install/clearpath_common:/root/clearpath_ws/install/clearpath_generator_common:/root/clearpath_ws/install/clearpath_description:/root/clearpath_ws/install/clearpath_sensors_description:/root/clearpath_ws/install/clearpath_platform:/root/clearpath_ws/install/clearpath_msgs:/root/clearpath_ws/install/clearpath_platform_msgs:/root/clearpath_ws/install/clearpath_platform_description:/root/clearpath_ws/install/clearpath_mounts_description:/root/clearpath_ws/install/clearpath_manipulators:/root/clearpath_ws/install/clearpath_manipulators_description:/root/clearpath_ws/install/clearpath_customization:/root/clearpath_ws/install/clearpath_control:/root/clearpath_ws/install/clearpath_config:/opt/ros/humble /usr/bin/cmake --install /root/nav_migration/src/build/husky_simulator
