[0.035s] Invoking command in '/root/nav_migration/src/build/husky_viz': CMAKE_PREFIX_PATH=/root/nav_migration/src/install/husky_description:/root/nav_migration/src/install/navigros2:/root/nav_migration/src/install/husky_desktop:/root/nav_migration/src/install/husky_viz:/root/nav_migration/src/install/husky_simulator:/root/nav_migration/src/install/husky_robot:/root/nav_migration/src/install/husky_bringup:/root/nav_migration/src/install/husky_base:/root/nav_migration/src/install/husky_msgs:/root/nav_migration/src/install/husky_gazebo:/root/nav_migration/src/install/husky_control:/root/clearpath_ws/install/clearpath_common:/root/clearpath_ws/install/clearpath_generator_common:/root/clearpath_ws/install/clearpath_description:/root/clearpath_ws/install/clearpath_sensors_description:/root/clearpath_ws/install/clearpath_platform:/root/clearpath_ws/install/clearpath_msgs:/root/clearpath_ws/install/clearpath_platform_msgs:/root/clearpath_ws/install/clearpath_platform_description:/root/clearpath_ws/install/clearpath_mounts_description:/root/clearpath_ws/install/clearpath_manipulators:/root/clearpath_ws/install/clearpath_manipulators_description:/root/clearpath_ws/install/clearpath_customization:/root/clearpath_ws/install/clearpath_control:/root/clearpath_ws/install/clearpath_config:/opt/ros/humble /usr/bin/cmake --build /root/nav_migration/src/build/husky_viz -- -j22 -l22
[0.058s] Invoked command in '/root/nav_migration/src/build/husky_viz' returned '0': CMAKE_PREFIX_PATH=/root/nav_migration/src/install/husky_description:/root/nav_migration/src/install/navigros2:/root/nav_migration/src/install/husky_desktop:/root/nav_migration/src/install/husky_viz:/root/nav_migration/src/install/husky_simulator:/root/nav_migration/src/install/husky_robot:/root/nav_migration/src/install/husky_bringup:/root/nav_migration/src/install/husky_base:/root/nav_migration/src/install/husky_msgs:/root/nav_migration/src/install/husky_gazebo:/root/nav_migration/src/install/husky_control:/root/clearpath_ws/install/clearpath_common:/root/clearpath_ws/install/clearpath_generator_common:/root/clearpath_ws/install/clearpath_description:/root/clearpath_ws/install/clearpath_sensors_description:/root/clearpath_ws/install/clearpath_platform:/root/clearpath_ws/install/clearpath_msgs:/root/clearpath_ws/install/clearpath_platform_msgs:/root/clearpath_ws/install/clearpath_platform_description:/root/clearpath_ws/install/clearpath_mounts_description:/root/clearpath_ws/install/clearpath_manipulators:/root/clearpath_ws/install/clearpath_manipulators_description:/root/clearpath_ws/install/clearpath_customization:/root/clearpath_ws/install/clearpath_control:/root/clearpath_ws/install/clearpath_config:/opt/ros/humble /usr/bin/cmake --build /root/nav_migration/src/build/husky_viz -- -j22 -l22
[0.075s] Invoking command in '/root/nav_migration/src/build/husky_viz': CMAKE_PREFIX_PATH=/root/nav_migration/src/install/husky_description:/root/nav_migration/src/install/navigros2:/root/nav_migration/src/install/husky_desktop:/root/nav_migration/src/install/husky_viz:/root/nav_migration/src/install/husky_simulator:/root/nav_migration/src/install/husky_robot:/root/nav_migration/src/install/husky_bringup:/root/nav_migration/src/install/husky_base:/root/nav_migration/src/install/husky_msgs:/root/nav_migration/src/install/husky_gazebo:/root/nav_migration/src/install/husky_control:/root/clearpath_ws/install/clearpath_common:/root/clearpath_ws/install/clearpath_generator_common:/root/clearpath_ws/install/clearpath_description:/root/clearpath_ws/install/clearpath_sensors_description:/root/clearpath_ws/install/clearpath_platform:/root/clearpath_ws/install/clearpath_msgs:/root/clearpath_ws/install/clearpath_platform_msgs:/root/clearpath_ws/install/clearpath_platform_description:/root/clearpath_ws/install/clearpath_mounts_description:/root/clearpath_ws/install/clearpath_manipulators:/root/clearpath_ws/install/clearpath_manipulators_description:/root/clearpath_ws/install/clearpath_customization:/root/clearpath_ws/install/clearpath_control:/root/clearpath_ws/install/clearpath_config:/opt/ros/humble /usr/bin/cmake --install /root/nav_migration/src/build/husky_viz
[0.081s] -- Install configuration: ""
[0.081s] -- Up-to-date: /root/nav_migration/src/install/husky_viz/share/husky_viz/launch
[0.081s] -- Up-to-date: /root/nav_migration/src/install/husky_viz/share/husky_viz/launch/view_model_launch.py
[0.081s] -- Up-to-date: /root/nav_migration/src/install/husky_viz/share/husky_viz/launch/view_robot_launch.py
[0.081s] -- Up-to-date: /root/nav_migration/src/install/husky_viz/share/husky_viz/launch/view_robot.launch
[0.081s] -- Up-to-date: /root/nav_migration/src/install/husky_viz/share/husky_viz/launch/view_model.launch
[0.081s] -- Up-to-date: /root/nav_migration/src/install/husky_viz/share/husky_viz/rviz
[0.081s] -- Up-to-date: /root/nav_migration/src/install/husky_viz/share/husky_viz/rviz/test.rviz
[0.081s] -- Up-to-date: /root/nav_migration/src/install/husky_viz/share/husky_viz/rviz/robot.rviz
[0.081s] -- Up-to-date: /root/nav_migration/src/install/husky_viz/share/husky_viz/rviz/model.rviz
[0.082s] -- Up-to-date: /root/nav_migration/src/install/husky_viz/share/ament_index/resource_index/package_run_dependencies/husky_viz
[0.082s] -- Up-to-date: /root/nav_migration/src/install/husky_viz/share/ament_index/resource_index/parent_prefix_path/husky_viz
[0.082s] -- Up-to-date: /root/nav_migration/src/install/husky_viz/share/husky_viz/environment/ament_prefix_path.sh
[0.082s] -- Up-to-date: /root/nav_migration/src/install/husky_viz/share/husky_viz/environment/ament_prefix_path.dsv
[0.083s] -- Up-to-date: /root/nav_migration/src/install/husky_viz/share/husky_viz/environment/path.sh
[0.083s] -- Up-to-date: /root/nav_migration/src/install/husky_viz/share/husky_viz/environment/path.dsv
[0.083s] -- Up-to-date: /root/nav_migration/src/install/husky_viz/share/husky_viz/local_setup.bash
[0.083s] -- Up-to-date: /root/nav_migration/src/install/husky_viz/share/husky_viz/local_setup.sh
[0.083s] -- Up-to-date: /root/nav_migration/src/install/husky_viz/share/husky_viz/local_setup.zsh
[0.083s] -- Up-to-date: /root/nav_migration/src/install/husky_viz/share/husky_viz/local_setup.dsv
[0.083s] -- Installing: /root/nav_migration/src/install/husky_viz/share/husky_viz/package.dsv
[0.089s] -- Up-to-date: /root/nav_migration/src/install/husky_viz/share/ament_index/resource_index/packages/husky_viz
[0.089s] -- Up-to-date: /root/nav_migration/src/install/husky_viz/share/husky_viz/cmake/husky_vizConfig.cmake
[0.089s] -- Up-to-date: /root/nav_migration/src/install/husky_viz/share/husky_viz/cmake/husky_vizConfig-version.cmake
[0.089s] -- Up-to-date: /root/nav_migration/src/install/husky_viz/share/husky_viz/package.xml
[0.091s] Invoked command in '/root/nav_migration/src/build/husky_viz' returned '0': CMAKE_PREFIX_PATH=/root/nav_migration/src/install/husky_description:/root/nav_migration/src/install/navigros2:/root/nav_migration/src/install/husky_desktop:/root/nav_migration/src/install/husky_viz:/root/nav_migration/src/install/husky_simulator:/root/nav_migration/src/install/husky_robot:/root/nav_migration/src/install/husky_bringup:/root/nav_migration/src/install/husky_base:/root/nav_migration/src/install/husky_msgs:/root/nav_migration/src/install/husky_gazebo:/root/nav_migration/src/install/husky_control:/root/clearpath_ws/install/clearpath_common:/root/clearpath_ws/install/clearpath_generator_common:/root/clearpath_ws/install/clearpath_description:/root/clearpath_ws/install/clearpath_sensors_description:/root/clearpath_ws/install/clearpath_platform:/root/clearpath_ws/install/clearpath_msgs:/root/clearpath_ws/install/clearpath_platform_msgs:/root/clearpath_ws/install/clearpath_platform_description:/root/clearpath_ws/install/clearpath_mounts_description:/root/clearpath_ws/install/clearpath_manipulators:/root/clearpath_ws/install/clearpath_manipulators_description:/root/clearpath_ws/install/clearpath_customization:/root/clearpath_ws/install/clearpath_control:/root/clearpath_ws/install/clearpath_config:/opt/ros/humble /usr/bin/cmake --install /root/nav_migration/src/build/husky_viz
