[0.612s] DEBUG:colcon:Command line arguments: ['/usr/bin/colcon', 'build', '--packages-select', 'navigros2']
[0.612s] DEBUG:colcon:Parsed command line arguments: Namespace(log_base=None, log_level=None, verb_name='build', build_base='build', install_base='install', merge_install=False, symlink_install=False, test_result_base=None, continue_on_error=False, executor='parallel', parallel_workers=22, event_handlers=None, ignore_user_meta=False, metas=['./colcon.meta'], base_paths=['.'], packages_ignore=None, packages_ignore_regex=None, paths=None, packages_up_to=None, packages_up_to_regex=None, packages_above=None, packages_above_and_dependencies=None, packages_above_depth=None, packages_select_by_dep=None, packages_skip_by_dep=None, packages_skip_up_to=None, packages_select_build_failed=False, packages_skip_build_finished=False, packages_select_test_failures=False, packages_skip_test_passed=False, packages_select=['navigros2'], packages_skip=None, packages_select_regex=None, packages_skip_regex=None, packages_start=None, packages_end=None, allow_overriding=[], cmake_args=None, cmake_target=None, cmake_target_skip_unavailable=False, cmake_clean_cache=False, cmake_clean_first=False, cmake_force_configure=False, ament_cmake_args=None, catkin_cmake_args=None, catkin_skip_building_tests=False, verb_parser=<colcon_defaults.argument_parser.defaults.DefaultArgumentsDecorator object at 0x7fa6a6c98250>, verb_extension=<colcon_core.verb.build.BuildVerb object at 0x7fa6a6dfdba0>, main=<bound method BuildVerb.main of <colcon_core.verb.build.BuildVerb object at 0x7fa6a6dfdba0>>)
[1.344s] Level 1:colcon.colcon_core.package_discovery:discover_packages(colcon_meta) check parameters
[1.344s] Level 1:colcon.colcon_core.package_discovery:discover_packages(recursive) check parameters
[1.344s] Level 1:colcon.colcon_core.package_discovery:discover_packages(ignore) check parameters
[1.344s] Level 1:colcon.colcon_core.package_discovery:discover_packages(path) check parameters
[1.344s] Level 1:colcon.colcon_core.package_discovery:discover_packages(colcon_meta) discover
[1.344s] Level 1:colcon.colcon_core.package_discovery:discover_packages(recursive) discover
[1.344s] INFO:colcon.colcon_core.package_discovery:Crawling recursively for packages in '/root/nav_migration/src'
[1.345s] Level 1:colcon.colcon_core.package_identification:_identify(.) by extensions ['ignore', 'ignore_ament_install']
[1.345s] Level 1:colcon.colcon_core.package_identification:_identify(.) by extension 'ignore'
[1.345s] Level 1:colcon.colcon_core.package_identification:_identify(.) by extension 'ignore_ament_install'
[1.345s] Level 1:colcon.colcon_core.package_identification:_identify(.) by extensions ['colcon_pkg']
[1.345s] Level 1:colcon.colcon_core.package_identification:_identify(.) by extension 'colcon_pkg'
[1.345s] Level 1:colcon.colcon_core.package_identification:_identify(.) by extensions ['colcon_meta']
[1.345s] Level 1:colcon.colcon_core.package_identification:_identify(.) by extension 'colcon_meta'
[1.346s] Level 1:colcon.colcon_core.package_identification:_identify(.) by extensions ['ros']
[1.346s] Level 1:colcon.colcon_core.package_identification:_identify(.) by extension 'ros'
[1.369s] Level 1:colcon.colcon_core.package_identification:_identify(.) by extensions ['cmake', 'python']
[1.369s] Level 1:colcon.colcon_core.package_identification:_identify(.) by extension 'cmake'
[1.369s] Level 1:colcon.colcon_core.package_identification:_identify(.) by extension 'python'
[1.369s] Level 1:colcon.colcon_core.package_identification:_identify(.) by extensions ['python_setup_py']
[1.369s] Level 1:colcon.colcon_core.package_identification:_identify(.) by extension 'python_setup_py'
[1.371s] Level 1:colcon.colcon_core.package_identification:_identify(build) by extensions ['ignore', 'ignore_ament_install']
[1.371s] Level 1:colcon.colcon_core.package_identification:_identify(build) by extension 'ignore'
[1.371s] Level 1:colcon.colcon_core.package_identification:_identify(build) ignored
[1.371s] Level 1:colcon.colcon_core.package_identification:_identify(install) by extensions ['ignore', 'ignore_ament_install']
[1.371s] Level 1:colcon.colcon_core.package_identification:_identify(install) by extension 'ignore'
[1.371s] Level 1:colcon.colcon_core.package_identification:_identify(install) ignored
[1.372s] Level 1:colcon.colcon_core.package_identification:_identify(log) by extensions ['ignore', 'ignore_ament_install']
[1.372s] Level 1:colcon.colcon_core.package_identification:_identify(log) by extension 'ignore'
[1.372s] Level 1:colcon.colcon_core.package_identification:_identify(log) ignored
[1.372s] Level 1:colcon.colcon_core.package_identification:_identify(navigros2) by extensions ['ignore', 'ignore_ament_install']
[1.372s] Level 1:colcon.colcon_core.package_identification:_identify(navigros2) by extension 'ignore'
[1.373s] Level 1:colcon.colcon_core.package_identification:_identify(navigros2) by extension 'ignore_ament_install'
[1.373s] Level 1:colcon.colcon_core.package_identification:_identify(navigros2) by extensions ['colcon_pkg']
[1.373s] Level 1:colcon.colcon_core.package_identification:_identify(navigros2) by extension 'colcon_pkg'
[1.373s] Level 1:colcon.colcon_core.package_identification:_identify(navigros2) by extensions ['colcon_meta']
[1.373s] Level 1:colcon.colcon_core.package_identification:_identify(navigros2) by extension 'colcon_meta'
[1.373s] Level 1:colcon.colcon_core.package_identification:_identify(navigros2) by extensions ['ros']
[1.373s] Level 1:colcon.colcon_core.package_identification:_identify(navigros2) by extension 'ros'
[1.379s] DEBUG:colcon.colcon_core.package_identification:Package 'navigros2' with type 'ros.ament_cmake' and name 'navigros2'
[1.379s] Level 1:colcon.colcon_core.package_discovery:discover_packages(recursive) using defaults
[1.379s] Level 1:colcon.colcon_core.package_discovery:discover_packages(ignore) discover
[1.379s] Level 1:colcon.colcon_core.package_discovery:discover_packages(ignore) using defaults
[1.379s] Level 1:colcon.colcon_core.package_discovery:discover_packages(path) discover
[1.379s] Level 1:colcon.colcon_core.package_discovery:discover_packages(path) using defaults
[1.431s] Level 1:colcon.colcon_core.package_discovery:discover_packages(prefix_path) check parameters
[1.431s] Level 1:colcon.colcon_core.package_discovery:discover_packages(prefix_path) discover
[1.439s] DEBUG:colcon.colcon_installed_package_information.package_discovery:Found 1 installed packages in /root/nav_migration/src/install
[1.441s] DEBUG:colcon.colcon_installed_package_information.package_discovery:Found 270 installed packages in /opt/ros/humble
[1.443s] Level 1:colcon.colcon_core.package_discovery:discover_packages(prefix_path) using defaults
[1.516s] Level 5:colcon.colcon_core.verb:set package 'navigros2' build argument 'cmake_args' from command line to 'None'
[1.516s] Level 5:colcon.colcon_core.verb:set package 'navigros2' build argument 'cmake_target' from command line to 'None'
[1.516s] Level 5:colcon.colcon_core.verb:set package 'navigros2' build argument 'cmake_target_skip_unavailable' from command line to 'False'
[1.516s] Level 5:colcon.colcon_core.verb:set package 'navigros2' build argument 'cmake_clean_cache' from command line to 'False'
[1.516s] Level 5:colcon.colcon_core.verb:set package 'navigros2' build argument 'cmake_clean_first' from command line to 'False'
[1.517s] Level 5:colcon.colcon_core.verb:set package 'navigros2' build argument 'cmake_force_configure' from command line to 'False'
[1.517s] Level 5:colcon.colcon_core.verb:set package 'navigros2' build argument 'ament_cmake_args' from command line to 'None'
[1.517s] Level 5:colcon.colcon_core.verb:set package 'navigros2' build argument 'catkin_cmake_args' from command line to 'None'
[1.517s] Level 5:colcon.colcon_core.verb:set package 'navigros2' build argument 'catkin_skip_building_tests' from command line to 'False'
[1.517s] DEBUG:colcon.colcon_core.verb:Building package 'navigros2' with the following arguments: {'ament_cmake_args': None, 'build_base': '/root/nav_migration/src/build/navigros2', 'catkin_cmake_args': None, 'catkin_skip_building_tests': False, 'cmake_args': None, 'cmake_clean_cache': False, 'cmake_clean_first': False, 'cmake_force_configure': False, 'cmake_target': None, 'cmake_target_skip_unavailable': False, 'install_base': '/root/nav_migration/src/install/navigros2', 'merge_install': False, 'path': '/root/nav_migration/src/navigros2', 'symlink_install': False, 'test_result_base': None}
[1.517s] INFO:colcon.colcon_core.executor:Executing jobs using 'parallel' executor
[1.519s] DEBUG:colcon.colcon_parallel_executor.executor.parallel:run_until_complete
[1.520s] INFO:colcon.colcon_ros.task.ament_cmake.build:Building ROS package in '/root/nav_migration/src/navigros2' with build type 'ament_cmake'
[1.520s] INFO:colcon.colcon_cmake.task.cmake.build:Building CMake package in '/root/nav_migration/src/navigros2'
[1.531s] INFO:colcon.colcon_core.plugin_system:Skipping extension 'colcon_core.shell.bat': Not used on non-Windows systems
[1.531s] INFO:colcon.colcon_core.shell:Skip shell extension 'powershell' for command environment: Not usable outside of PowerShell
[1.531s] DEBUG:colcon.colcon_core.shell:Skip shell extension 'dsv' for command environment
[1.547s] DEBUG:colcon.colcon_core.event_handler.log_command:Invoking command in '/root/nav_migration/src/build/navigros2': CMAKE_PREFIX_PATH=${CMAKE_PREFIX_PATH}:/opt/ros/humble /usr/bin/cmake --build /root/nav_migration/src/build/navigros2 -- -j22 -l22
[3.969s] DEBUG:colcon.colcon_core.event_handler.log_command:Invoked command in '/root/nav_migration/src/build/navigros2' returned '0': CMAKE_PREFIX_PATH=${CMAKE_PREFIX_PATH}:/opt/ros/humble /usr/bin/cmake --build /root/nav_migration/src/build/navigros2 -- -j22 -l22
[4.136s] DEBUG:colcon.colcon_core.event_handler.log_command:Invoking command in '/root/nav_migration/src/build/navigros2': CMAKE_PREFIX_PATH=${CMAKE_PREFIX_PATH}:/opt/ros/humble /usr/bin/cmake --install /root/nav_migration/src/build/navigros2
[4.288s] Level 1:colcon.colcon_core.environment:create_environment_scripts_only(navigros2)
[4.288s] DEBUG:colcon.colcon_core.event_handler.log_command:Invoked command in '/root/nav_migration/src/build/navigros2' returned '0': CMAKE_PREFIX_PATH=${CMAKE_PREFIX_PATH}:/opt/ros/humble /usr/bin/cmake --install /root/nav_migration/src/build/navigros2
[4.297s] Level 1:colcon.colcon_core.environment:checking '/root/nav_migration/src/install/navigros2' for CMake module files
[4.299s] Level 1:colcon.colcon_core.environment:checking '/root/nav_migration/src/install/navigros2' for CMake config files
[4.307s] Level 1:colcon.colcon_core.shell:create_environment_hook('navigros2', 'cmake_prefix_path')
[4.307s] INFO:colcon.colcon_core.shell:Creating environment hook '/root/nav_migration/src/install/navigros2/share/navigros2/hook/cmake_prefix_path.ps1'
[4.309s] INFO:colcon.colcon_core.shell:Creating environment descriptor '/root/nav_migration/src/install/navigros2/share/navigros2/hook/cmake_prefix_path.dsv'
[4.309s] INFO:colcon.colcon_core.shell:Creating environment hook '/root/nav_migration/src/install/navigros2/share/navigros2/hook/cmake_prefix_path.sh'
[4.311s] Level 1:colcon.colcon_core.environment:checking '/root/nav_migration/src/install/navigros2/lib'
[4.311s] Level 1:colcon.colcon_core.shell:create_environment_hook('navigros2', 'ld_library_path_lib')
[4.311s] INFO:colcon.colcon_core.shell:Creating environment hook '/root/nav_migration/src/install/navigros2/share/navigros2/hook/ld_library_path_lib.ps1'
[4.312s] INFO:colcon.colcon_core.shell:Creating environment descriptor '/root/nav_migration/src/install/navigros2/share/navigros2/hook/ld_library_path_lib.dsv'
[4.312s] INFO:colcon.colcon_core.shell:Creating environment hook '/root/nav_migration/src/install/navigros2/share/navigros2/hook/ld_library_path_lib.sh'
[4.312s] Level 1:colcon.colcon_core.environment:checking '/root/nav_migration/src/install/navigros2/bin'
[4.312s] Level 1:colcon.colcon_core.environment:checking '/root/nav_migration/src/install/navigros2/lib/pkgconfig/navigros2.pc'
[4.313s] Level 1:colcon.colcon_core.environment:checking '/root/nav_migration/src/install/navigros2/lib/python3.10/site-packages'
[4.313s] Level 1:colcon.colcon_core.shell:create_environment_hook('navigros2', 'pythonpath')
[4.313s] INFO:colcon.colcon_core.shell:Creating environment hook '/root/nav_migration/src/install/navigros2/share/navigros2/hook/pythonpath.ps1'
[4.313s] INFO:colcon.colcon_core.shell:Creating environment descriptor '/root/nav_migration/src/install/navigros2/share/navigros2/hook/pythonpath.dsv'
[4.313s] INFO:colcon.colcon_core.shell:Creating environment hook '/root/nav_migration/src/install/navigros2/share/navigros2/hook/pythonpath.sh'
[4.314s] Level 1:colcon.colcon_core.environment:checking '/root/nav_migration/src/install/navigros2/bin'
[4.314s] INFO:colcon.colcon_core.shell:Creating package script '/root/nav_migration/src/install/navigros2/share/navigros2/package.ps1'
[4.316s] INFO:colcon.colcon_core.shell:Creating package descriptor '/root/nav_migration/src/install/navigros2/share/navigros2/package.dsv'
[4.317s] INFO:colcon.colcon_core.shell:Creating package script '/root/nav_migration/src/install/navigros2/share/navigros2/package.sh'
[4.318s] INFO:colcon.colcon_core.shell:Creating package script '/root/nav_migration/src/install/navigros2/share/navigros2/package.bash'
[4.319s] INFO:colcon.colcon_core.shell:Creating package script '/root/nav_migration/src/install/navigros2/share/navigros2/package.zsh'
[4.320s] Level 1:colcon.colcon_core.environment:create_file_with_runtime_dependencies(/root/nav_migration/src/install/navigros2/share/colcon-core/packages/navigros2)
[4.477s] Level 1:colcon.colcon_core.environment:create_environment_scripts_only(navigros2)
[4.477s] Level 1:colcon.colcon_core.environment:checking '/root/nav_migration/src/install/navigros2' for CMake module files
[4.478s] Level 1:colcon.colcon_core.environment:checking '/root/nav_migration/src/install/navigros2' for CMake config files
[4.478s] Level 1:colcon.colcon_core.shell:create_environment_hook('navigros2', 'cmake_prefix_path')
[4.479s] INFO:colcon.colcon_core.shell:Creating environment hook '/root/nav_migration/src/install/navigros2/share/navigros2/hook/cmake_prefix_path.ps1'
[4.479s] INFO:colcon.colcon_core.shell:Creating environment descriptor '/root/nav_migration/src/install/navigros2/share/navigros2/hook/cmake_prefix_path.dsv'
[4.480s] INFO:colcon.colcon_core.shell:Creating environment hook '/root/nav_migration/src/install/navigros2/share/navigros2/hook/cmake_prefix_path.sh'
[4.480s] Level 1:colcon.colcon_core.environment:checking '/root/nav_migration/src/install/navigros2/lib'
[4.481s] Level 1:colcon.colcon_core.shell:create_environment_hook('navigros2', 'ld_library_path_lib')
[4.481s] INFO:colcon.colcon_core.shell:Creating environment hook '/root/nav_migration/src/install/navigros2/share/navigros2/hook/ld_library_path_lib.ps1'
[4.481s] INFO:colcon.colcon_core.shell:Creating environment descriptor '/root/nav_migration/src/install/navigros2/share/navigros2/hook/ld_library_path_lib.dsv'
[4.482s] INFO:colcon.colcon_core.shell:Creating environment hook '/root/nav_migration/src/install/navigros2/share/navigros2/hook/ld_library_path_lib.sh'
[4.483s] Level 1:colcon.colcon_core.environment:checking '/root/nav_migration/src/install/navigros2/bin'
[4.483s] Level 1:colcon.colcon_core.environment:checking '/root/nav_migration/src/install/navigros2/lib/pkgconfig/navigros2.pc'
[4.483s] Level 1:colcon.colcon_core.environment:checking '/root/nav_migration/src/install/navigros2/lib/python3.10/site-packages'
[4.483s] Level 1:colcon.colcon_core.shell:create_environment_hook('navigros2', 'pythonpath')
[4.483s] INFO:colcon.colcon_core.shell:Creating environment hook '/root/nav_migration/src/install/navigros2/share/navigros2/hook/pythonpath.ps1'
[4.484s] INFO:colcon.colcon_core.shell:Creating environment descriptor '/root/nav_migration/src/install/navigros2/share/navigros2/hook/pythonpath.dsv'
[4.484s] INFO:colcon.colcon_core.shell:Creating environment hook '/root/nav_migration/src/install/navigros2/share/navigros2/hook/pythonpath.sh'
[4.485s] Level 1:colcon.colcon_core.environment:checking '/root/nav_migration/src/install/navigros2/bin'
[4.485s] INFO:colcon.colcon_core.shell:Creating package script '/root/nav_migration/src/install/navigros2/share/navigros2/package.ps1'
[4.486s] INFO:colcon.colcon_core.shell:Creating package descriptor '/root/nav_migration/src/install/navigros2/share/navigros2/package.dsv'
[4.487s] INFO:colcon.colcon_core.shell:Creating package script '/root/nav_migration/src/install/navigros2/share/navigros2/package.sh'
[4.487s] INFO:colcon.colcon_core.shell:Creating package script '/root/nav_migration/src/install/navigros2/share/navigros2/package.bash'
[4.488s] INFO:colcon.colcon_core.shell:Creating package script '/root/nav_migration/src/install/navigros2/share/navigros2/package.zsh'
[4.489s] Level 1:colcon.colcon_core.environment:create_file_with_runtime_dependencies(/root/nav_migration/src/install/navigros2/share/colcon-core/packages/navigros2)
[4.491s] DEBUG:colcon.colcon_parallel_executor.executor.parallel:closing loop
[4.493s] DEBUG:colcon.colcon_parallel_executor.executor.parallel:loop closed
[4.493s] DEBUG:colcon.colcon_parallel_executor.executor.parallel:run_until_complete finished with '0'
[4.493s] DEBUG:colcon.colcon_core.event_reactor:joining thread
[4.556s] INFO:colcon.colcon_core.plugin_system:Skipping extension 'colcon_notification.desktop_notification.notify_send': Could not find 'notify-send'
[4.557s] INFO:colcon.colcon_core.plugin_system:Skipping extension 'colcon_notification.desktop_notification.terminal_notifier': Not used on non-Darwin systems
[4.557s] INFO:colcon.colcon_core.plugin_system:Skipping extension 'colcon_notification.desktop_notification.win32': Not used on non-Windows systems
[4.557s] INFO:colcon.colcon_notification.desktop_notification:Sending desktop notification using 'notify2'
[4.557s] DEBUG:colcon.colcon_notification.desktop_notification.notify2:Failed to initialize notify2: org.freedesktop.DBus.Error.FileNotFound: Failed to connect to socket /run/user/0/bus: No such file or directory
[4.557s] DEBUG:colcon.colcon_core.event_reactor:joined thread
[4.558s] INFO:colcon.colcon_core.shell:Creating prefix script '/root/nav_migration/src/install/local_setup.ps1'
[4.560s] INFO:colcon.colcon_core.shell:Creating prefix util module '/root/nav_migration/src/install/_local_setup_util_ps1.py'
[4.562s] INFO:colcon.colcon_core.shell:Creating prefix chain script '/root/nav_migration/src/install/setup.ps1'
[4.563s] INFO:colcon.colcon_core.shell:Creating prefix script '/root/nav_migration/src/install/local_setup.sh'
[4.564s] INFO:colcon.colcon_core.shell:Creating prefix util module '/root/nav_migration/src/install/_local_setup_util_sh.py'
[4.565s] INFO:colcon.colcon_core.shell:Creating prefix chain script '/root/nav_migration/src/install/setup.sh'
[4.567s] INFO:colcon.colcon_core.shell:Creating prefix script '/root/nav_migration/src/install/local_setup.bash'
[4.568s] INFO:colcon.colcon_core.shell:Creating prefix chain script '/root/nav_migration/src/install/setup.bash'
[4.570s] INFO:colcon.colcon_core.shell:Creating prefix script '/root/nav_migration/src/install/local_setup.zsh'
[4.571s] INFO:colcon.colcon_core.shell:Creating prefix chain script '/root/nav_migration/src/install/setup.zsh'
