[0.019s] Invoking command in '/root/nav_migration/src/build/navigros2': CMAKE_PREFIX_PATH=${CMAKE_PREFIX_PATH}:/opt/ros/humble /usr/bin/cmake --build /root/nav_migration/src/build/navigros2 -- -j22 -l22
[0.029s] -- Found ament_cmake: 1.3.10 (/opt/ros/humble/share/ament_cmake/cmake)
[0.156s] -- Found rosidl_default_generators: 1.2.0 (/opt/ros/humble/share/rosidl_default_generators/cmake)
[0.157s] -- Using all available rosidl_typesupport_c: rosidl_typesupport_fastrtps_c;rosidl_typesupport_introspection_c
[0.160s] -- Found rosidl_adapter: 3.1.5 (/opt/ros/humble/share/rosidl_adapter/cmake)
[0.376s] -- Using all available rosidl_typesupport_cpp: rosidl_typesupport_fastrtps_cpp;rosidl_typesupport_introspection_cpp
[0.413s] -- Found rclpy: 3.3.14 (/opt/ros/humble/share/rclpy/cmake)
[0.413s] -- Found std_msgs: 4.2.4 (/opt/ros/humble/share/std_msgs/cmake)
[0.436s] -- Found geometry_msgs: 4.2.4 (/opt/ros/humble/share/geometry_msgs/cmake)
[0.460s] -- Found nav_msgs: 4.2.4 (/opt/ros/humble/share/nav_msgs/cmake)
[0.479s] -- Found action_msgs: 1.2.1 (/opt/ros/humble/share/action_msgs/cmake)
[0.783s] -- Found ament_cmake_ros: 0.10.0 (/opt/ros/humble/share/ament_cmake_ros/cmake)
[0.989s] -- Using all available rosidl_typesupport_c: rosidl_typesupport_fastrtps_c;rosidl_typesupport_introspection_c
[1.270s] -- Using all available rosidl_typesupport_cpp: rosidl_typesupport_fastrtps_cpp;rosidl_typesupport_introspection_cpp
[1.294s] -- Found python_cmake_module: 0.10.0 (/opt/ros/humble/share/python_cmake_module/cmake)
[1.317s] -- Using PYTHON_EXECUTABLE: /usr/bin/python3
[1.318s] -- Using PYTHON_INCLUDE_DIRS: /usr/include/python3.10
[1.318s] -- Using PYTHON_LIBRARIES: /usr/lib/x86_64-linux-gnu/libpython3.10.so
[1.349s] -- Found ament_lint_auto: 0.12.11 (/opt/ros/humble/share/ament_lint_auto/cmake)
[1.361s] -- Added test 'lint_cmake' to check CMake code style
[1.362s] -- Added test 'xmllint' to check XML markup files
[1.364s] -- Configuring done
[1.472s] -- Generating done
[1.476s] -- Build files have been written to: /root/nav_migration/src/build/navigros2
[1.501s] [  1%] [34m[1mGenerating C code for ROS interfaces[0m
[1.511s] [  2%] [34m[1mGenerating C++ code for ROS interfaces[0m
[1.539s] [  2%] Built target ament_cmake_python_copy_navigros2
[1.715s] running egg_info
[1.715s] writing navigros2.egg-info/PKG-INFO
[1.716s] writing dependency_links to navigros2.egg-info/dependency_links.txt
[1.716s] writing top-level names to navigros2.egg-info/top_level.txt
[1.718s] reading manifest file 'navigros2.egg-info/SOURCES.txt'
[1.719s] writing manifest file 'navigros2.egg-info/SOURCES.txt'
[1.741s] [  2%] Built target ament_cmake_python_build_navigros2_egg
[2.186s] [  2%] Built target navigros2__cpp
[2.193s] [  3%] [34m[1mGenerating C++ type support dispatch for ROS interfaces[0m
[2.194s] [  6%] [34m[1mGenerating C++ type support for eProsima Fast-RTPS[0m
[2.194s] [  6%] [34m[1mGenerating C++ introspection for ROS interfaces[0m
[2.198s] [35m[1mConsolidate compiler generated dependencies of target navigros2__rosidl_generator_c[0m
[2.211s] [  7%] [32mBuilding C object CMakeFiles/navigros2__rosidl_generator_c.dir/rosidl_generator_c/navigros2/msg/detail/feature_locations__functions.c.o[0m
[2.212s] [  8%] [32mBuilding C object CMakeFiles/navigros2__rosidl_generator_c.dir/rosidl_generator_c/navigros2/srv/detail/set_dist__functions.c.o[0m
[2.212s] [ 11%] [32mBuilding C object CMakeFiles/navigros2__rosidl_generator_c.dir/rosidl_generator_c/navigros2/action/detail/map_maker__functions.c.o[0m
[2.212s] [ 11%] [32mBuilding C object CMakeFiles/navigros2__rosidl_generator_c.dir/rosidl_generator_c/navigros2/srv/detail/set_clock_gain__functions.c.o[0m
[2.214s] [ 12%] [32mBuilding C object CMakeFiles/navigros2__rosidl_generator_c.dir/rosidl_generator_c/navigros2/msg/detail/float_list__functions.c.o[0m
[2.216s] [ 13%] [32mBuilding C object CMakeFiles/navigros2__rosidl_generator_c.dir/rosidl_generator_c/navigros2/msg/detail/alignment__functions.c.o[0m
[2.218s] [ 15%] [32mBuilding C object CMakeFiles/navigros2__rosidl_generator_c.dir/rosidl_generator_c/navigros2/action/detail/map_repeater__functions.c.o[0m
[2.452s] [ 16%] [32m[1mLinking C shared library libnavigros2__rosidl_generator_c.so[0m
[2.569s] [ 16%] Built target navigros2__rosidl_generator_c
[2.579s] [ 18%] [34m[1mGenerating C type support dispatch for ROS interfaces[0m
[2.579s] [ 18%] [34m[1mGenerating C introspection for ROS interfaces[0m
[2.586s] [ 20%] [34m[1mGenerating C type support for eProsima Fast-RTPS[0m
[2.667s] [35m[1mConsolidate compiler generated dependencies of target navigros2__rosidl_typesupport_cpp[0m
[2.681s] [ 22%] [32mBuilding CXX object CMakeFiles/navigros2__rosidl_typesupport_cpp.dir/rosidl_typesupport_cpp/navigros2/msg/alignment__type_support.cpp.o[0m
[2.681s] [ 22%] [32mBuilding CXX object CMakeFiles/navigros2__rosidl_typesupport_cpp.dir/rosidl_typesupport_cpp/navigros2/msg/float_list__type_support.cpp.o[0m
[2.686s] [ 25%] [32mBuilding CXX object CMakeFiles/navigros2__rosidl_typesupport_cpp.dir/rosidl_typesupport_cpp/navigros2/msg/feature_locations__type_support.cpp.o[0m
[2.686s] [ 25%] [32mBuilding CXX object CMakeFiles/navigros2__rosidl_typesupport_cpp.dir/rosidl_typesupport_cpp/navigros2/srv/set_clock_gain__type_support.cpp.o[0m
[2.686s] [ 26%] [32mBuilding CXX object CMakeFiles/navigros2__rosidl_typesupport_cpp.dir/rosidl_typesupport_cpp/navigros2/srv/set_dist__type_support.cpp.o[0m
[2.686s] [ 29%] [32mBuilding CXX object CMakeFiles/navigros2__rosidl_typesupport_cpp.dir/rosidl_typesupport_cpp/navigros2/action/map_repeater__type_support.cpp.o[0m
[2.686s] [ 29%] [32mBuilding CXX object CMakeFiles/navigros2__rosidl_typesupport_cpp.dir/rosidl_typesupport_cpp/navigros2/action/map_maker__type_support.cpp.o[0m
[2.827s] [35m[1mConsolidate compiler generated dependencies of target navigros2__rosidl_typesupport_introspection_cpp[0m
[2.845s] [ 31%] [32mBuilding CXX object CMakeFiles/navigros2__rosidl_typesupport_introspection_cpp.dir/rosidl_typesupport_introspection_cpp/navigros2/msg/detail/float_list__type_support.cpp.o[0m
[2.845s] [ 31%] [32mBuilding CXX object CMakeFiles/navigros2__rosidl_typesupport_introspection_cpp.dir/rosidl_typesupport_introspection_cpp/navigros2/msg/detail/feature_locations__type_support.cpp.o[0m
[2.845s] [ 32%] [32mBuilding CXX object CMakeFiles/navigros2__rosidl_typesupport_introspection_cpp.dir/rosidl_typesupport_introspection_cpp/navigros2/msg/detail/alignment__type_support.cpp.o[0m
[2.849s] [ 35%] [32mBuilding CXX object CMakeFiles/navigros2__rosidl_typesupport_introspection_cpp.dir/rosidl_typesupport_introspection_cpp/navigros2/action/detail/map_repeater__type_support.cpp.o[0m
[2.849s] [ 35%] [32mBuilding CXX object CMakeFiles/navigros2__rosidl_typesupport_introspection_cpp.dir/rosidl_typesupport_introspection_cpp/navigros2/srv/detail/set_dist__type_support.cpp.o[0m
[2.849s] [ 37%] [32mBuilding CXX object CMakeFiles/navigros2__rosidl_typesupport_introspection_cpp.dir/rosidl_typesupport_introspection_cpp/navigros2/action/detail/map_maker__type_support.cpp.o[0m
[2.849s] [ 37%] [32mBuilding CXX object CMakeFiles/navigros2__rosidl_typesupport_introspection_cpp.dir/rosidl_typesupport_introspection_cpp/navigros2/srv/detail/set_clock_gain__type_support.cpp.o[0m
[3.074s] [35m[1mConsolidate compiler generated dependencies of target navigros2__rosidl_typesupport_fastrtps_cpp[0m
[3.099s] [ 39%] [32mBuilding CXX object CMakeFiles/navigros2__rosidl_typesupport_fastrtps_cpp.dir/rosidl_typesupport_fastrtps_cpp/navigros2/msg/detail/dds_fastrtps/alignment__type_support.cpp.o[0m
[3.104s] [ 41%] [32mBuilding CXX object CMakeFiles/navigros2__rosidl_typesupport_fastrtps_cpp.dir/rosidl_typesupport_fastrtps_cpp/navigros2/srv/detail/dds_fastrtps/set_clock_gain__type_support.cpp.o[0m
[3.108s] [ 43%] [32mBuilding CXX object CMakeFiles/navigros2__rosidl_typesupport_fastrtps_cpp.dir/rosidl_typesupport_fastrtps_cpp/navigros2/msg/detail/dds_fastrtps/float_list__type_support.cpp.o[0m
[3.109s] [ 43%] [32mBuilding CXX object CMakeFiles/navigros2__rosidl_typesupport_fastrtps_cpp.dir/rosidl_typesupport_fastrtps_cpp/navigros2/msg/detail/dds_fastrtps/feature_locations__type_support.cpp.o[0m
[3.114s] [ 44%] [32mBuilding CXX object CMakeFiles/navigros2__rosidl_typesupport_fastrtps_cpp.dir/rosidl_typesupport_fastrtps_cpp/navigros2/srv/detail/dds_fastrtps/set_dist__type_support.cpp.o[0m
[3.281s] [35m[1mConsolidate compiler generated dependencies of target navigros2__rosidl_typesupport_c[0m
[3.291s] [ 45%] [32mBuilding CXX object CMakeFiles/navigros2__rosidl_typesupport_fastrtps_cpp.dir/rosidl_typesupport_fastrtps_cpp/navigros2/action/detail/dds_fastrtps/map_maker__type_support.cpp.o[0m
[3.297s] [ 46%] [32mBuilding CXX object CMakeFiles/navigros2__rosidl_typesupport_c.dir/rosidl_typesupport_c/navigros2/msg/alignment__type_support.cpp.o[0m
[3.301s] [ 48%] [32mBuilding CXX object CMakeFiles/navigros2__rosidl_typesupport_fastrtps_cpp.dir/rosidl_typesupport_fastrtps_cpp/navigros2/action/detail/dds_fastrtps/map_repeater__type_support.cpp.o[0m
[3.306s] [ 49%] [32mBuilding CXX object CMakeFiles/navigros2__rosidl_typesupport_c.dir/rosidl_typesupport_c/navigros2/msg/feature_locations__type_support.cpp.o[0m
[3.325s] [ 50%] [32mBuilding CXX object CMakeFiles/navigros2__rosidl_typesupport_c.dir/rosidl_typesupport_c/navigros2/msg/float_list__type_support.cpp.o[0m
[3.345s] [ 51%] [32mBuilding CXX object CMakeFiles/navigros2__rosidl_typesupport_c.dir/rosidl_typesupport_c/navigros2/srv/set_dist__type_support.cpp.o[0m
[3.351s] [ 53%] [32mBuilding CXX object CMakeFiles/navigros2__rosidl_typesupport_c.dir/rosidl_typesupport_c/navigros2/srv/set_clock_gain__type_support.cpp.o[0m
[3.362s] [ 54%] [32mBuilding CXX object CMakeFiles/navigros2__rosidl_typesupport_c.dir/rosidl_typesupport_c/navigros2/action/map_maker__type_support.cpp.o[0m
[3.397s] [ 55%] [32mBuilding CXX object CMakeFiles/navigros2__rosidl_typesupport_c.dir/rosidl_typesupport_c/navigros2/action/map_repeater__type_support.cpp.o[0m
[3.468s] [ 56%] [32m[1mLinking CXX shared library libnavigros2__rosidl_typesupport_c.so[0m
[3.634s] [ 56%] Built target navigros2__rosidl_typesupport_c
[3.654s] [35m[1mConsolidate compiler generated dependencies of target navigros2__rosidl_typesupport_introspection_c[0m
[3.677s] [ 58%] [32mBuilding C object CMakeFiles/navigros2__rosidl_typesupport_introspection_c.dir/rosidl_typesupport_introspection_c/navigros2/msg/detail/feature_locations__type_support.c.o[0m
[3.678s] [ 59%] [32mBuilding C object CMakeFiles/navigros2__rosidl_typesupport_introspection_c.dir/rosidl_typesupport_introspection_c/navigros2/msg/detail/alignment__type_support.c.o[0m
[3.678s] [ 65%] [32mBuilding C object CMakeFiles/navigros2__rosidl_typesupport_introspection_c.dir/rosidl_typesupport_introspection_c/navigros2/msg/detail/float_list__type_support.c.o[0m
[3.680s] [ 64%] [32mBuilding C object CMakeFiles/navigros2__rosidl_typesupport_introspection_c.dir/rosidl_typesupport_introspection_c/navigros2/action/detail/map_repeater__type_support.c.o[0m
[3.681s] [ 60%] [32mBuilding C object CMakeFiles/navigros2__rosidl_typesupport_introspection_c.dir/rosidl_typesupport_introspection_c/navigros2/srv/detail/set_dist__type_support.c.o[0m
[3.681s] [ 64%] [32mBuilding C object CMakeFiles/navigros2__rosidl_typesupport_introspection_c.dir/rosidl_typesupport_introspection_c/navigros2/action/detail/map_maker__type_support.c.o[0m
[3.681s] [ 62%] [32mBuilding C object CMakeFiles/navigros2__rosidl_typesupport_introspection_c.dir/rosidl_typesupport_introspection_c/navigros2/srv/detail/set_clock_gain__type_support.c.o[0m
[3.747s] [35m[1mConsolidate compiler generated dependencies of target navigros2__rosidl_typesupport_fastrtps_c[0m
[3.767s] [ 68%] [32mBuilding CXX object CMakeFiles/navigros2__rosidl_typesupport_fastrtps_c.dir/rosidl_typesupport_fastrtps_c/navigros2/srv/detail/set_dist__type_support_c.cpp.o[0m
[3.767s] [ 69%] [32mBuilding CXX object CMakeFiles/navigros2__rosidl_typesupport_fastrtps_c.dir/rosidl_typesupport_fastrtps_c/navigros2/action/detail/map_maker__type_support_c.cpp.o[0m
[3.768s] [ 68%] [32mBuilding CXX object CMakeFiles/navigros2__rosidl_typesupport_fastrtps_c.dir/rosidl_typesupport_fastrtps_c/navigros2/msg/detail/float_list__type_support_c.cpp.o[0m
[3.768s] [ 70%] [32mBuilding CXX object CMakeFiles/navigros2__rosidl_typesupport_fastrtps_c.dir/rosidl_typesupport_fastrtps_c/navigros2/msg/detail/feature_locations__type_support_c.cpp.o[0m
[3.770s] [ 72%] [32mBuilding CXX object CMakeFiles/navigros2__rosidl_typesupport_fastrtps_c.dir/rosidl_typesupport_fastrtps_c/navigros2/msg/detail/alignment__type_support_c.cpp.o[0m
[3.770s] [ 73%] [32mBuilding CXX object CMakeFiles/navigros2__rosidl_typesupport_fastrtps_c.dir/rosidl_typesupport_fastrtps_c/navigros2/srv/detail/set_clock_gain__type_support_c.cpp.o[0m
[3.774s] [ 74%] [32mBuilding CXX object CMakeFiles/navigros2__rosidl_typesupport_fastrtps_c.dir/rosidl_typesupport_fastrtps_c/navigros2/action/detail/map_repeater__type_support_c.cpp.o[0m
[3.782s] [ 75%] [32m[1mLinking C shared library libnavigros2__rosidl_typesupport_introspection_c.so[0m
[3.821s] [ 77%] [32m[1mLinking CXX shared library libnavigros2__rosidl_typesupport_cpp.so[0m
[3.899s] [ 77%] Built target navigros2__rosidl_typesupport_introspection_c
[3.956s] [ 77%] Built target navigros2__rosidl_typesupport_cpp
[4.089s] [ 78%] [32m[1mLinking CXX shared library libnavigros2__rosidl_typesupport_introspection_cpp.so[0m
[4.235s] [ 78%] Built target navigros2__rosidl_typesupport_introspection_cpp
[4.258s] [ 79%] [32m[1mLinking CXX shared library libnavigros2__rosidl_typesupport_fastrtps_cpp.so[0m
[4.303s] [ 81%] [32m[1mLinking CXX shared library libnavigros2__rosidl_typesupport_fastrtps_c.so[0m
[4.408s] [ 81%] Built target navigros2__rosidl_typesupport_fastrtps_cpp
[4.468s] [ 81%] Built target navigros2__rosidl_typesupport_fastrtps_c
[4.486s] [ 81%] Built target navigros2
[4.503s] [ 82%] [34m[1mGenerating Python code for ROS interfaces[0m
[6.389s] [ 82%] Built target navigros2__py
[6.403s] [35m[1mConsolidate compiler generated dependencies of target navigros2__rosidl_generator_py[0m
[6.422s] [ 84%] [32mBuilding C object CMakeFiles/navigros2__rosidl_generator_py.dir/rosidl_generator_py/navigros2/msg/_float_list_s.c.o[0m
[6.422s] [ 84%] [32mBuilding C object CMakeFiles/navigros2__rosidl_generator_py.dir/rosidl_generator_py/navigros2/msg/_feature_locations_s.c.o[0m
[6.422s] [ 86%] [32mBuilding C object CMakeFiles/navigros2__rosidl_generator_py.dir/rosidl_generator_py/navigros2/msg/_alignment_s.c.o[0m
[6.422s] [ 87%] [32mBuilding C object CMakeFiles/navigros2__rosidl_generator_py.dir/rosidl_generator_py/navigros2/action/_map_maker_s.c.o[0m
[6.426s] [ 88%] [32mBuilding C object CMakeFiles/navigros2__rosidl_generator_py.dir/rosidl_generator_py/navigros2/srv/_set_dist_s.c.o[0m
[6.428s] [ 89%] [32mBuilding C object CMakeFiles/navigros2__rosidl_generator_py.dir/rosidl_generator_py/navigros2/action/_map_repeater_s.c.o[0m
[6.430s] [ 91%] [32mBuilding C object CMakeFiles/navigros2__rosidl_generator_py.dir/rosidl_generator_py/navigros2/srv/_set_clock_gain_s.c.o[0m
[6.648s] [ 92%] [32m[1mLinking C shared library rosidl_generator_py/navigros2/libnavigros2__rosidl_generator_py.so[0m
[6.713s] [ 92%] Built target navigros2__rosidl_generator_py
[6.724s] [35m[1mConsolidate compiler generated dependencies of target navigros2__rosidl_typesupport_c__pyext[0m
[6.725s] [35m[1mConsolidate compiler generated dependencies of target navigros2__rosidl_typesupport_fastrtps_c__pyext[0m
[6.725s] [35m[1mConsolidate compiler generated dependencies of target navigros2__rosidl_typesupport_introspection_c__pyext[0m
[6.734s] [ 93%] [32mBuilding C object CMakeFiles/navigros2__rosidl_typesupport_c__pyext.dir/rosidl_generator_py/navigros2/_navigros2_s.ep.rosidl_typesupport_c.c.o[0m
[6.734s] [ 94%] [32mBuilding C object CMakeFiles/navigros2__rosidl_typesupport_fastrtps_c__pyext.dir/rosidl_generator_py/navigros2/_navigros2_s.ep.rosidl_typesupport_fastrtps_c.c.o[0m
[6.741s] [ 96%] [32mBuilding C object CMakeFiles/navigros2__rosidl_typesupport_introspection_c__pyext.dir/rosidl_generator_py/navigros2/_navigros2_s.ep.rosidl_typesupport_introspection_c.c.o[0m
[6.879s] [ 97%] [32m[1mLinking C shared library rosidl_generator_py/navigros2/navigros2_s__rosidl_typesupport_c.cpython-310-x86_64-linux-gnu.so[0m
[6.886s] [ 98%] [32m[1mLinking C shared library rosidl_generator_py/navigros2/navigros2_s__rosidl_typesupport_introspection_c.cpython-310-x86_64-linux-gnu.so[0m
[6.888s] [100%] [32m[1mLinking C shared library rosidl_generator_py/navigros2/navigros2_s__rosidl_typesupport_fastrtps_c.cpython-310-x86_64-linux-gnu.so[0m
[6.961s] [100%] Built target navigros2__rosidl_typesupport_introspection_c__pyext
[6.961s] [100%] Built target navigros2__rosidl_typesupport_fastrtps_c__pyext
[6.961s] [100%] Built target navigros2__rosidl_typesupport_c__pyext
[6.970s] Invoked command in '/root/nav_migration/src/build/navigros2' returned '0': CMAKE_PREFIX_PATH=${CMAKE_PREFIX_PATH}:/opt/ros/humble /usr/bin/cmake --build /root/nav_migration/src/build/navigros2 -- -j22 -l22
[7.094s] Invoking command in '/root/nav_migration/src/build/navigros2': CMAKE_PREFIX_PATH=${CMAKE_PREFIX_PATH}:/opt/ros/humble /usr/bin/cmake --install /root/nav_migration/src/build/navigros2
[7.099s] -- Install configuration: ""
[7.099s] -- Installing: /root/nav_migration/src/install/navigros2/share/ament_index/resource_index/rosidl_interfaces/navigros2
[7.100s] -- Up-to-date: /root/nav_migration/src/install/navigros2/include/navigros2/navigros2
[7.100s] -- Installing: /root/nav_migration/src/install/navigros2/include/navigros2/navigros2/action
[7.101s] -- Installing: /root/nav_migration/src/install/navigros2/include/navigros2/navigros2/action/map_repeater.h
[7.101s] -- Installing: /root/nav_migration/src/install/navigros2/include/navigros2/navigros2/action/detail
[7.101s] -- Installing: /root/nav_migration/src/install/navigros2/include/navigros2/navigros2/action/detail/map_maker__type_support.h
[7.101s] -- Installing: /root/nav_migration/src/install/navigros2/include/navigros2/navigros2/action/detail/map_repeater__functions.c
[7.101s] -- Installing: /root/nav_migration/src/install/navigros2/include/navigros2/navigros2/action/detail/map_repeater__struct.h
[7.101s] -- Installing: /root/nav_migration/src/install/navigros2/include/navigros2/navigros2/action/detail/map_maker__struct.h
[7.101s] -- Installing: /root/nav_migration/src/install/navigros2/include/navigros2/navigros2/action/detail/map_maker__functions.h
[7.101s] -- Installing: /root/nav_migration/src/install/navigros2/include/navigros2/navigros2/action/detail/map_repeater__type_support.h
[7.101s] -- Installing: /root/nav_migration/src/install/navigros2/include/navigros2/navigros2/action/detail/map_repeater__functions.h
[7.101s] -- Installing: /root/nav_migration/src/install/navigros2/include/navigros2/navigros2/action/detail/map_maker__functions.c
[7.101s] -- Installing: /root/nav_migration/src/install/navigros2/include/navigros2/navigros2/action/map_maker.h
[7.102s] -- Up-to-date: /root/nav_migration/src/install/navigros2/include/navigros2/navigros2/msg
[7.102s] -- Up-to-date: /root/nav_migration/src/install/navigros2/include/navigros2/navigros2/msg/rosidl_generator_c__visibility_control.h
[7.102s] -- Up-to-date: /root/nav_migration/src/install/navigros2/include/navigros2/navigros2/msg/detail
[7.103s] -- Installing: /root/nav_migration/src/install/navigros2/include/navigros2/navigros2/msg/detail/float_list__type_support.h
[7.103s] -- Installing: /root/nav_migration/src/install/navigros2/include/navigros2/navigros2/msg/detail/float_list__functions.c
[7.103s] -- Installing: /root/nav_migration/src/install/navigros2/include/navigros2/navigros2/msg/detail/feature_locations__struct.h
[7.103s] -- Installing: /root/nav_migration/src/install/navigros2/include/navigros2/navigros2/msg/detail/alignment__type_support.h
[7.103s] -- Installing: /root/nav_migration/src/install/navigros2/include/navigros2/navigros2/msg/detail/alignment__struct.h
[7.103s] -- Installing: /root/nav_migration/src/install/navigros2/include/navigros2/navigros2/msg/detail/alignment__functions.c
[7.103s] -- Installing: /root/nav_migration/src/install/navigros2/include/navigros2/navigros2/msg/detail/feature_locations__functions.c
[7.104s] -- Installing: /root/nav_migration/src/install/navigros2/include/navigros2/navigros2/msg/detail/float_list__struct.h
[7.104s] -- Installing: /root/nav_migration/src/install/navigros2/include/navigros2/navigros2/msg/detail/alignment__functions.h
[7.104s] -- Installing: /root/nav_migration/src/install/navigros2/include/navigros2/navigros2/msg/detail/float_list__functions.h
[7.104s] -- Installing: /root/nav_migration/src/install/navigros2/include/navigros2/navigros2/msg/detail/feature_locations__functions.h
[7.104s] -- Installing: /root/nav_migration/src/install/navigros2/include/navigros2/navigros2/msg/detail/feature_locations__type_support.h
[7.105s] -- Installing: /root/nav_migration/src/install/navigros2/include/navigros2/navigros2/msg/alignment.h
[7.105s] -- Installing: /root/nav_migration/src/install/navigros2/include/navigros2/navigros2/msg/float_list.h
[7.105s] -- Installing: /root/nav_migration/src/install/navigros2/include/navigros2/navigros2/msg/feature_locations.h
[7.105s] -- Up-to-date: /root/nav_migration/src/install/navigros2/include/navigros2/navigros2/srv
[7.105s] -- Up-to-date: /root/nav_migration/src/install/navigros2/include/navigros2/navigros2/srv/detail
[7.106s] -- Installing: /root/nav_migration/src/install/navigros2/include/navigros2/navigros2/srv/detail/set_dist__functions.h
[7.106s] -- Installing: /root/nav_migration/src/install/navigros2/include/navigros2/navigros2/srv/detail/set_clock_gain__type_support.h
[7.106s] -- Installing: /root/nav_migration/src/install/navigros2/include/navigros2/navigros2/srv/detail/set_clock_gain__functions.h
[7.106s] -- Installing: /root/nav_migration/src/install/navigros2/include/navigros2/navigros2/srv/detail/set_clock_gain__functions.c
[7.106s] -- Installing: /root/nav_migration/src/install/navigros2/include/navigros2/navigros2/srv/detail/set_dist__functions.c
[7.107s] -- Installing: /root/nav_migration/src/install/navigros2/include/navigros2/navigros2/srv/detail/set_clock_gain__struct.h
[7.107s] -- Installing: /root/nav_migration/src/install/navigros2/include/navigros2/navigros2/srv/detail/set_dist__struct.h
[7.107s] -- Installing: /root/nav_migration/src/install/navigros2/include/navigros2/navigros2/srv/detail/set_dist__type_support.h
[7.107s] -- Installing: /root/nav_migration/src/install/navigros2/include/navigros2/navigros2/srv/set_clock_gain.h
[7.107s] -- Installing: /root/nav_migration/src/install/navigros2/include/navigros2/navigros2/srv/set_dist.h
[7.107s] -- Up-to-date: /root/nav_migration/src/install/navigros2/share/navigros2/environment/library_path.sh
[7.107s] -- Installing: /root/nav_migration/src/install/navigros2/share/navigros2/environment/library_path.dsv
[7.108s] -- Installing: /root/nav_migration/src/install/navigros2/lib/libnavigros2__rosidl_generator_c.so
[7.108s] -- Set runtime path of "/root/nav_migration/src/install/navigros2/lib/libnavigros2__rosidl_generator_c.so" to ""
[7.108s] -- Up-to-date: /root/nav_migration/src/install/navigros2/include/navigros2/navigros2
[7.108s] -- Up-to-date: /root/nav_migration/src/install/navigros2/include/navigros2/navigros2/action
[7.108s] -- Up-to-date: /root/nav_migration/src/install/navigros2/include/navigros2/navigros2/action/detail
[7.108s] -- Installing: /root/nav_migration/src/install/navigros2/include/navigros2/navigros2/action/detail/map_repeater__rosidl_typesupport_fastrtps_c.h
[7.109s] -- Installing: /root/nav_migration/src/install/navigros2/include/navigros2/navigros2/action/detail/map_maker__rosidl_typesupport_fastrtps_c.h
[7.109s] -- Up-to-date: /root/nav_migration/src/install/navigros2/include/navigros2/navigros2/msg
[7.109s] -- Up-to-date: /root/nav_migration/src/install/navigros2/include/navigros2/navigros2/msg/detail
[7.109s] -- Installing: /root/nav_migration/src/install/navigros2/include/navigros2/navigros2/msg/detail/float_list__rosidl_typesupport_fastrtps_c.h
[7.109s] -- Installing: /root/nav_migration/src/install/navigros2/include/navigros2/navigros2/msg/detail/feature_locations__rosidl_typesupport_fastrtps_c.h
[7.109s] -- Installing: /root/nav_migration/src/install/navigros2/include/navigros2/navigros2/msg/detail/alignment__rosidl_typesupport_fastrtps_c.h
[7.109s] -- Up-to-date: /root/nav_migration/src/install/navigros2/include/navigros2/navigros2/msg/rosidl_typesupport_fastrtps_c__visibility_control.h
[7.109s] -- Up-to-date: /root/nav_migration/src/install/navigros2/include/navigros2/navigros2/srv
[7.109s] -- Up-to-date: /root/nav_migration/src/install/navigros2/include/navigros2/navigros2/srv/detail
[7.109s] -- Installing: /root/nav_migration/src/install/navigros2/include/navigros2/navigros2/srv/detail/set_dist__rosidl_typesupport_fastrtps_c.h
[7.110s] -- Installing: /root/nav_migration/src/install/navigros2/include/navigros2/navigros2/srv/detail/set_clock_gain__rosidl_typesupport_fastrtps_c.h
[7.111s] -- Installing: /root/nav_migration/src/install/navigros2/lib/libnavigros2__rosidl_typesupport_fastrtps_c.so
[7.111s] -- Set runtime path of "/root/nav_migration/src/install/navigros2/lib/libnavigros2__rosidl_typesupport_fastrtps_c.so" to ""
[7.111s] -- Up-to-date: /root/nav_migration/src/install/navigros2/include/navigros2/navigros2
[7.111s] -- Up-to-date: /root/nav_migration/src/install/navigros2/include/navigros2/navigros2/action
[7.111s] -- Up-to-date: /root/nav_migration/src/install/navigros2/include/navigros2/navigros2/action/detail
[7.111s] -- Installing: /root/nav_migration/src/install/navigros2/include/navigros2/navigros2/action/detail/map_maker__type_support.c
[7.112s] -- Installing: /root/nav_migration/src/install/navigros2/include/navigros2/navigros2/action/detail/map_repeater__type_support.c
[7.112s] -- Installing: /root/nav_migration/src/install/navigros2/include/navigros2/navigros2/action/detail/map_repeater__rosidl_typesupport_introspection_c.h
[7.112s] -- Installing: /root/nav_migration/src/install/navigros2/include/navigros2/navigros2/action/detail/map_maker__rosidl_typesupport_introspection_c.h
[7.112s] -- Up-to-date: /root/nav_migration/src/install/navigros2/include/navigros2/navigros2/msg
[7.112s] -- Up-to-date: /root/nav_migration/src/install/navigros2/include/navigros2/navigros2/msg/detail
[7.112s] -- Installing: /root/nav_migration/src/install/navigros2/include/navigros2/navigros2/msg/detail/alignment__type_support.c
[7.112s] -- Installing: /root/nav_migration/src/install/navigros2/include/navigros2/navigros2/msg/detail/float_list__type_support.c
[7.112s] -- Installing: /root/nav_migration/src/install/navigros2/include/navigros2/navigros2/msg/detail/alignment__rosidl_typesupport_introspection_c.h
[7.112s] -- Installing: /root/nav_migration/src/install/navigros2/include/navigros2/navigros2/msg/detail/float_list__rosidl_typesupport_introspection_c.h
[7.112s] -- Installing: /root/nav_migration/src/install/navigros2/include/navigros2/navigros2/msg/detail/feature_locations__rosidl_typesupport_introspection_c.h
[7.112s] -- Installing: /root/nav_migration/src/install/navigros2/include/navigros2/navigros2/msg/detail/feature_locations__type_support.c
[7.113s] -- Up-to-date: /root/nav_migration/src/install/navigros2/include/navigros2/navigros2/msg/rosidl_typesupport_introspection_c__visibility_control.h
[7.113s] -- Up-to-date: /root/nav_migration/src/install/navigros2/include/navigros2/navigros2/srv
[7.113s] -- Up-to-date: /root/nav_migration/src/install/navigros2/include/navigros2/navigros2/srv/detail
[7.113s] -- Installing: /root/nav_migration/src/install/navigros2/include/navigros2/navigros2/srv/detail/set_clock_gain__rosidl_typesupport_introspection_c.h
[7.113s] -- Installing: /root/nav_migration/src/install/navigros2/include/navigros2/navigros2/srv/detail/set_dist__type_support.c
[7.114s] -- Installing: /root/nav_migration/src/install/navigros2/include/navigros2/navigros2/srv/detail/set_clock_gain__type_support.c
[7.114s] -- Installing: /root/nav_migration/src/install/navigros2/include/navigros2/navigros2/srv/detail/set_dist__rosidl_typesupport_introspection_c.h
[7.115s] -- Installing: /root/nav_migration/src/install/navigros2/lib/libnavigros2__rosidl_typesupport_introspection_c.so
[7.115s] -- Set runtime path of "/root/nav_migration/src/install/navigros2/lib/libnavigros2__rosidl_typesupport_introspection_c.so" to ""
[7.116s] -- Installing: /root/nav_migration/src/install/navigros2/lib/libnavigros2__rosidl_typesupport_c.so
[7.116s] -- Set runtime path of "/root/nav_migration/src/install/navigros2/lib/libnavigros2__rosidl_typesupport_c.so" to ""
[7.116s] -- Up-to-date: /root/nav_migration/src/install/navigros2/include/navigros2/navigros2
[7.116s] -- Up-to-date: /root/nav_migration/src/install/navigros2/include/navigros2/navigros2/action
[7.116s] -- Up-to-date: /root/nav_migration/src/install/navigros2/include/navigros2/navigros2/action/detail
[7.116s] -- Installing: /root/nav_migration/src/install/navigros2/include/navigros2/navigros2/action/detail/map_repeater__traits.hpp
[7.116s] -- Installing: /root/nav_migration/src/install/navigros2/include/navigros2/navigros2/action/detail/map_maker__traits.hpp
[7.116s] -- Installing: /root/nav_migration/src/install/navigros2/include/navigros2/navigros2/action/detail/map_maker__builder.hpp
[7.116s] -- Installing: /root/nav_migration/src/install/navigros2/include/navigros2/navigros2/action/detail/map_repeater__builder.hpp
[7.116s] -- Installing: /root/nav_migration/src/install/navigros2/include/navigros2/navigros2/action/detail/map_maker__struct.hpp
[7.117s] -- Installing: /root/nav_migration/src/install/navigros2/include/navigros2/navigros2/action/detail/map_repeater__struct.hpp
[7.117s] -- Installing: /root/nav_migration/src/install/navigros2/include/navigros2/navigros2/action/map_maker.hpp
[7.117s] -- Installing: /root/nav_migration/src/install/navigros2/include/navigros2/navigros2/action/map_repeater.hpp
[7.117s] -- Up-to-date: /root/nav_migration/src/install/navigros2/include/navigros2/navigros2/msg
[7.117s] -- Up-to-date: /root/nav_migration/src/install/navigros2/include/navigros2/navigros2/msg/detail
[7.118s] -- Installing: /root/nav_migration/src/install/navigros2/include/navigros2/navigros2/msg/detail/float_list__builder.hpp
[7.118s] -- Installing: /root/nav_migration/src/install/navigros2/include/navigros2/navigros2/msg/detail/float_list__struct.hpp
[7.118s] -- Installing: /root/nav_migration/src/install/navigros2/include/navigros2/navigros2/msg/detail/feature_locations__builder.hpp
[7.118s] -- Installing: /root/nav_migration/src/install/navigros2/include/navigros2/navigros2/msg/detail/feature_locations__struct.hpp
[7.119s] -- Installing: /root/nav_migration/src/install/navigros2/include/navigros2/navigros2/msg/detail/feature_locations__traits.hpp
[7.119s] -- Installing: /root/nav_migration/src/install/navigros2/include/navigros2/navigros2/msg/detail/alignment__builder.hpp
[7.119s] -- Installing: /root/nav_migration/src/install/navigros2/include/navigros2/navigros2/msg/detail/float_list__traits.hpp
[7.119s] -- Installing: /root/nav_migration/src/install/navigros2/include/navigros2/navigros2/msg/detail/alignment__struct.hpp
[7.119s] -- Installing: /root/nav_migration/src/install/navigros2/include/navigros2/navigros2/msg/detail/alignment__traits.hpp
[7.119s] -- Installing: /root/nav_migration/src/install/navigros2/include/navigros2/navigros2/msg/feature_locations.hpp
[7.119s] -- Installing: /root/nav_migration/src/install/navigros2/include/navigros2/navigros2/msg/float_list.hpp
[7.119s] -- Installing: /root/nav_migration/src/install/navigros2/include/navigros2/navigros2/msg/alignment.hpp
[7.119s] -- Up-to-date: /root/nav_migration/src/install/navigros2/include/navigros2/navigros2/srv
[7.120s] -- Up-to-date: /root/nav_migration/src/install/navigros2/include/navigros2/navigros2/srv/detail
[7.121s] -- Installing: /root/nav_migration/src/install/navigros2/include/navigros2/navigros2/srv/detail/set_dist__builder.hpp
[7.121s] -- Installing: /root/nav_migration/src/install/navigros2/include/navigros2/navigros2/srv/detail/set_clock_gain__struct.hpp
[7.121s] -- Installing: /root/nav_migration/src/install/navigros2/include/navigros2/navigros2/srv/detail/set_dist__struct.hpp
[7.121s] -- Installing: /root/nav_migration/src/install/navigros2/include/navigros2/navigros2/srv/detail/set_clock_gain__traits.hpp
[7.121s] -- Installing: /root/nav_migration/src/install/navigros2/include/navigros2/navigros2/srv/detail/set_clock_gain__builder.hpp
[7.121s] -- Installing: /root/nav_migration/src/install/navigros2/include/navigros2/navigros2/srv/detail/set_dist__traits.hpp
[7.122s] -- Installing: /root/nav_migration/src/install/navigros2/include/navigros2/navigros2/srv/set_dist.hpp
[7.122s] -- Installing: /root/nav_migration/src/install/navigros2/include/navigros2/navigros2/srv/set_clock_gain.hpp
[7.122s] -- Up-to-date: /root/nav_migration/src/install/navigros2/include/navigros2/navigros2
[7.122s] -- Up-to-date: /root/nav_migration/src/install/navigros2/include/navigros2/navigros2/action
[7.122s] -- Up-to-date: /root/nav_migration/src/install/navigros2/include/navigros2/navigros2/action/detail
[7.122s] -- Installing: /root/nav_migration/src/install/navigros2/include/navigros2/navigros2/action/detail/dds_fastrtps
[7.122s] -- Installing: /root/nav_migration/src/install/navigros2/include/navigros2/navigros2/action/detail/map_repeater__rosidl_typesupport_fastrtps_cpp.hpp
[7.122s] -- Installing: /root/nav_migration/src/install/navigros2/include/navigros2/navigros2/action/detail/map_maker__rosidl_typesupport_fastrtps_cpp.hpp
[7.122s] -- Up-to-date: /root/nav_migration/src/install/navigros2/include/navigros2/navigros2/msg
[7.122s] -- Up-to-date: /root/nav_migration/src/install/navigros2/include/navigros2/navigros2/msg/detail
[7.122s] -- Installing: /root/nav_migration/src/install/navigros2/include/navigros2/navigros2/msg/detail/feature_locations__rosidl_typesupport_fastrtps_cpp.hpp
[7.122s] -- Up-to-date: /root/nav_migration/src/install/navigros2/include/navigros2/navigros2/msg/detail/dds_fastrtps
[7.122s] -- Installing: /root/nav_migration/src/install/navigros2/include/navigros2/navigros2/msg/detail/alignment__rosidl_typesupport_fastrtps_cpp.hpp
[7.122s] -- Installing: /root/nav_migration/src/install/navigros2/include/navigros2/navigros2/msg/detail/float_list__rosidl_typesupport_fastrtps_cpp.hpp
[7.122s] -- Up-to-date: /root/nav_migration/src/install/navigros2/include/navigros2/navigros2/msg/rosidl_typesupport_fastrtps_cpp__visibility_control.h
[7.122s] -- Up-to-date: /root/nav_migration/src/install/navigros2/include/navigros2/navigros2/srv
[7.123s] -- Up-to-date: /root/nav_migration/src/install/navigros2/include/navigros2/navigros2/srv/detail
[7.123s] -- Installing: /root/nav_migration/src/install/navigros2/include/navigros2/navigros2/srv/detail/set_clock_gain__rosidl_typesupport_fastrtps_cpp.hpp
[7.123s] -- Up-to-date: /root/nav_migration/src/install/navigros2/include/navigros2/navigros2/srv/detail/dds_fastrtps
[7.123s] -- Installing: /root/nav_migration/src/install/navigros2/include/navigros2/navigros2/srv/detail/set_dist__rosidl_typesupport_fastrtps_cpp.hpp
[7.125s] -- Installing: /root/nav_migration/src/install/navigros2/lib/libnavigros2__rosidl_typesupport_fastrtps_cpp.so
[7.125s] -- Set runtime path of "/root/nav_migration/src/install/navigros2/lib/libnavigros2__rosidl_typesupport_fastrtps_cpp.so" to ""
[7.125s] -- Up-to-date: /root/nav_migration/src/install/navigros2/include/navigros2/navigros2
[7.125s] -- Up-to-date: /root/nav_migration/src/install/navigros2/include/navigros2/navigros2/action
[7.125s] -- Up-to-date: /root/nav_migration/src/install/navigros2/include/navigros2/navigros2/action/detail
[7.125s] -- Installing: /root/nav_migration/src/install/navigros2/include/navigros2/navigros2/action/detail/map_repeater__rosidl_typesupport_introspection_cpp.hpp
[7.126s] -- Installing: /root/nav_migration/src/install/navigros2/include/navigros2/navigros2/action/detail/map_maker__type_support.cpp
[7.126s] -- Installing: /root/nav_migration/src/install/navigros2/include/navigros2/navigros2/action/detail/map_maker__rosidl_typesupport_introspection_cpp.hpp
[7.126s] -- Installing: /root/nav_migration/src/install/navigros2/include/navigros2/navigros2/action/detail/map_repeater__type_support.cpp
[7.126s] -- Up-to-date: /root/nav_migration/src/install/navigros2/include/navigros2/navigros2/msg
[7.126s] -- Up-to-date: /root/nav_migration/src/install/navigros2/include/navigros2/navigros2/msg/detail
[7.126s] -- Installing: /root/nav_migration/src/install/navigros2/include/navigros2/navigros2/msg/detail/feature_locations__type_support.cpp
[7.126s] -- Installing: /root/nav_migration/src/install/navigros2/include/navigros2/navigros2/msg/detail/alignment__type_support.cpp
[7.126s] -- Installing: /root/nav_migration/src/install/navigros2/include/navigros2/navigros2/msg/detail/feature_locations__rosidl_typesupport_introspection_cpp.hpp
[7.127s] -- Installing: /root/nav_migration/src/install/navigros2/include/navigros2/navigros2/msg/detail/float_list__rosidl_typesupport_introspection_cpp.hpp
[7.127s] -- Installing: /root/nav_migration/src/install/navigros2/include/navigros2/navigros2/msg/detail/float_list__type_support.cpp
[7.127s] -- Installing: /root/nav_migration/src/install/navigros2/include/navigros2/navigros2/msg/detail/alignment__rosidl_typesupport_introspection_cpp.hpp
[7.127s] -- Up-to-date: /root/nav_migration/src/install/navigros2/include/navigros2/navigros2/srv
[7.128s] -- Up-to-date: /root/nav_migration/src/install/navigros2/include/navigros2/navigros2/srv/detail
[7.129s] -- Installing: /root/nav_migration/src/install/navigros2/include/navigros2/navigros2/srv/detail/set_dist__rosidl_typesupport_introspection_cpp.hpp
[7.129s] -- Installing: /root/nav_migration/src/install/navigros2/include/navigros2/navigros2/srv/detail/set_dist__type_support.cpp
[7.129s] -- Installing: /root/nav_migration/src/install/navigros2/include/navigros2/navigros2/srv/detail/set_clock_gain__rosidl_typesupport_introspection_cpp.hpp
[7.129s] -- Installing: /root/nav_migration/src/install/navigros2/include/navigros2/navigros2/srv/detail/set_clock_gain__type_support.cpp
[7.129s] -- Installing: /root/nav_migration/src/install/navigros2/lib/libnavigros2__rosidl_typesupport_introspection_cpp.so
[7.130s] -- Set runtime path of "/root/nav_migration/src/install/navigros2/lib/libnavigros2__rosidl_typesupport_introspection_cpp.so" to ""
[7.131s] -- Installing: /root/nav_migration/src/install/navigros2/lib/libnavigros2__rosidl_typesupport_cpp.so
[7.131s] -- Set runtime path of "/root/nav_migration/src/install/navigros2/lib/libnavigros2__rosidl_typesupport_cpp.so" to ""
[7.131s] -- Up-to-date: /root/nav_migration/src/install/navigros2/share/navigros2/environment/pythonpath.sh
[7.131s] -- Installing: /root/nav_migration/src/install/navigros2/share/navigros2/environment/pythonpath.dsv
[7.131s] -- Up-to-date: /root/nav_migration/src/install/navigros2/local/lib/python3.10/dist-packages/navigros2-0.0.0-py3.10.egg-info
[7.132s] -- Installing: /root/nav_migration/src/install/navigros2/local/lib/python3.10/dist-packages/navigros2-0.0.0-py3.10.egg-info/dependency_links.txt
[7.132s] -- Installing: /root/nav_migration/src/install/navigros2/local/lib/python3.10/dist-packages/navigros2-0.0.0-py3.10.egg-info/PKG-INFO
[7.132s] -- Installing: /root/nav_migration/src/install/navigros2/local/lib/python3.10/dist-packages/navigros2-0.0.0-py3.10.egg-info/SOURCES.txt
[7.132s] -- Installing: /root/nav_migration/src/install/navigros2/local/lib/python3.10/dist-packages/navigros2-0.0.0-py3.10.egg-info/top_level.txt
[7.132s] -- Up-to-date: /root/nav_migration/src/install/navigros2/local/lib/python3.10/dist-packages/navigros2
[7.132s] -- Installing: /root/nav_migration/src/install/navigros2/local/lib/python3.10/dist-packages/navigros2/navigros2_s__rosidl_typesupport_c.cpython-310-x86_64-linux-gnu.so
[7.133s] -- Installing: /root/nav_migration/src/install/navigros2/local/lib/python3.10/dist-packages/navigros2/action
[7.133s] -- Installing: /root/nav_migration/src/install/navigros2/local/lib/python3.10/dist-packages/navigros2/action/_map_repeater_s.c
[7.133s] -- Installing: /root/nav_migration/src/install/navigros2/local/lib/python3.10/dist-packages/navigros2/action/_map_maker.py
[7.133s] -- Installing: /root/nav_migration/src/install/navigros2/local/lib/python3.10/dist-packages/navigros2/action/_map_repeater.py
[7.133s] -- Installing: /root/nav_migration/src/install/navigros2/local/lib/python3.10/dist-packages/navigros2/action/_map_maker_s.c
[7.133s] -- Installing: /root/nav_migration/src/install/navigros2/local/lib/python3.10/dist-packages/navigros2/action/__init__.py
[7.133s] -- Installing: /root/nav_migration/src/install/navigros2/local/lib/python3.10/dist-packages/navigros2/navigros2_s__rosidl_typesupport_introspection_c.cpython-310-x86_64-linux-gnu.so
[7.134s] -- Up-to-date: /root/nav_migration/src/install/navigros2/local/lib/python3.10/dist-packages/navigros2/msg
[7.134s] -- Installing: /root/nav_migration/src/install/navigros2/local/lib/python3.10/dist-packages/navigros2/msg/_float_list.py
[7.134s] -- Installing: /root/nav_migration/src/install/navigros2/local/lib/python3.10/dist-packages/navigros2/msg/_alignment_s.c
[7.134s] -- Installing: /root/nav_migration/src/install/navigros2/local/lib/python3.10/dist-packages/navigros2/msg/_feature_locations.py
[7.134s] -- Installing: /root/nav_migration/src/install/navigros2/local/lib/python3.10/dist-packages/navigros2/msg/_alignment.py
[7.134s] -- Installing: /root/nav_migration/src/install/navigros2/local/lib/python3.10/dist-packages/navigros2/msg/_float_list_s.c
[7.135s] -- Installing: /root/nav_migration/src/install/navigros2/local/lib/python3.10/dist-packages/navigros2/msg/__init__.py
[7.135s] -- Installing: /root/nav_migration/src/install/navigros2/local/lib/python3.10/dist-packages/navigros2/msg/_feature_locations_s.c
[7.135s] -- Up-to-date: /root/nav_migration/src/install/navigros2/local/lib/python3.10/dist-packages/navigros2/srv
[7.135s] -- Installing: /root/nav_migration/src/install/navigros2/local/lib/python3.10/dist-packages/navigros2/srv/_set_clock_gain.py
[7.136s] -- Installing: /root/nav_migration/src/install/navigros2/local/lib/python3.10/dist-packages/navigros2/srv/_set_dist.py
[7.137s] -- Installing: /root/nav_migration/src/install/navigros2/local/lib/python3.10/dist-packages/navigros2/srv/_set_clock_gain_s.c
[7.137s] -- Installing: /root/nav_migration/src/install/navigros2/local/lib/python3.10/dist-packages/navigros2/srv/_set_dist_s.c
[7.137s] -- Installing: /root/nav_migration/src/install/navigros2/local/lib/python3.10/dist-packages/navigros2/srv/__init__.py
[7.137s] -- Installing: /root/nav_migration/src/install/navigros2/local/lib/python3.10/dist-packages/navigros2/_navigros2_s.ep.rosidl_typesupport_c.c
[7.137s] -- Installing: /root/nav_migration/src/install/navigros2/local/lib/python3.10/dist-packages/navigros2/navigros2_s__rosidl_typesupport_fastrtps_c.cpython-310-x86_64-linux-gnu.so
[7.137s] -- Installing: /root/nav_migration/src/install/navigros2/local/lib/python3.10/dist-packages/navigros2/_navigros2_s.ep.rosidl_typesupport_introspection_c.c
[7.138s] -- Installing: /root/nav_migration/src/install/navigros2/local/lib/python3.10/dist-packages/navigros2/_navigros2_s.ep.rosidl_typesupport_fastrtps_c.c
[7.138s] -- Installing: /root/nav_migration/src/install/navigros2/local/lib/python3.10/dist-packages/navigros2/__init__.py
[7.138s] -- Installing: /root/nav_migration/src/install/navigros2/local/lib/python3.10/dist-packages/navigros2/libnavigros2__rosidl_generator_py.so
[7.186s] Listing '/root/nav_migration/src/install/navigros2/local/lib/python3.10/dist-packages/navigros2'...
[7.186s] Compiling '/root/nav_migration/src/install/navigros2/local/lib/python3.10/dist-packages/navigros2/__init__.py'...
[7.186s] Listing '/root/nav_migration/src/install/navigros2/local/lib/python3.10/dist-packages/navigros2/action'...
[7.186s] Compiling '/root/nav_migration/src/install/navigros2/local/lib/python3.10/dist-packages/navigros2/action/__init__.py'...
[7.186s] Compiling '/root/nav_migration/src/install/navigros2/local/lib/python3.10/dist-packages/navigros2/action/_map_maker.py'...
[7.186s] Compiling '/root/nav_migration/src/install/navigros2/local/lib/python3.10/dist-packages/navigros2/action/_map_repeater.py'...
[7.186s] Listing '/root/nav_migration/src/install/navigros2/local/lib/python3.10/dist-packages/navigros2/msg'...
[7.186s] Compiling '/root/nav_migration/src/install/navigros2/local/lib/python3.10/dist-packages/navigros2/msg/__init__.py'...
[7.186s] Compiling '/root/nav_migration/src/install/navigros2/local/lib/python3.10/dist-packages/navigros2/msg/_alignment.py'...
[7.186s] Compiling '/root/nav_migration/src/install/navigros2/local/lib/python3.10/dist-packages/navigros2/msg/_feature_locations.py'...
[7.186s] Compiling '/root/nav_migration/src/install/navigros2/local/lib/python3.10/dist-packages/navigros2/msg/_float_list.py'...
[7.186s] Listing '/root/nav_migration/src/install/navigros2/local/lib/python3.10/dist-packages/navigros2/srv'...
[7.186s] Compiling '/root/nav_migration/src/install/navigros2/local/lib/python3.10/dist-packages/navigros2/srv/__init__.py'...
[7.186s] Compiling '/root/nav_migration/src/install/navigros2/local/lib/python3.10/dist-packages/navigros2/srv/_set_clock_gain.py'...
[7.186s] Compiling '/root/nav_migration/src/install/navigros2/local/lib/python3.10/dist-packages/navigros2/srv/_set_dist.py'...
[7.190s] -- Installing: /root/nav_migration/src/install/navigros2/local/lib/python3.10/dist-packages/navigros2/navigros2_s__rosidl_typesupport_fastrtps_c.cpython-310-x86_64-linux-gnu.so
[7.190s] -- Set runtime path of "/root/nav_migration/src/install/navigros2/local/lib/python3.10/dist-packages/navigros2/navigros2_s__rosidl_typesupport_fastrtps_c.cpython-310-x86_64-linux-gnu.so" to ""
[7.191s] -- Installing: /root/nav_migration/src/install/navigros2/local/lib/python3.10/dist-packages/navigros2/navigros2_s__rosidl_typesupport_introspection_c.cpython-310-x86_64-linux-gnu.so
[7.191s] -- Set runtime path of "/root/nav_migration/src/install/navigros2/local/lib/python3.10/dist-packages/navigros2/navigros2_s__rosidl_typesupport_introspection_c.cpython-310-x86_64-linux-gnu.so" to ""
[7.191s] -- Installing: /root/nav_migration/src/install/navigros2/local/lib/python3.10/dist-packages/navigros2/navigros2_s__rosidl_typesupport_c.cpython-310-x86_64-linux-gnu.so
[7.191s] -- Set runtime path of "/root/nav_migration/src/install/navigros2/local/lib/python3.10/dist-packages/navigros2/navigros2_s__rosidl_typesupport_c.cpython-310-x86_64-linux-gnu.so" to ""
[7.192s] -- Installing: /root/nav_migration/src/install/navigros2/lib/libnavigros2__rosidl_generator_py.so
[7.193s] -- Set runtime path of "/root/nav_migration/src/install/navigros2/lib/libnavigros2__rosidl_generator_py.so" to ""
[7.193s] -- Up-to-date: /root/nav_migration/src/install/navigros2/share/navigros2/msg/Alignment.idl
[7.193s] -- Up-to-date: /root/nav_migration/src/install/navigros2/share/navigros2/msg/FeatureLocations.idl
[7.193s] -- Up-to-date: /root/nav_migration/src/install/navigros2/share/navigros2/msg/FloatList.idl
[7.193s] -- Up-to-date: /root/nav_migration/src/install/navigros2/share/navigros2/srv/SetDist.idl
[7.193s] -- Up-to-date: /root/nav_migration/src/install/navigros2/share/navigros2/srv/SetClockGain.idl
[7.193s] -- Installing: /root/nav_migration/src/install/navigros2/share/navigros2/action/MapMaker.idl
[7.193s] -- Installing: /root/nav_migration/src/install/navigros2/share/navigros2/action/MapRepeater.idl
[7.194s] -- Up-to-date: /root/nav_migration/src/install/navigros2/share/navigros2/msg/Alignment.msg
[7.194s] -- Up-to-date: /root/nav_migration/src/install/navigros2/share/navigros2/msg/FeatureLocations.msg
[7.194s] -- Up-to-date: /root/nav_migration/src/install/navigros2/share/navigros2/msg/FloatList.msg
[7.194s] -- Up-to-date: /root/nav_migration/src/install/navigros2/share/navigros2/srv/SetDist.srv
[7.194s] -- Up-to-date: /root/nav_migration/src/install/navigros2/share/navigros2/srv/SetDist_Request.msg
[7.194s] -- Up-to-date: /root/nav_migration/src/install/navigros2/share/navigros2/srv/SetDist_Response.msg
[7.194s] -- Up-to-date: /root/nav_migration/src/install/navigros2/share/navigros2/srv/SetClockGain.srv
[7.194s] -- Up-to-date: /root/nav_migration/src/install/navigros2/share/navigros2/srv/SetClockGain_Request.msg
[7.194s] -- Up-to-date: /root/nav_migration/src/install/navigros2/share/navigros2/srv/SetClockGain_Response.msg
[7.194s] -- Installing: /root/nav_migration/src/install/navigros2/share/navigros2/action/MapMaker.action
[7.194s] -- Installing: /root/nav_migration/src/install/navigros2/share/navigros2/action/MapRepeater.action
[7.194s] -- Installing: /root/nav_migration/src/install/navigros2/share/ament_index/resource_index/package_run_dependencies/navigros2
[7.194s] -- Installing: /root/nav_migration/src/install/navigros2/share/ament_index/resource_index/parent_prefix_path/navigros2
[7.195s] -- Up-to-date: /root/nav_migration/src/install/navigros2/share/navigros2/environment/ament_prefix_path.sh
[7.195s] -- Installing: /root/nav_migration/src/install/navigros2/share/navigros2/environment/ament_prefix_path.dsv
[7.195s] -- Up-to-date: /root/nav_migration/src/install/navigros2/share/navigros2/environment/path.sh
[7.195s] -- Installing: /root/nav_migration/src/install/navigros2/share/navigros2/environment/path.dsv
[7.195s] -- Up-to-date: /root/nav_migration/src/install/navigros2/share/navigros2/local_setup.bash
[7.195s] -- Up-to-date: /root/nav_migration/src/install/navigros2/share/navigros2/local_setup.sh
[7.195s] -- Up-to-date: /root/nav_migration/src/install/navigros2/share/navigros2/local_setup.zsh
[7.195s] -- Installing: /root/nav_migration/src/install/navigros2/share/navigros2/local_setup.dsv
[7.195s] -- Installing: /root/nav_migration/src/install/navigros2/share/navigros2/package.dsv
[7.196s] -- Up-to-date: /root/nav_migration/src/install/navigros2/share/ament_index/resource_index/packages/navigros2
[7.196s] -- Old export file "/root/nav_migration/src/install/navigros2/share/navigros2/cmake/export_navigros2__rosidl_generator_cExport.cmake" will be replaced.  Removing files [/root/nav_migration/src/install/navigros2/share/navigros2/cmake/export_navigros2__rosidl_generator_cExport-noconfig.cmake].
[7.196s] -- Installing: /root/nav_migration/src/install/navigros2/share/navigros2/cmake/export_navigros2__rosidl_generator_cExport.cmake
[7.196s] -- Installing: /root/nav_migration/src/install/navigros2/share/navigros2/cmake/export_navigros2__rosidl_generator_cExport-noconfig.cmake
[7.196s] -- Old export file "/root/nav_migration/src/install/navigros2/share/navigros2/cmake/export_navigros2__rosidl_typesupport_fastrtps_cExport.cmake" will be replaced.  Removing files [/root/nav_migration/src/install/navigros2/share/navigros2/cmake/export_navigros2__rosidl_typesupport_fastrtps_cExport-noconfig.cmake].
[7.196s] -- Installing: /root/nav_migration/src/install/navigros2/share/navigros2/cmake/export_navigros2__rosidl_typesupport_fastrtps_cExport.cmake
[7.196s] -- Installing: /root/nav_migration/src/install/navigros2/share/navigros2/cmake/export_navigros2__rosidl_typesupport_fastrtps_cExport-noconfig.cmake
[7.196s] -- Old export file "/root/nav_migration/src/install/navigros2/share/navigros2/cmake/navigros2__rosidl_typesupport_introspection_cExport.cmake" will be replaced.  Removing files [/root/nav_migration/src/install/navigros2/share/navigros2/cmake/navigros2__rosidl_typesupport_introspection_cExport-noconfig.cmake].
[7.196s] -- Installing: /root/nav_migration/src/install/navigros2/share/navigros2/cmake/navigros2__rosidl_typesupport_introspection_cExport.cmake
[7.197s] -- Installing: /root/nav_migration/src/install/navigros2/share/navigros2/cmake/navigros2__rosidl_typesupport_introspection_cExport-noconfig.cmake
[7.197s] -- Old export file "/root/nav_migration/src/install/navigros2/share/navigros2/cmake/navigros2__rosidl_typesupport_cExport.cmake" will be replaced.  Removing files [/root/nav_migration/src/install/navigros2/share/navigros2/cmake/navigros2__rosidl_typesupport_cExport-noconfig.cmake].
[7.197s] -- Installing: /root/nav_migration/src/install/navigros2/share/navigros2/cmake/navigros2__rosidl_typesupport_cExport.cmake
[7.197s] -- Installing: /root/nav_migration/src/install/navigros2/share/navigros2/cmake/navigros2__rosidl_typesupport_cExport-noconfig.cmake
[7.197s] -- Installing: /root/nav_migration/src/install/navigros2/share/navigros2/cmake/export_navigros2__rosidl_generator_cppExport.cmake
[7.197s] -- Old export file "/root/nav_migration/src/install/navigros2/share/navigros2/cmake/export_navigros2__rosidl_typesupport_fastrtps_cppExport.cmake" will be replaced.  Removing files [/root/nav_migration/src/install/navigros2/share/navigros2/cmake/export_navigros2__rosidl_typesupport_fastrtps_cppExport-noconfig.cmake].
[7.197s] -- Installing: /root/nav_migration/src/install/navigros2/share/navigros2/cmake/export_navigros2__rosidl_typesupport_fastrtps_cppExport.cmake
[7.198s] -- Installing: /root/nav_migration/src/install/navigros2/share/navigros2/cmake/export_navigros2__rosidl_typesupport_fastrtps_cppExport-noconfig.cmake
[7.198s] -- Old export file "/root/nav_migration/src/install/navigros2/share/navigros2/cmake/navigros2__rosidl_typesupport_introspection_cppExport.cmake" will be replaced.  Removing files [/root/nav_migration/src/install/navigros2/share/navigros2/cmake/navigros2__rosidl_typesupport_introspection_cppExport-noconfig.cmake].
[7.198s] -- Installing: /root/nav_migration/src/install/navigros2/share/navigros2/cmake/navigros2__rosidl_typesupport_introspection_cppExport.cmake
[7.198s] -- Installing: /root/nav_migration/src/install/navigros2/share/navigros2/cmake/navigros2__rosidl_typesupport_introspection_cppExport-noconfig.cmake
[7.198s] -- Old export file "/root/nav_migration/src/install/navigros2/share/navigros2/cmake/navigros2__rosidl_typesupport_cppExport.cmake" will be replaced.  Removing files [/root/nav_migration/src/install/navigros2/share/navigros2/cmake/navigros2__rosidl_typesupport_cppExport-noconfig.cmake].
[7.198s] -- Installing: /root/nav_migration/src/install/navigros2/share/navigros2/cmake/navigros2__rosidl_typesupport_cppExport.cmake
[7.198s] -- Installing: /root/nav_migration/src/install/navigros2/share/navigros2/cmake/navigros2__rosidl_typesupport_cppExport-noconfig.cmake
[7.198s] -- Old export file "/root/nav_migration/src/install/navigros2/share/navigros2/cmake/export_navigros2__rosidl_generator_pyExport.cmake" will be replaced.  Removing files [/root/nav_migration/src/install/navigros2/share/navigros2/cmake/export_navigros2__rosidl_generator_pyExport-noconfig.cmake].
[7.198s] -- Installing: /root/nav_migration/src/install/navigros2/share/navigros2/cmake/export_navigros2__rosidl_generator_pyExport.cmake
[7.199s] -- Installing: /root/nav_migration/src/install/navigros2/share/navigros2/cmake/export_navigros2__rosidl_generator_pyExport-noconfig.cmake
[7.201s] -- Installing: /root/nav_migration/src/install/navigros2/share/navigros2/cmake/rosidl_cmake-extras.cmake
[7.201s] -- Installing: /root/nav_migration/src/install/navigros2/share/navigros2/cmake/ament_cmake_export_dependencies-extras.cmake
[7.201s] -- Up-to-date: /root/nav_migration/src/install/navigros2/share/navigros2/cmake/ament_cmake_export_include_directories-extras.cmake
[7.202s] -- Up-to-date: /root/nav_migration/src/install/navigros2/share/navigros2/cmake/ament_cmake_export_libraries-extras.cmake
[7.202s] -- Up-to-date: /root/nav_migration/src/install/navigros2/share/navigros2/cmake/ament_cmake_export_targets-extras.cmake
[7.202s] -- Up-to-date: /root/nav_migration/src/install/navigros2/share/navigros2/cmake/rosidl_cmake_export_typesupport_targets-extras.cmake
[7.202s] -- Up-to-date: /root/nav_migration/src/install/navigros2/share/navigros2/cmake/rosidl_cmake_export_typesupport_libraries-extras.cmake
[7.202s] -- Up-to-date: /root/nav_migration/src/install/navigros2/share/navigros2/cmake/navigros2Config.cmake
[7.202s] -- Up-to-date: /root/nav_migration/src/install/navigros2/share/navigros2/cmake/navigros2Config-version.cmake
[7.202s] -- Installing: /root/nav_migration/src/install/navigros2/share/navigros2/package.xml
[7.203s] Invoked command in '/root/nav_migration/src/build/navigros2' returned '0': CMAKE_PREFIX_PATH=${CMAKE_PREFIX_PATH}:/opt/ros/humble /usr/bin/cmake --install /root/nav_migration/src/build/navigros2
