[0.022s] Invoking command in '/root/nav_migration/src/build/husky_viz': AMENT_PREFIX_PATH=/root/nav_migration/src/install/husky_description:${AMENT_PREFIX_PATH} CMAKE_PREFIX_PATH=/root/nav_migration/src/install/husky_description:/root/clearpath_ws/install/clearpath_common:/root/clearpath_ws/install/clearpath_generator_common:/root/clearpath_ws/install/clearpath_description:/root/clearpath_ws/install/clearpath_sensors_description:/root/clearpath_ws/install/clearpath_platform:/root/clearpath_ws/install/clearpath_msgs:/root/clearpath_ws/install/clearpath_platform_msgs:/root/clearpath_ws/install/clearpath_platform_description:/root/clearpath_ws/install/clearpath_mounts_description:/root/clearpath_ws/install/clearpath_manipulators:/root/clearpath_ws/install/clearpath_manipulators_description:/root/clearpath_ws/install/clearpath_customization:/root/clearpath_ws/install/clearpath_control:/root/clearpath_ws/install/clearpath_config:/opt/ros/humble /usr/bin/cmake /root/nav_migration/src/husky-humble/husky_viz -DCMAKE_INSTALL_PREFIX=/root/nav_migration/src/install/husky_viz
[0.099s] -- The C compiler identification is GNU 11.4.0
[0.281s] -- The CXX compiler identification is GNU 11.4.0
[0.394s] -- Detecting C compiler ABI info
[0.475s] -- Detecting C compiler ABI info - done
[0.480s] -- Check for working C compiler: /usr/bin/cc - skipped
[0.480s] -- Detecting C compile features
[0.480s] -- Detecting C compile features - done
[0.482s] -- Detecting CXX compiler ABI info
[0.568s] -- Detecting CXX compiler ABI info - done
[0.572s] -- Check for working CXX compiler: /usr/bin/c++ - skipped
[0.572s] -- Detecting CXX compile features
[0.573s] -- Detecting CXX compile features - done
[0.574s] -- Found ament_cmake: 1.3.10 (/opt/ros/humble/share/ament_cmake/cmake)
[0.724s] -- Found Python3: /usr/bin/python3 (found version "3.10.12") found components: Interpreter 
[0.864s] -- Configuring done
[0.867s] -- Generating done
[0.867s] -- Build files have been written to: /root/nav_migration/src/build/husky_viz
[0.875s] Invoked command in '/root/nav_migration/src/build/husky_viz' returned '0': AMENT_PREFIX_PATH=/root/nav_migration/src/install/husky_description:${AMENT_PREFIX_PATH} CMAKE_PREFIX_PATH=/root/nav_migration/src/install/husky_description:/root/clearpath_ws/install/clearpath_common:/root/clearpath_ws/install/clearpath_generator_common:/root/clearpath_ws/install/clearpath_description:/root/clearpath_ws/install/clearpath_sensors_description:/root/clearpath_ws/install/clearpath_platform:/root/clearpath_ws/install/clearpath_msgs:/root/clearpath_ws/install/clearpath_platform_msgs:/root/clearpath_ws/install/clearpath_platform_description:/root/clearpath_ws/install/clearpath_mounts_description:/root/clearpath_ws/install/clearpath_manipulators:/root/clearpath_ws/install/clearpath_manipulators_description:/root/clearpath_ws/install/clearpath_customization:/root/clearpath_ws/install/clearpath_control:/root/clearpath_ws/install/clearpath_config:/opt/ros/humble /usr/bin/cmake /root/nav_migration/src/husky-humble/husky_viz -DCMAKE_INSTALL_PREFIX=/root/nav_migration/src/install/husky_viz
[0.875s] Invoking command in '/root/nav_migration/src/build/husky_viz': AMENT_PREFIX_PATH=/root/nav_migration/src/install/husky_description:${AMENT_PREFIX_PATH} CMAKE_PREFIX_PATH=/root/nav_migration/src/install/husky_description:/root/clearpath_ws/install/clearpath_common:/root/clearpath_ws/install/clearpath_generator_common:/root/clearpath_ws/install/clearpath_description:/root/clearpath_ws/install/clearpath_sensors_description:/root/clearpath_ws/install/clearpath_platform:/root/clearpath_ws/install/clearpath_msgs:/root/clearpath_ws/install/clearpath_platform_msgs:/root/clearpath_ws/install/clearpath_platform_description:/root/clearpath_ws/install/clearpath_mounts_description:/root/clearpath_ws/install/clearpath_manipulators:/root/clearpath_ws/install/clearpath_manipulators_description:/root/clearpath_ws/install/clearpath_customization:/root/clearpath_ws/install/clearpath_control:/root/clearpath_ws/install/clearpath_config:/opt/ros/humble /usr/bin/cmake --build /root/nav_migration/src/build/husky_viz -- -j22 -l22
[0.906s] Invoked command in '/root/nav_migration/src/build/husky_viz' returned '0': AMENT_PREFIX_PATH=/root/nav_migration/src/install/husky_description:${AMENT_PREFIX_PATH} CMAKE_PREFIX_PATH=/root/nav_migration/src/install/husky_description:/root/clearpath_ws/install/clearpath_common:/root/clearpath_ws/install/clearpath_generator_common:/root/clearpath_ws/install/clearpath_description:/root/clearpath_ws/install/clearpath_sensors_description:/root/clearpath_ws/install/clearpath_platform:/root/clearpath_ws/install/clearpath_msgs:/root/clearpath_ws/install/clearpath_platform_msgs:/root/clearpath_ws/install/clearpath_platform_description:/root/clearpath_ws/install/clearpath_mounts_description:/root/clearpath_ws/install/clearpath_manipulators:/root/clearpath_ws/install/clearpath_manipulators_description:/root/clearpath_ws/install/clearpath_customization:/root/clearpath_ws/install/clearpath_control:/root/clearpath_ws/install/clearpath_config:/opt/ros/humble /usr/bin/cmake --build /root/nav_migration/src/build/husky_viz -- -j22 -l22
[0.929s] Invoking command in '/root/nav_migration/src/build/husky_viz': AMENT_PREFIX_PATH=/root/nav_migration/src/install/husky_description:${AMENT_PREFIX_PATH} CMAKE_PREFIX_PATH=/root/nav_migration/src/install/husky_description:/root/clearpath_ws/install/clearpath_common:/root/clearpath_ws/install/clearpath_generator_common:/root/clearpath_ws/install/clearpath_description:/root/clearpath_ws/install/clearpath_sensors_description:/root/clearpath_ws/install/clearpath_platform:/root/clearpath_ws/install/clearpath_msgs:/root/clearpath_ws/install/clearpath_platform_msgs:/root/clearpath_ws/install/clearpath_platform_description:/root/clearpath_ws/install/clearpath_mounts_description:/root/clearpath_ws/install/clearpath_manipulators:/root/clearpath_ws/install/clearpath_manipulators_description:/root/clearpath_ws/install/clearpath_customization:/root/clearpath_ws/install/clearpath_control:/root/clearpath_ws/install/clearpath_config:/opt/ros/humble /usr/bin/cmake --install /root/nav_migration/src/build/husky_viz
[0.936s] -- Install configuration: ""
[0.936s] -- Installing: /root/nav_migration/src/install/husky_viz/share/husky_viz/launch
[0.937s] -- Installing: /root/nav_migration/src/install/husky_viz/share/husky_viz/launch/view_model_launch.py
[0.938s] -- Installing: /root/nav_migration/src/install/husky_viz/share/husky_viz/launch/view_robot_launch.py
[0.938s] -- Installing: /root/nav_migration/src/install/husky_viz/share/husky_viz/launch/view_robot.launch
[0.938s] -- Installing: /root/nav_migration/src/install/husky_viz/share/husky_viz/launch/view_model.launch
[0.938s] -- Installing: /root/nav_migration/src/install/husky_viz/share/husky_viz/rviz
[0.938s] -- Installing: /root/nav_migration/src/install/husky_viz/share/husky_viz/rviz/test.rviz
[0.938s] -- Installing: /root/nav_migration/src/install/husky_viz/share/husky_viz/rviz/robot.rviz
[0.938s] -- Installing: /root/nav_migration/src/install/husky_viz/share/husky_viz/rviz/model.rviz
[0.938s] -- Installing: /root/nav_migration/src/install/husky_viz/share/ament_index/resource_index/package_run_dependencies/husky_viz
[0.939s] -- Installing: /root/nav_migration/src/install/husky_viz/share/ament_index/resource_index/parent_prefix_path/husky_viz
[0.939s] -- Installing: /root/nav_migration/src/install/husky_viz/share/husky_viz/environment/ament_prefix_path.sh
[0.940s] -- Installing: /root/nav_migration/src/install/husky_viz/share/husky_viz/environment/ament_prefix_path.dsv
[0.940s] -- Installing: /root/nav_migration/src/install/husky_viz/share/husky_viz/environment/path.sh
[0.940s] -- Installing: /root/nav_migration/src/install/husky_viz/share/husky_viz/environment/path.dsv
[0.940s] -- Installing: /root/nav_migration/src/install/husky_viz/share/husky_viz/local_setup.bash
[0.940s] -- Installing: /root/nav_migration/src/install/husky_viz/share/husky_viz/local_setup.sh
[0.941s] -- Installing: /root/nav_migration/src/install/husky_viz/share/husky_viz/local_setup.zsh
[0.941s] -- Installing: /root/nav_migration/src/install/husky_viz/share/husky_viz/local_setup.dsv
[0.941s] -- Installing: /root/nav_migration/src/install/husky_viz/share/husky_viz/package.dsv
[0.941s] -- Installing: /root/nav_migration/src/install/husky_viz/share/ament_index/resource_index/packages/husky_viz
[0.941s] -- Installing: /root/nav_migration/src/install/husky_viz/share/husky_viz/cmake/husky_vizConfig.cmake
[0.941s] -- Installing: /root/nav_migration/src/install/husky_viz/share/husky_viz/cmake/husky_vizConfig-version.cmake
[0.941s] -- Installing: /root/nav_migration/src/install/husky_viz/share/husky_viz/package.xml
[0.945s] Invoked command in '/root/nav_migration/src/build/husky_viz' returned '0': AMENT_PREFIX_PATH=/root/nav_migration/src/install/husky_description:${AMENT_PREFIX_PATH} CMAKE_PREFIX_PATH=/root/nav_migration/src/install/husky_description:/root/clearpath_ws/install/clearpath_common:/root/clearpath_ws/install/clearpath_generator_common:/root/clearpath_ws/install/clearpath_description:/root/clearpath_ws/install/clearpath_sensors_description:/root/clearpath_ws/install/clearpath_platform:/root/clearpath_ws/install/clearpath_msgs:/root/clearpath_ws/install/clearpath_platform_msgs:/root/clearpath_ws/install/clearpath_platform_description:/root/clearpath_ws/install/clearpath_mounts_description:/root/clearpath_ws/install/clearpath_manipulators:/root/clearpath_ws/install/clearpath_manipulators_description:/root/clearpath_ws/install/clearpath_customization:/root/clearpath_ws/install/clearpath_control:/root/clearpath_ws/install/clearpath_config:/opt/ros/humble /usr/bin/cmake --install /root/nav_migration/src/build/husky_viz
