[0.012s] Invoking command in '/root/nav_migration/src/build/husky_msgs': CMAKE_PREFIX_PATH=${CMAKE_PREFIX_PATH}:/root/clearpath_ws/install/clearpath_config:/opt/ros/humble /usr/bin/cmake --build /root/nav_migration/src/build/husky_msgs -- -j22 -l22
[0.046s] [  9%] Built target husky_msgs__rosidl_generator_c
[0.046s] [ 12%] Built target husky_msgs__cpp
[0.051s] [ 12%] Built target ament_cmake_python_copy_husky_msgs
[0.062s] [ 38%] Built target husky_msgs__rosidl_typesupport_introspection_c
[0.063s] [ 38%] Built target husky_msgs__rosidl_typesupport_c
[0.063s] [ 41%] Built target husky_msgs__rosidl_typesupport_cpp
[0.065s] [ 51%] Built target husky_msgs__rosidl_typesupport_introspection_cpp
[0.070s] [ 61%] Built target husky_msgs__rosidl_typesupport_fastrtps_cpp
[0.073s] [ 70%] Built target husky_msgs__rosidl_typesupport_fastrtps_c
[0.080s] [ 70%] Built target husky_msgs
[0.091s] [ 74%] Built target husky_msgs__py
[0.104s] [ 80%] Built target husky_msgs__rosidl_generator_py
[0.117s] [ 87%] Built target husky_msgs__rosidl_typesupport_fastrtps_c__pyext
[0.119s] [ 93%] Built target husky_msgs__rosidl_typesupport_c__pyext
[0.121s] [100%] Built target husky_msgs__rosidl_typesupport_introspection_c__pyext
[0.212s] running egg_info
[0.212s] writing husky_msgs.egg-info/PKG-INFO
[0.213s] writing dependency_links to husky_msgs.egg-info/dependency_links.txt
[0.213s] writing top-level names to husky_msgs.egg-info/top_level.txt
[0.214s] reading manifest file 'husky_msgs.egg-info/SOURCES.txt'
[0.214s] writing manifest file 'husky_msgs.egg-info/SOURCES.txt'
[0.232s] [100%] Built target ament_cmake_python_build_husky_msgs_egg
[0.239s] Invoked command in '/root/nav_migration/src/build/husky_msgs' returned '0': CMAKE_PREFIX_PATH=${CMAKE_PREFIX_PATH}:/root/clearpath_ws/install/clearpath_config:/opt/ros/humble /usr/bin/cmake --build /root/nav_migration/src/build/husky_msgs -- -j22 -l22
[0.275s] Invoking command in '/root/nav_migration/src/build/husky_msgs': CMAKE_PREFIX_PATH=${CMAKE_PREFIX_PATH}:/root/clearpath_ws/install/clearpath_config:/opt/ros/humble /usr/bin/cmake --install /root/nav_migration/src/build/husky_msgs
[0.280s] -- Install configuration: ""
[0.280s] -- Up-to-date: /root/nav_migration/src/install/husky_msgs/share/ament_index/resource_index/rosidl_interfaces/husky_msgs
[0.281s] -- Up-to-date: /root/nav_migration/src/install/husky_msgs/include/husky_msgs/husky_msgs
[0.281s] -- Up-to-date: /root/nav_migration/src/install/husky_msgs/include/husky_msgs/husky_msgs/msg
[0.281s] -- Up-to-date: /root/nav_migration/src/install/husky_msgs/include/husky_msgs/husky_msgs/msg/rosidl_generator_c__visibility_control.h
[0.281s] -- Up-to-date: /root/nav_migration/src/install/husky_msgs/include/husky_msgs/husky_msgs/msg/detail
[0.281s] -- Up-to-date: /root/nav_migration/src/install/husky_msgs/include/husky_msgs/husky_msgs/msg/detail/husky_status__functions.h
[0.281s] -- Up-to-date: /root/nav_migration/src/install/husky_msgs/include/husky_msgs/husky_msgs/msg/detail/husky_status__struct.h
[0.281s] -- Up-to-date: /root/nav_migration/src/install/husky_msgs/include/husky_msgs/husky_msgs/msg/detail/husky_status__functions.c
[0.281s] -- Up-to-date: /root/nav_migration/src/install/husky_msgs/include/husky_msgs/husky_msgs/msg/detail/husky_status__type_support.h
[0.282s] -- Up-to-date: /root/nav_migration/src/install/husky_msgs/include/husky_msgs/husky_msgs/msg/husky_status.h
[0.282s] -- Up-to-date: /root/nav_migration/src/install/husky_msgs/share/husky_msgs/environment/library_path.sh
[0.282s] -- Up-to-date: /root/nav_migration/src/install/husky_msgs/share/husky_msgs/environment/library_path.dsv
[0.282s] -- Up-to-date: /root/nav_migration/src/install/husky_msgs/lib/libhusky_msgs__rosidl_generator_c.so
[0.282s] -- Up-to-date: /root/nav_migration/src/install/husky_msgs/include/husky_msgs/husky_msgs
[0.282s] -- Up-to-date: /root/nav_migration/src/install/husky_msgs/include/husky_msgs/husky_msgs/msg
[0.282s] -- Up-to-date: /root/nav_migration/src/install/husky_msgs/include/husky_msgs/husky_msgs/msg/detail
[0.282s] -- Up-to-date: /root/nav_migration/src/install/husky_msgs/include/husky_msgs/husky_msgs/msg/detail/husky_status__rosidl_typesupport_fastrtps_c.h
[0.283s] -- Up-to-date: /root/nav_migration/src/install/husky_msgs/include/husky_msgs/husky_msgs/msg/rosidl_typesupport_fastrtps_c__visibility_control.h
[0.283s] -- Up-to-date: /root/nav_migration/src/install/husky_msgs/lib/libhusky_msgs__rosidl_typesupport_fastrtps_c.so
[0.283s] -- Up-to-date: /root/nav_migration/src/install/husky_msgs/include/husky_msgs/husky_msgs
[0.283s] -- Up-to-date: /root/nav_migration/src/install/husky_msgs/include/husky_msgs/husky_msgs/msg
[0.283s] -- Up-to-date: /root/nav_migration/src/install/husky_msgs/include/husky_msgs/husky_msgs/msg/detail
[0.283s] -- Up-to-date: /root/nav_migration/src/install/husky_msgs/include/husky_msgs/husky_msgs/msg/detail/husky_status__traits.hpp
[0.283s] -- Up-to-date: /root/nav_migration/src/install/husky_msgs/include/husky_msgs/husky_msgs/msg/detail/husky_status__builder.hpp
[0.283s] -- Up-to-date: /root/nav_migration/src/install/husky_msgs/include/husky_msgs/husky_msgs/msg/detail/husky_status__struct.hpp
[0.284s] -- Up-to-date: /root/nav_migration/src/install/husky_msgs/include/husky_msgs/husky_msgs/msg/husky_status.hpp
[0.284s] -- Up-to-date: /root/nav_migration/src/install/husky_msgs/include/husky_msgs/husky_msgs
[0.284s] -- Up-to-date: /root/nav_migration/src/install/husky_msgs/include/husky_msgs/husky_msgs/msg
[0.284s] -- Up-to-date: /root/nav_migration/src/install/husky_msgs/include/husky_msgs/husky_msgs/msg/detail
[0.284s] -- Up-to-date: /root/nav_migration/src/install/husky_msgs/include/husky_msgs/husky_msgs/msg/detail/husky_status__rosidl_typesupport_fastrtps_cpp.hpp
[0.284s] -- Up-to-date: /root/nav_migration/src/install/husky_msgs/include/husky_msgs/husky_msgs/msg/detail/dds_fastrtps
[0.284s] -- Up-to-date: /root/nav_migration/src/install/husky_msgs/include/husky_msgs/husky_msgs/msg/rosidl_typesupport_fastrtps_cpp__visibility_control.h
[0.284s] -- Up-to-date: /root/nav_migration/src/install/husky_msgs/lib/libhusky_msgs__rosidl_typesupport_fastrtps_cpp.so
[0.284s] -- Up-to-date: /root/nav_migration/src/install/husky_msgs/include/husky_msgs/husky_msgs
[0.284s] -- Up-to-date: /root/nav_migration/src/install/husky_msgs/include/husky_msgs/husky_msgs/msg
[0.284s] -- Up-to-date: /root/nav_migration/src/install/husky_msgs/include/husky_msgs/husky_msgs/msg/detail
[0.285s] -- Up-to-date: /root/nav_migration/src/install/husky_msgs/include/husky_msgs/husky_msgs/msg/detail/husky_status__type_support.c
[0.285s] -- Up-to-date: /root/nav_migration/src/install/husky_msgs/include/husky_msgs/husky_msgs/msg/detail/husky_status__rosidl_typesupport_introspection_c.h
[0.285s] -- Up-to-date: /root/nav_migration/src/install/husky_msgs/include/husky_msgs/husky_msgs/msg/rosidl_typesupport_introspection_c__visibility_control.h
[0.285s] -- Up-to-date: /root/nav_migration/src/install/husky_msgs/lib/libhusky_msgs__rosidl_typesupport_introspection_c.so
[0.285s] -- Up-to-date: /root/nav_migration/src/install/husky_msgs/lib/libhusky_msgs__rosidl_typesupport_c.so
[0.285s] -- Up-to-date: /root/nav_migration/src/install/husky_msgs/include/husky_msgs/husky_msgs
[0.285s] -- Up-to-date: /root/nav_migration/src/install/husky_msgs/include/husky_msgs/husky_msgs/msg
[0.285s] -- Up-to-date: /root/nav_migration/src/install/husky_msgs/include/husky_msgs/husky_msgs/msg/detail
[0.286s] -- Up-to-date: /root/nav_migration/src/install/husky_msgs/include/husky_msgs/husky_msgs/msg/detail/husky_status__type_support.cpp
[0.286s] -- Up-to-date: /root/nav_migration/src/install/husky_msgs/include/husky_msgs/husky_msgs/msg/detail/husky_status__rosidl_typesupport_introspection_cpp.hpp
[0.286s] -- Up-to-date: /root/nav_migration/src/install/husky_msgs/lib/libhusky_msgs__rosidl_typesupport_introspection_cpp.so
[0.286s] -- Up-to-date: /root/nav_migration/src/install/husky_msgs/lib/libhusky_msgs__rosidl_typesupport_cpp.so
[0.286s] -- Up-to-date: /root/nav_migration/src/install/husky_msgs/share/husky_msgs/environment/pythonpath.sh
[0.287s] -- Up-to-date: /root/nav_migration/src/install/husky_msgs/share/husky_msgs/environment/pythonpath.dsv
[0.287s] -- Up-to-date: /root/nav_migration/src/install/husky_msgs/local/lib/python3.10/dist-packages/husky_msgs-1.0.8-py3.10.egg-info
[0.288s] -- Installing: /root/nav_migration/src/install/husky_msgs/local/lib/python3.10/dist-packages/husky_msgs-1.0.8-py3.10.egg-info/dependency_links.txt
[0.288s] -- Installing: /root/nav_migration/src/install/husky_msgs/local/lib/python3.10/dist-packages/husky_msgs-1.0.8-py3.10.egg-info/PKG-INFO
[0.288s] -- Installing: /root/nav_migration/src/install/husky_msgs/local/lib/python3.10/dist-packages/husky_msgs-1.0.8-py3.10.egg-info/SOURCES.txt
[0.288s] -- Installing: /root/nav_migration/src/install/husky_msgs/local/lib/python3.10/dist-packages/husky_msgs-1.0.8-py3.10.egg-info/top_level.txt
[0.288s] -- Up-to-date: /root/nav_migration/src/install/husky_msgs/local/lib/python3.10/dist-packages/husky_msgs
[0.288s] -- Up-to-date: /root/nav_migration/src/install/husky_msgs/local/lib/python3.10/dist-packages/husky_msgs/_husky_msgs_s.ep.rosidl_typesupport_introspection_c.c
[0.289s] -- Up-to-date: /root/nav_migration/src/install/husky_msgs/local/lib/python3.10/dist-packages/husky_msgs/msg
[0.289s] -- Up-to-date: /root/nav_migration/src/install/husky_msgs/local/lib/python3.10/dist-packages/husky_msgs/msg/_husky_status_s.c
[0.289s] -- Up-to-date: /root/nav_migration/src/install/husky_msgs/local/lib/python3.10/dist-packages/husky_msgs/msg/_husky_status.py
[0.289s] -- Up-to-date: /root/nav_migration/src/install/husky_msgs/local/lib/python3.10/dist-packages/husky_msgs/msg/__init__.py
[0.289s] -- Up-to-date: /root/nav_migration/src/install/husky_msgs/local/lib/python3.10/dist-packages/husky_msgs/husky_msgs_s__rosidl_typesupport_fastrtps_c.cpython-310-x86_64-linux-gnu.so
[0.289s] -- Up-to-date: /root/nav_migration/src/install/husky_msgs/local/lib/python3.10/dist-packages/husky_msgs/husky_msgs_s__rosidl_typesupport_c.cpython-310-x86_64-linux-gnu.so
[0.289s] -- Up-to-date: /root/nav_migration/src/install/husky_msgs/local/lib/python3.10/dist-packages/husky_msgs/husky_msgs_s__rosidl_typesupport_introspection_c.cpython-310-x86_64-linux-gnu.so
[0.289s] -- Up-to-date: /root/nav_migration/src/install/husky_msgs/local/lib/python3.10/dist-packages/husky_msgs/libhusky_msgs__rosidl_generator_py.so
[0.289s] -- Up-to-date: /root/nav_migration/src/install/husky_msgs/local/lib/python3.10/dist-packages/husky_msgs/_husky_msgs_s.ep.rosidl_typesupport_fastrtps_c.c
[0.289s] -- Up-to-date: /root/nav_migration/src/install/husky_msgs/local/lib/python3.10/dist-packages/husky_msgs/__init__.py
[0.289s] -- Up-to-date: /root/nav_migration/src/install/husky_msgs/local/lib/python3.10/dist-packages/husky_msgs/_husky_msgs_s.ep.rosidl_typesupport_c.c
[0.303s] Listing '/root/nav_migration/src/install/husky_msgs/local/lib/python3.10/dist-packages/husky_msgs'...
[0.303s] Listing '/root/nav_migration/src/install/husky_msgs/local/lib/python3.10/dist-packages/husky_msgs/msg'...
[0.306s] -- Up-to-date: /root/nav_migration/src/install/husky_msgs/local/lib/python3.10/dist-packages/husky_msgs/husky_msgs_s__rosidl_typesupport_fastrtps_c.cpython-310-x86_64-linux-gnu.so
[0.306s] -- Up-to-date: /root/nav_migration/src/install/husky_msgs/local/lib/python3.10/dist-packages/husky_msgs/husky_msgs_s__rosidl_typesupport_introspection_c.cpython-310-x86_64-linux-gnu.so
[0.306s] -- Up-to-date: /root/nav_migration/src/install/husky_msgs/local/lib/python3.10/dist-packages/husky_msgs/husky_msgs_s__rosidl_typesupport_c.cpython-310-x86_64-linux-gnu.so
[0.307s] -- Up-to-date: /root/nav_migration/src/install/husky_msgs/lib/libhusky_msgs__rosidl_generator_py.so
[0.307s] -- Up-to-date: /root/nav_migration/src/install/husky_msgs/share/husky_msgs/msg/HuskyStatus.idl
[0.308s] -- Up-to-date: /root/nav_migration/src/install/husky_msgs/share/husky_msgs/msg/HuskyStatus.msg
[0.308s] -- Up-to-date: /root/nav_migration/src/install/husky_msgs/share/ament_index/resource_index/package_run_dependencies/husky_msgs
[0.308s] -- Up-to-date: /root/nav_migration/src/install/husky_msgs/share/ament_index/resource_index/parent_prefix_path/husky_msgs
[0.308s] -- Up-to-date: /root/nav_migration/src/install/husky_msgs/share/husky_msgs/environment/ament_prefix_path.sh
[0.308s] -- Up-to-date: /root/nav_migration/src/install/husky_msgs/share/husky_msgs/environment/ament_prefix_path.dsv
[0.308s] -- Up-to-date: /root/nav_migration/src/install/husky_msgs/share/husky_msgs/environment/path.sh
[0.308s] -- Up-to-date: /root/nav_migration/src/install/husky_msgs/share/husky_msgs/environment/path.dsv
[0.308s] -- Up-to-date: /root/nav_migration/src/install/husky_msgs/share/husky_msgs/local_setup.bash
[0.308s] -- Up-to-date: /root/nav_migration/src/install/husky_msgs/share/husky_msgs/local_setup.sh
[0.309s] -- Up-to-date: /root/nav_migration/src/install/husky_msgs/share/husky_msgs/local_setup.zsh
[0.309s] -- Up-to-date: /root/nav_migration/src/install/husky_msgs/share/husky_msgs/local_setup.dsv
[0.309s] -- Installing: /root/nav_migration/src/install/husky_msgs/share/husky_msgs/package.dsv
[0.309s] -- Up-to-date: /root/nav_migration/src/install/husky_msgs/share/ament_index/resource_index/packages/husky_msgs
[0.309s] -- Up-to-date: /root/nav_migration/src/install/husky_msgs/share/husky_msgs/cmake/export_husky_msgs__rosidl_generator_cExport.cmake
[0.309s] -- Up-to-date: /root/nav_migration/src/install/husky_msgs/share/husky_msgs/cmake/export_husky_msgs__rosidl_generator_cExport-noconfig.cmake
[0.309s] -- Up-to-date: /root/nav_migration/src/install/husky_msgs/share/husky_msgs/cmake/export_husky_msgs__rosidl_typesupport_fastrtps_cExport.cmake
[0.310s] -- Up-to-date: /root/nav_migration/src/install/husky_msgs/share/husky_msgs/cmake/export_husky_msgs__rosidl_typesupport_fastrtps_cExport-noconfig.cmake
[0.310s] -- Up-to-date: /root/nav_migration/src/install/husky_msgs/share/husky_msgs/cmake/export_husky_msgs__rosidl_generator_cppExport.cmake
[0.310s] -- Up-to-date: /root/nav_migration/src/install/husky_msgs/share/husky_msgs/cmake/export_husky_msgs__rosidl_typesupport_fastrtps_cppExport.cmake
[0.310s] -- Up-to-date: /root/nav_migration/src/install/husky_msgs/share/husky_msgs/cmake/export_husky_msgs__rosidl_typesupport_fastrtps_cppExport-noconfig.cmake
[0.310s] -- Up-to-date: /root/nav_migration/src/install/husky_msgs/share/husky_msgs/cmake/husky_msgs__rosidl_typesupport_introspection_cExport.cmake
[0.310s] -- Up-to-date: /root/nav_migration/src/install/husky_msgs/share/husky_msgs/cmake/husky_msgs__rosidl_typesupport_introspection_cExport-noconfig.cmake
[0.310s] -- Up-to-date: /root/nav_migration/src/install/husky_msgs/share/husky_msgs/cmake/husky_msgs__rosidl_typesupport_cExport.cmake
[0.310s] -- Up-to-date: /root/nav_migration/src/install/husky_msgs/share/husky_msgs/cmake/husky_msgs__rosidl_typesupport_cExport-noconfig.cmake
[0.311s] -- Up-to-date: /root/nav_migration/src/install/husky_msgs/share/husky_msgs/cmake/husky_msgs__rosidl_typesupport_introspection_cppExport.cmake
[0.311s] -- Up-to-date: /root/nav_migration/src/install/husky_msgs/share/husky_msgs/cmake/husky_msgs__rosidl_typesupport_introspection_cppExport-noconfig.cmake
[0.311s] -- Up-to-date: /root/nav_migration/src/install/husky_msgs/share/husky_msgs/cmake/husky_msgs__rosidl_typesupport_cppExport.cmake
[0.311s] -- Up-to-date: /root/nav_migration/src/install/husky_msgs/share/husky_msgs/cmake/husky_msgs__rosidl_typesupport_cppExport-noconfig.cmake
[0.311s] -- Up-to-date: /root/nav_migration/src/install/husky_msgs/share/husky_msgs/cmake/export_husky_msgs__rosidl_generator_pyExport.cmake
[0.311s] -- Up-to-date: /root/nav_migration/src/install/husky_msgs/share/husky_msgs/cmake/export_husky_msgs__rosidl_generator_pyExport-noconfig.cmake
[0.311s] -- Up-to-date: /root/nav_migration/src/install/husky_msgs/share/husky_msgs/cmake/rosidl_cmake-extras.cmake
[0.311s] -- Up-to-date: /root/nav_migration/src/install/husky_msgs/share/husky_msgs/cmake/ament_cmake_export_dependencies-extras.cmake
[0.311s] -- Up-to-date: /root/nav_migration/src/install/husky_msgs/share/husky_msgs/cmake/ament_cmake_export_include_directories-extras.cmake
[0.311s] -- Up-to-date: /root/nav_migration/src/install/husky_msgs/share/husky_msgs/cmake/ament_cmake_export_libraries-extras.cmake
[0.311s] -- Up-to-date: /root/nav_migration/src/install/husky_msgs/share/husky_msgs/cmake/ament_cmake_export_targets-extras.cmake
[0.311s] -- Up-to-date: /root/nav_migration/src/install/husky_msgs/share/husky_msgs/cmake/rosidl_cmake_export_typesupport_targets-extras.cmake
[0.312s] -- Up-to-date: /root/nav_migration/src/install/husky_msgs/share/husky_msgs/cmake/rosidl_cmake_export_typesupport_libraries-extras.cmake
[0.312s] -- Up-to-date: /root/nav_migration/src/install/husky_msgs/share/husky_msgs/cmake/husky_msgsConfig.cmake
[0.312s] -- Up-to-date: /root/nav_migration/src/install/husky_msgs/share/husky_msgs/cmake/husky_msgsConfig-version.cmake
[0.312s] -- Up-to-date: /root/nav_migration/src/install/husky_msgs/share/husky_msgs/package.xml
[0.313s] Invoked command in '/root/nav_migration/src/build/husky_msgs' returned '0': CMAKE_PREFIX_PATH=${CMAKE_PREFIX_PATH}:/root/clearpath_ws/install/clearpath_config:/opt/ros/humble /usr/bin/cmake --install /root/nav_migration/src/build/husky_msgs
