[0.014s] Invoking command in '/root/nav_migration/src/build/navigros2': CMAKE_PREFIX_PATH=${CMAKE_PREFIX_PATH}:/opt/ros/humble /usr/bin/cmake --build /root/nav_migration/src/build/navigros2 -- -j22 -l22
[0.061s] -- Found ament_cmake: 1.3.10 (/opt/ros/humble/share/ament_cmake/cmake)
[0.156s] -- Found rosidl_default_generators: 1.2.0 (/opt/ros/humble/share/rosidl_default_generators/cmake)
[0.158s] -- Using all available rosidl_typesupport_c: rosidl_typesupport_fastrtps_c;rosidl_typesupport_introspection_c
[0.162s] -- Found rosidl_adapter: 3.1.5 (/opt/ros/humble/share/rosidl_adapter/cmake)
[0.264s] -- Using all available rosidl_typesupport_cpp: rosidl_typesupport_fastrtps_cpp;rosidl_typesupport_introspection_cpp
[0.294s] -- Found rclpy: 3.3.14 (/opt/ros/humble/share/rclpy/cmake)
[0.295s] -- Found std_msgs: 4.2.4 (/opt/ros/humble/share/std_msgs/cmake)
[0.326s] -- Found geometry_msgs: 4.2.4 (/opt/ros/humble/share/geometry_msgs/cmake)
[0.341s] -- Found nav_msgs: 4.2.4 (/opt/ros/humble/share/nav_msgs/cmake)
[0.355s] -- Found action_msgs: 1.2.1 (/opt/ros/humble/share/action_msgs/cmake)
[0.564s] -- Found ament_cmake_ros: 0.10.0 (/opt/ros/humble/share/ament_cmake_ros/cmake)
[0.697s] -- Using all available rosidl_typesupport_c: rosidl_typesupport_fastrtps_c;rosidl_typesupport_introspection_c
[0.864s] -- Using all available rosidl_typesupport_cpp: rosidl_typesupport_fastrtps_cpp;rosidl_typesupport_introspection_cpp
[0.879s] -- Found python_cmake_module: 0.10.0 (/opt/ros/humble/share/python_cmake_module/cmake)
[0.894s] -- Using PYTHON_EXECUTABLE: /usr/bin/python3
[0.894s] -- Using PYTHON_INCLUDE_DIRS: /usr/include/python3.10
[0.894s] -- Using PYTHON_LIBRARIES: /usr/lib/x86_64-linux-gnu/libpython3.10.so
[0.925s] -- Configuring done
[0.983s] -- Generating done
[0.985s] -- Build files have been written to: /root/nav_migration/src/build/navigros2
[1.011s] [  1%] Built target navigros2__cpp
[1.011s] [35m[1mConsolidate compiler generated dependencies of target navigros2__rosidl_generator_c[0m
[1.021s] [35m[1mConsolidate compiler generated dependencies of target navigros2__rosidl_typesupport_cpp[0m
[1.022s] [ 12%] Built target navigros2__rosidl_generator_c
[1.022s] [35m[1mConsolidate compiler generated dependencies of target navigros2__rosidl_typesupport_fastrtps_cpp[0m
[1.022s] [35m[1mConsolidate compiler generated dependencies of target navigros2__rosidl_typesupport_introspection_cpp[0m
[1.032s] [ 24%] Built target navigros2__rosidl_typesupport_cpp
[1.033s] [35m[1mConsolidate compiler generated dependencies of target navigros2__rosidl_typesupport_introspection_c[0m
[1.036s] [35m[1mConsolidate compiler generated dependencies of target navigros2__rosidl_typesupport_c[0m
[1.038s] [35m[1mConsolidate compiler generated dependencies of target navigros2__rosidl_typesupport_fastrtps_c[0m
[1.038s] [ 35%] Built target navigros2__rosidl_typesupport_introspection_cpp
[1.041s] [ 46%] Built target navigros2__rosidl_typesupport_fastrtps_cpp
[1.041s] [ 58%] Built target navigros2__rosidl_typesupport_introspection_c
[1.045s] [ 69%] Built target navigros2__rosidl_typesupport_c
[1.046s] [ 69%] Built target ament_cmake_python_copy_navigros2
[1.050s] [ 81%] Built target navigros2__rosidl_typesupport_fastrtps_c
[1.063s] [ 81%] Built target navigros2
[1.077s] [ 82%] Built target navigros2__py
[1.087s] [35m[1mConsolidate compiler generated dependencies of target navigros2__rosidl_generator_py[0m
[1.098s] [ 92%] Built target navigros2__rosidl_generator_py
[1.105s] [35m[1mConsolidate compiler generated dependencies of target navigros2__rosidl_typesupport_introspection_c__pyext[0m
[1.105s] [35m[1mConsolidate compiler generated dependencies of target navigros2__rosidl_typesupport_c__pyext[0m
[1.106s] [35m[1mConsolidate compiler generated dependencies of target navigros2__rosidl_typesupport_fastrtps_c__pyext[0m
[1.114s] [ 94%] Built target navigros2__rosidl_typesupport_c__pyext
[1.114s] [ 97%] Built target navigros2__rosidl_typesupport_introspection_c__pyext
[1.114s] [100%] Built target navigros2__rosidl_typesupport_fastrtps_c__pyext
[1.189s] running egg_info
[1.190s] writing navigros2.egg-info/PKG-INFO
[1.190s] writing dependency_links to navigros2.egg-info/dependency_links.txt
[1.190s] writing top-level names to navigros2.egg-info/top_level.txt
[1.192s] reading manifest file 'navigros2.egg-info/SOURCES.txt'
[1.193s] writing manifest file 'navigros2.egg-info/SOURCES.txt'
[1.209s] [100%] Built target ament_cmake_python_build_navigros2_egg
[1.216s] Invoked command in '/root/nav_migration/src/build/navigros2' returned '0': CMAKE_PREFIX_PATH=${CMAKE_PREFIX_PATH}:/opt/ros/humble /usr/bin/cmake --build /root/nav_migration/src/build/navigros2 -- -j22 -l22
[1.302s] Invoking command in '/root/nav_migration/src/build/navigros2': CMAKE_PREFIX_PATH=${CMAKE_PREFIX_PATH}:/opt/ros/humble /usr/bin/cmake --install /root/nav_migration/src/build/navigros2
[1.306s] -- Install configuration: ""
[1.306s] -- Up-to-date: /root/nav_migration/src/install/navigros2/share/ament_index/resource_index/rosidl_interfaces/navigros2
[1.306s] -- Up-to-date: /root/nav_migration/src/install/navigros2/include/navigros2/navigros2
[1.307s] -- Up-to-date: /root/nav_migration/src/install/navigros2/include/navigros2/navigros2/action
[1.307s] -- Up-to-date: /root/nav_migration/src/install/navigros2/include/navigros2/navigros2/action/map_repeater.h
[1.307s] -- Up-to-date: /root/nav_migration/src/install/navigros2/include/navigros2/navigros2/action/detail
[1.308s] -- Up-to-date: /root/nav_migration/src/install/navigros2/include/navigros2/navigros2/action/detail/map_maker__type_support.h
[1.308s] -- Up-to-date: /root/nav_migration/src/install/navigros2/include/navigros2/navigros2/action/detail/map_repeater__functions.c
[1.308s] -- Up-to-date: /root/nav_migration/src/install/navigros2/include/navigros2/navigros2/action/detail/map_repeater__struct.h
[1.308s] -- Up-to-date: /root/nav_migration/src/install/navigros2/include/navigros2/navigros2/action/detail/map_maker__struct.h
[1.308s] -- Up-to-date: /root/nav_migration/src/install/navigros2/include/navigros2/navigros2/action/detail/map_maker__functions.h
[1.308s] -- Up-to-date: /root/nav_migration/src/install/navigros2/include/navigros2/navigros2/action/detail/map_repeater__type_support.h
[1.308s] -- Up-to-date: /root/nav_migration/src/install/navigros2/include/navigros2/navigros2/action/detail/map_repeater__functions.h
[1.308s] -- Up-to-date: /root/nav_migration/src/install/navigros2/include/navigros2/navigros2/action/detail/map_maker__functions.c
[1.308s] -- Up-to-date: /root/nav_migration/src/install/navigros2/include/navigros2/navigros2/action/map_maker.h
[1.308s] -- Up-to-date: /root/nav_migration/src/install/navigros2/include/navigros2/navigros2/msg
[1.308s] -- Up-to-date: /root/nav_migration/src/install/navigros2/include/navigros2/navigros2/msg/rosidl_generator_c__visibility_control.h
[1.308s] -- Up-to-date: /root/nav_migration/src/install/navigros2/include/navigros2/navigros2/msg/detail
[1.308s] -- Up-to-date: /root/nav_migration/src/install/navigros2/include/navigros2/navigros2/msg/detail/float_list__type_support.h
[1.308s] -- Up-to-date: /root/nav_migration/src/install/navigros2/include/navigros2/navigros2/msg/detail/float_list__functions.c
[1.309s] -- Up-to-date: /root/nav_migration/src/install/navigros2/include/navigros2/navigros2/msg/detail/feature_locations__struct.h
[1.309s] -- Up-to-date: /root/nav_migration/src/install/navigros2/include/navigros2/navigros2/msg/detail/alignment__type_support.h
[1.309s] -- Up-to-date: /root/nav_migration/src/install/navigros2/include/navigros2/navigros2/msg/detail/alignment__struct.h
[1.309s] -- Up-to-date: /root/nav_migration/src/install/navigros2/include/navigros2/navigros2/msg/detail/alignment__functions.c
[1.309s] -- Up-to-date: /root/nav_migration/src/install/navigros2/include/navigros2/navigros2/msg/detail/feature_locations__functions.c
[1.309s] -- Up-to-date: /root/nav_migration/src/install/navigros2/include/navigros2/navigros2/msg/detail/float_list__struct.h
[1.309s] -- Up-to-date: /root/nav_migration/src/install/navigros2/include/navigros2/navigros2/msg/detail/alignment__functions.h
[1.309s] -- Up-to-date: /root/nav_migration/src/install/navigros2/include/navigros2/navigros2/msg/detail/float_list__functions.h
[1.309s] -- Up-to-date: /root/nav_migration/src/install/navigros2/include/navigros2/navigros2/msg/detail/feature_locations__functions.h
[1.309s] -- Up-to-date: /root/nav_migration/src/install/navigros2/include/navigros2/navigros2/msg/detail/feature_locations__type_support.h
[1.309s] -- Up-to-date: /root/nav_migration/src/install/navigros2/include/navigros2/navigros2/msg/alignment.h
[1.309s] -- Up-to-date: /root/nav_migration/src/install/navigros2/include/navigros2/navigros2/msg/float_list.h
[1.309s] -- Up-to-date: /root/nav_migration/src/install/navigros2/include/navigros2/navigros2/msg/feature_locations.h
[1.309s] -- Up-to-date: /root/nav_migration/src/install/navigros2/include/navigros2/navigros2/srv
[1.309s] -- Up-to-date: /root/nav_migration/src/install/navigros2/include/navigros2/navigros2/srv/detail
[1.309s] -- Up-to-date: /root/nav_migration/src/install/navigros2/include/navigros2/navigros2/srv/detail/set_dist__functions.h
[1.309s] -- Up-to-date: /root/nav_migration/src/install/navigros2/include/navigros2/navigros2/srv/detail/set_clock_gain__type_support.h
[1.310s] -- Up-to-date: /root/nav_migration/src/install/navigros2/include/navigros2/navigros2/srv/detail/set_clock_gain__functions.h
[1.310s] -- Up-to-date: /root/nav_migration/src/install/navigros2/include/navigros2/navigros2/srv/detail/set_clock_gain__functions.c
[1.310s] -- Up-to-date: /root/nav_migration/src/install/navigros2/include/navigros2/navigros2/srv/detail/set_dist__functions.c
[1.310s] -- Up-to-date: /root/nav_migration/src/install/navigros2/include/navigros2/navigros2/srv/detail/set_clock_gain__struct.h
[1.310s] -- Up-to-date: /root/nav_migration/src/install/navigros2/include/navigros2/navigros2/srv/detail/set_dist__struct.h
[1.310s] -- Up-to-date: /root/nav_migration/src/install/navigros2/include/navigros2/navigros2/srv/detail/set_dist__type_support.h
[1.310s] -- Up-to-date: /root/nav_migration/src/install/navigros2/include/navigros2/navigros2/srv/set_clock_gain.h
[1.310s] -- Up-to-date: /root/nav_migration/src/install/navigros2/include/navigros2/navigros2/srv/set_dist.h
[1.310s] -- Up-to-date: /root/nav_migration/src/install/navigros2/share/navigros2/environment/library_path.sh
[1.310s] -- Installing: /root/nav_migration/src/install/navigros2/share/navigros2/environment/library_path.dsv
[1.311s] -- Up-to-date: /root/nav_migration/src/install/navigros2/lib/libnavigros2__rosidl_generator_c.so
[1.311s] -- Up-to-date: /root/nav_migration/src/install/navigros2/include/navigros2/navigros2
[1.311s] -- Up-to-date: /root/nav_migration/src/install/navigros2/include/navigros2/navigros2/action
[1.311s] -- Up-to-date: /root/nav_migration/src/install/navigros2/include/navigros2/navigros2/action/detail
[1.312s] -- Up-to-date: /root/nav_migration/src/install/navigros2/include/navigros2/navigros2/action/detail/map_repeater__rosidl_typesupport_fastrtps_c.h
[1.312s] -- Up-to-date: /root/nav_migration/src/install/navigros2/include/navigros2/navigros2/action/detail/map_maker__rosidl_typesupport_fastrtps_c.h
[1.312s] -- Up-to-date: /root/nav_migration/src/install/navigros2/include/navigros2/navigros2/msg
[1.312s] -- Up-to-date: /root/nav_migration/src/install/navigros2/include/navigros2/navigros2/msg/detail
[1.312s] -- Up-to-date: /root/nav_migration/src/install/navigros2/include/navigros2/navigros2/msg/detail/float_list__rosidl_typesupport_fastrtps_c.h
[1.312s] -- Up-to-date: /root/nav_migration/src/install/navigros2/include/navigros2/navigros2/msg/detail/feature_locations__rosidl_typesupport_fastrtps_c.h
[1.312s] -- Up-to-date: /root/nav_migration/src/install/navigros2/include/navigros2/navigros2/msg/detail/alignment__rosidl_typesupport_fastrtps_c.h
[1.312s] -- Up-to-date: /root/nav_migration/src/install/navigros2/include/navigros2/navigros2/msg/rosidl_typesupport_fastrtps_c__visibility_control.h
[1.312s] -- Up-to-date: /root/nav_migration/src/install/navigros2/include/navigros2/navigros2/srv
[1.312s] -- Up-to-date: /root/nav_migration/src/install/navigros2/include/navigros2/navigros2/srv/detail
[1.312s] -- Up-to-date: /root/nav_migration/src/install/navigros2/include/navigros2/navigros2/srv/detail/set_dist__rosidl_typesupport_fastrtps_c.h
[1.312s] -- Up-to-date: /root/nav_migration/src/install/navigros2/include/navigros2/navigros2/srv/detail/set_clock_gain__rosidl_typesupport_fastrtps_c.h
[1.313s] -- Up-to-date: /root/nav_migration/src/install/navigros2/lib/libnavigros2__rosidl_typesupport_fastrtps_c.so
[1.313s] -- Up-to-date: /root/nav_migration/src/install/navigros2/include/navigros2/navigros2
[1.314s] -- Up-to-date: /root/nav_migration/src/install/navigros2/include/navigros2/navigros2/action
[1.314s] -- Up-to-date: /root/nav_migration/src/install/navigros2/include/navigros2/navigros2/action/detail
[1.314s] -- Up-to-date: /root/nav_migration/src/install/navigros2/include/navigros2/navigros2/action/detail/map_maker__type_support.c
[1.314s] -- Up-to-date: /root/nav_migration/src/install/navigros2/include/navigros2/navigros2/action/detail/map_repeater__type_support.c
[1.314s] -- Up-to-date: /root/nav_migration/src/install/navigros2/include/navigros2/navigros2/action/detail/map_repeater__rosidl_typesupport_introspection_c.h
[1.314s] -- Up-to-date: /root/nav_migration/src/install/navigros2/include/navigros2/navigros2/action/detail/map_maker__rosidl_typesupport_introspection_c.h
[1.314s] -- Up-to-date: /root/nav_migration/src/install/navigros2/include/navigros2/navigros2/msg
[1.314s] -- Up-to-date: /root/nav_migration/src/install/navigros2/include/navigros2/navigros2/msg/detail
[1.314s] -- Up-to-date: /root/nav_migration/src/install/navigros2/include/navigros2/navigros2/msg/detail/alignment__type_support.c
[1.314s] -- Up-to-date: /root/nav_migration/src/install/navigros2/include/navigros2/navigros2/msg/detail/float_list__type_support.c
[1.314s] -- Up-to-date: /root/nav_migration/src/install/navigros2/include/navigros2/navigros2/msg/detail/alignment__rosidl_typesupport_introspection_c.h
[1.314s] -- Up-to-date: /root/nav_migration/src/install/navigros2/include/navigros2/navigros2/msg/detail/float_list__rosidl_typesupport_introspection_c.h
[1.314s] -- Up-to-date: /root/nav_migration/src/install/navigros2/include/navigros2/navigros2/msg/detail/feature_locations__rosidl_typesupport_introspection_c.h
[1.314s] -- Up-to-date: /root/nav_migration/src/install/navigros2/include/navigros2/navigros2/msg/detail/feature_locations__type_support.c
[1.314s] -- Up-to-date: /root/nav_migration/src/install/navigros2/include/navigros2/navigros2/msg/rosidl_typesupport_introspection_c__visibility_control.h
[1.314s] -- Up-to-date: /root/nav_migration/src/install/navigros2/include/navigros2/navigros2/srv
[1.314s] -- Up-to-date: /root/nav_migration/src/install/navigros2/include/navigros2/navigros2/srv/detail
[1.314s] -- Up-to-date: /root/nav_migration/src/install/navigros2/include/navigros2/navigros2/srv/detail/set_clock_gain__rosidl_typesupport_introspection_c.h
[1.314s] -- Up-to-date: /root/nav_migration/src/install/navigros2/include/navigros2/navigros2/srv/detail/set_dist__type_support.c
[1.314s] -- Up-to-date: /root/nav_migration/src/install/navigros2/include/navigros2/navigros2/srv/detail/set_clock_gain__type_support.c
[1.314s] -- Up-to-date: /root/nav_migration/src/install/navigros2/include/navigros2/navigros2/srv/detail/set_dist__rosidl_typesupport_introspection_c.h
[1.315s] -- Up-to-date: /root/nav_migration/src/install/navigros2/lib/libnavigros2__rosidl_typesupport_introspection_c.so
[1.315s] -- Up-to-date: /root/nav_migration/src/install/navigros2/lib/libnavigros2__rosidl_typesupport_c.so
[1.315s] -- Up-to-date: /root/nav_migration/src/install/navigros2/include/navigros2/navigros2
[1.315s] -- Up-to-date: /root/nav_migration/src/install/navigros2/include/navigros2/navigros2/action
[1.316s] -- Up-to-date: /root/nav_migration/src/install/navigros2/include/navigros2/navigros2/action/detail
[1.316s] -- Up-to-date: /root/nav_migration/src/install/navigros2/include/navigros2/navigros2/action/detail/map_repeater__traits.hpp
[1.316s] -- Up-to-date: /root/nav_migration/src/install/navigros2/include/navigros2/navigros2/action/detail/map_maker__traits.hpp
[1.316s] -- Up-to-date: /root/nav_migration/src/install/navigros2/include/navigros2/navigros2/action/detail/map_maker__builder.hpp
[1.316s] -- Up-to-date: /root/nav_migration/src/install/navigros2/include/navigros2/navigros2/action/detail/map_repeater__builder.hpp
[1.316s] -- Up-to-date: /root/nav_migration/src/install/navigros2/include/navigros2/navigros2/action/detail/map_maker__struct.hpp
[1.316s] -- Up-to-date: /root/nav_migration/src/install/navigros2/include/navigros2/navigros2/action/detail/map_repeater__struct.hpp
[1.317s] -- Up-to-date: /root/nav_migration/src/install/navigros2/include/navigros2/navigros2/action/map_maker.hpp
[1.317s] -- Up-to-date: /root/nav_migration/src/install/navigros2/include/navigros2/navigros2/action/map_repeater.hpp
[1.317s] -- Up-to-date: /root/nav_migration/src/install/navigros2/include/navigros2/navigros2/msg
[1.317s] -- Up-to-date: /root/nav_migration/src/install/navigros2/include/navigros2/navigros2/msg/detail
[1.317s] -- Up-to-date: /root/nav_migration/src/install/navigros2/include/navigros2/navigros2/msg/detail/float_list__builder.hpp
[1.317s] -- Up-to-date: /root/nav_migration/src/install/navigros2/include/navigros2/navigros2/msg/detail/float_list__struct.hpp
[1.317s] -- Up-to-date: /root/nav_migration/src/install/navigros2/include/navigros2/navigros2/msg/detail/feature_locations__builder.hpp
[1.317s] -- Up-to-date: /root/nav_migration/src/install/navigros2/include/navigros2/navigros2/msg/detail/feature_locations__struct.hpp
[1.317s] -- Up-to-date: /root/nav_migration/src/install/navigros2/include/navigros2/navigros2/msg/detail/feature_locations__traits.hpp
[1.317s] -- Up-to-date: /root/nav_migration/src/install/navigros2/include/navigros2/navigros2/msg/detail/alignment__builder.hpp
[1.317s] -- Up-to-date: /root/nav_migration/src/install/navigros2/include/navigros2/navigros2/msg/detail/float_list__traits.hpp
[1.317s] -- Up-to-date: /root/nav_migration/src/install/navigros2/include/navigros2/navigros2/msg/detail/alignment__struct.hpp
[1.317s] -- Up-to-date: /root/nav_migration/src/install/navigros2/include/navigros2/navigros2/msg/detail/alignment__traits.hpp
[1.317s] -- Up-to-date: /root/nav_migration/src/install/navigros2/include/navigros2/navigros2/msg/feature_locations.hpp
[1.318s] -- Up-to-date: /root/nav_migration/src/install/navigros2/include/navigros2/navigros2/msg/float_list.hpp
[1.318s] -- Up-to-date: /root/nav_migration/src/install/navigros2/include/navigros2/navigros2/msg/alignment.hpp
[1.318s] -- Up-to-date: /root/nav_migration/src/install/navigros2/include/navigros2/navigros2/srv
[1.318s] -- Up-to-date: /root/nav_migration/src/install/navigros2/include/navigros2/navigros2/srv/detail
[1.318s] -- Up-to-date: /root/nav_migration/src/install/navigros2/include/navigros2/navigros2/srv/detail/set_dist__builder.hpp
[1.318s] -- Up-to-date: /root/nav_migration/src/install/navigros2/include/navigros2/navigros2/srv/detail/set_clock_gain__struct.hpp
[1.318s] -- Up-to-date: /root/nav_migration/src/install/navigros2/include/navigros2/navigros2/srv/detail/set_dist__struct.hpp
[1.318s] -- Up-to-date: /root/nav_migration/src/install/navigros2/include/navigros2/navigros2/srv/detail/set_clock_gain__traits.hpp
[1.318s] -- Up-to-date: /root/nav_migration/src/install/navigros2/include/navigros2/navigros2/srv/detail/set_clock_gain__builder.hpp
[1.318s] -- Up-to-date: /root/nav_migration/src/install/navigros2/include/navigros2/navigros2/srv/detail/set_dist__traits.hpp
[1.318s] -- Up-to-date: /root/nav_migration/src/install/navigros2/include/navigros2/navigros2/srv/set_dist.hpp
[1.318s] -- Up-to-date: /root/nav_migration/src/install/navigros2/include/navigros2/navigros2/srv/set_clock_gain.hpp
[1.318s] -- Up-to-date: /root/nav_migration/src/install/navigros2/include/navigros2/navigros2
[1.318s] -- Up-to-date: /root/nav_migration/src/install/navigros2/include/navigros2/navigros2/action
[1.319s] -- Up-to-date: /root/nav_migration/src/install/navigros2/include/navigros2/navigros2/action/detail
[1.319s] -- Up-to-date: /root/nav_migration/src/install/navigros2/include/navigros2/navigros2/action/detail/dds_fastrtps
[1.319s] -- Up-to-date: /root/nav_migration/src/install/navigros2/include/navigros2/navigros2/action/detail/map_repeater__rosidl_typesupport_fastrtps_cpp.hpp
[1.319s] -- Up-to-date: /root/nav_migration/src/install/navigros2/include/navigros2/navigros2/action/detail/map_maker__rosidl_typesupport_fastrtps_cpp.hpp
[1.319s] -- Up-to-date: /root/nav_migration/src/install/navigros2/include/navigros2/navigros2/msg
[1.319s] -- Up-to-date: /root/nav_migration/src/install/navigros2/include/navigros2/navigros2/msg/detail
[1.319s] -- Up-to-date: /root/nav_migration/src/install/navigros2/include/navigros2/navigros2/msg/detail/feature_locations__rosidl_typesupport_fastrtps_cpp.hpp
[1.319s] -- Up-to-date: /root/nav_migration/src/install/navigros2/include/navigros2/navigros2/msg/detail/dds_fastrtps
[1.319s] -- Up-to-date: /root/nav_migration/src/install/navigros2/include/navigros2/navigros2/msg/detail/alignment__rosidl_typesupport_fastrtps_cpp.hpp
[1.319s] -- Up-to-date: /root/nav_migration/src/install/navigros2/include/navigros2/navigros2/msg/detail/float_list__rosidl_typesupport_fastrtps_cpp.hpp
[1.319s] -- Up-to-date: /root/nav_migration/src/install/navigros2/include/navigros2/navigros2/msg/rosidl_typesupport_fastrtps_cpp__visibility_control.h
[1.319s] -- Up-to-date: /root/nav_migration/src/install/navigros2/include/navigros2/navigros2/srv
[1.320s] -- Up-to-date: /root/nav_migration/src/install/navigros2/include/navigros2/navigros2/srv/detail
[1.320s] -- Up-to-date: /root/nav_migration/src/install/navigros2/include/navigros2/navigros2/srv/detail/set_clock_gain__rosidl_typesupport_fastrtps_cpp.hpp
[1.320s] -- Up-to-date: /root/nav_migration/src/install/navigros2/include/navigros2/navigros2/srv/detail/dds_fastrtps
[1.320s] -- Up-to-date: /root/nav_migration/src/install/navigros2/include/navigros2/navigros2/srv/detail/set_dist__rosidl_typesupport_fastrtps_cpp.hpp
[1.320s] -- Up-to-date: /root/nav_migration/src/install/navigros2/lib/libnavigros2__rosidl_typesupport_fastrtps_cpp.so
[1.320s] -- Up-to-date: /root/nav_migration/src/install/navigros2/include/navigros2/navigros2
[1.320s] -- Up-to-date: /root/nav_migration/src/install/navigros2/include/navigros2/navigros2/action
[1.320s] -- Up-to-date: /root/nav_migration/src/install/navigros2/include/navigros2/navigros2/action/detail
[1.320s] -- Up-to-date: /root/nav_migration/src/install/navigros2/include/navigros2/navigros2/action/detail/map_repeater__rosidl_typesupport_introspection_cpp.hpp
[1.320s] -- Up-to-date: /root/nav_migration/src/install/navigros2/include/navigros2/navigros2/action/detail/map_maker__type_support.cpp
[1.321s] -- Up-to-date: /root/nav_migration/src/install/navigros2/include/navigros2/navigros2/action/detail/map_maker__rosidl_typesupport_introspection_cpp.hpp
[1.321s] -- Up-to-date: /root/nav_migration/src/install/navigros2/include/navigros2/navigros2/action/detail/map_repeater__type_support.cpp
[1.321s] -- Up-to-date: /root/nav_migration/src/install/navigros2/include/navigros2/navigros2/msg
[1.321s] -- Up-to-date: /root/nav_migration/src/install/navigros2/include/navigros2/navigros2/msg/detail
[1.321s] -- Up-to-date: /root/nav_migration/src/install/navigros2/include/navigros2/navigros2/msg/detail/feature_locations__type_support.cpp
[1.321s] -- Up-to-date: /root/nav_migration/src/install/navigros2/include/navigros2/navigros2/msg/detail/alignment__type_support.cpp
[1.321s] -- Up-to-date: /root/nav_migration/src/install/navigros2/include/navigros2/navigros2/msg/detail/feature_locations__rosidl_typesupport_introspection_cpp.hpp
[1.321s] -- Up-to-date: /root/nav_migration/src/install/navigros2/include/navigros2/navigros2/msg/detail/float_list__rosidl_typesupport_introspection_cpp.hpp
[1.321s] -- Up-to-date: /root/nav_migration/src/install/navigros2/include/navigros2/navigros2/msg/detail/float_list__type_support.cpp
[1.321s] -- Up-to-date: /root/nav_migration/src/install/navigros2/include/navigros2/navigros2/msg/detail/alignment__rosidl_typesupport_introspection_cpp.hpp
[1.321s] -- Up-to-date: /root/nav_migration/src/install/navigros2/include/navigros2/navigros2/srv
[1.321s] -- Up-to-date: /root/nav_migration/src/install/navigros2/include/navigros2/navigros2/srv/detail
[1.322s] -- Up-to-date: /root/nav_migration/src/install/navigros2/include/navigros2/navigros2/srv/detail/set_dist__rosidl_typesupport_introspection_cpp.hpp
[1.322s] -- Up-to-date: /root/nav_migration/src/install/navigros2/include/navigros2/navigros2/srv/detail/set_dist__type_support.cpp
[1.322s] -- Up-to-date: /root/nav_migration/src/install/navigros2/include/navigros2/navigros2/srv/detail/set_clock_gain__rosidl_typesupport_introspection_cpp.hpp
[1.322s] -- Up-to-date: /root/nav_migration/src/install/navigros2/include/navigros2/navigros2/srv/detail/set_clock_gain__type_support.cpp
[1.322s] -- Up-to-date: /root/nav_migration/src/install/navigros2/lib/libnavigros2__rosidl_typesupport_introspection_cpp.so
[1.323s] -- Up-to-date: /root/nav_migration/src/install/navigros2/lib/libnavigros2__rosidl_typesupport_cpp.so
[1.323s] -- Up-to-date: /root/nav_migration/src/install/navigros2/share/navigros2/environment/pythonpath.sh
[1.323s] -- Installing: /root/nav_migration/src/install/navigros2/share/navigros2/environment/pythonpath.dsv
[1.323s] -- Up-to-date: /root/nav_migration/src/install/navigros2/local/lib/python3.10/dist-packages/navigros2-0.0.0-py3.10.egg-info
[1.324s] -- Installing: /root/nav_migration/src/install/navigros2/local/lib/python3.10/dist-packages/navigros2-0.0.0-py3.10.egg-info/dependency_links.txt
[1.324s] -- Installing: /root/nav_migration/src/install/navigros2/local/lib/python3.10/dist-packages/navigros2-0.0.0-py3.10.egg-info/PKG-INFO
[1.324s] -- Installing: /root/nav_migration/src/install/navigros2/local/lib/python3.10/dist-packages/navigros2-0.0.0-py3.10.egg-info/SOURCES.txt
[1.324s] -- Installing: /root/nav_migration/src/install/navigros2/local/lib/python3.10/dist-packages/navigros2-0.0.0-py3.10.egg-info/top_level.txt
[1.324s] -- Up-to-date: /root/nav_migration/src/install/navigros2/local/lib/python3.10/dist-packages/navigros2
[1.324s] -- Up-to-date: /root/nav_migration/src/install/navigros2/local/lib/python3.10/dist-packages/navigros2/navigros2_s__rosidl_typesupport_c.cpython-310-x86_64-linux-gnu.so
[1.324s] -- Up-to-date: /root/nav_migration/src/install/navigros2/local/lib/python3.10/dist-packages/navigros2/action
[1.324s] -- Up-to-date: /root/nav_migration/src/install/navigros2/local/lib/python3.10/dist-packages/navigros2/action/_map_repeater_s.c
[1.324s] -- Up-to-date: /root/nav_migration/src/install/navigros2/local/lib/python3.10/dist-packages/navigros2/action/_map_maker.py
[1.324s] -- Up-to-date: /root/nav_migration/src/install/navigros2/local/lib/python3.10/dist-packages/navigros2/action/_map_repeater.py
[1.324s] -- Up-to-date: /root/nav_migration/src/install/navigros2/local/lib/python3.10/dist-packages/navigros2/action/_map_maker_s.c
[1.324s] -- Up-to-date: /root/nav_migration/src/install/navigros2/local/lib/python3.10/dist-packages/navigros2/action/__init__.py
[1.324s] -- Up-to-date: /root/nav_migration/src/install/navigros2/local/lib/python3.10/dist-packages/navigros2/navigros2_s__rosidl_typesupport_introspection_c.cpython-310-x86_64-linux-gnu.so
[1.324s] -- Up-to-date: /root/nav_migration/src/install/navigros2/local/lib/python3.10/dist-packages/navigros2/msg
[1.324s] -- Up-to-date: /root/nav_migration/src/install/navigros2/local/lib/python3.10/dist-packages/navigros2/msg/_float_list.py
[1.324s] -- Up-to-date: /root/nav_migration/src/install/navigros2/local/lib/python3.10/dist-packages/navigros2/msg/_alignment_s.c
[1.324s] -- Up-to-date: /root/nav_migration/src/install/navigros2/local/lib/python3.10/dist-packages/navigros2/msg/_feature_locations.py
[1.325s] -- Up-to-date: /root/nav_migration/src/install/navigros2/local/lib/python3.10/dist-packages/navigros2/msg/_alignment.py
[1.325s] -- Up-to-date: /root/nav_migration/src/install/navigros2/local/lib/python3.10/dist-packages/navigros2/msg/_float_list_s.c
[1.325s] -- Up-to-date: /root/nav_migration/src/install/navigros2/local/lib/python3.10/dist-packages/navigros2/msg/__init__.py
[1.325s] -- Up-to-date: /root/nav_migration/src/install/navigros2/local/lib/python3.10/dist-packages/navigros2/msg/_feature_locations_s.c
[1.325s] -- Up-to-date: /root/nav_migration/src/install/navigros2/local/lib/python3.10/dist-packages/navigros2/srv
[1.325s] -- Up-to-date: /root/nav_migration/src/install/navigros2/local/lib/python3.10/dist-packages/navigros2/srv/_set_clock_gain.py
[1.325s] -- Up-to-date: /root/nav_migration/src/install/navigros2/local/lib/python3.10/dist-packages/navigros2/srv/_set_dist.py
[1.325s] -- Up-to-date: /root/nav_migration/src/install/navigros2/local/lib/python3.10/dist-packages/navigros2/srv/_set_clock_gain_s.c
[1.325s] -- Up-to-date: /root/nav_migration/src/install/navigros2/local/lib/python3.10/dist-packages/navigros2/srv/_set_dist_s.c
[1.325s] -- Up-to-date: /root/nav_migration/src/install/navigros2/local/lib/python3.10/dist-packages/navigros2/srv/__init__.py
[1.325s] -- Up-to-date: /root/nav_migration/src/install/navigros2/local/lib/python3.10/dist-packages/navigros2/_navigros2_s.ep.rosidl_typesupport_c.c
[1.325s] -- Up-to-date: /root/nav_migration/src/install/navigros2/local/lib/python3.10/dist-packages/navigros2/navigros2_s__rosidl_typesupport_fastrtps_c.cpython-310-x86_64-linux-gnu.so
[1.325s] -- Up-to-date: /root/nav_migration/src/install/navigros2/local/lib/python3.10/dist-packages/navigros2/_navigros2_s.ep.rosidl_typesupport_introspection_c.c
[1.325s] -- Up-to-date: /root/nav_migration/src/install/navigros2/local/lib/python3.10/dist-packages/navigros2/_navigros2_s.ep.rosidl_typesupport_fastrtps_c.c
[1.325s] -- Installing: /root/nav_migration/src/install/navigros2/local/lib/python3.10/dist-packages/navigros2/__init__.py
[1.325s] -- Up-to-date: /root/nav_migration/src/install/navigros2/local/lib/python3.10/dist-packages/navigros2/libnavigros2__rosidl_generator_py.so
[1.347s] Listing '/root/nav_migration/src/install/navigros2/local/lib/python3.10/dist-packages/navigros2'...
[1.348s] Compiling '/root/nav_migration/src/install/navigros2/local/lib/python3.10/dist-packages/navigros2/__init__.py'...
[1.348s] Listing '/root/nav_migration/src/install/navigros2/local/lib/python3.10/dist-packages/navigros2/action'...
[1.348s] Listing '/root/nav_migration/src/install/navigros2/local/lib/python3.10/dist-packages/navigros2/msg'...
[1.348s] Listing '/root/nav_migration/src/install/navigros2/local/lib/python3.10/dist-packages/navigros2/srv'...
[1.351s] -- Up-to-date: /root/nav_migration/src/install/navigros2/local/lib/python3.10/dist-packages/navigros2/navigros2_s__rosidl_typesupport_fastrtps_c.cpython-310-x86_64-linux-gnu.so
[1.352s] -- Up-to-date: /root/nav_migration/src/install/navigros2/local/lib/python3.10/dist-packages/navigros2/navigros2_s__rosidl_typesupport_introspection_c.cpython-310-x86_64-linux-gnu.so
[1.352s] -- Up-to-date: /root/nav_migration/src/install/navigros2/local/lib/python3.10/dist-packages/navigros2/navigros2_s__rosidl_typesupport_c.cpython-310-x86_64-linux-gnu.so
[1.353s] -- Up-to-date: /root/nav_migration/src/install/navigros2/lib/libnavigros2__rosidl_generator_py.so
[1.353s] -- Up-to-date: /root/nav_migration/src/install/navigros2/share/navigros2/msg/Alignment.idl
[1.353s] -- Up-to-date: /root/nav_migration/src/install/navigros2/share/navigros2/msg/FeatureLocations.idl
[1.353s] -- Up-to-date: /root/nav_migration/src/install/navigros2/share/navigros2/msg/FloatList.idl
[1.354s] -- Up-to-date: /root/nav_migration/src/install/navigros2/share/navigros2/srv/SetDist.idl
[1.354s] -- Up-to-date: /root/nav_migration/src/install/navigros2/share/navigros2/srv/SetClockGain.idl
[1.354s] -- Up-to-date: /root/nav_migration/src/install/navigros2/share/navigros2/action/MapMaker.idl
[1.354s] -- Up-to-date: /root/nav_migration/src/install/navigros2/share/navigros2/action/MapRepeater.idl
[1.354s] -- Up-to-date: /root/nav_migration/src/install/navigros2/share/navigros2/msg/Alignment.msg
[1.354s] -- Up-to-date: /root/nav_migration/src/install/navigros2/share/navigros2/msg/FeatureLocations.msg
[1.354s] -- Up-to-date: /root/nav_migration/src/install/navigros2/share/navigros2/msg/FloatList.msg
[1.354s] -- Up-to-date: /root/nav_migration/src/install/navigros2/share/navigros2/srv/SetDist.srv
[1.354s] -- Up-to-date: /root/nav_migration/src/install/navigros2/share/navigros2/srv/SetDist_Request.msg
[1.354s] -- Up-to-date: /root/nav_migration/src/install/navigros2/share/navigros2/srv/SetDist_Response.msg
[1.354s] -- Up-to-date: /root/nav_migration/src/install/navigros2/share/navigros2/srv/SetClockGain.srv
[1.354s] -- Up-to-date: /root/nav_migration/src/install/navigros2/share/navigros2/srv/SetClockGain_Request.msg
[1.355s] -- Up-to-date: /root/nav_migration/src/install/navigros2/share/navigros2/srv/SetClockGain_Response.msg
[1.355s] -- Up-to-date: /root/nav_migration/src/install/navigros2/share/navigros2/action/MapMaker.action
[1.355s] -- Up-to-date: /root/nav_migration/src/install/navigros2/share/navigros2/action/MapRepeater.action
[1.355s] -- Up-to-date: /root/nav_migration/src/install/navigros2/lib/navigros2/src
[1.355s] -- Up-to-date: /root/nav_migration/src/install/navigros2/lib/navigros2/src/alignment
[1.355s] -- Up-to-date: /root/nav_migration/src/install/navigros2/lib/navigros2/src/alignment/backends
[1.355s] -- Up-to-date: /root/nav_migration/src/install/navigros2/lib/navigros2/src/alignment/backends/traditional.py
[1.355s] -- Up-to-date: /root/nav_migration/src/install/navigros2/lib/navigros2/src/alignment/backends/siam_model.py
[1.355s] -- Up-to-date: /root/nav_migration/src/install/navigros2/lib/navigros2/src/alignment/backends/__init__.py
[1.355s] -- Up-to-date: /root/nav_migration/src/install/navigros2/lib/navigros2/src/alignment/backends/vgg.py
[1.355s] -- Up-to-date: /root/nav_migration/src/install/navigros2/lib/navigros2/src/distance
[1.355s] -- Up-to-date: /root/nav_migration/src/install/navigros2/lib/navigros2/src/distance/distance_ros.py
[1.355s] -- Up-to-date: /root/nav_migration/src/install/navigros2/lib/navigros2/src/distance/__pycache__
[1.355s] -- Up-to-date: /root/nav_migration/src/install/navigros2/lib/navigros2/src/distance/distance.py
[1.355s] -- Up-to-date: /root/nav_migration/src/install/navigros2/lib/navigros2/distance_ros.py
[1.355s] -- Installing: /root/nav_migration/src/install/navigros2/lib/navigros2/distance.py
[1.355s] -- Up-to-date: /root/nav_migration/src/install/navigros2/share/navigros2/launch
[1.355s] -- Up-to-date: /root/nav_migration/src/install/navigros2/share/navigros2/launch/launch_node.py
[1.355s] -- Up-to-date: /root/nav_migration/src/install/navigros2/share/navigros2/launch/__pycache__
[1.356s] -- Installing: /root/nav_migration/src/install/navigros2/share/navigros2/launch/__pycache__/launch_node.cpython-310.pyc
[1.356s] -- Up-to-date: /root/nav_migration/src/install/navigros2/share/navigros2/launch/launcher.py
[1.356s] -- Up-to-date: /root/nav_migration/src/install/navigros2/share/ament_index/resource_index/package_run_dependencies/navigros2
[1.356s] -- Up-to-date: /root/nav_migration/src/install/navigros2/share/ament_index/resource_index/parent_prefix_path/navigros2
[1.356s] -- Up-to-date: /root/nav_migration/src/install/navigros2/share/navigros2/environment/ament_prefix_path.sh
[1.357s] -- Installing: /root/nav_migration/src/install/navigros2/share/navigros2/environment/ament_prefix_path.dsv
[1.357s] -- Up-to-date: /root/nav_migration/src/install/navigros2/share/navigros2/environment/path.sh
[1.357s] -- Installing: /root/nav_migration/src/install/navigros2/share/navigros2/environment/path.dsv
[1.357s] -- Up-to-date: /root/nav_migration/src/install/navigros2/share/navigros2/local_setup.bash
[1.357s] -- Up-to-date: /root/nav_migration/src/install/navigros2/share/navigros2/local_setup.sh
[1.357s] -- Up-to-date: /root/nav_migration/src/install/navigros2/share/navigros2/local_setup.zsh
[1.357s] -- Installing: /root/nav_migration/src/install/navigros2/share/navigros2/local_setup.dsv
[1.357s] -- Installing: /root/nav_migration/src/install/navigros2/share/navigros2/package.dsv
[1.357s] -- Up-to-date: /root/nav_migration/src/install/navigros2/share/ament_index/resource_index/packages/navigros2
[1.357s] -- Up-to-date: /root/nav_migration/src/install/navigros2/share/navigros2/cmake/export_navigros2__rosidl_generator_cExport.cmake
[1.357s] -- Up-to-date: /root/nav_migration/src/install/navigros2/share/navigros2/cmake/export_navigros2__rosidl_generator_cExport-noconfig.cmake
[1.358s] -- Up-to-date: /root/nav_migration/src/install/navigros2/share/navigros2/cmake/export_navigros2__rosidl_typesupport_fastrtps_cExport.cmake
[1.358s] -- Up-to-date: /root/nav_migration/src/install/navigros2/share/navigros2/cmake/export_navigros2__rosidl_typesupport_fastrtps_cExport-noconfig.cmake
[1.358s] -- Up-to-date: /root/nav_migration/src/install/navigros2/share/navigros2/cmake/navigros2__rosidl_typesupport_introspection_cExport.cmake
[1.358s] -- Up-to-date: /root/nav_migration/src/install/navigros2/share/navigros2/cmake/navigros2__rosidl_typesupport_introspection_cExport-noconfig.cmake
[1.358s] -- Up-to-date: /root/nav_migration/src/install/navigros2/share/navigros2/cmake/navigros2__rosidl_typesupport_cExport.cmake
[1.358s] -- Up-to-date: /root/nav_migration/src/install/navigros2/share/navigros2/cmake/navigros2__rosidl_typesupport_cExport-noconfig.cmake
[1.358s] -- Up-to-date: /root/nav_migration/src/install/navigros2/share/navigros2/cmake/export_navigros2__rosidl_generator_cppExport.cmake
[1.358s] -- Up-to-date: /root/nav_migration/src/install/navigros2/share/navigros2/cmake/export_navigros2__rosidl_typesupport_fastrtps_cppExport.cmake
[1.358s] -- Up-to-date: /root/nav_migration/src/install/navigros2/share/navigros2/cmake/export_navigros2__rosidl_typesupport_fastrtps_cppExport-noconfig.cmake
[1.359s] -- Up-to-date: /root/nav_migration/src/install/navigros2/share/navigros2/cmake/navigros2__rosidl_typesupport_introspection_cppExport.cmake
[1.359s] -- Up-to-date: /root/nav_migration/src/install/navigros2/share/navigros2/cmake/navigros2__rosidl_typesupport_introspection_cppExport-noconfig.cmake
[1.359s] -- Up-to-date: /root/nav_migration/src/install/navigros2/share/navigros2/cmake/navigros2__rosidl_typesupport_cppExport.cmake
[1.359s] -- Up-to-date: /root/nav_migration/src/install/navigros2/share/navigros2/cmake/navigros2__rosidl_typesupport_cppExport-noconfig.cmake
[1.359s] -- Up-to-date: /root/nav_migration/src/install/navigros2/share/navigros2/cmake/export_navigros2__rosidl_generator_pyExport.cmake
[1.359s] -- Up-to-date: /root/nav_migration/src/install/navigros2/share/navigros2/cmake/export_navigros2__rosidl_generator_pyExport-noconfig.cmake
[1.359s] -- Up-to-date: /root/nav_migration/src/install/navigros2/share/navigros2/cmake/rosidl_cmake-extras.cmake
[1.359s] -- Up-to-date: /root/nav_migration/src/install/navigros2/share/navigros2/cmake/ament_cmake_export_dependencies-extras.cmake
[1.359s] -- Up-to-date: /root/nav_migration/src/install/navigros2/share/navigros2/cmake/ament_cmake_export_include_directories-extras.cmake
[1.359s] -- Up-to-date: /root/nav_migration/src/install/navigros2/share/navigros2/cmake/ament_cmake_export_libraries-extras.cmake
[1.359s] -- Up-to-date: /root/nav_migration/src/install/navigros2/share/navigros2/cmake/ament_cmake_export_targets-extras.cmake
[1.360s] -- Up-to-date: /root/nav_migration/src/install/navigros2/share/navigros2/cmake/rosidl_cmake_export_typesupport_targets-extras.cmake
[1.360s] -- Up-to-date: /root/nav_migration/src/install/navigros2/share/navigros2/cmake/rosidl_cmake_export_typesupport_libraries-extras.cmake
[1.360s] -- Up-to-date: /root/nav_migration/src/install/navigros2/share/navigros2/cmake/navigros2Config.cmake
[1.360s] -- Up-to-date: /root/nav_migration/src/install/navigros2/share/navigros2/cmake/navigros2Config-version.cmake
[1.360s] -- Up-to-date: /root/nav_migration/src/install/navigros2/share/navigros2/package.xml
[1.361s] Invoked command in '/root/nav_migration/src/build/navigros2' returned '0': CMAKE_PREFIX_PATH=${CMAKE_PREFIX_PATH}:/opt/ros/humble /usr/bin/cmake --install /root/nav_migration/src/build/navigros2
