[0.019s] Invoking command in '/root/nav_migration/src/build/husky_description': CMAKE_PREFIX_PATH=${CMAKE_PREFIX_PATH}:/root/clearpath_ws/install/clearpath_config:/opt/ros/humble /usr/bin/cmake --build /root/nav_migration/src/build/husky_description -- -j22 -l22
[0.044s] Invoked command in '/root/nav_migration/src/build/husky_description' returned '0': CMAKE_PREFIX_PATH=${CMAKE_PREFIX_PATH}:/root/clearpath_ws/install/clearpath_config:/opt/ros/humble /usr/bin/cmake --build /root/nav_migration/src/build/husky_description -- -j22 -l22
[0.061s] Invoking command in '/root/nav_migration/src/build/husky_description': CMAKE_PREFIX_PATH=${CMAKE_PREFIX_PATH}:/root/clearpath_ws/install/clearpath_config:/opt/ros/humble /usr/bin/cmake --install /root/nav_migration/src/build/husky_description
[0.067s] -- Install configuration: ""
[0.067s] -- Up-to-date: /root/nav_migration/src/install/husky_description/share/husky_description/launch
[0.067s] -- Up-to-date: /root/nav_migration/src/install/husky_description/share/husky_description/launch/description_launch.py
[0.067s] -- Up-to-date: /root/nav_migration/src/install/husky_description/share/husky_description/launch/description.launch
[0.067s] -- Up-to-date: /root/nav_migration/src/install/husky_description/share/husky_description/meshes
[0.067s] -- Up-to-date: /root/nav_migration/src/install/husky_description/share/husky_description/meshes/base_link.dae
[0.067s] -- Up-to-date: /root/nav_migration/src/install/husky_description/share/husky_description/meshes/wheel.stl
[0.068s] -- Up-to-date: /root/nav_migration/src/install/husky_description/share/husky_description/meshes/top_plate.stl
[0.068s] -- Up-to-date: /root/nav_migration/src/install/husky_description/share/husky_description/meshes/wheel.dae
[0.068s] -- Up-to-date: /root/nav_migration/src/install/husky_description/share/husky_description/meshes/bumper_extension.dae
[0.068s] -- Up-to-date: /root/nav_migration/src/install/husky_description/share/husky_description/meshes/user_rail.dae
[0.068s] -- Up-to-date: /root/nav_migration/src/install/husky_description/share/husky_description/meshes/base_link.stl
[0.068s] -- Up-to-date: /root/nav_migration/src/install/husky_description/share/husky_description/meshes/accessories
[0.068s] -- Up-to-date: /root/nav_migration/src/install/husky_description/share/husky_description/meshes/accessories/300_mm_sensor_arch.stl
[0.068s] -- Up-to-date: /root/nav_migration/src/install/husky_description/share/husky_description/meshes/accessories/510_mm_sensor_arch.dae
[0.068s] -- Up-to-date: /root/nav_migration/src/install/husky_description/share/husky_description/meshes/accessories/lms1xx_mount.dae
[0.069s] -- Up-to-date: /root/nav_migration/src/install/husky_description/share/husky_description/meshes/accessories/lidar_mount.stl
[0.069s] -- Up-to-date: /root/nav_migration/src/install/husky_description/share/husky_description/meshes/accessories/300_mm_sensor_arch.dae
[0.069s] -- Up-to-date: /root/nav_migration/src/install/husky_description/share/husky_description/meshes/accessories/lms1xx_mount.stl
[0.070s] -- Up-to-date: /root/nav_migration/src/install/husky_description/share/husky_description/meshes/accessories/510_mm_sensor_arch.stl
[0.070s] -- Up-to-date: /root/nav_migration/src/install/husky_description/share/husky_description/meshes/top_chassis.dae
[0.070s] -- Up-to-date: /root/nav_migration/src/install/husky_description/share/husky_description/meshes/bumper.dae
[0.070s] -- Up-to-date: /root/nav_migration/src/install/husky_description/share/husky_description/meshes/large_top_plate.dae
[0.071s] -- Up-to-date: /root/nav_migration/src/install/husky_description/share/husky_description/meshes/top_chassis.stl
[0.072s] -- Up-to-date: /root/nav_migration/src/install/husky_description/share/husky_description/meshes/top_plate.dae
[0.072s] -- Up-to-date: /root/nav_migration/src/install/husky_description/share/husky_description/meshes/large_top_plate_collision.stl
[0.072s] -- Up-to-date: /root/nav_migration/src/install/husky_description/share/husky_description/meshes/user_rail.stl
[0.073s] -- Up-to-date: /root/nav_migration/src/install/husky_description/share/husky_description/urdf
[0.073s] -- Installing: /root/nav_migration/src/install/husky_description/share/husky_description/urdf/husky.urdf.xacro
[0.074s] -- Up-to-date: /root/nav_migration/src/install/husky_description/share/husky_description/urdf/empty.urdf
[0.074s] -- Up-to-date: /root/nav_migration/src/install/husky_description/share/husky_description/urdf/decorations.urdf.xacro
[0.074s] -- Up-to-date: /root/nav_migration/src/install/husky_description/share/husky_description/urdf/wheel.urdf.xacro
[0.074s] -- Up-to-date: /root/nav_migration/src/install/husky_description/share/husky_description/urdf/husky_macro.urdf.xacro
[0.074s] -- Up-to-date: /root/nav_migration/src/install/husky_description/share/husky_description/urdf/accessories
[0.074s] -- Up-to-date: /root/nav_migration/src/install/husky_description/share/husky_description/urdf/accessories/sensor_arch.urdf.xacro
[0.074s] -- Up-to-date: /root/nav_migration/src/install/husky_description/share/husky_description/urdf/accessories/sick_lms1xx_mount.urdf.xacro
[0.074s] -- Up-to-date: /root/nav_migration/src/install/husky_description/share/husky_description/urdf/accessories/intel_realsense.urdf.xacro
[0.074s] -- Up-to-date: /root/nav_migration/src/install/husky_description/share/ament_index/resource_index/package_run_dependencies/husky_description
[0.074s] -- Up-to-date: /root/nav_migration/src/install/husky_description/share/ament_index/resource_index/parent_prefix_path/husky_description
[0.074s] -- Up-to-date: /root/nav_migration/src/install/husky_description/share/husky_description/environment/ament_prefix_path.sh
[0.074s] -- Up-to-date: /root/nav_migration/src/install/husky_description/share/husky_description/environment/ament_prefix_path.dsv
[0.074s] -- Up-to-date: /root/nav_migration/src/install/husky_description/share/husky_description/environment/path.sh
[0.074s] -- Up-to-date: /root/nav_migration/src/install/husky_description/share/husky_description/environment/path.dsv
[0.074s] -- Up-to-date: /root/nav_migration/src/install/husky_description/share/husky_description/local_setup.bash
[0.075s] -- Up-to-date: /root/nav_migration/src/install/husky_description/share/husky_description/local_setup.sh
[0.075s] -- Up-to-date: /root/nav_migration/src/install/husky_description/share/husky_description/local_setup.zsh
[0.075s] -- Up-to-date: /root/nav_migration/src/install/husky_description/share/husky_description/local_setup.dsv
[0.075s] -- Installing: /root/nav_migration/src/install/husky_description/share/husky_description/package.dsv
[0.075s] -- Up-to-date: /root/nav_migration/src/install/husky_description/share/ament_index/resource_index/packages/husky_description
[0.075s] -- Up-to-date: /root/nav_migration/src/install/husky_description/share/husky_description/cmake/ament_cmake_export_dependencies-extras.cmake
[0.075s] -- Up-to-date: /root/nav_migration/src/install/husky_description/share/husky_description/cmake/husky_descriptionConfig.cmake
[0.075s] -- Up-to-date: /root/nav_migration/src/install/husky_description/share/husky_description/cmake/husky_descriptionConfig-version.cmake
[0.075s] -- Up-to-date: /root/nav_migration/src/install/husky_description/share/husky_description/package.xml
[0.076s] Invoked command in '/root/nav_migration/src/build/husky_description' returned '0': CMAKE_PREFIX_PATH=${CMAKE_PREFIX_PATH}:/root/clearpath_ws/install/clearpath_config:/opt/ros/humble /usr/bin/cmake --install /root/nav_migration/src/build/husky_description
