[0.078s] Invoking command in '/root/nav_migration/src/build/husky_gazebo': CMAKE_PREFIX_PATH=/root/nav_migration/src/install/husky_control:/root/nav_migration/src/install/husky_description:/root/nav_migration/src/install/navigros2:/root/nav_migration/src/install/husky_desktop:/root/nav_migration/src/install/husky_viz:/root/nav_migration/src/install/husky_simulator:/root/nav_migration/src/install/husky_robot:/root/nav_migration/src/install/husky_bringup:/root/nav_migration/src/install/husky_base:/root/nav_migration/src/install/husky_msgs:/root/nav_migration/src/install/husky_gazebo:/root/clearpath_ws/install/clearpath_common:/root/clearpath_ws/install/clearpath_generator_common:/root/clearpath_ws/install/clearpath_description:/root/clearpath_ws/install/clearpath_sensors_description:/root/clearpath_ws/install/clearpath_platform:/root/clearpath_ws/install/clearpath_msgs:/root/clearpath_ws/install/clearpath_platform_msgs:/root/clearpath_ws/install/clearpath_platform_description:/root/clearpath_ws/install/clearpath_mounts_description:/root/clearpath_ws/install/clearpath_manipulators:/root/clearpath_ws/install/clearpath_manipulators_description:/root/clearpath_ws/install/clearpath_customization:/root/clearpath_ws/install/clearpath_control:/root/clearpath_ws/install/clearpath_config:/opt/ros/humble /usr/bin/cmake --build /root/nav_migration/src/build/husky_gazebo -- -j22 -l22
[0.098s] Invoked command in '/root/nav_migration/src/build/husky_gazebo' returned '0': CMAKE_PREFIX_PATH=/root/nav_migration/src/install/husky_control:/root/nav_migration/src/install/husky_description:/root/nav_migration/src/install/navigros2:/root/nav_migration/src/install/husky_desktop:/root/nav_migration/src/install/husky_viz:/root/nav_migration/src/install/husky_simulator:/root/nav_migration/src/install/husky_robot:/root/nav_migration/src/install/husky_bringup:/root/nav_migration/src/install/husky_base:/root/nav_migration/src/install/husky_msgs:/root/nav_migration/src/install/husky_gazebo:/root/clearpath_ws/install/clearpath_common:/root/clearpath_ws/install/clearpath_generator_common:/root/clearpath_ws/install/clearpath_description:/root/clearpath_ws/install/clearpath_sensors_description:/root/clearpath_ws/install/clearpath_platform:/root/clearpath_ws/install/clearpath_msgs:/root/clearpath_ws/install/clearpath_platform_msgs:/root/clearpath_ws/install/clearpath_platform_description:/root/clearpath_ws/install/clearpath_mounts_description:/root/clearpath_ws/install/clearpath_manipulators:/root/clearpath_ws/install/clearpath_manipulators_description:/root/clearpath_ws/install/clearpath_customization:/root/clearpath_ws/install/clearpath_control:/root/clearpath_ws/install/clearpath_config:/opt/ros/humble /usr/bin/cmake --build /root/nav_migration/src/build/husky_gazebo -- -j22 -l22
[0.116s] Invoking command in '/root/nav_migration/src/build/husky_gazebo': CMAKE_PREFIX_PATH=/root/nav_migration/src/install/husky_control:/root/nav_migration/src/install/husky_description:/root/nav_migration/src/install/navigros2:/root/nav_migration/src/install/husky_desktop:/root/nav_migration/src/install/husky_viz:/root/nav_migration/src/install/husky_simulator:/root/nav_migration/src/install/husky_robot:/root/nav_migration/src/install/husky_bringup:/root/nav_migration/src/install/husky_base:/root/nav_migration/src/install/husky_msgs:/root/nav_migration/src/install/husky_gazebo:/root/clearpath_ws/install/clearpath_common:/root/clearpath_ws/install/clearpath_generator_common:/root/clearpath_ws/install/clearpath_description:/root/clearpath_ws/install/clearpath_sensors_description:/root/clearpath_ws/install/clearpath_platform:/root/clearpath_ws/install/clearpath_msgs:/root/clearpath_ws/install/clearpath_platform_msgs:/root/clearpath_ws/install/clearpath_platform_description:/root/clearpath_ws/install/clearpath_mounts_description:/root/clearpath_ws/install/clearpath_manipulators:/root/clearpath_ws/install/clearpath_manipulators_description:/root/clearpath_ws/install/clearpath_customization:/root/clearpath_ws/install/clearpath_control:/root/clearpath_ws/install/clearpath_config:/opt/ros/humble /usr/bin/cmake --install /root/nav_migration/src/build/husky_gazebo
[0.120s] -- Install configuration: ""
[0.120s] -- Up-to-date: /root/nav_migration/src/install/husky_gazebo/share/husky_gazebo/launch
[0.120s] -- Up-to-date: /root/nav_migration/src/install/husky_gazebo/share/husky_gazebo/launch/multi_husky_playpen.launch
[0.121s] -- Up-to-date: /root/nav_migration/src/install/husky_gazebo/share/husky_gazebo/launch/spawn_husky.launch
[0.121s] -- Up-to-date: /root/nav_migration/src/install/husky_gazebo/share/husky_gazebo/launch/realsense.launch
[0.121s] -- Up-to-date: /root/nav_migration/src/install/husky_gazebo/share/husky_gazebo/launch/husky_playpen.launch.py
[0.122s] -- Up-to-date: /root/nav_migration/src/install/husky_gazebo/share/husky_gazebo/launch/playpen.launch
[0.122s] -- Up-to-date: /root/nav_migration/src/install/husky_gazebo/share/husky_gazebo/launch/husky_empty_world.launch
[0.122s] -- Up-to-date: /root/nav_migration/src/install/husky_gazebo/share/husky_gazebo/launch/gazebo.launch.py
[0.122s] -- Up-to-date: /root/nav_migration/src/install/husky_gazebo/share/husky_gazebo/launch/__pycache__
[0.122s] -- Installing: /root/nav_migration/src/install/husky_gazebo/share/husky_gazebo/launch/__pycache__/gazebo.launch.cpython-310.pyc
[0.122s] -- Up-to-date: /root/nav_migration/src/install/husky_gazebo/share/husky_gazebo/launch/husky_playpen.launch
[0.124s] -- Up-to-date: /root/nav_migration/src/install/husky_gazebo/share/husky_gazebo/worlds
[0.124s] -- Up-to-date: /root/nav_migration/src/install/husky_gazebo/share/husky_gazebo/worlds/clearpath_playpen.world
[0.124s] -- Up-to-date: /root/nav_migration/src/install/husky_gazebo/share/ament_index/resource_index/package_run_dependencies/husky_gazebo
[0.124s] -- Up-to-date: /root/nav_migration/src/install/husky_gazebo/share/ament_index/resource_index/parent_prefix_path/husky_gazebo
[0.125s] -- Up-to-date: /root/nav_migration/src/install/husky_gazebo/share/husky_gazebo/environment/ament_prefix_path.sh
[0.125s] -- Up-to-date: /root/nav_migration/src/install/husky_gazebo/share/husky_gazebo/environment/ament_prefix_path.dsv
[0.125s] -- Up-to-date: /root/nav_migration/src/install/husky_gazebo/share/husky_gazebo/environment/path.sh
[0.125s] -- Up-to-date: /root/nav_migration/src/install/husky_gazebo/share/husky_gazebo/environment/path.dsv
[0.126s] -- Up-to-date: /root/nav_migration/src/install/husky_gazebo/share/husky_gazebo/local_setup.bash
[0.126s] -- Up-to-date: /root/nav_migration/src/install/husky_gazebo/share/husky_gazebo/local_setup.sh
[0.126s] -- Up-to-date: /root/nav_migration/src/install/husky_gazebo/share/husky_gazebo/local_setup.zsh
[0.126s] -- Up-to-date: /root/nav_migration/src/install/husky_gazebo/share/husky_gazebo/local_setup.dsv
[0.126s] -- Installing: /root/nav_migration/src/install/husky_gazebo/share/husky_gazebo/package.dsv
[0.126s] -- Up-to-date: /root/nav_migration/src/install/husky_gazebo/share/ament_index/resource_index/packages/husky_gazebo
[0.126s] -- Up-to-date: /root/nav_migration/src/install/husky_gazebo/share/husky_gazebo/cmake/husky_gazeboConfig.cmake
[0.126s] -- Up-to-date: /root/nav_migration/src/install/husky_gazebo/share/husky_gazebo/cmake/husky_gazeboConfig-version.cmake
[0.126s] -- Up-to-date: /root/nav_migration/src/install/husky_gazebo/share/husky_gazebo/package.xml
[0.128s] Invoked command in '/root/nav_migration/src/build/husky_gazebo' returned '0': CMAKE_PREFIX_PATH=/root/nav_migration/src/install/husky_control:/root/nav_migration/src/install/husky_description:/root/nav_migration/src/install/navigros2:/root/nav_migration/src/install/husky_desktop:/root/nav_migration/src/install/husky_viz:/root/nav_migration/src/install/husky_simulator:/root/nav_migration/src/install/husky_robot:/root/nav_migration/src/install/husky_bringup:/root/nav_migration/src/install/husky_base:/root/nav_migration/src/install/husky_msgs:/root/nav_migration/src/install/husky_gazebo:/root/clearpath_ws/install/clearpath_common:/root/clearpath_ws/install/clearpath_generator_common:/root/clearpath_ws/install/clearpath_description:/root/clearpath_ws/install/clearpath_sensors_description:/root/clearpath_ws/install/clearpath_platform:/root/clearpath_ws/install/clearpath_msgs:/root/clearpath_ws/install/clearpath_platform_msgs:/root/clearpath_ws/install/clearpath_platform_description:/root/clearpath_ws/install/clearpath_mounts_description:/root/clearpath_ws/install/clearpath_manipulators:/root/clearpath_ws/install/clearpath_manipulators_description:/root/clearpath_ws/install/clearpath_customization:/root/clearpath_ws/install/clearpath_control:/root/clearpath_ws/install/clearpath_config:/opt/ros/humble /usr/bin/cmake --install /root/nav_migration/src/build/husky_gazebo
