[0.056s] Invoking command in '/root/nav_migration/src/build/husky_base': CMAKE_PREFIX_PATH=/root/nav_migration/src/install/husky_msgs:/root/nav_migration/src/install/navigros2:/root/nav_migration/src/install/husky_desktop:/root/nav_migration/src/install/husky_viz:/root/nav_migration/src/install/husky_simulator:/root/nav_migration/src/install/husky_robot:/root/nav_migration/src/install/husky_bringup:/root/nav_migration/src/install/husky_base:/root/nav_migration/src/install/husky_gazebo:/root/nav_migration/src/install/husky_control:/root/nav_migration/src/install/husky_description:/root/clearpath_ws/install/clearpath_common:/root/clearpath_ws/install/clearpath_generator_common:/root/clearpath_ws/install/clearpath_description:/root/clearpath_ws/install/clearpath_sensors_description:/root/clearpath_ws/install/clearpath_platform:/root/clearpath_ws/install/clearpath_msgs:/root/clearpath_ws/install/clearpath_platform_msgs:/root/clearpath_ws/install/clearpath_platform_description:/root/clearpath_ws/install/clearpath_mounts_description:/root/clearpath_ws/install/clearpath_manipulators:/root/clearpath_ws/install/clearpath_manipulators_description:/root/clearpath_ws/install/clearpath_customization:/root/clearpath_ws/install/clearpath_control:/root/clearpath_ws/install/clearpath_config:/opt/ros/humble LD_LIBRARY_PATH=/root/nav_migration/src/install/husky_msgs/lib:/root/nav_migration/src/install/navigros2/lib:/root/nav_migration/src/install/husky_base/lib:/root/clearpath_ws/install/clearpath_platform/lib:/root/clearpath_ws/install/clearpath_platform_msgs/lib:/usr/lib/x86_64-linux-gnu/gazebo-11/plugins:/opt/ros/humble/opt/rviz_ogre_vendor/lib:/opt/ros/humble/lib/x86_64-linux-gnu:/opt/ros/humble/lib /usr/bin/cmake --build /root/nav_migration/src/build/husky_base -- -j22 -l22
[0.099s] [100%] Built target husky_hardware
[0.106s] Invoked command in '/root/nav_migration/src/build/husky_base' returned '0': CMAKE_PREFIX_PATH=/root/nav_migration/src/install/husky_msgs:/root/nav_migration/src/install/navigros2:/root/nav_migration/src/install/husky_desktop:/root/nav_migration/src/install/husky_viz:/root/nav_migration/src/install/husky_simulator:/root/nav_migration/src/install/husky_robot:/root/nav_migration/src/install/husky_bringup:/root/nav_migration/src/install/husky_base:/root/nav_migration/src/install/husky_gazebo:/root/nav_migration/src/install/husky_control:/root/nav_migration/src/install/husky_description:/root/clearpath_ws/install/clearpath_common:/root/clearpath_ws/install/clearpath_generator_common:/root/clearpath_ws/install/clearpath_description:/root/clearpath_ws/install/clearpath_sensors_description:/root/clearpath_ws/install/clearpath_platform:/root/clearpath_ws/install/clearpath_msgs:/root/clearpath_ws/install/clearpath_platform_msgs:/root/clearpath_ws/install/clearpath_platform_description:/root/clearpath_ws/install/clearpath_mounts_description:/root/clearpath_ws/install/clearpath_manipulators:/root/clearpath_ws/install/clearpath_manipulators_description:/root/clearpath_ws/install/clearpath_customization:/root/clearpath_ws/install/clearpath_control:/root/clearpath_ws/install/clearpath_config:/opt/ros/humble LD_LIBRARY_PATH=/root/nav_migration/src/install/husky_msgs/lib:/root/nav_migration/src/install/navigros2/lib:/root/nav_migration/src/install/husky_base/lib:/root/clearpath_ws/install/clearpath_platform/lib:/root/clearpath_ws/install/clearpath_platform_msgs/lib:/usr/lib/x86_64-linux-gnu/gazebo-11/plugins:/opt/ros/humble/opt/rviz_ogre_vendor/lib:/opt/ros/humble/lib/x86_64-linux-gnu:/opt/ros/humble/lib /usr/bin/cmake --build /root/nav_migration/src/build/husky_base -- -j22 -l22
[0.142s] Invoking command in '/root/nav_migration/src/build/husky_base': CMAKE_PREFIX_PATH=/root/nav_migration/src/install/husky_msgs:/root/nav_migration/src/install/navigros2:/root/nav_migration/src/install/husky_desktop:/root/nav_migration/src/install/husky_viz:/root/nav_migration/src/install/husky_simulator:/root/nav_migration/src/install/husky_robot:/root/nav_migration/src/install/husky_bringup:/root/nav_migration/src/install/husky_base:/root/nav_migration/src/install/husky_gazebo:/root/nav_migration/src/install/husky_control:/root/nav_migration/src/install/husky_description:/root/clearpath_ws/install/clearpath_common:/root/clearpath_ws/install/clearpath_generator_common:/root/clearpath_ws/install/clearpath_description:/root/clearpath_ws/install/clearpath_sensors_description:/root/clearpath_ws/install/clearpath_platform:/root/clearpath_ws/install/clearpath_msgs:/root/clearpath_ws/install/clearpath_platform_msgs:/root/clearpath_ws/install/clearpath_platform_description:/root/clearpath_ws/install/clearpath_mounts_description:/root/clearpath_ws/install/clearpath_manipulators:/root/clearpath_ws/install/clearpath_manipulators_description:/root/clearpath_ws/install/clearpath_customization:/root/clearpath_ws/install/clearpath_control:/root/clearpath_ws/install/clearpath_config:/opt/ros/humble LD_LIBRARY_PATH=/root/nav_migration/src/install/husky_msgs/lib:/root/nav_migration/src/install/navigros2/lib:/root/nav_migration/src/install/husky_base/lib:/root/clearpath_ws/install/clearpath_platform/lib:/root/clearpath_ws/install/clearpath_platform_msgs/lib:/usr/lib/x86_64-linux-gnu/gazebo-11/plugins:/opt/ros/humble/opt/rviz_ogre_vendor/lib:/opt/ros/humble/lib/x86_64-linux-gnu:/opt/ros/humble/lib /usr/bin/cmake --install /root/nav_migration/src/build/husky_base
[0.147s] -- Install configuration: ""
[0.148s] -- Up-to-date: /root/nav_migration/src/install/husky_base/share/husky_base/husky_hardware.xml
[0.148s] -- Up-to-date: /root/nav_migration/src/install/husky_base/lib/libhusky_hardware.so
[0.149s] -- Up-to-date: /root/nav_migration/src/install/husky_base/include
[0.149s] -- Up-to-date: /root/nav_migration/src/install/husky_base/include/husky_base
[0.149s] -- Up-to-date: /root/nav_migration/src/install/husky_base/include/husky_base/husky_diagnostics.h
[0.149s] -- Up-to-date: /root/nav_migration/src/install/husky_base/include/husky_base/horizon_legacy_wrapper.h
[0.149s] -- Up-to-date: /root/nav_migration/src/install/husky_base/include/husky_base/husky_hardware.hpp
[0.149s] -- Up-to-date: /root/nav_migration/src/install/husky_base/include/husky_base/horizon_legacy
[0.149s] -- Up-to-date: /root/nav_migration/src/install/husky_base/include/husky_base/horizon_legacy/Transport.h
[0.149s] -- Up-to-date: /root/nav_migration/src/install/husky_base/include/husky_base/horizon_legacy/Message_data.h
[0.150s] -- Up-to-date: /root/nav_migration/src/install/husky_base/include/husky_base/horizon_legacy/crc.h
[0.150s] -- Up-to-date: /root/nav_migration/src/install/husky_base/include/husky_base/horizon_legacy/serial.h
[0.150s] -- Up-to-date: /root/nav_migration/src/install/husky_base/include/husky_base/horizon_legacy/Number.h
[0.151s] -- Up-to-date: /root/nav_migration/src/install/husky_base/include/husky_base/horizon_legacy/Message_request.h
[0.151s] -- Up-to-date: /root/nav_migration/src/install/husky_base/include/husky_base/horizon_legacy/clearpath.h
[0.151s] -- Up-to-date: /root/nav_migration/src/install/husky_base/include/husky_base/horizon_legacy/Message.h
[0.151s] -- Up-to-date: /root/nav_migration/src/install/husky_base/include/husky_base/horizon_legacy/Message_cmd.h
[0.151s] -- Up-to-date: /root/nav_migration/src/install/husky_base/include/husky_base/horizon_legacy/Logger.h
[0.151s] -- Up-to-date: /root/nav_migration/src/install/husky_base/include/husky_base/horizon_legacy/Exception.h
[0.151s] -- Up-to-date: /root/nav_migration/src/install/husky_base/share/husky_base/launch
[0.152s] -- Up-to-date: /root/nav_migration/src/install/husky_base/share/husky_base/launch/base.launch.py
[0.152s] -- Up-to-date: /root/nav_migration/src/install/husky_base/share/husky_base/environment/library_path.sh
[0.152s] -- Up-to-date: /root/nav_migration/src/install/husky_base/share/husky_base/environment/library_path.dsv
[0.153s] -- Up-to-date: /root/nav_migration/src/install/husky_base/share/ament_index/resource_index/package_run_dependencies/husky_base
[0.153s] -- Up-to-date: /root/nav_migration/src/install/husky_base/share/ament_index/resource_index/parent_prefix_path/husky_base
[0.153s] -- Up-to-date: /root/nav_migration/src/install/husky_base/share/husky_base/environment/ament_prefix_path.sh
[0.154s] -- Up-to-date: /root/nav_migration/src/install/husky_base/share/husky_base/environment/ament_prefix_path.dsv
[0.154s] -- Up-to-date: /root/nav_migration/src/install/husky_base/share/husky_base/environment/path.sh
[0.154s] -- Up-to-date: /root/nav_migration/src/install/husky_base/share/husky_base/environment/path.dsv
[0.155s] -- Up-to-date: /root/nav_migration/src/install/husky_base/share/husky_base/local_setup.bash
[0.155s] -- Up-to-date: /root/nav_migration/src/install/husky_base/share/husky_base/local_setup.sh
[0.156s] -- Up-to-date: /root/nav_migration/src/install/husky_base/share/husky_base/local_setup.zsh
[0.156s] -- Up-to-date: /root/nav_migration/src/install/husky_base/share/husky_base/local_setup.dsv
[0.156s] -- Installing: /root/nav_migration/src/install/husky_base/share/husky_base/package.dsv
[0.156s] -- Up-to-date: /root/nav_migration/src/install/husky_base/share/ament_index/resource_index/packages/husky_base
[0.156s] -- Up-to-date: /root/nav_migration/src/install/husky_base/share/ament_index/resource_index/hardware_interface__pluginlib__plugin/husky_base
[0.156s] -- Up-to-date: /root/nav_migration/src/install/husky_base/share/husky_base/cmake/ament_cmake_export_include_directories-extras.cmake
[0.156s] -- Up-to-date: /root/nav_migration/src/install/husky_base/share/husky_base/cmake/ament_cmake_export_libraries-extras.cmake
[0.156s] -- Up-to-date: /root/nav_migration/src/install/husky_base/share/husky_base/cmake/ament_cmake_export_dependencies-extras.cmake
[0.157s] -- Up-to-date: /root/nav_migration/src/install/husky_base/share/husky_base/cmake/husky_baseConfig.cmake
[0.157s] -- Up-to-date: /root/nav_migration/src/install/husky_base/share/husky_base/cmake/husky_baseConfig-version.cmake
[0.157s] -- Up-to-date: /root/nav_migration/src/install/husky_base/share/husky_base/package.xml
[0.164s] Invoked command in '/root/nav_migration/src/build/husky_base' returned '0': CMAKE_PREFIX_PATH=/root/nav_migration/src/install/husky_msgs:/root/nav_migration/src/install/navigros2:/root/nav_migration/src/install/husky_desktop:/root/nav_migration/src/install/husky_viz:/root/nav_migration/src/install/husky_simulator:/root/nav_migration/src/install/husky_robot:/root/nav_migration/src/install/husky_bringup:/root/nav_migration/src/install/husky_base:/root/nav_migration/src/install/husky_gazebo:/root/nav_migration/src/install/husky_control:/root/nav_migration/src/install/husky_description:/root/clearpath_ws/install/clearpath_common:/root/clearpath_ws/install/clearpath_generator_common:/root/clearpath_ws/install/clearpath_description:/root/clearpath_ws/install/clearpath_sensors_description:/root/clearpath_ws/install/clearpath_platform:/root/clearpath_ws/install/clearpath_msgs:/root/clearpath_ws/install/clearpath_platform_msgs:/root/clearpath_ws/install/clearpath_platform_description:/root/clearpath_ws/install/clearpath_mounts_description:/root/clearpath_ws/install/clearpath_manipulators:/root/clearpath_ws/install/clearpath_manipulators_description:/root/clearpath_ws/install/clearpath_customization:/root/clearpath_ws/install/clearpath_control:/root/clearpath_ws/install/clearpath_config:/opt/ros/humble LD_LIBRARY_PATH=/root/nav_migration/src/install/husky_msgs/lib:/root/nav_migration/src/install/navigros2/lib:/root/nav_migration/src/install/husky_base/lib:/root/clearpath_ws/install/clearpath_platform/lib:/root/clearpath_ws/install/clearpath_platform_msgs/lib:/usr/lib/x86_64-linux-gnu/gazebo-11/plugins:/opt/ros/humble/opt/rviz_ogre_vendor/lib:/opt/ros/humble/lib/x86_64-linux-gnu:/opt/ros/humble/lib /usr/bin/cmake --install /root/nav_migration/src/build/husky_base
