[0.061s] Invoking command in '/root/nav_migration/src/build/husky_control': CMAKE_PREFIX_PATH=/root/nav_migration/src/install/husky_description:/root/nav_migration/src/install/navigros2:/root/nav_migration/src/install/husky_desktop:/root/nav_migration/src/install/husky_viz:/root/nav_migration/src/install/husky_simulator:/root/nav_migration/src/install/husky_robot:/root/nav_migration/src/install/husky_bringup:/root/nav_migration/src/install/husky_base:/root/nav_migration/src/install/husky_msgs:/root/nav_migration/src/install/husky_gazebo:/root/nav_migration/src/install/husky_control:/root/clearpath_ws/install/clearpath_common:/root/clearpath_ws/install/clearpath_generator_common:/root/clearpath_ws/install/clearpath_description:/root/clearpath_ws/install/clearpath_sensors_description:/root/clearpath_ws/install/clearpath_platform:/root/clearpath_ws/install/clearpath_msgs:/root/clearpath_ws/install/clearpath_platform_msgs:/root/clearpath_ws/install/clearpath_platform_description:/root/clearpath_ws/install/clearpath_mounts_description:/root/clearpath_ws/install/clearpath_manipulators:/root/clearpath_ws/install/clearpath_manipulators_description:/root/clearpath_ws/install/clearpath_customization:/root/clearpath_ws/install/clearpath_control:/root/clearpath_ws/install/clearpath_config:/opt/ros/humble /usr/bin/cmake --build /root/nav_migration/src/build/husky_control -- -j22 -l22
[0.099s] Invoked command in '/root/nav_migration/src/build/husky_control' returned '0': CMAKE_PREFIX_PATH=/root/nav_migration/src/install/husky_description:/root/nav_migration/src/install/navigros2:/root/nav_migration/src/install/husky_desktop:/root/nav_migration/src/install/husky_viz:/root/nav_migration/src/install/husky_simulator:/root/nav_migration/src/install/husky_robot:/root/nav_migration/src/install/husky_bringup:/root/nav_migration/src/install/husky_base:/root/nav_migration/src/install/husky_msgs:/root/nav_migration/src/install/husky_gazebo:/root/nav_migration/src/install/husky_control:/root/clearpath_ws/install/clearpath_common:/root/clearpath_ws/install/clearpath_generator_common:/root/clearpath_ws/install/clearpath_description:/root/clearpath_ws/install/clearpath_sensors_description:/root/clearpath_ws/install/clearpath_platform:/root/clearpath_ws/install/clearpath_msgs:/root/clearpath_ws/install/clearpath_platform_msgs:/root/clearpath_ws/install/clearpath_platform_description:/root/clearpath_ws/install/clearpath_mounts_description:/root/clearpath_ws/install/clearpath_manipulators:/root/clearpath_ws/install/clearpath_manipulators_description:/root/clearpath_ws/install/clearpath_customization:/root/clearpath_ws/install/clearpath_control:/root/clearpath_ws/install/clearpath_config:/opt/ros/humble /usr/bin/cmake --build /root/nav_migration/src/build/husky_control -- -j22 -l22
[0.115s] Invoking command in '/root/nav_migration/src/build/husky_control': CMAKE_PREFIX_PATH=/root/nav_migration/src/install/husky_description:/root/nav_migration/src/install/navigros2:/root/nav_migration/src/install/husky_desktop:/root/nav_migration/src/install/husky_viz:/root/nav_migration/src/install/husky_simulator:/root/nav_migration/src/install/husky_robot:/root/nav_migration/src/install/husky_bringup:/root/nav_migration/src/install/husky_base:/root/nav_migration/src/install/husky_msgs:/root/nav_migration/src/install/husky_gazebo:/root/nav_migration/src/install/husky_control:/root/clearpath_ws/install/clearpath_common:/root/clearpath_ws/install/clearpath_generator_common:/root/clearpath_ws/install/clearpath_description:/root/clearpath_ws/install/clearpath_sensors_description:/root/clearpath_ws/install/clearpath_platform:/root/clearpath_ws/install/clearpath_msgs:/root/clearpath_ws/install/clearpath_platform_msgs:/root/clearpath_ws/install/clearpath_platform_description:/root/clearpath_ws/install/clearpath_mounts_description:/root/clearpath_ws/install/clearpath_manipulators:/root/clearpath_ws/install/clearpath_manipulators_description:/root/clearpath_ws/install/clearpath_customization:/root/clearpath_ws/install/clearpath_control:/root/clearpath_ws/install/clearpath_config:/opt/ros/humble /usr/bin/cmake --install /root/nav_migration/src/build/husky_control
[0.120s] -- Install configuration: ""
[0.120s] -- Up-to-date: /root/nav_migration/src/install/husky_control/share/husky_control/config
[0.121s] -- Up-to-date: /root/nav_migration/src/install/husky_control/share/husky_control/config/public_interface.yaml
[0.121s] -- Up-to-date: /root/nav_migration/src/install/husky_control/share/husky_control/config/teleop_ps4.yaml
[0.121s] -- Up-to-date: /root/nav_migration/src/install/husky_control/share/husky_control/config/localization.yaml
[0.121s] -- Up-to-date: /root/nav_migration/src/install/husky_control/share/husky_control/config/control.yaml
[0.121s] -- Up-to-date: /root/nav_migration/src/install/husky_control/share/husky_control/config/twist_mux.yaml
[0.122s] -- Up-to-date: /root/nav_migration/src/install/husky_control/share/husky_control/config/teleop_logitech.yaml
[0.122s] -- Up-to-date: /root/nav_migration/src/install/husky_control/share/husky_control/config/teleop_interactive_markers.yaml
[0.122s] -- Up-to-date: /root/nav_migration/src/install/husky_control/share/husky_control/config/empty.yaml
[0.122s] -- Up-to-date: /root/nav_migration/src/install/husky_control/share/husky_control/config/gazebo_interface.yaml
[0.122s] -- Up-to-date: /root/nav_migration/src/install/husky_control/share/husky_control/config/imu_filter.yaml
[0.122s] -- Up-to-date: /root/nav_migration/src/install/husky_control/share/husky_control/launch
[0.122s] -- Up-to-date: /root/nav_migration/src/install/husky_control/share/husky_control/launch/control.launch
[0.122s] -- Up-to-date: /root/nav_migration/src/install/husky_control/share/husky_control/launch/teleop_joy.launch.py
[0.122s] -- Up-to-date: /root/nav_migration/src/install/husky_control/share/husky_control/launch/control.launch.py
[0.122s] -- Up-to-date: /root/nav_migration/src/install/husky_control/share/husky_control/launch/teleop_base.launch.py
[0.122s] -- Up-to-date: /root/nav_migration/src/install/husky_control/share/husky_control/launch/teleop.launch
[0.122s] -- Up-to-date: /root/nav_migration/src/install/husky_control/share/ament_index/resource_index/package_run_dependencies/husky_control
[0.122s] -- Up-to-date: /root/nav_migration/src/install/husky_control/share/ament_index/resource_index/parent_prefix_path/husky_control
[0.123s] -- Up-to-date: /root/nav_migration/src/install/husky_control/share/husky_control/environment/ament_prefix_path.sh
[0.123s] -- Up-to-date: /root/nav_migration/src/install/husky_control/share/husky_control/environment/ament_prefix_path.dsv
[0.123s] -- Up-to-date: /root/nav_migration/src/install/husky_control/share/husky_control/environment/path.sh
[0.123s] -- Up-to-date: /root/nav_migration/src/install/husky_control/share/husky_control/environment/path.dsv
[0.123s] -- Up-to-date: /root/nav_migration/src/install/husky_control/share/husky_control/local_setup.bash
[0.123s] -- Up-to-date: /root/nav_migration/src/install/husky_control/share/husky_control/local_setup.sh
[0.123s] -- Up-to-date: /root/nav_migration/src/install/husky_control/share/husky_control/local_setup.zsh
[0.123s] -- Up-to-date: /root/nav_migration/src/install/husky_control/share/husky_control/local_setup.dsv
[0.123s] -- Installing: /root/nav_migration/src/install/husky_control/share/husky_control/package.dsv
[0.123s] -- Up-to-date: /root/nav_migration/src/install/husky_control/share/ament_index/resource_index/packages/husky_control
[0.124s] -- Up-to-date: /root/nav_migration/src/install/husky_control/share/husky_control/cmake/husky_controlConfig.cmake
[0.125s] -- Up-to-date: /root/nav_migration/src/install/husky_control/share/husky_control/cmake/husky_controlConfig-version.cmake
[0.127s] -- Up-to-date: /root/nav_migration/src/install/husky_control/share/husky_control/package.xml
[0.127s] Invoked command in '/root/nav_migration/src/build/husky_control' returned '0': CMAKE_PREFIX_PATH=/root/nav_migration/src/install/husky_description:/root/nav_migration/src/install/navigros2:/root/nav_migration/src/install/husky_desktop:/root/nav_migration/src/install/husky_viz:/root/nav_migration/src/install/husky_simulator:/root/nav_migration/src/install/husky_robot:/root/nav_migration/src/install/husky_bringup:/root/nav_migration/src/install/husky_base:/root/nav_migration/src/install/husky_msgs:/root/nav_migration/src/install/husky_gazebo:/root/nav_migration/src/install/husky_control:/root/clearpath_ws/install/clearpath_common:/root/clearpath_ws/install/clearpath_generator_common:/root/clearpath_ws/install/clearpath_description:/root/clearpath_ws/install/clearpath_sensors_description:/root/clearpath_ws/install/clearpath_platform:/root/clearpath_ws/install/clearpath_msgs:/root/clearpath_ws/install/clearpath_platform_msgs:/root/clearpath_ws/install/clearpath_platform_description:/root/clearpath_ws/install/clearpath_mounts_description:/root/clearpath_ws/install/clearpath_manipulators:/root/clearpath_ws/install/clearpath_manipulators_description:/root/clearpath_ws/install/clearpath_customization:/root/clearpath_ws/install/clearpath_control:/root/clearpath_ws/install/clearpath_config:/opt/ros/humble /usr/bin/cmake --install /root/nav_migration/src/build/husky_control
