[0.651s] DEBUG:colcon:Command line arguments: ['/usr/bin/colcon', 'build', '--packages-select', 'navigros2']
[0.651s] DEBUG:colcon:Parsed command line arguments: Namespace(log_base=None, log_level=None, verb_name='build', build_base='build', install_base='install', merge_install=False, symlink_install=False, test_result_base=None, continue_on_error=False, executor='parallel', parallel_workers=22, event_handlers=None, ignore_user_meta=False, metas=['./colcon.meta'], base_paths=['.'], packages_ignore=None, packages_ignore_regex=None, paths=None, packages_up_to=None, packages_up_to_regex=None, packages_above=None, packages_above_and_dependencies=None, packages_above_depth=None, packages_select_by_dep=None, packages_skip_by_dep=None, packages_skip_up_to=None, packages_select_build_failed=False, packages_skip_build_finished=False, packages_select_test_failures=False, packages_skip_test_passed=False, packages_select=['navigros2'], packages_skip=None, packages_select_regex=None, packages_skip_regex=None, packages_start=None, packages_end=None, allow_overriding=[], cmake_args=None, cmake_target=None, cmake_target_skip_unavailable=False, cmake_clean_cache=False, cmake_clean_first=False, cmake_force_configure=False, ament_cmake_args=None, catkin_cmake_args=None, catkin_skip_building_tests=False, verb_parser=<colcon_defaults.argument_parser.defaults.DefaultArgumentsDecorator object at 0x7fedf3d7fe50>, verb_extension=<colcon_core.verb.build.BuildVerb object at 0x7fedf3f21750>, main=<bound method BuildVerb.main of <colcon_core.verb.build.BuildVerb object at 0x7fedf3f21750>>)
[1.383s] Level 1:colcon.colcon_core.package_discovery:discover_packages(colcon_meta) check parameters
[1.383s] Level 1:colcon.colcon_core.package_discovery:discover_packages(recursive) check parameters
[1.383s] Level 1:colcon.colcon_core.package_discovery:discover_packages(ignore) check parameters
[1.383s] Level 1:colcon.colcon_core.package_discovery:discover_packages(path) check parameters
[1.383s] Level 1:colcon.colcon_core.package_discovery:discover_packages(colcon_meta) discover
[1.383s] Level 1:colcon.colcon_core.package_discovery:discover_packages(recursive) discover
[1.383s] INFO:colcon.colcon_core.package_discovery:Crawling recursively for packages in '/root/nav_migration/src'
[1.384s] Level 1:colcon.colcon_core.package_identification:_identify(.) by extensions ['ignore', 'ignore_ament_install']
[1.384s] Level 1:colcon.colcon_core.package_identification:_identify(.) by extension 'ignore'
[1.384s] Level 1:colcon.colcon_core.package_identification:_identify(.) by extension 'ignore_ament_install'
[1.384s] Level 1:colcon.colcon_core.package_identification:_identify(.) by extensions ['colcon_pkg']
[1.384s] Level 1:colcon.colcon_core.package_identification:_identify(.) by extension 'colcon_pkg'
[1.384s] Level 1:colcon.colcon_core.package_identification:_identify(.) by extensions ['colcon_meta']
[1.384s] Level 1:colcon.colcon_core.package_identification:_identify(.) by extension 'colcon_meta'
[1.384s] Level 1:colcon.colcon_core.package_identification:_identify(.) by extensions ['ros']
[1.384s] Level 1:colcon.colcon_core.package_identification:_identify(.) by extension 'ros'
[1.408s] Level 1:colcon.colcon_core.package_identification:_identify(.) by extensions ['cmake', 'python']
[1.408s] Level 1:colcon.colcon_core.package_identification:_identify(.) by extension 'cmake'
[1.408s] Level 1:colcon.colcon_core.package_identification:_identify(.) by extension 'python'
[1.408s] Level 1:colcon.colcon_core.package_identification:_identify(.) by extensions ['python_setup_py']
[1.408s] Level 1:colcon.colcon_core.package_identification:_identify(.) by extension 'python_setup_py'
[1.408s] Level 1:colcon.colcon_core.package_identification:_identify(build) by extensions ['ignore', 'ignore_ament_install']
[1.408s] Level 1:colcon.colcon_core.package_identification:_identify(build) by extension 'ignore'
[1.408s] Level 1:colcon.colcon_core.package_identification:_identify(build) ignored
[1.408s] Level 1:colcon.colcon_core.package_identification:_identify(install) by extensions ['ignore', 'ignore_ament_install']
[1.409s] Level 1:colcon.colcon_core.package_identification:_identify(install) by extension 'ignore'
[1.409s] Level 1:colcon.colcon_core.package_identification:_identify(install) ignored
[1.409s] Level 1:colcon.colcon_core.package_identification:_identify(log) by extensions ['ignore', 'ignore_ament_install']
[1.409s] Level 1:colcon.colcon_core.package_identification:_identify(log) by extension 'ignore'
[1.409s] Level 1:colcon.colcon_core.package_identification:_identify(log) ignored
[1.409s] Level 1:colcon.colcon_core.package_identification:_identify(navigros2) by extensions ['ignore', 'ignore_ament_install']
[1.409s] Level 1:colcon.colcon_core.package_identification:_identify(navigros2) by extension 'ignore'
[1.409s] Level 1:colcon.colcon_core.package_identification:_identify(navigros2) by extension 'ignore_ament_install'
[1.409s] Level 1:colcon.colcon_core.package_identification:_identify(navigros2) by extensions ['colcon_pkg']
[1.409s] Level 1:colcon.colcon_core.package_identification:_identify(navigros2) by extension 'colcon_pkg'
[1.409s] Level 1:colcon.colcon_core.package_identification:_identify(navigros2) by extensions ['colcon_meta']
[1.410s] Level 1:colcon.colcon_core.package_identification:_identify(navigros2) by extension 'colcon_meta'
[1.410s] Level 1:colcon.colcon_core.package_identification:_identify(navigros2) by extensions ['ros']
[1.410s] Level 1:colcon.colcon_core.package_identification:_identify(navigros2) by extension 'ros'
[1.415s] DEBUG:colcon.colcon_core.package_identification:Package 'navigros2' with type 'ros.ament_cmake' and name 'navigros2'
[1.415s] Level 1:colcon.colcon_core.package_discovery:discover_packages(recursive) using defaults
[1.415s] Level 1:colcon.colcon_core.package_discovery:discover_packages(ignore) discover
[1.415s] Level 1:colcon.colcon_core.package_discovery:discover_packages(ignore) using defaults
[1.415s] Level 1:colcon.colcon_core.package_discovery:discover_packages(path) discover
[1.415s] Level 1:colcon.colcon_core.package_discovery:discover_packages(path) using defaults
[1.484s] Level 1:colcon.colcon_core.package_discovery:discover_packages(prefix_path) check parameters
[1.485s] Level 1:colcon.colcon_core.package_discovery:discover_packages(prefix_path) discover
[1.501s] DEBUG:colcon.colcon_installed_package_information.package_discovery:Found 270 installed packages in /opt/ros/humble
[1.503s] Level 1:colcon.colcon_core.package_discovery:discover_packages(prefix_path) using defaults
[1.748s] Level 5:colcon.colcon_core.verb:set package 'navigros2' build argument 'cmake_args' from command line to 'None'
[1.748s] Level 5:colcon.colcon_core.verb:set package 'navigros2' build argument 'cmake_target' from command line to 'None'
[1.748s] Level 5:colcon.colcon_core.verb:set package 'navigros2' build argument 'cmake_target_skip_unavailable' from command line to 'False'
[1.748s] Level 5:colcon.colcon_core.verb:set package 'navigros2' build argument 'cmake_clean_cache' from command line to 'False'
[1.748s] Level 5:colcon.colcon_core.verb:set package 'navigros2' build argument 'cmake_clean_first' from command line to 'False'
[1.748s] Level 5:colcon.colcon_core.verb:set package 'navigros2' build argument 'cmake_force_configure' from command line to 'False'
[1.749s] Level 5:colcon.colcon_core.verb:set package 'navigros2' build argument 'ament_cmake_args' from command line to 'None'
[1.749s] Level 5:colcon.colcon_core.verb:set package 'navigros2' build argument 'catkin_cmake_args' from command line to 'None'
[1.749s] Level 5:colcon.colcon_core.verb:set package 'navigros2' build argument 'catkin_skip_building_tests' from command line to 'False'
[1.749s] DEBUG:colcon.colcon_core.verb:Building package 'navigros2' with the following arguments: {'ament_cmake_args': None, 'build_base': '/root/nav_migration/src/build/navigros2', 'catkin_cmake_args': None, 'catkin_skip_building_tests': False, 'cmake_args': None, 'cmake_clean_cache': False, 'cmake_clean_first': False, 'cmake_force_configure': False, 'cmake_target': None, 'cmake_target_skip_unavailable': False, 'install_base': '/root/nav_migration/src/install/navigros2', 'merge_install': False, 'path': '/root/nav_migration/src/navigros2', 'symlink_install': False, 'test_result_base': None}
[1.749s] INFO:colcon.colcon_core.executor:Executing jobs using 'parallel' executor
[1.751s] DEBUG:colcon.colcon_parallel_executor.executor.parallel:run_until_complete
[1.751s] INFO:colcon.colcon_ros.task.ament_cmake.build:Building ROS package in '/root/nav_migration/src/navigros2' with build type 'ament_cmake'
[1.751s] INFO:colcon.colcon_cmake.task.cmake.build:Building CMake package in '/root/nav_migration/src/navigros2'
[1.764s] INFO:colcon.colcon_core.plugin_system:Skipping extension 'colcon_core.shell.bat': Not used on non-Windows systems
[1.764s] INFO:colcon.colcon_core.shell:Skip shell extension 'powershell' for command environment: Not usable outside of PowerShell
[1.765s] DEBUG:colcon.colcon_core.shell:Skip shell extension 'dsv' for command environment
[1.781s] DEBUG:colcon.colcon_core.event_handler.log_command:Invoking command in '/root/nav_migration/src/build/navigros2': CMAKE_PREFIX_PATH=/opt/ros/humble /usr/bin/cmake /root/nav_migration/src/navigros2 -DCMAKE_INSTALL_PREFIX=/root/nav_migration/src/install/navigros2
[6.306s] DEBUG:colcon.colcon_core.event_handler.log_command:Invoked command in '/root/nav_migration/src/build/navigros2' returned '0': CMAKE_PREFIX_PATH=/opt/ros/humble /usr/bin/cmake /root/nav_migration/src/navigros2 -DCMAKE_INSTALL_PREFIX=/root/nav_migration/src/install/navigros2
[6.307s] DEBUG:colcon.colcon_core.event_handler.log_command:Invoking command in '/root/nav_migration/src/build/navigros2': CMAKE_PREFIX_PATH=/opt/ros/humble /usr/bin/cmake --build /root/nav_migration/src/build/navigros2 -- -j22 -l22
[9.823s] DEBUG:colcon.colcon_core.event_handler.log_command:Invoked command in '/root/nav_migration/src/build/navigros2' returned '0': CMAKE_PREFIX_PATH=/opt/ros/humble /usr/bin/cmake --build /root/nav_migration/src/build/navigros2 -- -j22 -l22
[9.958s] DEBUG:colcon.colcon_core.event_handler.log_command:Invoking command in '/root/nav_migration/src/build/navigros2': CMAKE_PREFIX_PATH=/opt/ros/humble /usr/bin/cmake --install /root/nav_migration/src/build/navigros2
[10.049s] Level 1:colcon.colcon_core.environment:create_environment_scripts_only(navigros2)
[10.050s] DEBUG:colcon.colcon_core.event_handler.log_command:Invoked command in '/root/nav_migration/src/build/navigros2' returned '0': CMAKE_PREFIX_PATH=/opt/ros/humble /usr/bin/cmake --install /root/nav_migration/src/build/navigros2
[10.063s] Level 1:colcon.colcon_core.environment:checking '/root/nav_migration/src/install/navigros2' for CMake module files
[10.063s] Level 1:colcon.colcon_core.environment:checking '/root/nav_migration/src/install/navigros2' for CMake config files
[10.064s] Level 1:colcon.colcon_core.shell:create_environment_hook('navigros2', 'cmake_prefix_path')
[10.064s] INFO:colcon.colcon_core.shell:Creating environment hook '/root/nav_migration/src/install/navigros2/share/navigros2/hook/cmake_prefix_path.ps1'
[10.067s] INFO:colcon.colcon_core.shell:Creating environment descriptor '/root/nav_migration/src/install/navigros2/share/navigros2/hook/cmake_prefix_path.dsv'
[10.068s] INFO:colcon.colcon_core.shell:Creating environment hook '/root/nav_migration/src/install/navigros2/share/navigros2/hook/cmake_prefix_path.sh'
[10.070s] Level 1:colcon.colcon_core.environment:checking '/root/nav_migration/src/install/navigros2/lib'
[10.070s] Level 1:colcon.colcon_core.shell:create_environment_hook('navigros2', 'ld_library_path_lib')
[10.070s] INFO:colcon.colcon_core.shell:Creating environment hook '/root/nav_migration/src/install/navigros2/share/navigros2/hook/ld_library_path_lib.ps1'
[10.070s] INFO:colcon.colcon_core.shell:Creating environment descriptor '/root/nav_migration/src/install/navigros2/share/navigros2/hook/ld_library_path_lib.dsv'
[10.071s] INFO:colcon.colcon_core.shell:Creating environment hook '/root/nav_migration/src/install/navigros2/share/navigros2/hook/ld_library_path_lib.sh'
[10.071s] Level 1:colcon.colcon_core.environment:checking '/root/nav_migration/src/install/navigros2/bin'
[10.071s] Level 1:colcon.colcon_core.environment:checking '/root/nav_migration/src/install/navigros2/lib/pkgconfig/navigros2.pc'
[10.072s] Level 1:colcon.colcon_core.environment:checking '/root/nav_migration/src/install/navigros2/lib/python3.10/site-packages'
[10.072s] Level 1:colcon.colcon_core.environment:checking '/root/nav_migration/src/install/navigros2/bin'
[10.072s] INFO:colcon.colcon_core.shell:Creating package script '/root/nav_migration/src/install/navigros2/share/navigros2/package.ps1'
[10.074s] INFO:colcon.colcon_core.shell:Creating package descriptor '/root/nav_migration/src/install/navigros2/share/navigros2/package.dsv'
[10.075s] INFO:colcon.colcon_core.shell:Creating package script '/root/nav_migration/src/install/navigros2/share/navigros2/package.sh'
[10.077s] INFO:colcon.colcon_core.shell:Creating package script '/root/nav_migration/src/install/navigros2/share/navigros2/package.bash'
[10.078s] INFO:colcon.colcon_core.shell:Creating package script '/root/nav_migration/src/install/navigros2/share/navigros2/package.zsh'
[10.079s] Level 1:colcon.colcon_core.environment:create_file_with_runtime_dependencies(/root/nav_migration/src/install/navigros2/share/colcon-core/packages/navigros2)
[10.254s] Level 1:colcon.colcon_core.environment:create_environment_scripts_only(navigros2)
[10.254s] Level 1:colcon.colcon_core.environment:checking '/root/nav_migration/src/install/navigros2' for CMake module files
[10.255s] Level 1:colcon.colcon_core.environment:checking '/root/nav_migration/src/install/navigros2' for CMake config files
[10.256s] Level 1:colcon.colcon_core.shell:create_environment_hook('navigros2', 'cmake_prefix_path')
[10.256s] INFO:colcon.colcon_core.shell:Creating environment hook '/root/nav_migration/src/install/navigros2/share/navigros2/hook/cmake_prefix_path.ps1'
[10.257s] INFO:colcon.colcon_core.shell:Creating environment descriptor '/root/nav_migration/src/install/navigros2/share/navigros2/hook/cmake_prefix_path.dsv'
[10.257s] INFO:colcon.colcon_core.shell:Creating environment hook '/root/nav_migration/src/install/navigros2/share/navigros2/hook/cmake_prefix_path.sh'
[10.258s] Level 1:colcon.colcon_core.environment:checking '/root/nav_migration/src/install/navigros2/lib'
[10.258s] Level 1:colcon.colcon_core.shell:create_environment_hook('navigros2', 'ld_library_path_lib')
[10.258s] INFO:colcon.colcon_core.shell:Creating environment hook '/root/nav_migration/src/install/navigros2/share/navigros2/hook/ld_library_path_lib.ps1'
[10.259s] INFO:colcon.colcon_core.shell:Creating environment descriptor '/root/nav_migration/src/install/navigros2/share/navigros2/hook/ld_library_path_lib.dsv'
[10.259s] INFO:colcon.colcon_core.shell:Creating environment hook '/root/nav_migration/src/install/navigros2/share/navigros2/hook/ld_library_path_lib.sh'
[10.259s] Level 1:colcon.colcon_core.environment:checking '/root/nav_migration/src/install/navigros2/bin'
[10.260s] Level 1:colcon.colcon_core.environment:checking '/root/nav_migration/src/install/navigros2/lib/pkgconfig/navigros2.pc'
[10.260s] Level 1:colcon.colcon_core.environment:checking '/root/nav_migration/src/install/navigros2/lib/python3.10/site-packages'
[10.260s] Level 1:colcon.colcon_core.environment:checking '/root/nav_migration/src/install/navigros2/bin'
[10.260s] INFO:colcon.colcon_core.shell:Creating package script '/root/nav_migration/src/install/navigros2/share/navigros2/package.ps1'
[10.261s] INFO:colcon.colcon_core.shell:Creating package descriptor '/root/nav_migration/src/install/navigros2/share/navigros2/package.dsv'
[10.262s] INFO:colcon.colcon_core.shell:Creating package script '/root/nav_migration/src/install/navigros2/share/navigros2/package.sh'
[10.262s] INFO:colcon.colcon_core.shell:Creating package script '/root/nav_migration/src/install/navigros2/share/navigros2/package.bash'
[10.262s] INFO:colcon.colcon_core.shell:Creating package script '/root/nav_migration/src/install/navigros2/share/navigros2/package.zsh'
[10.263s] Level 1:colcon.colcon_core.environment:create_file_with_runtime_dependencies(/root/nav_migration/src/install/navigros2/share/colcon-core/packages/navigros2)
[10.263s] DEBUG:colcon.colcon_parallel_executor.executor.parallel:closing loop
[10.263s] DEBUG:colcon.colcon_parallel_executor.executor.parallel:loop closed
[10.264s] DEBUG:colcon.colcon_parallel_executor.executor.parallel:run_until_complete finished with '0'
[10.264s] DEBUG:colcon.colcon_core.event_reactor:joining thread
[10.384s] INFO:colcon.colcon_core.plugin_system:Skipping extension 'colcon_notification.desktop_notification.notify_send': Could not find 'notify-send'
[10.385s] INFO:colcon.colcon_core.plugin_system:Skipping extension 'colcon_notification.desktop_notification.terminal_notifier': Not used on non-Darwin systems
[10.385s] INFO:colcon.colcon_core.plugin_system:Skipping extension 'colcon_notification.desktop_notification.win32': Not used on non-Windows systems
[10.385s] INFO:colcon.colcon_notification.desktop_notification:Sending desktop notification using 'notify2'
[10.385s] DEBUG:colcon.colcon_notification.desktop_notification.notify2:Failed to initialize notify2: org.freedesktop.DBus.Error.FileNotFound: Failed to connect to socket /run/user/0/bus: No such file or directory
[10.386s] DEBUG:colcon.colcon_core.event_reactor:joined thread
[10.387s] INFO:colcon.colcon_core.shell:Creating prefix script '/root/nav_migration/src/install/local_setup.ps1'
[10.390s] INFO:colcon.colcon_core.shell:Creating prefix util module '/root/nav_migration/src/install/_local_setup_util_ps1.py'
[10.393s] INFO:colcon.colcon_core.shell:Creating prefix chain script '/root/nav_migration/src/install/setup.ps1'
[10.396s] INFO:colcon.colcon_core.shell:Creating prefix script '/root/nav_migration/src/install/local_setup.sh'
[10.397s] INFO:colcon.colcon_core.shell:Creating prefix util module '/root/nav_migration/src/install/_local_setup_util_sh.py'
[10.398s] INFO:colcon.colcon_core.shell:Creating prefix chain script '/root/nav_migration/src/install/setup.sh'
[10.400s] INFO:colcon.colcon_core.shell:Creating prefix script '/root/nav_migration/src/install/local_setup.bash'
[10.403s] INFO:colcon.colcon_core.shell:Creating prefix chain script '/root/nav_migration/src/install/setup.bash'
[10.405s] INFO:colcon.colcon_core.shell:Creating prefix script '/root/nav_migration/src/install/local_setup.zsh'
[10.407s] INFO:colcon.colcon_core.shell:Creating prefix chain script '/root/nav_migration/src/install/setup.zsh'
