[0.037s] Invoking command in '/root/nav_migration/src/build/husky_gazebo': AMENT_PREFIX_PATH=/root/nav_migration/src/install/husky_control:/root/nav_migration/src/install/husky_description:${AMENT_PREFIX_PATH} CMAKE_PREFIX_PATH=/root/nav_migration/src/install/husky_control:/root/nav_migration/src/install/husky_description:/root/clearpath_ws/install/clearpath_common:/root/clearpath_ws/install/clearpath_generator_common:/root/clearpath_ws/install/clearpath_description:/root/clearpath_ws/install/clearpath_sensors_description:/root/clearpath_ws/install/clearpath_platform:/root/clearpath_ws/install/clearpath_msgs:/root/clearpath_ws/install/clearpath_platform_msgs:/root/clearpath_ws/install/clearpath_platform_description:/root/clearpath_ws/install/clearpath_mounts_description:/root/clearpath_ws/install/clearpath_manipulators:/root/clearpath_ws/install/clearpath_manipulators_description:/root/clearpath_ws/install/clearpath_customization:/root/clearpath_ws/install/clearpath_control:/root/clearpath_ws/install/clearpath_config:/opt/ros/humble /usr/bin/cmake /root/nav_migration/src/husky-humble/husky_gazebo -DCMAKE_INSTALL_PREFIX=/root/nav_migration/src/install/husky_gazebo
[0.095s] -- The C compiler identification is GNU 11.4.0
[0.286s] -- The CXX compiler identification is GNU 11.4.0
[0.379s] -- Detecting C compiler ABI info
[0.445s] -- Detecting C compiler ABI info - done
[0.449s] -- Check for working C compiler: /usr/bin/cc - skipped
[0.449s] -- Detecting C compile features
[0.450s] -- Detecting C compile features - done
[0.452s] -- Detecting CXX compiler ABI info
[0.523s] -- Detecting CXX compiler ABI info - done
[0.527s] -- Check for working CXX compiler: /usr/bin/c++ - skipped
[0.527s] -- Detecting CXX compile features
[0.528s] -- Detecting CXX compile features - done
[0.529s] -- Found ament_cmake: 1.3.10 (/opt/ros/humble/share/ament_cmake/cmake)
[0.618s] -- Found Python3: /usr/bin/python3 (found version "3.10.12") found components: Interpreter 
[0.680s] -- Found urdf: 2.6.1 (/opt/ros/humble/share/urdf/cmake)
[1.415s] -- Found xacro: 2.0.8 (/opt/ros/humble/share/xacro/cmake)
[1.462s] -- Configuring done
[1.464s] -- Generating done
[1.464s] -- Build files have been written to: /root/nav_migration/src/build/husky_gazebo
[1.470s] Invoked command in '/root/nav_migration/src/build/husky_gazebo' returned '0': AMENT_PREFIX_PATH=/root/nav_migration/src/install/husky_control:/root/nav_migration/src/install/husky_description:${AMENT_PREFIX_PATH} CMAKE_PREFIX_PATH=/root/nav_migration/src/install/husky_control:/root/nav_migration/src/install/husky_description:/root/clearpath_ws/install/clearpath_common:/root/clearpath_ws/install/clearpath_generator_common:/root/clearpath_ws/install/clearpath_description:/root/clearpath_ws/install/clearpath_sensors_description:/root/clearpath_ws/install/clearpath_platform:/root/clearpath_ws/install/clearpath_msgs:/root/clearpath_ws/install/clearpath_platform_msgs:/root/clearpath_ws/install/clearpath_platform_description:/root/clearpath_ws/install/clearpath_mounts_description:/root/clearpath_ws/install/clearpath_manipulators:/root/clearpath_ws/install/clearpath_manipulators_description:/root/clearpath_ws/install/clearpath_customization:/root/clearpath_ws/install/clearpath_control:/root/clearpath_ws/install/clearpath_config:/opt/ros/humble /usr/bin/cmake /root/nav_migration/src/husky-humble/husky_gazebo -DCMAKE_INSTALL_PREFIX=/root/nav_migration/src/install/husky_gazebo
[1.471s] Invoking command in '/root/nav_migration/src/build/husky_gazebo': AMENT_PREFIX_PATH=/root/nav_migration/src/install/husky_control:/root/nav_migration/src/install/husky_description:${AMENT_PREFIX_PATH} CMAKE_PREFIX_PATH=/root/nav_migration/src/install/husky_control:/root/nav_migration/src/install/husky_description:/root/clearpath_ws/install/clearpath_common:/root/clearpath_ws/install/clearpath_generator_common:/root/clearpath_ws/install/clearpath_description:/root/clearpath_ws/install/clearpath_sensors_description:/root/clearpath_ws/install/clearpath_platform:/root/clearpath_ws/install/clearpath_msgs:/root/clearpath_ws/install/clearpath_platform_msgs:/root/clearpath_ws/install/clearpath_platform_description:/root/clearpath_ws/install/clearpath_mounts_description:/root/clearpath_ws/install/clearpath_manipulators:/root/clearpath_ws/install/clearpath_manipulators_description:/root/clearpath_ws/install/clearpath_customization:/root/clearpath_ws/install/clearpath_control:/root/clearpath_ws/install/clearpath_config:/opt/ros/humble /usr/bin/cmake --build /root/nav_migration/src/build/husky_gazebo -- -j22 -l22
[1.495s] Invoked command in '/root/nav_migration/src/build/husky_gazebo' returned '0': AMENT_PREFIX_PATH=/root/nav_migration/src/install/husky_control:/root/nav_migration/src/install/husky_description:${AMENT_PREFIX_PATH} CMAKE_PREFIX_PATH=/root/nav_migration/src/install/husky_control:/root/nav_migration/src/install/husky_description:/root/clearpath_ws/install/clearpath_common:/root/clearpath_ws/install/clearpath_generator_common:/root/clearpath_ws/install/clearpath_description:/root/clearpath_ws/install/clearpath_sensors_description:/root/clearpath_ws/install/clearpath_platform:/root/clearpath_ws/install/clearpath_msgs:/root/clearpath_ws/install/clearpath_platform_msgs:/root/clearpath_ws/install/clearpath_platform_description:/root/clearpath_ws/install/clearpath_mounts_description:/root/clearpath_ws/install/clearpath_manipulators:/root/clearpath_ws/install/clearpath_manipulators_description:/root/clearpath_ws/install/clearpath_customization:/root/clearpath_ws/install/clearpath_control:/root/clearpath_ws/install/clearpath_config:/opt/ros/humble /usr/bin/cmake --build /root/nav_migration/src/build/husky_gazebo -- -j22 -l22
[1.509s] Invoking command in '/root/nav_migration/src/build/husky_gazebo': AMENT_PREFIX_PATH=/root/nav_migration/src/install/husky_control:/root/nav_migration/src/install/husky_description:${AMENT_PREFIX_PATH} CMAKE_PREFIX_PATH=/root/nav_migration/src/install/husky_control:/root/nav_migration/src/install/husky_description:/root/clearpath_ws/install/clearpath_common:/root/clearpath_ws/install/clearpath_generator_common:/root/clearpath_ws/install/clearpath_description:/root/clearpath_ws/install/clearpath_sensors_description:/root/clearpath_ws/install/clearpath_platform:/root/clearpath_ws/install/clearpath_msgs:/root/clearpath_ws/install/clearpath_platform_msgs:/root/clearpath_ws/install/clearpath_platform_description:/root/clearpath_ws/install/clearpath_mounts_description:/root/clearpath_ws/install/clearpath_manipulators:/root/clearpath_ws/install/clearpath_manipulators_description:/root/clearpath_ws/install/clearpath_customization:/root/clearpath_ws/install/clearpath_control:/root/clearpath_ws/install/clearpath_config:/opt/ros/humble /usr/bin/cmake --install /root/nav_migration/src/build/husky_gazebo
[1.514s] -- Install configuration: ""
[1.514s] -- Installing: /root/nav_migration/src/install/husky_gazebo/share/husky_gazebo/launch
[1.514s] -- Installing: /root/nav_migration/src/install/husky_gazebo/share/husky_gazebo/launch/multi_husky_playpen.launch
[1.514s] -- Installing: /root/nav_migration/src/install/husky_gazebo/share/husky_gazebo/launch/spawn_husky.launch
[1.514s] -- Installing: /root/nav_migration/src/install/husky_gazebo/share/husky_gazebo/launch/realsense.launch
[1.514s] -- Installing: /root/nav_migration/src/install/husky_gazebo/share/husky_gazebo/launch/husky_playpen.launch.py
[1.515s] -- Installing: /root/nav_migration/src/install/husky_gazebo/share/husky_gazebo/launch/playpen.launch
[1.515s] -- Installing: /root/nav_migration/src/install/husky_gazebo/share/husky_gazebo/launch/husky_empty_world.launch
[1.515s] -- Installing: /root/nav_migration/src/install/husky_gazebo/share/husky_gazebo/launch/gazebo.launch.py
[1.515s] -- Installing: /root/nav_migration/src/install/husky_gazebo/share/husky_gazebo/launch/husky_playpen.launch
[1.515s] -- Installing: /root/nav_migration/src/install/husky_gazebo/share/husky_gazebo/worlds
[1.515s] -- Installing: /root/nav_migration/src/install/husky_gazebo/share/husky_gazebo/worlds/clearpath_playpen.world
[1.515s] -- Installing: /root/nav_migration/src/install/husky_gazebo/share/ament_index/resource_index/package_run_dependencies/husky_gazebo
[1.515s] -- Installing: /root/nav_migration/src/install/husky_gazebo/share/ament_index/resource_index/parent_prefix_path/husky_gazebo
[1.515s] -- Installing: /root/nav_migration/src/install/husky_gazebo/share/husky_gazebo/environment/ament_prefix_path.sh
[1.515s] -- Installing: /root/nav_migration/src/install/husky_gazebo/share/husky_gazebo/environment/ament_prefix_path.dsv
[1.516s] -- Installing: /root/nav_migration/src/install/husky_gazebo/share/husky_gazebo/environment/path.sh
[1.516s] -- Installing: /root/nav_migration/src/install/husky_gazebo/share/husky_gazebo/environment/path.dsv
[1.516s] -- Installing: /root/nav_migration/src/install/husky_gazebo/share/husky_gazebo/local_setup.bash
[1.516s] -- Installing: /root/nav_migration/src/install/husky_gazebo/share/husky_gazebo/local_setup.sh
[1.516s] -- Installing: /root/nav_migration/src/install/husky_gazebo/share/husky_gazebo/local_setup.zsh
[1.516s] -- Installing: /root/nav_migration/src/install/husky_gazebo/share/husky_gazebo/local_setup.dsv
[1.516s] -- Installing: /root/nav_migration/src/install/husky_gazebo/share/husky_gazebo/package.dsv
[1.516s] -- Installing: /root/nav_migration/src/install/husky_gazebo/share/ament_index/resource_index/packages/husky_gazebo
[1.517s] -- Installing: /root/nav_migration/src/install/husky_gazebo/share/husky_gazebo/cmake/husky_gazeboConfig.cmake
[1.517s] -- Installing: /root/nav_migration/src/install/husky_gazebo/share/husky_gazebo/cmake/husky_gazeboConfig-version.cmake
[1.517s] -- Installing: /root/nav_migration/src/install/husky_gazebo/share/husky_gazebo/package.xml
[1.518s] Invoked command in '/root/nav_migration/src/build/husky_gazebo' returned '0': AMENT_PREFIX_PATH=/root/nav_migration/src/install/husky_control:/root/nav_migration/src/install/husky_description:${AMENT_PREFIX_PATH} CMAKE_PREFIX_PATH=/root/nav_migration/src/install/husky_control:/root/nav_migration/src/install/husky_description:/root/clearpath_ws/install/clearpath_common:/root/clearpath_ws/install/clearpath_generator_common:/root/clearpath_ws/install/clearpath_description:/root/clearpath_ws/install/clearpath_sensors_description:/root/clearpath_ws/install/clearpath_platform:/root/clearpath_ws/install/clearpath_msgs:/root/clearpath_ws/install/clearpath_platform_msgs:/root/clearpath_ws/install/clearpath_platform_description:/root/clearpath_ws/install/clearpath_mounts_description:/root/clearpath_ws/install/clearpath_manipulators:/root/clearpath_ws/install/clearpath_manipulators_description:/root/clearpath_ws/install/clearpath_customization:/root/clearpath_ws/install/clearpath_control:/root/clearpath_ws/install/clearpath_config:/opt/ros/humble /usr/bin/cmake --install /root/nav_migration/src/build/husky_gazebo
