[0.014s] Invoking command in '/root/nav_migration/src/build/husky_msgs': CMAKE_PREFIX_PATH=${CMAKE_PREFIX_PATH}:/root/clearpath_ws/install/clearpath_config:/opt/ros/humble /usr/bin/cmake /root/nav_migration/src/husky-humble/husky_msgs -DCMAKE_INSTALL_PREFIX=/root/nav_migration/src/install/husky_msgs
[0.164s] -- The C compiler identification is GNU 11.4.0
[0.344s] -- The CXX compiler identification is GNU 11.4.0
[0.428s] -- Detecting C compiler ABI info
[0.489s] -- Detecting C compiler ABI info - done
[0.493s] -- Check for working C compiler: /usr/bin/cc - skipped
[0.493s] -- Detecting C compile features
[0.494s] -- Detecting C compile features - done
[0.497s] -- Detecting CXX compiler ABI info
[0.570s] -- Detecting CXX compiler ABI info - done
[0.574s] -- Check for working CXX compiler: /usr/bin/c++ - skipped
[0.574s] -- Detecting CXX compile features
[0.574s] -- Detecting CXX compile features - done
[0.587s] -- Found ament_cmake: 1.3.10 (/opt/ros/humble/share/ament_cmake/cmake)
[0.691s] -- Found Python3: /usr/bin/python3 (found version "3.10.12") found components: Interpreter 
[0.757s] -- Found std_msgs: 4.2.4 (/opt/ros/humble/share/std_msgs/cmake)
[0.860s] -- Found rosidl_generator_c: 3.1.5 (/opt/ros/humble/share/rosidl_generator_c/cmake)
[0.865s] -- Found rosidl_adapter: 3.1.5 (/opt/ros/humble/share/rosidl_adapter/cmake)
[0.874s] -- Found rosidl_generator_cpp: 3.1.5 (/opt/ros/humble/share/rosidl_generator_cpp/cmake)
[0.891s] -- Using all available rosidl_typesupport_c: rosidl_typesupport_fastrtps_c;rosidl_typesupport_introspection_c
[0.909s] -- Using all available rosidl_typesupport_cpp: rosidl_typesupport_fastrtps_cpp;rosidl_typesupport_introspection_cpp
[0.934s] -- Found rosidl_default_generators: 1.2.0 (/opt/ros/humble/share/rosidl_default_generators/cmake)
[1.119s] -- Found ament_cmake_ros: 0.10.0 (/opt/ros/humble/share/ament_cmake_ros/cmake)
[1.345s] -- Using all available rosidl_typesupport_c: rosidl_typesupport_fastrtps_c;rosidl_typesupport_introspection_c
[1.444s] -- Using all available rosidl_typesupport_cpp: rosidl_typesupport_fastrtps_cpp;rosidl_typesupport_introspection_cpp
[1.513s] -- Found PythonInterp: /usr/bin/python3 (found suitable version "3.10.12", minimum required is "3.6") 
[1.515s] -- Found python_cmake_module: 0.10.0 (/opt/ros/humble/share/python_cmake_module/cmake)
[1.715s] -- Found PythonLibs: /usr/lib/x86_64-linux-gnu/libpython3.10.so (found suitable version "3.10.12", minimum required is "3.5") 
[1.715s] -- Using PYTHON_EXECUTABLE: /usr/bin/python3
[1.715s] -- Using PYTHON_INCLUDE_DIRS: /usr/include/python3.10
[1.715s] -- Using PYTHON_LIBRARIES: /usr/lib/x86_64-linux-gnu/libpython3.10.so
[1.730s] -- Found PythonExtra: .so  
[1.791s] -- Configuring done
[1.821s] -- Generating done
[1.823s] -- Build files have been written to: /root/nav_migration/src/build/husky_msgs
[1.828s] Invoked command in '/root/nav_migration/src/build/husky_msgs' returned '0': CMAKE_PREFIX_PATH=${CMAKE_PREFIX_PATH}:/root/clearpath_ws/install/clearpath_config:/opt/ros/humble /usr/bin/cmake /root/nav_migration/src/husky-humble/husky_msgs -DCMAKE_INSTALL_PREFIX=/root/nav_migration/src/install/husky_msgs
[1.830s] Invoking command in '/root/nav_migration/src/build/husky_msgs': CMAKE_PREFIX_PATH=${CMAKE_PREFIX_PATH}:/root/clearpath_ws/install/clearpath_config:/opt/ros/humble /usr/bin/cmake --build /root/nav_migration/src/build/husky_msgs -- -j22 -l22
[1.853s] [  3%] [34m[1mGenerating C code for ROS interfaces[0m
[1.861s] [  6%] [34m[1mGenerating C++ code for ROS interfaces[0m
[1.865s] [  6%] Built target ament_cmake_python_copy_husky_msgs
[2.056s] running egg_info
[2.056s] creating husky_msgs.egg-info
[2.056s] writing husky_msgs.egg-info/PKG-INFO
[2.057s] writing dependency_links to husky_msgs.egg-info/dependency_links.txt
[2.057s] writing top-level names to husky_msgs.egg-info/top_level.txt
[2.057s] writing manifest file 'husky_msgs.egg-info/SOURCES.txt'
[2.058s] reading manifest file 'husky_msgs.egg-info/SOURCES.txt'
[2.058s] writing manifest file 'husky_msgs.egg-info/SOURCES.txt'
[2.079s] [  6%] Built target ament_cmake_python_build_husky_msgs_egg
[2.113s] [  6%] Built target husky_msgs__cpp
[2.120s] [ 16%] [34m[1mGenerating C++ introspection for ROS interfaces[0m
[2.120s] [ 16%] [34m[1mGenerating C++ type support dispatch for ROS interfaces[0m
[2.120s] [ 16%] [34m[1mGenerating C++ type support for eProsima Fast-RTPS[0m
[2.122s] [ 19%] [32mBuilding C object CMakeFiles/husky_msgs__rosidl_generator_c.dir/rosidl_generator_c/husky_msgs/msg/detail/husky_status__functions.c.o[0m
[2.196s] [ 22%] [32m[1mLinking C shared library libhusky_msgs__rosidl_generator_c.so[0m
[2.255s] [ 22%] Built target husky_msgs__rosidl_generator_c
[2.262s] [ 32%] [34m[1mGenerating C type support dispatch for ROS interfaces[0m
[2.262s] [ 32%] [34m[1mGenerating C introspection for ROS interfaces[0m
[2.262s] [ 32%] [34m[1mGenerating C type support for eProsima Fast-RTPS[0m
[2.386s] [ 35%] [32mBuilding CXX object CMakeFiles/husky_msgs__rosidl_typesupport_fastrtps_cpp.dir/rosidl_typesupport_fastrtps_cpp/husky_msgs/msg/detail/dds_fastrtps/husky_status__type_support.cpp.o[0m
[2.390s] [ 38%] [32mBuilding CXX object CMakeFiles/husky_msgs__rosidl_typesupport_introspection_cpp.dir/rosidl_typesupport_introspection_cpp/husky_msgs/msg/detail/husky_status__type_support.cpp.o[0m
[2.401s] [ 41%] [32mBuilding CXX object CMakeFiles/husky_msgs__rosidl_typesupport_cpp.dir/rosidl_typesupport_cpp/husky_msgs/msg/husky_status__type_support.cpp.o[0m
[2.499s] [ 45%] [32mBuilding CXX object CMakeFiles/husky_msgs__rosidl_typesupport_c.dir/rosidl_typesupport_c/husky_msgs/msg/husky_status__type_support.cpp.o[0m
[2.516s] [ 48%] [32mBuilding C object CMakeFiles/husky_msgs__rosidl_typesupport_introspection_c.dir/rosidl_typesupport_introspection_c/husky_msgs/msg/detail/husky_status__type_support.c.o[0m
[2.523s] [ 51%] [32m[1mLinking CXX shared library libhusky_msgs__rosidl_typesupport_c.so[0m
[2.546s] [ 54%] [32mBuilding CXX object CMakeFiles/husky_msgs__rosidl_typesupport_fastrtps_c.dir/rosidl_typesupport_fastrtps_c/husky_msgs/msg/detail/husky_status__type_support_c.cpp.o[0m
[2.549s] [ 58%] [32m[1mLinking C shared library libhusky_msgs__rosidl_typesupport_introspection_c.so[0m
[2.599s] [ 58%] Built target husky_msgs__rosidl_typesupport_c
[2.603s] [ 58%] Built target husky_msgs__rosidl_typesupport_introspection_c
[2.670s] [ 61%] [32m[1mLinking CXX shared library libhusky_msgs__rosidl_typesupport_cpp.so[0m
[2.718s] [ 64%] [32m[1mLinking CXX shared library libhusky_msgs__rosidl_typesupport_introspection_cpp.so[0m
[2.729s] [ 64%] Built target husky_msgs__rosidl_typesupport_cpp
[2.749s] [ 67%] [32m[1mLinking CXX shared library libhusky_msgs__rosidl_typesupport_fastrtps_cpp.so[0m
[2.782s] [ 70%] [32m[1mLinking CXX shared library libhusky_msgs__rosidl_typesupport_fastrtps_c.so[0m
[2.784s] [ 70%] Built target husky_msgs__rosidl_typesupport_introspection_cpp
[2.821s] [ 70%] Built target husky_msgs__rosidl_typesupport_fastrtps_cpp
[2.856s] [ 70%] Built target husky_msgs__rosidl_typesupport_fastrtps_c
[2.866s] [ 70%] Built target husky_msgs
[2.876s] [ 74%] [34m[1mGenerating Python code for ROS interfaces[0m
[3.135s] [ 74%] Built target husky_msgs__py
[3.147s] [ 77%] [32mBuilding C object CMakeFiles/husky_msgs__rosidl_generator_py.dir/rosidl_generator_py/husky_msgs/msg/_husky_status_s.c.o[0m
[3.237s] [ 80%] [32m[1mLinking C shared library rosidl_generator_py/husky_msgs/libhusky_msgs__rosidl_generator_py.so[0m
[3.286s] [ 80%] Built target husky_msgs__rosidl_generator_py
[3.298s] [ 83%] [32mBuilding C object CMakeFiles/husky_msgs__rosidl_typesupport_introspection_c__pyext.dir/rosidl_generator_py/husky_msgs/_husky_msgs_s.ep.rosidl_typesupport_introspection_c.c.o[0m
[3.300s] [ 87%] [32mBuilding C object CMakeFiles/husky_msgs__rosidl_typesupport_c__pyext.dir/rosidl_generator_py/husky_msgs/_husky_msgs_s.ep.rosidl_typesupport_c.c.o[0m
[3.301s] [ 90%] [32mBuilding C object CMakeFiles/husky_msgs__rosidl_typesupport_fastrtps_c__pyext.dir/rosidl_generator_py/husky_msgs/_husky_msgs_s.ep.rosidl_typesupport_fastrtps_c.c.o[0m
[3.351s] [ 93%] [32m[1mLinking C shared library rosidl_generator_py/husky_msgs/husky_msgs_s__rosidl_typesupport_introspection_c.cpython-310-x86_64-linux-gnu.so[0m
[3.351s] [ 96%] [32m[1mLinking C shared library rosidl_generator_py/husky_msgs/husky_msgs_s__rosidl_typesupport_fastrtps_c.cpython-310-x86_64-linux-gnu.so[0m
[3.352s] [100%] [32m[1mLinking C shared library rosidl_generator_py/husky_msgs/husky_msgs_s__rosidl_typesupport_c.cpython-310-x86_64-linux-gnu.so[0m
[3.404s] [100%] Built target husky_msgs__rosidl_typesupport_introspection_c__pyext
[3.404s] [100%] Built target husky_msgs__rosidl_typesupport_fastrtps_c__pyext
[3.405s] [100%] Built target husky_msgs__rosidl_typesupport_c__pyext
[3.413s] Invoked command in '/root/nav_migration/src/build/husky_msgs' returned '0': CMAKE_PREFIX_PATH=${CMAKE_PREFIX_PATH}:/root/clearpath_ws/install/clearpath_config:/opt/ros/humble /usr/bin/cmake --build /root/nav_migration/src/build/husky_msgs -- -j22 -l22
[3.446s] Invoking command in '/root/nav_migration/src/build/husky_msgs': CMAKE_PREFIX_PATH=${CMAKE_PREFIX_PATH}:/root/clearpath_ws/install/clearpath_config:/opt/ros/humble /usr/bin/cmake --install /root/nav_migration/src/build/husky_msgs
[3.450s] -- Install configuration: ""
[3.450s] -- Installing: /root/nav_migration/src/install/husky_msgs/share/ament_index/resource_index/rosidl_interfaces/husky_msgs
[3.450s] -- Installing: /root/nav_migration/src/install/husky_msgs/include/husky_msgs/husky_msgs
[3.451s] -- Installing: /root/nav_migration/src/install/husky_msgs/include/husky_msgs/husky_msgs/msg
[3.451s] -- Installing: /root/nav_migration/src/install/husky_msgs/include/husky_msgs/husky_msgs/msg/rosidl_generator_c__visibility_control.h
[3.451s] -- Installing: /root/nav_migration/src/install/husky_msgs/include/husky_msgs/husky_msgs/msg/detail
[3.451s] -- Installing: /root/nav_migration/src/install/husky_msgs/include/husky_msgs/husky_msgs/msg/detail/husky_status__functions.h
[3.451s] -- Installing: /root/nav_migration/src/install/husky_msgs/include/husky_msgs/husky_msgs/msg/detail/husky_status__struct.h
[3.451s] -- Installing: /root/nav_migration/src/install/husky_msgs/include/husky_msgs/husky_msgs/msg/detail/husky_status__functions.c
[3.451s] -- Installing: /root/nav_migration/src/install/husky_msgs/include/husky_msgs/husky_msgs/msg/detail/husky_status__type_support.h
[3.451s] -- Installing: /root/nav_migration/src/install/husky_msgs/include/husky_msgs/husky_msgs/msg/husky_status.h
[3.452s] -- Installing: /root/nav_migration/src/install/husky_msgs/share/husky_msgs/environment/library_path.sh
[3.452s] -- Installing: /root/nav_migration/src/install/husky_msgs/share/husky_msgs/environment/library_path.dsv
[3.452s] -- Installing: /root/nav_migration/src/install/husky_msgs/lib/libhusky_msgs__rosidl_generator_c.so
[3.452s] -- Set runtime path of "/root/nav_migration/src/install/husky_msgs/lib/libhusky_msgs__rosidl_generator_c.so" to ""
[3.453s] -- Up-to-date: /root/nav_migration/src/install/husky_msgs/include/husky_msgs/husky_msgs
[3.453s] -- Up-to-date: /root/nav_migration/src/install/husky_msgs/include/husky_msgs/husky_msgs/msg
[3.453s] -- Up-to-date: /root/nav_migration/src/install/husky_msgs/include/husky_msgs/husky_msgs/msg/detail
[3.453s] -- Installing: /root/nav_migration/src/install/husky_msgs/include/husky_msgs/husky_msgs/msg/detail/husky_status__rosidl_typesupport_fastrtps_c.h
[3.453s] -- Installing: /root/nav_migration/src/install/husky_msgs/include/husky_msgs/husky_msgs/msg/rosidl_typesupport_fastrtps_c__visibility_control.h
[3.453s] -- Installing: /root/nav_migration/src/install/husky_msgs/lib/libhusky_msgs__rosidl_typesupport_fastrtps_c.so
[3.453s] -- Set runtime path of "/root/nav_migration/src/install/husky_msgs/lib/libhusky_msgs__rosidl_typesupport_fastrtps_c.so" to ""
[3.454s] -- Up-to-date: /root/nav_migration/src/install/husky_msgs/include/husky_msgs/husky_msgs
[3.454s] -- Up-to-date: /root/nav_migration/src/install/husky_msgs/include/husky_msgs/husky_msgs/msg
[3.454s] -- Up-to-date: /root/nav_migration/src/install/husky_msgs/include/husky_msgs/husky_msgs/msg/detail
[3.454s] -- Installing: /root/nav_migration/src/install/husky_msgs/include/husky_msgs/husky_msgs/msg/detail/husky_status__traits.hpp
[3.454s] -- Installing: /root/nav_migration/src/install/husky_msgs/include/husky_msgs/husky_msgs/msg/detail/husky_status__builder.hpp
[3.454s] -- Installing: /root/nav_migration/src/install/husky_msgs/include/husky_msgs/husky_msgs/msg/detail/husky_status__struct.hpp
[3.454s] -- Installing: /root/nav_migration/src/install/husky_msgs/include/husky_msgs/husky_msgs/msg/husky_status.hpp
[3.454s] -- Up-to-date: /root/nav_migration/src/install/husky_msgs/include/husky_msgs/husky_msgs
[3.454s] -- Up-to-date: /root/nav_migration/src/install/husky_msgs/include/husky_msgs/husky_msgs/msg
[3.454s] -- Up-to-date: /root/nav_migration/src/install/husky_msgs/include/husky_msgs/husky_msgs/msg/detail
[3.454s] -- Installing: /root/nav_migration/src/install/husky_msgs/include/husky_msgs/husky_msgs/msg/detail/husky_status__rosidl_typesupport_fastrtps_cpp.hpp
[3.454s] -- Installing: /root/nav_migration/src/install/husky_msgs/include/husky_msgs/husky_msgs/msg/detail/dds_fastrtps
[3.454s] -- Installing: /root/nav_migration/src/install/husky_msgs/include/husky_msgs/husky_msgs/msg/rosidl_typesupport_fastrtps_cpp__visibility_control.h
[3.455s] -- Installing: /root/nav_migration/src/install/husky_msgs/lib/libhusky_msgs__rosidl_typesupport_fastrtps_cpp.so
[3.455s] -- Set runtime path of "/root/nav_migration/src/install/husky_msgs/lib/libhusky_msgs__rosidl_typesupport_fastrtps_cpp.so" to ""
[3.455s] -- Up-to-date: /root/nav_migration/src/install/husky_msgs/include/husky_msgs/husky_msgs
[3.455s] -- Up-to-date: /root/nav_migration/src/install/husky_msgs/include/husky_msgs/husky_msgs/msg
[3.455s] -- Up-to-date: /root/nav_migration/src/install/husky_msgs/include/husky_msgs/husky_msgs/msg/detail
[3.455s] -- Installing: /root/nav_migration/src/install/husky_msgs/include/husky_msgs/husky_msgs/msg/detail/husky_status__type_support.c
[3.455s] -- Installing: /root/nav_migration/src/install/husky_msgs/include/husky_msgs/husky_msgs/msg/detail/husky_status__rosidl_typesupport_introspection_c.h
[3.455s] -- Installing: /root/nav_migration/src/install/husky_msgs/include/husky_msgs/husky_msgs/msg/rosidl_typesupport_introspection_c__visibility_control.h
[3.455s] -- Installing: /root/nav_migration/src/install/husky_msgs/lib/libhusky_msgs__rosidl_typesupport_introspection_c.so
[3.455s] -- Set runtime path of "/root/nav_migration/src/install/husky_msgs/lib/libhusky_msgs__rosidl_typesupport_introspection_c.so" to ""
[3.456s] -- Installing: /root/nav_migration/src/install/husky_msgs/lib/libhusky_msgs__rosidl_typesupport_c.so
[3.456s] -- Set runtime path of "/root/nav_migration/src/install/husky_msgs/lib/libhusky_msgs__rosidl_typesupport_c.so" to ""
[3.456s] -- Up-to-date: /root/nav_migration/src/install/husky_msgs/include/husky_msgs/husky_msgs
[3.456s] -- Up-to-date: /root/nav_migration/src/install/husky_msgs/include/husky_msgs/husky_msgs/msg
[3.456s] -- Up-to-date: /root/nav_migration/src/install/husky_msgs/include/husky_msgs/husky_msgs/msg/detail
[3.456s] -- Installing: /root/nav_migration/src/install/husky_msgs/include/husky_msgs/husky_msgs/msg/detail/husky_status__type_support.cpp
[3.456s] -- Installing: /root/nav_migration/src/install/husky_msgs/include/husky_msgs/husky_msgs/msg/detail/husky_status__rosidl_typesupport_introspection_cpp.hpp
[3.456s] -- Installing: /root/nav_migration/src/install/husky_msgs/lib/libhusky_msgs__rosidl_typesupport_introspection_cpp.so
[3.456s] -- Set runtime path of "/root/nav_migration/src/install/husky_msgs/lib/libhusky_msgs__rosidl_typesupport_introspection_cpp.so" to ""
[3.456s] -- Installing: /root/nav_migration/src/install/husky_msgs/lib/libhusky_msgs__rosidl_typesupport_cpp.so
[3.456s] -- Set runtime path of "/root/nav_migration/src/install/husky_msgs/lib/libhusky_msgs__rosidl_typesupport_cpp.so" to ""
[3.456s] -- Installing: /root/nav_migration/src/install/husky_msgs/share/husky_msgs/environment/pythonpath.sh
[3.456s] -- Installing: /root/nav_migration/src/install/husky_msgs/share/husky_msgs/environment/pythonpath.dsv
[3.456s] -- Installing: /root/nav_migration/src/install/husky_msgs/local/lib/python3.10/dist-packages/husky_msgs-1.0.8-py3.10.egg-info
[3.456s] -- Installing: /root/nav_migration/src/install/husky_msgs/local/lib/python3.10/dist-packages/husky_msgs-1.0.8-py3.10.egg-info/dependency_links.txt
[3.456s] -- Installing: /root/nav_migration/src/install/husky_msgs/local/lib/python3.10/dist-packages/husky_msgs-1.0.8-py3.10.egg-info/PKG-INFO
[3.456s] -- Installing: /root/nav_migration/src/install/husky_msgs/local/lib/python3.10/dist-packages/husky_msgs-1.0.8-py3.10.egg-info/SOURCES.txt
[3.456s] -- Installing: /root/nav_migration/src/install/husky_msgs/local/lib/python3.10/dist-packages/husky_msgs-1.0.8-py3.10.egg-info/top_level.txt
[3.456s] -- Installing: /root/nav_migration/src/install/husky_msgs/local/lib/python3.10/dist-packages/husky_msgs
[3.456s] -- Installing: /root/nav_migration/src/install/husky_msgs/local/lib/python3.10/dist-packages/husky_msgs/_husky_msgs_s.ep.rosidl_typesupport_introspection_c.c
[3.456s] -- Installing: /root/nav_migration/src/install/husky_msgs/local/lib/python3.10/dist-packages/husky_msgs/msg
[3.456s] -- Installing: /root/nav_migration/src/install/husky_msgs/local/lib/python3.10/dist-packages/husky_msgs/msg/_husky_status_s.c
[3.456s] -- Installing: /root/nav_migration/src/install/husky_msgs/local/lib/python3.10/dist-packages/husky_msgs/msg/_husky_status.py
[3.456s] -- Installing: /root/nav_migration/src/install/husky_msgs/local/lib/python3.10/dist-packages/husky_msgs/msg/__init__.py
[3.457s] -- Installing: /root/nav_migration/src/install/husky_msgs/local/lib/python3.10/dist-packages/husky_msgs/husky_msgs_s__rosidl_typesupport_fastrtps_c.cpython-310-x86_64-linux-gnu.so
[3.457s] -- Installing: /root/nav_migration/src/install/husky_msgs/local/lib/python3.10/dist-packages/husky_msgs/husky_msgs_s__rosidl_typesupport_c.cpython-310-x86_64-linux-gnu.so
[3.457s] -- Installing: /root/nav_migration/src/install/husky_msgs/local/lib/python3.10/dist-packages/husky_msgs/husky_msgs_s__rosidl_typesupport_introspection_c.cpython-310-x86_64-linux-gnu.so
[3.457s] -- Installing: /root/nav_migration/src/install/husky_msgs/local/lib/python3.10/dist-packages/husky_msgs/libhusky_msgs__rosidl_generator_py.so
[3.457s] -- Installing: /root/nav_migration/src/install/husky_msgs/local/lib/python3.10/dist-packages/husky_msgs/_husky_msgs_s.ep.rosidl_typesupport_fastrtps_c.c
[3.457s] -- Installing: /root/nav_migration/src/install/husky_msgs/local/lib/python3.10/dist-packages/husky_msgs/__init__.py
[3.457s] -- Installing: /root/nav_migration/src/install/husky_msgs/local/lib/python3.10/dist-packages/husky_msgs/_husky_msgs_s.ep.rosidl_typesupport_c.c
[3.477s] Listing '/root/nav_migration/src/install/husky_msgs/local/lib/python3.10/dist-packages/husky_msgs'...
[3.477s] Compiling '/root/nav_migration/src/install/husky_msgs/local/lib/python3.10/dist-packages/husky_msgs/__init__.py'...
[3.477s] Listing '/root/nav_migration/src/install/husky_msgs/local/lib/python3.10/dist-packages/husky_msgs/msg'...
[3.477s] Compiling '/root/nav_migration/src/install/husky_msgs/local/lib/python3.10/dist-packages/husky_msgs/msg/__init__.py'...
[3.477s] Compiling '/root/nav_migration/src/install/husky_msgs/local/lib/python3.10/dist-packages/husky_msgs/msg/_husky_status.py'...
[3.480s] -- Installing: /root/nav_migration/src/install/husky_msgs/local/lib/python3.10/dist-packages/husky_msgs/husky_msgs_s__rosidl_typesupport_fastrtps_c.cpython-310-x86_64-linux-gnu.so
[3.480s] -- Set runtime path of "/root/nav_migration/src/install/husky_msgs/local/lib/python3.10/dist-packages/husky_msgs/husky_msgs_s__rosidl_typesupport_fastrtps_c.cpython-310-x86_64-linux-gnu.so" to ""
[3.480s] -- Installing: /root/nav_migration/src/install/husky_msgs/local/lib/python3.10/dist-packages/husky_msgs/husky_msgs_s__rosidl_typesupport_introspection_c.cpython-310-x86_64-linux-gnu.so
[3.480s] -- Set runtime path of "/root/nav_migration/src/install/husky_msgs/local/lib/python3.10/dist-packages/husky_msgs/husky_msgs_s__rosidl_typesupport_introspection_c.cpython-310-x86_64-linux-gnu.so" to ""
[3.480s] -- Installing: /root/nav_migration/src/install/husky_msgs/local/lib/python3.10/dist-packages/husky_msgs/husky_msgs_s__rosidl_typesupport_c.cpython-310-x86_64-linux-gnu.so
[3.480s] -- Set runtime path of "/root/nav_migration/src/install/husky_msgs/local/lib/python3.10/dist-packages/husky_msgs/husky_msgs_s__rosidl_typesupport_c.cpython-310-x86_64-linux-gnu.so" to ""
[3.480s] -- Installing: /root/nav_migration/src/install/husky_msgs/lib/libhusky_msgs__rosidl_generator_py.so
[3.480s] -- Set runtime path of "/root/nav_migration/src/install/husky_msgs/lib/libhusky_msgs__rosidl_generator_py.so" to ""
[3.480s] -- Installing: /root/nav_migration/src/install/husky_msgs/share/husky_msgs/msg/HuskyStatus.idl
[3.481s] -- Installing: /root/nav_migration/src/install/husky_msgs/share/husky_msgs/msg/HuskyStatus.msg
[3.481s] -- Installing: /root/nav_migration/src/install/husky_msgs/share/ament_index/resource_index/package_run_dependencies/husky_msgs
[3.481s] -- Installing: /root/nav_migration/src/install/husky_msgs/share/ament_index/resource_index/parent_prefix_path/husky_msgs
[3.481s] -- Installing: /root/nav_migration/src/install/husky_msgs/share/husky_msgs/environment/ament_prefix_path.sh
[3.481s] -- Installing: /root/nav_migration/src/install/husky_msgs/share/husky_msgs/environment/ament_prefix_path.dsv
[3.481s] -- Installing: /root/nav_migration/src/install/husky_msgs/share/husky_msgs/environment/path.sh
[3.482s] -- Installing: /root/nav_migration/src/install/husky_msgs/share/husky_msgs/environment/path.dsv
[3.482s] -- Installing: /root/nav_migration/src/install/husky_msgs/share/husky_msgs/local_setup.bash
[3.482s] -- Installing: /root/nav_migration/src/install/husky_msgs/share/husky_msgs/local_setup.sh
[3.482s] -- Installing: /root/nav_migration/src/install/husky_msgs/share/husky_msgs/local_setup.zsh
[3.482s] -- Installing: /root/nav_migration/src/install/husky_msgs/share/husky_msgs/local_setup.dsv
[3.482s] -- Installing: /root/nav_migration/src/install/husky_msgs/share/husky_msgs/package.dsv
[3.482s] -- Installing: /root/nav_migration/src/install/husky_msgs/share/ament_index/resource_index/packages/husky_msgs
[3.482s] -- Installing: /root/nav_migration/src/install/husky_msgs/share/husky_msgs/cmake/export_husky_msgs__rosidl_generator_cExport.cmake
[3.482s] -- Installing: /root/nav_migration/src/install/husky_msgs/share/husky_msgs/cmake/export_husky_msgs__rosidl_generator_cExport-noconfig.cmake
[3.483s] -- Installing: /root/nav_migration/src/install/husky_msgs/share/husky_msgs/cmake/export_husky_msgs__rosidl_typesupport_fastrtps_cExport.cmake
[3.483s] -- Installing: /root/nav_migration/src/install/husky_msgs/share/husky_msgs/cmake/export_husky_msgs__rosidl_typesupport_fastrtps_cExport-noconfig.cmake
[3.483s] -- Installing: /root/nav_migration/src/install/husky_msgs/share/husky_msgs/cmake/export_husky_msgs__rosidl_generator_cppExport.cmake
[3.483s] -- Installing: /root/nav_migration/src/install/husky_msgs/share/husky_msgs/cmake/export_husky_msgs__rosidl_typesupport_fastrtps_cppExport.cmake
[3.483s] -- Installing: /root/nav_migration/src/install/husky_msgs/share/husky_msgs/cmake/export_husky_msgs__rosidl_typesupport_fastrtps_cppExport-noconfig.cmake
[3.483s] -- Installing: /root/nav_migration/src/install/husky_msgs/share/husky_msgs/cmake/husky_msgs__rosidl_typesupport_introspection_cExport.cmake
[3.483s] -- Installing: /root/nav_migration/src/install/husky_msgs/share/husky_msgs/cmake/husky_msgs__rosidl_typesupport_introspection_cExport-noconfig.cmake
[3.484s] -- Installing: /root/nav_migration/src/install/husky_msgs/share/husky_msgs/cmake/husky_msgs__rosidl_typesupport_cExport.cmake
[3.484s] -- Installing: /root/nav_migration/src/install/husky_msgs/share/husky_msgs/cmake/husky_msgs__rosidl_typesupport_cExport-noconfig.cmake
[3.484s] -- Installing: /root/nav_migration/src/install/husky_msgs/share/husky_msgs/cmake/husky_msgs__rosidl_typesupport_introspection_cppExport.cmake
[3.484s] -- Installing: /root/nav_migration/src/install/husky_msgs/share/husky_msgs/cmake/husky_msgs__rosidl_typesupport_introspection_cppExport-noconfig.cmake
[3.484s] -- Installing: /root/nav_migration/src/install/husky_msgs/share/husky_msgs/cmake/husky_msgs__rosidl_typesupport_cppExport.cmake
[3.484s] -- Installing: /root/nav_migration/src/install/husky_msgs/share/husky_msgs/cmake/husky_msgs__rosidl_typesupport_cppExport-noconfig.cmake
[3.484s] -- Installing: /root/nav_migration/src/install/husky_msgs/share/husky_msgs/cmake/export_husky_msgs__rosidl_generator_pyExport.cmake
[3.484s] -- Installing: /root/nav_migration/src/install/husky_msgs/share/husky_msgs/cmake/export_husky_msgs__rosidl_generator_pyExport-noconfig.cmake
[3.484s] -- Installing: /root/nav_migration/src/install/husky_msgs/share/husky_msgs/cmake/rosidl_cmake-extras.cmake
[3.484s] -- Installing: /root/nav_migration/src/install/husky_msgs/share/husky_msgs/cmake/ament_cmake_export_dependencies-extras.cmake
[3.484s] -- Installing: /root/nav_migration/src/install/husky_msgs/share/husky_msgs/cmake/ament_cmake_export_include_directories-extras.cmake
[3.484s] -- Installing: /root/nav_migration/src/install/husky_msgs/share/husky_msgs/cmake/ament_cmake_export_libraries-extras.cmake
[3.484s] -- Installing: /root/nav_migration/src/install/husky_msgs/share/husky_msgs/cmake/ament_cmake_export_targets-extras.cmake
[3.484s] -- Installing: /root/nav_migration/src/install/husky_msgs/share/husky_msgs/cmake/rosidl_cmake_export_typesupport_targets-extras.cmake
[3.484s] -- Installing: /root/nav_migration/src/install/husky_msgs/share/husky_msgs/cmake/rosidl_cmake_export_typesupport_libraries-extras.cmake
[3.484s] -- Installing: /root/nav_migration/src/install/husky_msgs/share/husky_msgs/cmake/husky_msgsConfig.cmake
[3.484s] -- Installing: /root/nav_migration/src/install/husky_msgs/share/husky_msgs/cmake/husky_msgsConfig-version.cmake
[3.484s] -- Installing: /root/nav_migration/src/install/husky_msgs/share/husky_msgs/package.xml
[3.487s] Invoked command in '/root/nav_migration/src/build/husky_msgs' returned '0': CMAKE_PREFIX_PATH=${CMAKE_PREFIX_PATH}:/root/clearpath_ws/install/clearpath_config:/opt/ros/humble /usr/bin/cmake --install /root/nav_migration/src/build/husky_msgs
