[0.683s] DEBUG:colcon:Command line arguments: ['/usr/bin/colcon', 'build', '--packages-select', 'navigros2']
[0.683s] DEBUG:colcon:Parsed command line arguments: Namespace(log_base=None, log_level=None, verb_name='build', build_base='build', install_base='install', merge_install=False, symlink_install=False, test_result_base=None, continue_on_error=False, executor='parallel', parallel_workers=22, event_handlers=None, ignore_user_meta=False, metas=['./colcon.meta'], base_paths=['.'], packages_ignore=None, packages_ignore_regex=None, paths=None, packages_up_to=None, packages_up_to_regex=None, packages_above=None, packages_above_and_dependencies=None, packages_above_depth=None, packages_select_by_dep=None, packages_skip_by_dep=None, packages_skip_up_to=None, packages_select_build_failed=False, packages_skip_build_finished=False, packages_select_test_failures=False, packages_skip_test_passed=False, packages_select=['navigros2'], packages_skip=None, packages_select_regex=None, packages_skip_regex=None, packages_start=None, packages_end=None, allow_overriding=[], cmake_args=None, cmake_target=None, cmake_target_skip_unavailable=False, cmake_clean_cache=False, cmake_clean_first=False, cmake_force_configure=False, ament_cmake_args=None, catkin_cmake_args=None, catkin_skip_building_tests=False, verb_parser=<colcon_defaults.argument_parser.defaults.DefaultArgumentsDecorator object at 0x7f3f817cfdf0>, verb_extension=<colcon_core.verb.build.BuildVerb object at 0x7f3f819716f0>, main=<bound method BuildVerb.main of <colcon_core.verb.build.BuildVerb object at 0x7f3f819716f0>>)
[1.157s] Level 1:colcon.colcon_core.package_discovery:discover_packages(colcon_meta) check parameters
[1.157s] Level 1:colcon.colcon_core.package_discovery:discover_packages(recursive) check parameters
[1.157s] Level 1:colcon.colcon_core.package_discovery:discover_packages(ignore) check parameters
[1.157s] Level 1:colcon.colcon_core.package_discovery:discover_packages(path) check parameters
[1.157s] Level 1:colcon.colcon_core.package_discovery:discover_packages(colcon_meta) discover
[1.157s] Level 1:colcon.colcon_core.package_discovery:discover_packages(recursive) discover
[1.157s] INFO:colcon.colcon_core.package_discovery:Crawling recursively for packages in '/root/nav_migration/src'
[1.158s] Level 1:colcon.colcon_core.package_identification:_identify(.) by extensions ['ignore', 'ignore_ament_install']
[1.158s] Level 1:colcon.colcon_core.package_identification:_identify(.) by extension 'ignore'
[1.158s] Level 1:colcon.colcon_core.package_identification:_identify(.) by extension 'ignore_ament_install'
[1.158s] Level 1:colcon.colcon_core.package_identification:_identify(.) by extensions ['colcon_pkg']
[1.158s] Level 1:colcon.colcon_core.package_identification:_identify(.) by extension 'colcon_pkg'
[1.158s] Level 1:colcon.colcon_core.package_identification:_identify(.) by extensions ['colcon_meta']
[1.158s] Level 1:colcon.colcon_core.package_identification:_identify(.) by extension 'colcon_meta'
[1.158s] Level 1:colcon.colcon_core.package_identification:_identify(.) by extensions ['ros']
[1.158s] Level 1:colcon.colcon_core.package_identification:_identify(.) by extension 'ros'
[1.178s] Level 1:colcon.colcon_core.package_identification:_identify(.) by extensions ['cmake', 'python']
[1.178s] Level 1:colcon.colcon_core.package_identification:_identify(.) by extension 'cmake'
[1.178s] Level 1:colcon.colcon_core.package_identification:_identify(.) by extension 'python'
[1.178s] Level 1:colcon.colcon_core.package_identification:_identify(.) by extensions ['python_setup_py']
[1.178s] Level 1:colcon.colcon_core.package_identification:_identify(.) by extension 'python_setup_py'
[1.178s] Level 1:colcon.colcon_core.package_identification:_identify(build) by extensions ['ignore', 'ignore_ament_install']
[1.178s] Level 1:colcon.colcon_core.package_identification:_identify(build) by extension 'ignore'
[1.178s] Level 1:colcon.colcon_core.package_identification:_identify(build) ignored
[1.179s] Level 1:colcon.colcon_core.package_identification:_identify(install) by extensions ['ignore', 'ignore_ament_install']
[1.179s] Level 1:colcon.colcon_core.package_identification:_identify(install) by extension 'ignore'
[1.179s] Level 1:colcon.colcon_core.package_identification:_identify(install) ignored
[1.179s] Level 1:colcon.colcon_core.package_identification:_identify(log) by extensions ['ignore', 'ignore_ament_install']
[1.179s] Level 1:colcon.colcon_core.package_identification:_identify(log) by extension 'ignore'
[1.179s] Level 1:colcon.colcon_core.package_identification:_identify(log) ignored
[1.179s] Level 1:colcon.colcon_core.package_identification:_identify(navigros2) by extensions ['ignore', 'ignore_ament_install']
[1.179s] Level 1:colcon.colcon_core.package_identification:_identify(navigros2) by extension 'ignore'
[1.180s] Level 1:colcon.colcon_core.package_identification:_identify(navigros2) by extension 'ignore_ament_install'
[1.180s] Level 1:colcon.colcon_core.package_identification:_identify(navigros2) by extensions ['colcon_pkg']
[1.180s] Level 1:colcon.colcon_core.package_identification:_identify(navigros2) by extension 'colcon_pkg'
[1.180s] Level 1:colcon.colcon_core.package_identification:_identify(navigros2) by extensions ['colcon_meta']
[1.180s] Level 1:colcon.colcon_core.package_identification:_identify(navigros2) by extension 'colcon_meta'
[1.180s] Level 1:colcon.colcon_core.package_identification:_identify(navigros2) by extensions ['ros']
[1.180s] Level 1:colcon.colcon_core.package_identification:_identify(navigros2) by extension 'ros'
[1.186s] DEBUG:colcon.colcon_core.package_identification:Package 'navigros2' with type 'ros.ament_cmake' and name 'navigros2'
[1.186s] Level 1:colcon.colcon_core.package_discovery:discover_packages(recursive) using defaults
[1.186s] Level 1:colcon.colcon_core.package_discovery:discover_packages(ignore) discover
[1.186s] Level 1:colcon.colcon_core.package_discovery:discover_packages(ignore) using defaults
[1.186s] Level 1:colcon.colcon_core.package_discovery:discover_packages(path) discover
[1.186s] Level 1:colcon.colcon_core.package_discovery:discover_packages(path) using defaults
[1.239s] Level 1:colcon.colcon_core.package_discovery:discover_packages(prefix_path) check parameters
[1.239s] Level 1:colcon.colcon_core.package_discovery:discover_packages(prefix_path) discover
[1.246s] DEBUG:colcon.colcon_installed_package_information.package_discovery:Found 270 installed packages in /opt/ros/humble
[1.248s] Level 1:colcon.colcon_core.package_discovery:discover_packages(prefix_path) using defaults
[1.421s] Level 5:colcon.colcon_core.verb:set package 'navigros2' build argument 'cmake_args' from command line to 'None'
[1.421s] Level 5:colcon.colcon_core.verb:set package 'navigros2' build argument 'cmake_target' from command line to 'None'
[1.422s] Level 5:colcon.colcon_core.verb:set package 'navigros2' build argument 'cmake_target_skip_unavailable' from command line to 'False'
[1.422s] Level 5:colcon.colcon_core.verb:set package 'navigros2' build argument 'cmake_clean_cache' from command line to 'False'
[1.422s] Level 5:colcon.colcon_core.verb:set package 'navigros2' build argument 'cmake_clean_first' from command line to 'False'
[1.422s] Level 5:colcon.colcon_core.verb:set package 'navigros2' build argument 'cmake_force_configure' from command line to 'False'
[1.422s] Level 5:colcon.colcon_core.verb:set package 'navigros2' build argument 'ament_cmake_args' from command line to 'None'
[1.422s] Level 5:colcon.colcon_core.verb:set package 'navigros2' build argument 'catkin_cmake_args' from command line to 'None'
[1.422s] Level 5:colcon.colcon_core.verb:set package 'navigros2' build argument 'catkin_skip_building_tests' from command line to 'False'
[1.422s] DEBUG:colcon.colcon_core.verb:Building package 'navigros2' with the following arguments: {'ament_cmake_args': None, 'build_base': '/root/nav_migration/src/build/navigros2', 'catkin_cmake_args': None, 'catkin_skip_building_tests': False, 'cmake_args': None, 'cmake_clean_cache': False, 'cmake_clean_first': False, 'cmake_force_configure': False, 'cmake_target': None, 'cmake_target_skip_unavailable': False, 'install_base': '/root/nav_migration/src/install/navigros2', 'merge_install': False, 'path': '/root/nav_migration/src/navigros2', 'symlink_install': False, 'test_result_base': None}
[1.422s] INFO:colcon.colcon_core.executor:Executing jobs using 'parallel' executor
[1.425s] DEBUG:colcon.colcon_parallel_executor.executor.parallel:run_until_complete
[1.425s] INFO:colcon.colcon_ros.task.ament_cmake.build:Building ROS package in '/root/nav_migration/src/navigros2' with build type 'ament_cmake'
[1.426s] INFO:colcon.colcon_cmake.task.cmake.build:Building CMake package in '/root/nav_migration/src/navigros2'
[1.436s] INFO:colcon.colcon_core.plugin_system:Skipping extension 'colcon_core.shell.bat': Not used on non-Windows systems
[1.436s] INFO:colcon.colcon_core.shell:Skip shell extension 'powershell' for command environment: Not usable outside of PowerShell
[1.436s] DEBUG:colcon.colcon_core.shell:Skip shell extension 'dsv' for command environment
[1.453s] DEBUG:colcon.colcon_core.event_handler.log_command:Invoking command in '/root/nav_migration/src/build/navigros2': CMAKE_PREFIX_PATH=/opt/ros/humble /usr/bin/cmake --build /root/nav_migration/src/build/navigros2 -- -j22 -l22
[2.059s] DEBUG:colcon.colcon_core.event_handler.log_command:Invoked command in '/root/nav_migration/src/build/navigros2' returned '0': CMAKE_PREFIX_PATH=/opt/ros/humble /usr/bin/cmake --build /root/nav_migration/src/build/navigros2 -- -j22 -l22
[2.220s] DEBUG:colcon.colcon_core.event_handler.log_command:Invoking command in '/root/nav_migration/src/build/navigros2': CMAKE_PREFIX_PATH=/opt/ros/humble /usr/bin/cmake --install /root/nav_migration/src/build/navigros2
[2.321s] Level 1:colcon.colcon_core.environment:create_environment_scripts_only(navigros2)
[2.322s] DEBUG:colcon.colcon_core.event_handler.log_command:Invoked command in '/root/nav_migration/src/build/navigros2' returned '0': CMAKE_PREFIX_PATH=/opt/ros/humble /usr/bin/cmake --install /root/nav_migration/src/build/navigros2
[2.336s] Level 1:colcon.colcon_core.environment:checking '/root/nav_migration/src/install/navigros2' for CMake module files
[2.337s] Level 1:colcon.colcon_core.environment:checking '/root/nav_migration/src/install/navigros2' for CMake config files
[2.337s] Level 1:colcon.colcon_core.shell:create_environment_hook('navigros2', 'cmake_prefix_path')
[2.337s] INFO:colcon.colcon_core.shell:Creating environment hook '/root/nav_migration/src/install/navigros2/share/navigros2/hook/cmake_prefix_path.ps1'
[2.338s] INFO:colcon.colcon_core.shell:Creating environment descriptor '/root/nav_migration/src/install/navigros2/share/navigros2/hook/cmake_prefix_path.dsv'
[2.339s] INFO:colcon.colcon_core.shell:Creating environment hook '/root/nav_migration/src/install/navigros2/share/navigros2/hook/cmake_prefix_path.sh'
[2.341s] Level 1:colcon.colcon_core.environment:checking '/root/nav_migration/src/install/navigros2/lib'
[2.341s] Level 1:colcon.colcon_core.shell:create_environment_hook('navigros2', 'ld_library_path_lib')
[2.341s] INFO:colcon.colcon_core.shell:Creating environment hook '/root/nav_migration/src/install/navigros2/share/navigros2/hook/ld_library_path_lib.ps1'
[2.342s] INFO:colcon.colcon_core.shell:Creating environment descriptor '/root/nav_migration/src/install/navigros2/share/navigros2/hook/ld_library_path_lib.dsv'
[2.342s] INFO:colcon.colcon_core.shell:Creating environment hook '/root/nav_migration/src/install/navigros2/share/navigros2/hook/ld_library_path_lib.sh'
[2.342s] Level 1:colcon.colcon_core.environment:checking '/root/nav_migration/src/install/navigros2/bin'
[2.342s] Level 1:colcon.colcon_core.environment:checking '/root/nav_migration/src/install/navigros2/lib/pkgconfig/navigros2.pc'
[2.343s] Level 1:colcon.colcon_core.environment:checking '/root/nav_migration/src/install/navigros2/lib/python3.10/site-packages'
[2.343s] Level 1:colcon.colcon_core.shell:create_environment_hook('navigros2', 'pythonpath')
[2.343s] INFO:colcon.colcon_core.shell:Creating environment hook '/root/nav_migration/src/install/navigros2/share/navigros2/hook/pythonpath.ps1'
[2.343s] INFO:colcon.colcon_core.shell:Creating environment descriptor '/root/nav_migration/src/install/navigros2/share/navigros2/hook/pythonpath.dsv'
[2.343s] INFO:colcon.colcon_core.shell:Creating environment hook '/root/nav_migration/src/install/navigros2/share/navigros2/hook/pythonpath.sh'
[2.344s] Level 1:colcon.colcon_core.environment:checking '/root/nav_migration/src/install/navigros2/bin'
[2.344s] INFO:colcon.colcon_core.shell:Creating package script '/root/nav_migration/src/install/navigros2/share/navigros2/package.ps1'
[2.346s] INFO:colcon.colcon_core.shell:Creating package descriptor '/root/nav_migration/src/install/navigros2/share/navigros2/package.dsv'
[2.347s] INFO:colcon.colcon_core.shell:Creating package script '/root/nav_migration/src/install/navigros2/share/navigros2/package.sh'
[2.348s] INFO:colcon.colcon_core.shell:Creating package script '/root/nav_migration/src/install/navigros2/share/navigros2/package.bash'
[2.350s] INFO:colcon.colcon_core.shell:Creating package script '/root/nav_migration/src/install/navigros2/share/navigros2/package.zsh'
[2.351s] Level 1:colcon.colcon_core.environment:create_file_with_runtime_dependencies(/root/nav_migration/src/install/navigros2/share/colcon-core/packages/navigros2)
[2.502s] Level 1:colcon.colcon_core.environment:create_environment_scripts_only(navigros2)
[2.503s] Level 1:colcon.colcon_core.environment:checking '/root/nav_migration/src/install/navigros2' for CMake module files
[2.503s] Level 1:colcon.colcon_core.environment:checking '/root/nav_migration/src/install/navigros2' for CMake config files
[2.504s] Level 1:colcon.colcon_core.shell:create_environment_hook('navigros2', 'cmake_prefix_path')
[2.504s] INFO:colcon.colcon_core.shell:Creating environment hook '/root/nav_migration/src/install/navigros2/share/navigros2/hook/cmake_prefix_path.ps1'
[2.505s] INFO:colcon.colcon_core.shell:Creating environment descriptor '/root/nav_migration/src/install/navigros2/share/navigros2/hook/cmake_prefix_path.dsv'
[2.506s] INFO:colcon.colcon_core.shell:Creating environment hook '/root/nav_migration/src/install/navigros2/share/navigros2/hook/cmake_prefix_path.sh'
[2.506s] Level 1:colcon.colcon_core.environment:checking '/root/nav_migration/src/install/navigros2/lib'
[2.507s] Level 1:colcon.colcon_core.shell:create_environment_hook('navigros2', 'ld_library_path_lib')
[2.507s] INFO:colcon.colcon_core.shell:Creating environment hook '/root/nav_migration/src/install/navigros2/share/navigros2/hook/ld_library_path_lib.ps1'
[2.507s] INFO:colcon.colcon_core.shell:Creating environment descriptor '/root/nav_migration/src/install/navigros2/share/navigros2/hook/ld_library_path_lib.dsv'
[2.508s] INFO:colcon.colcon_core.shell:Creating environment hook '/root/nav_migration/src/install/navigros2/share/navigros2/hook/ld_library_path_lib.sh'
[2.508s] Level 1:colcon.colcon_core.environment:checking '/root/nav_migration/src/install/navigros2/bin'
[2.508s] Level 1:colcon.colcon_core.environment:checking '/root/nav_migration/src/install/navigros2/lib/pkgconfig/navigros2.pc'
[2.508s] Level 1:colcon.colcon_core.environment:checking '/root/nav_migration/src/install/navigros2/lib/python3.10/site-packages'
[2.509s] Level 1:colcon.colcon_core.shell:create_environment_hook('navigros2', 'pythonpath')
[2.509s] INFO:colcon.colcon_core.shell:Creating environment hook '/root/nav_migration/src/install/navigros2/share/navigros2/hook/pythonpath.ps1'
[2.509s] INFO:colcon.colcon_core.shell:Creating environment descriptor '/root/nav_migration/src/install/navigros2/share/navigros2/hook/pythonpath.dsv'
[2.509s] INFO:colcon.colcon_core.shell:Creating environment hook '/root/nav_migration/src/install/navigros2/share/navigros2/hook/pythonpath.sh'
[2.510s] Level 1:colcon.colcon_core.environment:checking '/root/nav_migration/src/install/navigros2/bin'
[2.510s] INFO:colcon.colcon_core.shell:Creating package script '/root/nav_migration/src/install/navigros2/share/navigros2/package.ps1'
[2.511s] INFO:colcon.colcon_core.shell:Creating package descriptor '/root/nav_migration/src/install/navigros2/share/navigros2/package.dsv'
[2.512s] INFO:colcon.colcon_core.shell:Creating package script '/root/nav_migration/src/install/navigros2/share/navigros2/package.sh'
[2.512s] INFO:colcon.colcon_core.shell:Creating package script '/root/nav_migration/src/install/navigros2/share/navigros2/package.bash'
[2.513s] INFO:colcon.colcon_core.shell:Creating package script '/root/nav_migration/src/install/navigros2/share/navigros2/package.zsh'
[2.513s] Level 1:colcon.colcon_core.environment:create_file_with_runtime_dependencies(/root/nav_migration/src/install/navigros2/share/colcon-core/packages/navigros2)
[2.513s] DEBUG:colcon.colcon_parallel_executor.executor.parallel:closing loop
[2.515s] DEBUG:colcon.colcon_parallel_executor.executor.parallel:loop closed
[2.515s] DEBUG:colcon.colcon_parallel_executor.executor.parallel:run_until_complete finished with '0'
[2.515s] DEBUG:colcon.colcon_core.event_reactor:joining thread
[2.544s] INFO:colcon.colcon_core.plugin_system:Skipping extension 'colcon_notification.desktop_notification.notify_send': Could not find 'notify-send'
[2.544s] INFO:colcon.colcon_core.plugin_system:Skipping extension 'colcon_notification.desktop_notification.terminal_notifier': Not used on non-Darwin systems
[2.544s] INFO:colcon.colcon_core.plugin_system:Skipping extension 'colcon_notification.desktop_notification.win32': Not used on non-Windows systems
[2.544s] INFO:colcon.colcon_notification.desktop_notification:Sending desktop notification using 'notify2'
[2.545s] DEBUG:colcon.colcon_notification.desktop_notification.notify2:Failed to initialize notify2: org.freedesktop.DBus.Error.FileNotFound: Failed to connect to socket /run/user/0/bus: No such file or directory
[2.545s] DEBUG:colcon.colcon_core.event_reactor:joined thread
[2.545s] INFO:colcon.colcon_core.shell:Creating prefix script '/root/nav_migration/src/install/local_setup.ps1'
[2.547s] INFO:colcon.colcon_core.shell:Creating prefix util module '/root/nav_migration/src/install/_local_setup_util_ps1.py'
[2.549s] INFO:colcon.colcon_core.shell:Creating prefix chain script '/root/nav_migration/src/install/setup.ps1'
[2.550s] INFO:colcon.colcon_core.shell:Creating prefix script '/root/nav_migration/src/install/local_setup.sh'
[2.551s] INFO:colcon.colcon_core.shell:Creating prefix util module '/root/nav_migration/src/install/_local_setup_util_sh.py'
[2.552s] INFO:colcon.colcon_core.shell:Creating prefix chain script '/root/nav_migration/src/install/setup.sh'
[2.553s] INFO:colcon.colcon_core.shell:Creating prefix script '/root/nav_migration/src/install/local_setup.bash'
[2.554s] INFO:colcon.colcon_core.shell:Creating prefix chain script '/root/nav_migration/src/install/setup.bash'
[2.555s] INFO:colcon.colcon_core.shell:Creating prefix script '/root/nav_migration/src/install/local_setup.zsh'
[2.555s] INFO:colcon.colcon_core.shell:Creating prefix chain script '/root/nav_migration/src/install/setup.zsh'
