[0.459s] DEBUG:colcon:Command line arguments: ['/usr/bin/colcon', 'build', '--packages-select', 'navigros2']
[0.459s] DEBUG:colcon:Parsed command line arguments: Namespace(log_base=None, log_level=None, verb_name='build', build_base='build', install_base='install', merge_install=False, symlink_install=False, test_result_base=None, continue_on_error=False, executor='parallel', parallel_workers=22, event_handlers=None, ignore_user_meta=False, metas=['./colcon.meta'], base_paths=['.'], packages_ignore=None, packages_ignore_regex=None, paths=None, packages_up_to=None, packages_up_to_regex=None, packages_above=None, packages_above_and_dependencies=None, packages_above_depth=None, packages_select_by_dep=None, packages_skip_by_dep=None, packages_skip_up_to=None, packages_select_build_failed=False, packages_skip_build_finished=False, packages_select_test_failures=False, packages_skip_test_passed=False, packages_select=['navigros2'], packages_skip=None, packages_select_regex=None, packages_skip_regex=None, packages_start=None, packages_end=None, allow_overriding=[], cmake_args=None, cmake_target=None, cmake_target_skip_unavailable=False, cmake_clean_cache=False, cmake_clean_first=False, cmake_force_configure=False, ament_cmake_args=None, catkin_cmake_args=None, catkin_skip_building_tests=False, verb_parser=<colcon_defaults.argument_parser.defaults.DefaultArgumentsDecorator object at 0x7f7739e95300>, verb_extension=<colcon_core.verb.build.BuildVerb object at 0x7f7739ffebc0>, main=<bound method BuildVerb.main of <colcon_core.verb.build.BuildVerb object at 0x7f7739ffebc0>>)
[1.084s] Level 1:colcon.colcon_core.package_discovery:discover_packages(colcon_meta) check parameters
[1.084s] Level 1:colcon.colcon_core.package_discovery:discover_packages(recursive) check parameters
[1.084s] Level 1:colcon.colcon_core.package_discovery:discover_packages(ignore) check parameters
[1.084s] Level 1:colcon.colcon_core.package_discovery:discover_packages(path) check parameters
[1.084s] Level 1:colcon.colcon_core.package_discovery:discover_packages(colcon_meta) discover
[1.085s] Level 1:colcon.colcon_core.package_discovery:discover_packages(recursive) discover
[1.085s] INFO:colcon.colcon_core.package_discovery:Crawling recursively for packages in '/root/nav_migration/src'
[1.085s] Level 1:colcon.colcon_core.package_identification:_identify(.) by extensions ['ignore', 'ignore_ament_install']
[1.085s] Level 1:colcon.colcon_core.package_identification:_identify(.) by extension 'ignore'
[1.085s] Level 1:colcon.colcon_core.package_identification:_identify(.) by extension 'ignore_ament_install'
[1.085s] Level 1:colcon.colcon_core.package_identification:_identify(.) by extensions ['colcon_pkg']
[1.086s] Level 1:colcon.colcon_core.package_identification:_identify(.) by extension 'colcon_pkg'
[1.086s] Level 1:colcon.colcon_core.package_identification:_identify(.) by extensions ['colcon_meta']
[1.086s] Level 1:colcon.colcon_core.package_identification:_identify(.) by extension 'colcon_meta'
[1.086s] Level 1:colcon.colcon_core.package_identification:_identify(.) by extensions ['ros']
[1.086s] Level 1:colcon.colcon_core.package_identification:_identify(.) by extension 'ros'
[1.116s] Level 1:colcon.colcon_core.package_identification:_identify(.) by extensions ['cmake', 'python']
[1.116s] Level 1:colcon.colcon_core.package_identification:_identify(.) by extension 'cmake'
[1.116s] Level 1:colcon.colcon_core.package_identification:_identify(.) by extension 'python'
[1.117s] Level 1:colcon.colcon_core.package_identification:_identify(.) by extensions ['python_setup_py']
[1.117s] Level 1:colcon.colcon_core.package_identification:_identify(.) by extension 'python_setup_py'
[1.117s] Level 1:colcon.colcon_core.package_identification:_identify(build) by extensions ['ignore', 'ignore_ament_install']
[1.117s] Level 1:colcon.colcon_core.package_identification:_identify(build) by extension 'ignore'
[1.117s] Level 1:colcon.colcon_core.package_identification:_identify(build) ignored
[1.117s] Level 1:colcon.colcon_core.package_identification:_identify(husky-humble) by extensions ['ignore', 'ignore_ament_install']
[1.117s] Level 1:colcon.colcon_core.package_identification:_identify(husky-humble) by extension 'ignore'
[1.117s] Level 1:colcon.colcon_core.package_identification:_identify(husky-humble) by extension 'ignore_ament_install'
[1.117s] Level 1:colcon.colcon_core.package_identification:_identify(husky-humble) by extensions ['colcon_pkg']
[1.117s] Level 1:colcon.colcon_core.package_identification:_identify(husky-humble) by extension 'colcon_pkg'
[1.117s] Level 1:colcon.colcon_core.package_identification:_identify(husky-humble) by extensions ['colcon_meta']
[1.117s] Level 1:colcon.colcon_core.package_identification:_identify(husky-humble) by extension 'colcon_meta'
[1.117s] Level 1:colcon.colcon_core.package_identification:_identify(husky-humble) by extensions ['ros']
[1.118s] Level 1:colcon.colcon_core.package_identification:_identify(husky-humble) by extension 'ros'
[1.118s] Level 1:colcon.colcon_core.package_identification:_identify(husky-humble) by extensions ['cmake', 'python']
[1.118s] Level 1:colcon.colcon_core.package_identification:_identify(husky-humble) by extension 'cmake'
[1.118s] Level 1:colcon.colcon_core.package_identification:_identify(husky-humble) by extension 'python'
[1.118s] Level 1:colcon.colcon_core.package_identification:_identify(husky-humble) by extensions ['python_setup_py']
[1.118s] Level 1:colcon.colcon_core.package_identification:_identify(husky-humble) by extension 'python_setup_py'
[1.118s] Level 1:colcon.colcon_core.package_identification:_identify(husky-humble/husky_base) by extensions ['ignore', 'ignore_ament_install']
[1.118s] Level 1:colcon.colcon_core.package_identification:_identify(husky-humble/husky_base) by extension 'ignore'
[1.118s] Level 1:colcon.colcon_core.package_identification:_identify(husky-humble/husky_base) by extension 'ignore_ament_install'
[1.118s] Level 1:colcon.colcon_core.package_identification:_identify(husky-humble/husky_base) by extensions ['colcon_pkg']
[1.118s] Level 1:colcon.colcon_core.package_identification:_identify(husky-humble/husky_base) by extension 'colcon_pkg'
[1.118s] Level 1:colcon.colcon_core.package_identification:_identify(husky-humble/husky_base) by extensions ['colcon_meta']
[1.118s] Level 1:colcon.colcon_core.package_identification:_identify(husky-humble/husky_base) by extension 'colcon_meta'
[1.118s] Level 1:colcon.colcon_core.package_identification:_identify(husky-humble/husky_base) by extensions ['ros']
[1.118s] Level 1:colcon.colcon_core.package_identification:_identify(husky-humble/husky_base) by extension 'ros'
[1.128s] DEBUG:colcon.colcon_core.package_identification:Package 'husky-humble/husky_base' with type 'ros.ament_cmake' and name 'husky_base'
[1.128s] Level 1:colcon.colcon_core.package_identification:_identify(husky-humble/husky_bringup) by extensions ['ignore', 'ignore_ament_install']
[1.128s] Level 1:colcon.colcon_core.package_identification:_identify(husky-humble/husky_bringup) by extension 'ignore'
[1.129s] Level 1:colcon.colcon_core.package_identification:_identify(husky-humble/husky_bringup) by extension 'ignore_ament_install'
[1.129s] Level 1:colcon.colcon_core.package_identification:_identify(husky-humble/husky_bringup) by extensions ['colcon_pkg']
[1.129s] Level 1:colcon.colcon_core.package_identification:_identify(husky-humble/husky_bringup) by extension 'colcon_pkg'
[1.129s] Level 1:colcon.colcon_core.package_identification:_identify(husky-humble/husky_bringup) by extensions ['colcon_meta']
[1.129s] Level 1:colcon.colcon_core.package_identification:_identify(husky-humble/husky_bringup) by extension 'colcon_meta'
[1.129s] Level 1:colcon.colcon_core.package_identification:_identify(husky-humble/husky_bringup) by extensions ['ros']
[1.129s] Level 1:colcon.colcon_core.package_identification:_identify(husky-humble/husky_bringup) by extension 'ros'
[1.131s] DEBUG:colcon.colcon_core.package_identification:Package 'husky-humble/husky_bringup' with type 'ros.ament_cmake' and name 'husky_bringup'
[1.132s] Level 1:colcon.colcon_core.package_identification:_identify(husky-humble/husky_control) by extensions ['ignore', 'ignore_ament_install']
[1.132s] Level 1:colcon.colcon_core.package_identification:_identify(husky-humble/husky_control) by extension 'ignore'
[1.133s] Level 1:colcon.colcon_core.package_identification:_identify(husky-humble/husky_control) by extension 'ignore_ament_install'
[1.134s] Level 1:colcon.colcon_core.package_identification:_identify(husky-humble/husky_control) by extensions ['colcon_pkg']
[1.134s] Level 1:colcon.colcon_core.package_identification:_identify(husky-humble/husky_control) by extension 'colcon_pkg'
[1.134s] Level 1:colcon.colcon_core.package_identification:_identify(husky-humble/husky_control) by extensions ['colcon_meta']
[1.134s] Level 1:colcon.colcon_core.package_identification:_identify(husky-humble/husky_control) by extension 'colcon_meta'
[1.134s] Level 1:colcon.colcon_core.package_identification:_identify(husky-humble/husky_control) by extensions ['ros']
[1.134s] Level 1:colcon.colcon_core.package_identification:_identify(husky-humble/husky_control) by extension 'ros'
[1.141s] DEBUG:colcon.colcon_core.package_identification:Package 'husky-humble/husky_control' with type 'ros.ament_cmake' and name 'husky_control'
[1.143s] Level 1:colcon.colcon_core.package_identification:_identify(husky-humble/husky_description) by extensions ['ignore', 'ignore_ament_install']
[1.143s] Level 1:colcon.colcon_core.package_identification:_identify(husky-humble/husky_description) by extension 'ignore'
[1.143s] Level 1:colcon.colcon_core.package_identification:_identify(husky-humble/husky_description) by extension 'ignore_ament_install'
[1.144s] Level 1:colcon.colcon_core.package_identification:_identify(husky-humble/husky_description) by extensions ['colcon_pkg']
[1.144s] Level 1:colcon.colcon_core.package_identification:_identify(husky-humble/husky_description) by extension 'colcon_pkg'
[1.144s] Level 1:colcon.colcon_core.package_identification:_identify(husky-humble/husky_description) by extensions ['colcon_meta']
[1.144s] Level 1:colcon.colcon_core.package_identification:_identify(husky-humble/husky_description) by extension 'colcon_meta'
[1.144s] Level 1:colcon.colcon_core.package_identification:_identify(husky-humble/husky_description) by extensions ['ros']
[1.144s] Level 1:colcon.colcon_core.package_identification:_identify(husky-humble/husky_description) by extension 'ros'
[1.147s] DEBUG:colcon.colcon_core.package_identification:Package 'husky-humble/husky_description' with type 'ros.ament_cmake' and name 'husky_description'
[1.147s] Level 1:colcon.colcon_core.package_identification:_identify(husky-humble/husky_desktop) by extensions ['ignore', 'ignore_ament_install']
[1.147s] Level 1:colcon.colcon_core.package_identification:_identify(husky-humble/husky_desktop) by extension 'ignore'
[1.147s] Level 1:colcon.colcon_core.package_identification:_identify(husky-humble/husky_desktop) by extension 'ignore_ament_install'
[1.147s] Level 1:colcon.colcon_core.package_identification:_identify(husky-humble/husky_desktop) by extensions ['colcon_pkg']
[1.147s] Level 1:colcon.colcon_core.package_identification:_identify(husky-humble/husky_desktop) by extension 'colcon_pkg'
[1.148s] Level 1:colcon.colcon_core.package_identification:_identify(husky-humble/husky_desktop) by extensions ['colcon_meta']
[1.148s] Level 1:colcon.colcon_core.package_identification:_identify(husky-humble/husky_desktop) by extension 'colcon_meta'
[1.148s] Level 1:colcon.colcon_core.package_identification:_identify(husky-humble/husky_desktop) by extensions ['ros']
[1.148s] Level 1:colcon.colcon_core.package_identification:_identify(husky-humble/husky_desktop) by extension 'ros'
[1.149s] DEBUG:colcon.colcon_core.package_identification:Package 'husky-humble/husky_desktop' with type 'ros.ament_cmake' and name 'husky_desktop'
[1.149s] Level 1:colcon.colcon_core.package_identification:_identify(husky-humble/husky_gazebo) by extensions ['ignore', 'ignore_ament_install']
[1.149s] Level 1:colcon.colcon_core.package_identification:_identify(husky-humble/husky_gazebo) by extension 'ignore'
[1.150s] Level 1:colcon.colcon_core.package_identification:_identify(husky-humble/husky_gazebo) by extension 'ignore_ament_install'
[1.150s] Level 1:colcon.colcon_core.package_identification:_identify(husky-humble/husky_gazebo) by extensions ['colcon_pkg']
[1.150s] Level 1:colcon.colcon_core.package_identification:_identify(husky-humble/husky_gazebo) by extension 'colcon_pkg'
[1.150s] Level 1:colcon.colcon_core.package_identification:_identify(husky-humble/husky_gazebo) by extensions ['colcon_meta']
[1.150s] Level 1:colcon.colcon_core.package_identification:_identify(husky-humble/husky_gazebo) by extension 'colcon_meta'
[1.150s] Level 1:colcon.colcon_core.package_identification:_identify(husky-humble/husky_gazebo) by extensions ['ros']
[1.150s] Level 1:colcon.colcon_core.package_identification:_identify(husky-humble/husky_gazebo) by extension 'ros'
[1.152s] DEBUG:colcon.colcon_core.package_identification:Package 'husky-humble/husky_gazebo' with type 'ros.ament_cmake' and name 'husky_gazebo'
[1.152s] Level 1:colcon.colcon_core.package_identification:_identify(husky-humble/husky_msgs) by extensions ['ignore', 'ignore_ament_install']
[1.152s] Level 1:colcon.colcon_core.package_identification:_identify(husky-humble/husky_msgs) by extension 'ignore'
[1.152s] Level 1:colcon.colcon_core.package_identification:_identify(husky-humble/husky_msgs) by extension 'ignore_ament_install'
[1.152s] Level 1:colcon.colcon_core.package_identification:_identify(husky-humble/husky_msgs) by extensions ['colcon_pkg']
[1.152s] Level 1:colcon.colcon_core.package_identification:_identify(husky-humble/husky_msgs) by extension 'colcon_pkg'
[1.152s] Level 1:colcon.colcon_core.package_identification:_identify(husky-humble/husky_msgs) by extensions ['colcon_meta']
[1.152s] Level 1:colcon.colcon_core.package_identification:_identify(husky-humble/husky_msgs) by extension 'colcon_meta'
[1.152s] Level 1:colcon.colcon_core.package_identification:_identify(husky-humble/husky_msgs) by extensions ['ros']
[1.152s] Level 1:colcon.colcon_core.package_identification:_identify(husky-humble/husky_msgs) by extension 'ros'
[1.154s] DEBUG:colcon.colcon_core.package_identification:Package 'husky-humble/husky_msgs' with type 'ros.ament_cmake' and name 'husky_msgs'
[1.154s] Level 1:colcon.colcon_core.package_identification:_identify(husky-humble/husky_navigation) by extensions ['ignore', 'ignore_ament_install']
[1.154s] Level 1:colcon.colcon_core.package_identification:_identify(husky-humble/husky_navigation) by extension 'ignore'
[1.154s] Level 1:colcon.colcon_core.package_identification:_identify(husky-humble/husky_navigation) ignored
[1.154s] Level 1:colcon.colcon_core.package_identification:_identify(husky-humble/husky_robot) by extensions ['ignore', 'ignore_ament_install']
[1.154s] Level 1:colcon.colcon_core.package_identification:_identify(husky-humble/husky_robot) by extension 'ignore'
[1.155s] Level 1:colcon.colcon_core.package_identification:_identify(husky-humble/husky_robot) by extension 'ignore_ament_install'
[1.155s] Level 1:colcon.colcon_core.package_identification:_identify(husky-humble/husky_robot) by extensions ['colcon_pkg']
[1.155s] Level 1:colcon.colcon_core.package_identification:_identify(husky-humble/husky_robot) by extension 'colcon_pkg'
[1.155s] Level 1:colcon.colcon_core.package_identification:_identify(husky-humble/husky_robot) by extensions ['colcon_meta']
[1.155s] Level 1:colcon.colcon_core.package_identification:_identify(husky-humble/husky_robot) by extension 'colcon_meta'
[1.155s] Level 1:colcon.colcon_core.package_identification:_identify(husky-humble/husky_robot) by extensions ['ros']
[1.155s] Level 1:colcon.colcon_core.package_identification:_identify(husky-humble/husky_robot) by extension 'ros'
[1.156s] DEBUG:colcon.colcon_core.package_identification:Package 'husky-humble/husky_robot' with type 'ros.ament_cmake' and name 'husky_robot'
[1.156s] Level 1:colcon.colcon_core.package_identification:_identify(husky-humble/husky_simulator) by extensions ['ignore', 'ignore_ament_install']
[1.157s] Level 1:colcon.colcon_core.package_identification:_identify(husky-humble/husky_simulator) by extension 'ignore'
[1.157s] Level 1:colcon.colcon_core.package_identification:_identify(husky-humble/husky_simulator) by extension 'ignore_ament_install'
[1.157s] Level 1:colcon.colcon_core.package_identification:_identify(husky-humble/husky_simulator) by extensions ['colcon_pkg']
[1.157s] Level 1:colcon.colcon_core.package_identification:_identify(husky-humble/husky_simulator) by extension 'colcon_pkg'
[1.157s] Level 1:colcon.colcon_core.package_identification:_identify(husky-humble/husky_simulator) by extensions ['colcon_meta']
[1.157s] Level 1:colcon.colcon_core.package_identification:_identify(husky-humble/husky_simulator) by extension 'colcon_meta'
[1.157s] Level 1:colcon.colcon_core.package_identification:_identify(husky-humble/husky_simulator) by extensions ['ros']
[1.157s] Level 1:colcon.colcon_core.package_identification:_identify(husky-humble/husky_simulator) by extension 'ros'
[1.158s] DEBUG:colcon.colcon_core.package_identification:Package 'husky-humble/husky_simulator' with type 'ros.ament_cmake' and name 'husky_simulator'
[1.159s] Level 1:colcon.colcon_core.package_identification:_identify(husky-humble/husky_viz) by extensions ['ignore', 'ignore_ament_install']
[1.159s] Level 1:colcon.colcon_core.package_identification:_identify(husky-humble/husky_viz) by extension 'ignore'
[1.159s] Level 1:colcon.colcon_core.package_identification:_identify(husky-humble/husky_viz) by extension 'ignore_ament_install'
[1.159s] Level 1:colcon.colcon_core.package_identification:_identify(husky-humble/husky_viz) by extensions ['colcon_pkg']
[1.159s] Level 1:colcon.colcon_core.package_identification:_identify(husky-humble/husky_viz) by extension 'colcon_pkg'
[1.159s] Level 1:colcon.colcon_core.package_identification:_identify(husky-humble/husky_viz) by extensions ['colcon_meta']
[1.159s] Level 1:colcon.colcon_core.package_identification:_identify(husky-humble/husky_viz) by extension 'colcon_meta'
[1.159s] Level 1:colcon.colcon_core.package_identification:_identify(husky-humble/husky_viz) by extensions ['ros']
[1.159s] Level 1:colcon.colcon_core.package_identification:_identify(husky-humble/husky_viz) by extension 'ros'
[1.161s] DEBUG:colcon.colcon_core.package_identification:Package 'husky-humble/husky_viz' with type 'ros.ament_cmake' and name 'husky_viz'
[1.161s] Level 1:colcon.colcon_core.package_identification:_identify(install) by extensions ['ignore', 'ignore_ament_install']
[1.161s] Level 1:colcon.colcon_core.package_identification:_identify(install) by extension 'ignore'
[1.162s] Level 1:colcon.colcon_core.package_identification:_identify(install) ignored
[1.162s] Level 1:colcon.colcon_core.package_identification:_identify(log) by extensions ['ignore', 'ignore_ament_install']
[1.162s] Level 1:colcon.colcon_core.package_identification:_identify(log) by extension 'ignore'
[1.162s] Level 1:colcon.colcon_core.package_identification:_identify(log) ignored
[1.163s] Level 1:colcon.colcon_core.package_identification:_identify(navigros2) by extensions ['ignore', 'ignore_ament_install']
[1.163s] Level 1:colcon.colcon_core.package_identification:_identify(navigros2) by extension 'ignore'
[1.163s] Level 1:colcon.colcon_core.package_identification:_identify(navigros2) by extension 'ignore_ament_install'
[1.163s] Level 1:colcon.colcon_core.package_identification:_identify(navigros2) by extensions ['colcon_pkg']
[1.164s] Level 1:colcon.colcon_core.package_identification:_identify(navigros2) by extension 'colcon_pkg'
[1.164s] Level 1:colcon.colcon_core.package_identification:_identify(navigros2) by extensions ['colcon_meta']
[1.164s] Level 1:colcon.colcon_core.package_identification:_identify(navigros2) by extension 'colcon_meta'
[1.164s] Level 1:colcon.colcon_core.package_identification:_identify(navigros2) by extensions ['ros']
[1.164s] Level 1:colcon.colcon_core.package_identification:_identify(navigros2) by extension 'ros'
[1.166s] DEBUG:colcon.colcon_core.package_identification:Package 'navigros2' with type 'ros.ament_cmake' and name 'navigros2'
[1.166s] Level 1:colcon.colcon_core.package_discovery:discover_packages(recursive) using defaults
[1.166s] Level 1:colcon.colcon_core.package_discovery:discover_packages(ignore) discover
[1.166s] Level 1:colcon.colcon_core.package_discovery:discover_packages(ignore) using defaults
[1.166s] Level 1:colcon.colcon_core.package_discovery:discover_packages(path) discover
[1.166s] Level 1:colcon.colcon_core.package_discovery:discover_packages(path) using defaults
[1.240s] INFO:colcon.colcon_core.package_selection:Skipping not selected package 'husky_description' in 'husky-humble/husky_description'
[1.241s] INFO:colcon.colcon_core.package_selection:Skipping not selected package 'husky_msgs' in 'husky-humble/husky_msgs'
[1.241s] INFO:colcon.colcon_core.package_selection:Skipping not selected package 'husky_base' in 'husky-humble/husky_base'
[1.241s] INFO:colcon.colcon_core.package_selection:Skipping not selected package 'husky_control' in 'husky-humble/husky_control'
[1.241s] INFO:colcon.colcon_core.package_selection:Skipping not selected package 'husky_viz' in 'husky-humble/husky_viz'
[1.241s] INFO:colcon.colcon_core.package_selection:Skipping not selected package 'husky_bringup' in 'husky-humble/husky_bringup'
[1.241s] INFO:colcon.colcon_core.package_selection:Skipping not selected package 'husky_desktop' in 'husky-humble/husky_desktop'
[1.241s] INFO:colcon.colcon_core.package_selection:Skipping not selected package 'husky_gazebo' in 'husky-humble/husky_gazebo'
[1.241s] INFO:colcon.colcon_core.package_selection:Skipping not selected package 'husky_robot' in 'husky-humble/husky_robot'
[1.241s] INFO:colcon.colcon_core.package_selection:Skipping not selected package 'husky_simulator' in 'husky-humble/husky_simulator'
[1.242s] Level 1:colcon.colcon_core.package_discovery:discover_packages(prefix_path) check parameters
[1.242s] Level 1:colcon.colcon_core.package_discovery:discover_packages(prefix_path) discover
[1.305s] DEBUG:colcon.colcon_installed_package_information.package_discovery:Found 11 installed packages in /root/nav_migration/src/install
[1.309s] DEBUG:colcon.colcon_installed_package_information.package_discovery:Found 14 installed packages in /root/clearpath_ws/install
[1.311s] DEBUG:colcon.colcon_installed_package_information.package_discovery:Found 369 installed packages in /opt/ros/humble
[1.314s] Level 1:colcon.colcon_core.package_discovery:discover_packages(prefix_path) using defaults
[1.493s] Level 5:colcon.colcon_core.verb:set package 'navigros2' build argument 'cmake_args' from command line to 'None'
[1.493s] Level 5:colcon.colcon_core.verb:set package 'navigros2' build argument 'cmake_target' from command line to 'None'
[1.493s] Level 5:colcon.colcon_core.verb:set package 'navigros2' build argument 'cmake_target_skip_unavailable' from command line to 'False'
[1.493s] Level 5:colcon.colcon_core.verb:set package 'navigros2' build argument 'cmake_clean_cache' from command line to 'False'
[1.493s] Level 5:colcon.colcon_core.verb:set package 'navigros2' build argument 'cmake_clean_first' from command line to 'False'
[1.493s] Level 5:colcon.colcon_core.verb:set package 'navigros2' build argument 'cmake_force_configure' from command line to 'False'
[1.493s] Level 5:colcon.colcon_core.verb:set package 'navigros2' build argument 'ament_cmake_args' from command line to 'None'
[1.493s] Level 5:colcon.colcon_core.verb:set package 'navigros2' build argument 'catkin_cmake_args' from command line to 'None'
[1.493s] Level 5:colcon.colcon_core.verb:set package 'navigros2' build argument 'catkin_skip_building_tests' from command line to 'False'
[1.493s] DEBUG:colcon.colcon_core.verb:Building package 'navigros2' with the following arguments: {'ament_cmake_args': None, 'build_base': '/root/nav_migration/src/build/navigros2', 'catkin_cmake_args': None, 'catkin_skip_building_tests': False, 'cmake_args': None, 'cmake_clean_cache': False, 'cmake_clean_first': False, 'cmake_force_configure': False, 'cmake_target': None, 'cmake_target_skip_unavailable': False, 'install_base': '/root/nav_migration/src/install/navigros2', 'merge_install': False, 'path': '/root/nav_migration/src/navigros2', 'symlink_install': False, 'test_result_base': None}
[1.494s] INFO:colcon.colcon_core.executor:Executing jobs using 'parallel' executor
[1.495s] DEBUG:colcon.colcon_parallel_executor.executor.parallel:run_until_complete
[1.496s] INFO:colcon.colcon_ros.task.ament_cmake.build:Building ROS package in '/root/nav_migration/src/navigros2' with build type 'ament_cmake'
[1.496s] INFO:colcon.colcon_cmake.task.cmake.build:Building CMake package in '/root/nav_migration/src/navigros2'
[1.510s] INFO:colcon.colcon_core.plugin_system:Skipping extension 'colcon_core.shell.bat': Not used on non-Windows systems
[1.510s] INFO:colcon.colcon_core.shell:Skip shell extension 'powershell' for command environment: Not usable outside of PowerShell
[1.510s] DEBUG:colcon.colcon_core.shell:Skip shell extension 'dsv' for command environment
[1.531s] DEBUG:colcon.colcon_core.event_handler.log_command:Invoking command in '/root/nav_migration/src/build/navigros2': CMAKE_PREFIX_PATH=${CMAKE_PREFIX_PATH}:/root/clearpath_ws/install/clearpath_config:/opt/ros/humble /usr/bin/cmake --build /root/nav_migration/src/build/navigros2 -- -j22 -l22
[2.303s] DEBUG:colcon.colcon_core.event_handler.log_command:Invoked command in '/root/nav_migration/src/build/navigros2' returned '0': CMAKE_PREFIX_PATH=${CMAKE_PREFIX_PATH}:/root/clearpath_ws/install/clearpath_config:/opt/ros/humble /usr/bin/cmake --build /root/nav_migration/src/build/navigros2 -- -j22 -l22
[2.630s] DEBUG:colcon.colcon_core.event_handler.log_command:Invoking command in '/root/nav_migration/src/build/navigros2': CMAKE_PREFIX_PATH=${CMAKE_PREFIX_PATH}:/root/clearpath_ws/install/clearpath_config:/opt/ros/humble /usr/bin/cmake --install /root/nav_migration/src/build/navigros2
[2.771s] Level 1:colcon.colcon_core.environment:create_environment_scripts_only(navigros2)
[2.772s] DEBUG:colcon.colcon_core.event_handler.log_command:Invoked command in '/root/nav_migration/src/build/navigros2' returned '0': CMAKE_PREFIX_PATH=${CMAKE_PREFIX_PATH}:/root/clearpath_ws/install/clearpath_config:/opt/ros/humble /usr/bin/cmake --install /root/nav_migration/src/build/navigros2
[2.779s] Level 1:colcon.colcon_core.environment:checking '/root/nav_migration/src/install/navigros2' for CMake module files
[2.780s] Level 1:colcon.colcon_core.environment:checking '/root/nav_migration/src/install/navigros2' for CMake config files
[2.780s] Level 1:colcon.colcon_core.shell:create_environment_hook('navigros2', 'cmake_prefix_path')
[2.781s] INFO:colcon.colcon_core.shell:Creating environment hook '/root/nav_migration/src/install/navigros2/share/navigros2/hook/cmake_prefix_path.ps1'
[2.782s] INFO:colcon.colcon_core.shell:Creating environment descriptor '/root/nav_migration/src/install/navigros2/share/navigros2/hook/cmake_prefix_path.dsv'
[2.784s] INFO:colcon.colcon_core.shell:Creating environment hook '/root/nav_migration/src/install/navigros2/share/navigros2/hook/cmake_prefix_path.sh'
[2.785s] Level 1:colcon.colcon_core.environment:checking '/root/nav_migration/src/install/navigros2/lib'
[2.786s] Level 1:colcon.colcon_core.shell:create_environment_hook('navigros2', 'ld_library_path_lib')
[2.786s] INFO:colcon.colcon_core.shell:Creating environment hook '/root/nav_migration/src/install/navigros2/share/navigros2/hook/ld_library_path_lib.ps1'
[2.787s] INFO:colcon.colcon_core.shell:Creating environment descriptor '/root/nav_migration/src/install/navigros2/share/navigros2/hook/ld_library_path_lib.dsv'
[2.787s] INFO:colcon.colcon_core.shell:Creating environment hook '/root/nav_migration/src/install/navigros2/share/navigros2/hook/ld_library_path_lib.sh'
[2.788s] Level 1:colcon.colcon_core.environment:checking '/root/nav_migration/src/install/navigros2/bin'
[2.788s] Level 1:colcon.colcon_core.environment:checking '/root/nav_migration/src/install/navigros2/lib/pkgconfig/navigros2.pc'
[2.788s] Level 1:colcon.colcon_core.environment:checking '/root/nav_migration/src/install/navigros2/lib/python3.10/site-packages'
[2.788s] Level 1:colcon.colcon_core.shell:create_environment_hook('navigros2', 'pythonpath')
[2.788s] INFO:colcon.colcon_core.shell:Creating environment hook '/root/nav_migration/src/install/navigros2/share/navigros2/hook/pythonpath.ps1'
[2.789s] INFO:colcon.colcon_core.shell:Creating environment descriptor '/root/nav_migration/src/install/navigros2/share/navigros2/hook/pythonpath.dsv'
[2.789s] INFO:colcon.colcon_core.shell:Creating environment hook '/root/nav_migration/src/install/navigros2/share/navigros2/hook/pythonpath.sh'
[2.790s] Level 1:colcon.colcon_core.environment:checking '/root/nav_migration/src/install/navigros2/bin'
[2.790s] INFO:colcon.colcon_core.shell:Creating package script '/root/nav_migration/src/install/navigros2/share/navigros2/package.ps1'
[2.791s] INFO:colcon.colcon_core.shell:Creating package descriptor '/root/nav_migration/src/install/navigros2/share/navigros2/package.dsv'
[2.793s] INFO:colcon.colcon_core.shell:Creating package script '/root/nav_migration/src/install/navigros2/share/navigros2/package.sh'
[2.794s] INFO:colcon.colcon_core.shell:Creating package script '/root/nav_migration/src/install/navigros2/share/navigros2/package.bash'
[2.796s] INFO:colcon.colcon_core.shell:Creating package script '/root/nav_migration/src/install/navigros2/share/navigros2/package.zsh'
[2.797s] Level 1:colcon.colcon_core.environment:create_file_with_runtime_dependencies(/root/nav_migration/src/install/navigros2/share/colcon-core/packages/navigros2)
[3.069s] Level 1:colcon.colcon_core.environment:create_environment_scripts_only(navigros2)
[3.069s] Level 1:colcon.colcon_core.environment:checking '/root/nav_migration/src/install/navigros2' for CMake module files
[3.070s] Level 1:colcon.colcon_core.environment:checking '/root/nav_migration/src/install/navigros2' for CMake config files
[3.070s] Level 1:colcon.colcon_core.shell:create_environment_hook('navigros2', 'cmake_prefix_path')
[3.070s] INFO:colcon.colcon_core.shell:Creating environment hook '/root/nav_migration/src/install/navigros2/share/navigros2/hook/cmake_prefix_path.ps1'
[3.071s] INFO:colcon.colcon_core.shell:Creating environment descriptor '/root/nav_migration/src/install/navigros2/share/navigros2/hook/cmake_prefix_path.dsv'
[3.072s] INFO:colcon.colcon_core.shell:Creating environment hook '/root/nav_migration/src/install/navigros2/share/navigros2/hook/cmake_prefix_path.sh'
[3.072s] Level 1:colcon.colcon_core.environment:checking '/root/nav_migration/src/install/navigros2/lib'
[3.072s] Level 1:colcon.colcon_core.shell:create_environment_hook('navigros2', 'ld_library_path_lib')
[3.073s] INFO:colcon.colcon_core.shell:Creating environment hook '/root/nav_migration/src/install/navigros2/share/navigros2/hook/ld_library_path_lib.ps1'
[3.073s] INFO:colcon.colcon_core.shell:Creating environment descriptor '/root/nav_migration/src/install/navigros2/share/navigros2/hook/ld_library_path_lib.dsv'
[3.074s] INFO:colcon.colcon_core.shell:Creating environment hook '/root/nav_migration/src/install/navigros2/share/navigros2/hook/ld_library_path_lib.sh'
[3.074s] Level 1:colcon.colcon_core.environment:checking '/root/nav_migration/src/install/navigros2/bin'
[3.074s] Level 1:colcon.colcon_core.environment:checking '/root/nav_migration/src/install/navigros2/lib/pkgconfig/navigros2.pc'
[3.074s] Level 1:colcon.colcon_core.environment:checking '/root/nav_migration/src/install/navigros2/lib/python3.10/site-packages'
[3.074s] Level 1:colcon.colcon_core.shell:create_environment_hook('navigros2', 'pythonpath')
[3.075s] INFO:colcon.colcon_core.shell:Creating environment hook '/root/nav_migration/src/install/navigros2/share/navigros2/hook/pythonpath.ps1'
[3.075s] INFO:colcon.colcon_core.shell:Creating environment descriptor '/root/nav_migration/src/install/navigros2/share/navigros2/hook/pythonpath.dsv'
[3.075s] INFO:colcon.colcon_core.shell:Creating environment hook '/root/nav_migration/src/install/navigros2/share/navigros2/hook/pythonpath.sh'
[3.076s] Level 1:colcon.colcon_core.environment:checking '/root/nav_migration/src/install/navigros2/bin'
[3.076s] INFO:colcon.colcon_core.shell:Creating package script '/root/nav_migration/src/install/navigros2/share/navigros2/package.ps1'
[3.077s] INFO:colcon.colcon_core.shell:Creating package descriptor '/root/nav_migration/src/install/navigros2/share/navigros2/package.dsv'
[3.078s] INFO:colcon.colcon_core.shell:Creating package script '/root/nav_migration/src/install/navigros2/share/navigros2/package.sh'
[3.078s] INFO:colcon.colcon_core.shell:Creating package script '/root/nav_migration/src/install/navigros2/share/navigros2/package.bash'
[3.079s] INFO:colcon.colcon_core.shell:Creating package script '/root/nav_migration/src/install/navigros2/share/navigros2/package.zsh'
[3.079s] Level 1:colcon.colcon_core.environment:create_file_with_runtime_dependencies(/root/nav_migration/src/install/navigros2/share/colcon-core/packages/navigros2)
[3.079s] DEBUG:colcon.colcon_parallel_executor.executor.parallel:closing loop
[3.080s] DEBUG:colcon.colcon_parallel_executor.executor.parallel:loop closed
[3.080s] DEBUG:colcon.colcon_parallel_executor.executor.parallel:run_until_complete finished with '0'
[3.081s] DEBUG:colcon.colcon_core.event_reactor:joining thread
[3.140s] INFO:colcon.colcon_core.plugin_system:Skipping extension 'colcon_notification.desktop_notification.notify_send': Could not find 'notify-send'
[3.140s] INFO:colcon.colcon_core.plugin_system:Skipping extension 'colcon_notification.desktop_notification.terminal_notifier': Not used on non-Darwin systems
[3.140s] INFO:colcon.colcon_core.plugin_system:Skipping extension 'colcon_notification.desktop_notification.win32': Not used on non-Windows systems
[3.140s] INFO:colcon.colcon_notification.desktop_notification:Sending desktop notification using 'notify2'
[3.142s] DEBUG:colcon.colcon_notification.desktop_notification.notify2:Failed to initialize notify2: org.freedesktop.DBus.Error.FileNotFound: Failed to connect to socket /run/user/0/bus: No such file or directory
[3.142s] DEBUG:colcon.colcon_core.event_reactor:joined thread
[3.142s] INFO:colcon.colcon_core.shell:Creating prefix script '/root/nav_migration/src/install/local_setup.ps1'
[3.145s] INFO:colcon.colcon_core.shell:Creating prefix util module '/root/nav_migration/src/install/_local_setup_util_ps1.py'
[3.147s] INFO:colcon.colcon_core.shell:Creating prefix chain script '/root/nav_migration/src/install/setup.ps1'
[3.149s] INFO:colcon.colcon_core.shell:Creating prefix script '/root/nav_migration/src/install/local_setup.sh'
[3.150s] INFO:colcon.colcon_core.shell:Creating prefix util module '/root/nav_migration/src/install/_local_setup_util_sh.py'
[3.151s] INFO:colcon.colcon_core.shell:Creating prefix chain script '/root/nav_migration/src/install/setup.sh'
[3.154s] INFO:colcon.colcon_core.shell:Creating prefix script '/root/nav_migration/src/install/local_setup.bash'
[3.155s] INFO:colcon.colcon_core.shell:Creating prefix chain script '/root/nav_migration/src/install/setup.bash'
[3.157s] INFO:colcon.colcon_core.shell:Creating prefix script '/root/nav_migration/src/install/local_setup.zsh'
[3.159s] INFO:colcon.colcon_core.shell:Creating prefix chain script '/root/nav_migration/src/install/setup.zsh'
