[0.007s] Invoking command in '/root/nav_migration/src/build/navigros2': CMAKE_PREFIX_PATH=${CMAKE_PREFIX_PATH}:/opt/ros/humble /usr/bin/cmake --build /root/nav_migration/src/build/navigros2 -- -j22 -l22
[0.056s] -- Found ament_cmake: 1.3.10 (/opt/ros/humble/share/ament_cmake/cmake)
[0.148s] -- Found rosidl_default_generators: 1.2.0 (/opt/ros/humble/share/rosidl_default_generators/cmake)
[0.150s] -- Using all available rosidl_typesupport_c: rosidl_typesupport_fastrtps_c;rosidl_typesupport_introspection_c
[0.152s] -- Found rosidl_adapter: 3.1.5 (/opt/ros/humble/share/rosidl_adapter/cmake)
[0.240s] -- Using all available rosidl_typesupport_cpp: rosidl_typesupport_fastrtps_cpp;rosidl_typesupport_introspection_cpp
[0.260s] -- Found rclpy: 3.3.14 (/opt/ros/humble/share/rclpy/cmake)
[0.261s] -- Found std_msgs: 4.2.4 (/opt/ros/humble/share/std_msgs/cmake)
[0.279s] -- Found geometry_msgs: 4.2.4 (/opt/ros/humble/share/geometry_msgs/cmake)
[0.288s] -- Found nav_msgs: 4.2.4 (/opt/ros/humble/share/nav_msgs/cmake)
[0.299s] -- Found action_msgs: 1.2.1 (/opt/ros/humble/share/action_msgs/cmake)
[0.494s] -- Found ament_cmake_ros: 0.10.0 (/opt/ros/humble/share/ament_cmake_ros/cmake)
[0.629s] -- Using all available rosidl_typesupport_c: rosidl_typesupport_fastrtps_c;rosidl_typesupport_introspection_c
[0.801s] -- Using all available rosidl_typesupport_cpp: rosidl_typesupport_fastrtps_cpp;rosidl_typesupport_introspection_cpp
[0.817s] -- Found python_cmake_module: 0.10.0 (/opt/ros/humble/share/python_cmake_module/cmake)
[0.832s] -- Using PYTHON_EXECUTABLE: /usr/bin/python3
[0.832s] -- Using PYTHON_INCLUDE_DIRS: /usr/include/python3.10
[0.832s] -- Using PYTHON_LIBRARIES: /usr/lib/x86_64-linux-gnu/libpython3.10.so
[0.855s] -- Configuring done
[0.899s] -- Generating done
[0.904s] -- Build files have been written to: /root/nav_migration/src/build/navigros2
[0.924s] [35m[1mConsolidate compiler generated dependencies of target navigros2__rosidl_generator_c[0m
[0.926s] [  1%] Built target navigros2__cpp
[0.931s] [ 12%] Built target navigros2__rosidl_generator_c
[0.936s] [35m[1mConsolidate compiler generated dependencies of target navigros2__rosidl_typesupport_fastrtps_cpp[0m
[0.937s] [35m[1mConsolidate compiler generated dependencies of target navigros2__rosidl_typesupport_cpp[0m
[0.938s] [35m[1mConsolidate compiler generated dependencies of target navigros2__rosidl_typesupport_introspection_cpp[0m
[0.940s] [35m[1mConsolidate compiler generated dependencies of target navigros2__rosidl_typesupport_introspection_c[0m
[0.940s] [35m[1mConsolidate compiler generated dependencies of target navigros2__rosidl_typesupport_fastrtps_c[0m
[0.943s] [35m[1mConsolidate compiler generated dependencies of target navigros2__rosidl_typesupport_c[0m
[0.946s] [ 12%] Built target ament_cmake_python_copy_navigros2
[0.947s] [ 24%] Built target navigros2__rosidl_typesupport_introspection_c
[0.949s] [ 35%] Built target navigros2__rosidl_typesupport_fastrtps_cpp
[0.951s] [ 58%] Built target navigros2__rosidl_typesupport_cpp
[0.951s] [ 58%] Built target navigros2__rosidl_typesupport_introspection_cpp
[0.951s] [ 69%] Built target navigros2__rosidl_typesupport_fastrtps_c
[0.952s] [ 81%] Built target navigros2__rosidl_typesupport_c
[0.963s] [ 81%] Built target navigros2
[0.974s] [ 82%] Built target navigros2__py
[0.983s] [35m[1mConsolidate compiler generated dependencies of target navigros2__rosidl_generator_py[0m
[0.993s] [ 92%] Built target navigros2__rosidl_generator_py
[1.000s] [35m[1mConsolidate compiler generated dependencies of target navigros2__rosidl_typesupport_introspection_c__pyext[0m
[1.000s] [35m[1mConsolidate compiler generated dependencies of target navigros2__rosidl_typesupport_fastrtps_c__pyext[0m
[1.002s] [35m[1mConsolidate compiler generated dependencies of target navigros2__rosidl_typesupport_c__pyext[0m
[1.007s] [ 97%] Built target navigros2__rosidl_typesupport_fastrtps_c__pyext
[1.007s] [ 97%] Built target navigros2__rosidl_typesupport_introspection_c__pyext
[1.008s] [100%] Built target navigros2__rosidl_typesupport_c__pyext
[1.078s] running egg_info
[1.078s] writing navigros2.egg-info/PKG-INFO
[1.078s] writing dependency_links to navigros2.egg-info/dependency_links.txt
[1.079s] writing top-level names to navigros2.egg-info/top_level.txt
[1.080s] reading manifest file 'navigros2.egg-info/SOURCES.txt'
[1.081s] writing manifest file 'navigros2.egg-info/SOURCES.txt'
[1.097s] [100%] Built target ament_cmake_python_build_navigros2_egg
[1.104s] Invoked command in '/root/nav_migration/src/build/navigros2' returned '0': CMAKE_PREFIX_PATH=${CMAKE_PREFIX_PATH}:/opt/ros/humble /usr/bin/cmake --build /root/nav_migration/src/build/navigros2 -- -j22 -l22
[1.188s] Invoking command in '/root/nav_migration/src/build/navigros2': CMAKE_PREFIX_PATH=${CMAKE_PREFIX_PATH}:/opt/ros/humble /usr/bin/cmake --install /root/nav_migration/src/build/navigros2
[1.191s] -- Install configuration: ""
[1.191s] -- Up-to-date: /root/nav_migration/src/install/navigros2/share/ament_index/resource_index/rosidl_interfaces/navigros2
[1.191s] -- Up-to-date: /root/nav_migration/src/install/navigros2/include/navigros2/navigros2
[1.192s] -- Up-to-date: /root/nav_migration/src/install/navigros2/include/navigros2/navigros2/action
[1.192s] -- Up-to-date: /root/nav_migration/src/install/navigros2/include/navigros2/navigros2/action/map_repeater.h
[1.192s] -- Up-to-date: /root/nav_migration/src/install/navigros2/include/navigros2/navigros2/action/detail
[1.192s] -- Up-to-date: /root/nav_migration/src/install/navigros2/include/navigros2/navigros2/action/detail/map_maker__type_support.h
[1.192s] -- Up-to-date: /root/nav_migration/src/install/navigros2/include/navigros2/navigros2/action/detail/map_repeater__functions.c
[1.192s] -- Up-to-date: /root/nav_migration/src/install/navigros2/include/navigros2/navigros2/action/detail/map_repeater__struct.h
[1.192s] -- Up-to-date: /root/nav_migration/src/install/navigros2/include/navigros2/navigros2/action/detail/map_maker__struct.h
[1.192s] -- Up-to-date: /root/nav_migration/src/install/navigros2/include/navigros2/navigros2/action/detail/map_maker__functions.h
[1.192s] -- Up-to-date: /root/nav_migration/src/install/navigros2/include/navigros2/navigros2/action/detail/map_repeater__type_support.h
[1.192s] -- Up-to-date: /root/nav_migration/src/install/navigros2/include/navigros2/navigros2/action/detail/map_repeater__functions.h
[1.192s] -- Up-to-date: /root/nav_migration/src/install/navigros2/include/navigros2/navigros2/action/detail/map_maker__functions.c
[1.193s] -- Up-to-date: /root/nav_migration/src/install/navigros2/include/navigros2/navigros2/action/map_maker.h
[1.193s] -- Up-to-date: /root/nav_migration/src/install/navigros2/include/navigros2/navigros2/msg
[1.193s] -- Up-to-date: /root/nav_migration/src/install/navigros2/include/navigros2/navigros2/msg/rosidl_generator_c__visibility_control.h
[1.193s] -- Up-to-date: /root/nav_migration/src/install/navigros2/include/navigros2/navigros2/msg/detail
[1.193s] -- Up-to-date: /root/nav_migration/src/install/navigros2/include/navigros2/navigros2/msg/detail/float_list__type_support.h
[1.193s] -- Up-to-date: /root/nav_migration/src/install/navigros2/include/navigros2/navigros2/msg/detail/float_list__functions.c
[1.193s] -- Up-to-date: /root/nav_migration/src/install/navigros2/include/navigros2/navigros2/msg/detail/feature_locations__struct.h
[1.193s] -- Up-to-date: /root/nav_migration/src/install/navigros2/include/navigros2/navigros2/msg/detail/alignment__type_support.h
[1.193s] -- Up-to-date: /root/nav_migration/src/install/navigros2/include/navigros2/navigros2/msg/detail/alignment__struct.h
[1.194s] -- Up-to-date: /root/nav_migration/src/install/navigros2/include/navigros2/navigros2/msg/detail/alignment__functions.c
[1.194s] -- Up-to-date: /root/nav_migration/src/install/navigros2/include/navigros2/navigros2/msg/detail/feature_locations__functions.c
[1.194s] -- Up-to-date: /root/nav_migration/src/install/navigros2/include/navigros2/navigros2/msg/detail/float_list__struct.h
[1.194s] -- Up-to-date: /root/nav_migration/src/install/navigros2/include/navigros2/navigros2/msg/detail/alignment__functions.h
[1.194s] -- Up-to-date: /root/nav_migration/src/install/navigros2/include/navigros2/navigros2/msg/detail/float_list__functions.h
[1.194s] -- Up-to-date: /root/nav_migration/src/install/navigros2/include/navigros2/navigros2/msg/detail/feature_locations__functions.h
[1.194s] -- Up-to-date: /root/nav_migration/src/install/navigros2/include/navigros2/navigros2/msg/detail/feature_locations__type_support.h
[1.194s] -- Up-to-date: /root/nav_migration/src/install/navigros2/include/navigros2/navigros2/msg/alignment.h
[1.195s] -- Up-to-date: /root/nav_migration/src/install/navigros2/include/navigros2/navigros2/msg/float_list.h
[1.195s] -- Up-to-date: /root/nav_migration/src/install/navigros2/include/navigros2/navigros2/msg/feature_locations.h
[1.195s] -- Up-to-date: /root/nav_migration/src/install/navigros2/include/navigros2/navigros2/srv
[1.195s] -- Up-to-date: /root/nav_migration/src/install/navigros2/include/navigros2/navigros2/srv/detail
[1.195s] -- Up-to-date: /root/nav_migration/src/install/navigros2/include/navigros2/navigros2/srv/detail/set_dist__functions.h
[1.195s] -- Up-to-date: /root/nav_migration/src/install/navigros2/include/navigros2/navigros2/srv/detail/set_clock_gain__type_support.h
[1.195s] -- Up-to-date: /root/nav_migration/src/install/navigros2/include/navigros2/navigros2/srv/detail/set_clock_gain__functions.h
[1.195s] -- Up-to-date: /root/nav_migration/src/install/navigros2/include/navigros2/navigros2/srv/detail/set_clock_gain__functions.c
[1.195s] -- Up-to-date: /root/nav_migration/src/install/navigros2/include/navigros2/navigros2/srv/detail/set_dist__functions.c
[1.195s] -- Up-to-date: /root/nav_migration/src/install/navigros2/include/navigros2/navigros2/srv/detail/set_clock_gain__struct.h
[1.195s] -- Up-to-date: /root/nav_migration/src/install/navigros2/include/navigros2/navigros2/srv/detail/set_dist__struct.h
[1.195s] -- Up-to-date: /root/nav_migration/src/install/navigros2/include/navigros2/navigros2/srv/detail/set_dist__type_support.h
[1.196s] -- Up-to-date: /root/nav_migration/src/install/navigros2/include/navigros2/navigros2/srv/set_clock_gain.h
[1.196s] -- Up-to-date: /root/nav_migration/src/install/navigros2/include/navigros2/navigros2/srv/set_dist.h
[1.196s] -- Up-to-date: /root/nav_migration/src/install/navigros2/share/navigros2/environment/library_path.sh
[1.196s] -- Installing: /root/nav_migration/src/install/navigros2/share/navigros2/environment/library_path.dsv
[1.196s] -- Up-to-date: /root/nav_migration/src/install/navigros2/lib/libnavigros2__rosidl_generator_c.so
[1.196s] -- Up-to-date: /root/nav_migration/src/install/navigros2/include/navigros2/navigros2
[1.196s] -- Up-to-date: /root/nav_migration/src/install/navigros2/include/navigros2/navigros2/action
[1.196s] -- Up-to-date: /root/nav_migration/src/install/navigros2/include/navigros2/navigros2/action/detail
[1.196s] -- Up-to-date: /root/nav_migration/src/install/navigros2/include/navigros2/navigros2/action/detail/map_repeater__rosidl_typesupport_fastrtps_c.h
[1.196s] -- Up-to-date: /root/nav_migration/src/install/navigros2/include/navigros2/navigros2/action/detail/map_maker__rosidl_typesupport_fastrtps_c.h
[1.196s] -- Up-to-date: /root/nav_migration/src/install/navigros2/include/navigros2/navigros2/msg
[1.196s] -- Up-to-date: /root/nav_migration/src/install/navigros2/include/navigros2/navigros2/msg/detail
[1.197s] -- Up-to-date: /root/nav_migration/src/install/navigros2/include/navigros2/navigros2/msg/detail/float_list__rosidl_typesupport_fastrtps_c.h
[1.197s] -- Up-to-date: /root/nav_migration/src/install/navigros2/include/navigros2/navigros2/msg/detail/feature_locations__rosidl_typesupport_fastrtps_c.h
[1.197s] -- Up-to-date: /root/nav_migration/src/install/navigros2/include/navigros2/navigros2/msg/detail/alignment__rosidl_typesupport_fastrtps_c.h
[1.197s] -- Up-to-date: /root/nav_migration/src/install/navigros2/include/navigros2/navigros2/msg/rosidl_typesupport_fastrtps_c__visibility_control.h
[1.197s] -- Up-to-date: /root/nav_migration/src/install/navigros2/include/navigros2/navigros2/srv
[1.197s] -- Up-to-date: /root/nav_migration/src/install/navigros2/include/navigros2/navigros2/srv/detail
[1.197s] -- Up-to-date: /root/nav_migration/src/install/navigros2/include/navigros2/navigros2/srv/detail/set_dist__rosidl_typesupport_fastrtps_c.h
[1.197s] -- Up-to-date: /root/nav_migration/src/install/navigros2/include/navigros2/navigros2/srv/detail/set_clock_gain__rosidl_typesupport_fastrtps_c.h
[1.197s] -- Up-to-date: /root/nav_migration/src/install/navigros2/lib/libnavigros2__rosidl_typesupport_fastrtps_c.so
[1.197s] -- Up-to-date: /root/nav_migration/src/install/navigros2/include/navigros2/navigros2
[1.197s] -- Up-to-date: /root/nav_migration/src/install/navigros2/include/navigros2/navigros2/action
[1.197s] -- Up-to-date: /root/nav_migration/src/install/navigros2/include/navigros2/navigros2/action/detail
[1.198s] -- Up-to-date: /root/nav_migration/src/install/navigros2/include/navigros2/navigros2/action/detail/map_maker__type_support.c
[1.198s] -- Up-to-date: /root/nav_migration/src/install/navigros2/include/navigros2/navigros2/action/detail/map_repeater__type_support.c
[1.198s] -- Up-to-date: /root/nav_migration/src/install/navigros2/include/navigros2/navigros2/action/detail/map_repeater__rosidl_typesupport_introspection_c.h
[1.198s] -- Up-to-date: /root/nav_migration/src/install/navigros2/include/navigros2/navigros2/action/detail/map_maker__rosidl_typesupport_introspection_c.h
[1.198s] -- Up-to-date: /root/nav_migration/src/install/navigros2/include/navigros2/navigros2/msg
[1.198s] -- Up-to-date: /root/nav_migration/src/install/navigros2/include/navigros2/navigros2/msg/detail
[1.198s] -- Up-to-date: /root/nav_migration/src/install/navigros2/include/navigros2/navigros2/msg/detail/alignment__type_support.c
[1.198s] -- Up-to-date: /root/nav_migration/src/install/navigros2/include/navigros2/navigros2/msg/detail/float_list__type_support.c
[1.198s] -- Up-to-date: /root/nav_migration/src/install/navigros2/include/navigros2/navigros2/msg/detail/alignment__rosidl_typesupport_introspection_c.h
[1.198s] -- Up-to-date: /root/nav_migration/src/install/navigros2/include/navigros2/navigros2/msg/detail/float_list__rosidl_typesupport_introspection_c.h
[1.198s] -- Up-to-date: /root/nav_migration/src/install/navigros2/include/navigros2/navigros2/msg/detail/feature_locations__rosidl_typesupport_introspection_c.h
[1.198s] -- Up-to-date: /root/nav_migration/src/install/navigros2/include/navigros2/navigros2/msg/detail/feature_locations__type_support.c
[1.198s] -- Up-to-date: /root/nav_migration/src/install/navigros2/include/navigros2/navigros2/msg/rosidl_typesupport_introspection_c__visibility_control.h
[1.198s] -- Up-to-date: /root/nav_migration/src/install/navigros2/include/navigros2/navigros2/srv
[1.198s] -- Up-to-date: /root/nav_migration/src/install/navigros2/include/navigros2/navigros2/srv/detail
[1.198s] -- Up-to-date: /root/nav_migration/src/install/navigros2/include/navigros2/navigros2/srv/detail/set_clock_gain__rosidl_typesupport_introspection_c.h
[1.198s] -- Up-to-date: /root/nav_migration/src/install/navigros2/include/navigros2/navigros2/srv/detail/set_dist__type_support.c
[1.198s] -- Up-to-date: /root/nav_migration/src/install/navigros2/include/navigros2/navigros2/srv/detail/set_clock_gain__type_support.c
[1.198s] -- Up-to-date: /root/nav_migration/src/install/navigros2/include/navigros2/navigros2/srv/detail/set_dist__rosidl_typesupport_introspection_c.h
[1.198s] -- Up-to-date: /root/nav_migration/src/install/navigros2/lib/libnavigros2__rosidl_typesupport_introspection_c.so
[1.198s] -- Up-to-date: /root/nav_migration/src/install/navigros2/lib/libnavigros2__rosidl_typesupport_c.so
[1.198s] -- Up-to-date: /root/nav_migration/src/install/navigros2/include/navigros2/navigros2
[1.198s] -- Up-to-date: /root/nav_migration/src/install/navigros2/include/navigros2/navigros2/action
[1.198s] -- Up-to-date: /root/nav_migration/src/install/navigros2/include/navigros2/navigros2/action/detail
[1.198s] -- Up-to-date: /root/nav_migration/src/install/navigros2/include/navigros2/navigros2/action/detail/map_repeater__traits.hpp
[1.198s] -- Up-to-date: /root/nav_migration/src/install/navigros2/include/navigros2/navigros2/action/detail/map_maker__traits.hpp
[1.198s] -- Up-to-date: /root/nav_migration/src/install/navigros2/include/navigros2/navigros2/action/detail/map_maker__builder.hpp
[1.198s] -- Up-to-date: /root/nav_migration/src/install/navigros2/include/navigros2/navigros2/action/detail/map_repeater__builder.hpp
[1.198s] -- Up-to-date: /root/nav_migration/src/install/navigros2/include/navigros2/navigros2/action/detail/map_maker__struct.hpp
[1.198s] -- Up-to-date: /root/nav_migration/src/install/navigros2/include/navigros2/navigros2/action/detail/map_repeater__struct.hpp
[1.199s] -- Up-to-date: /root/nav_migration/src/install/navigros2/include/navigros2/navigros2/action/map_maker.hpp
[1.199s] -- Up-to-date: /root/nav_migration/src/install/navigros2/include/navigros2/navigros2/action/map_repeater.hpp
[1.199s] -- Up-to-date: /root/nav_migration/src/install/navigros2/include/navigros2/navigros2/msg
[1.199s] -- Up-to-date: /root/nav_migration/src/install/navigros2/include/navigros2/navigros2/msg/detail
[1.199s] -- Up-to-date: /root/nav_migration/src/install/navigros2/include/navigros2/navigros2/msg/detail/float_list__builder.hpp
[1.199s] -- Up-to-date: /root/nav_migration/src/install/navigros2/include/navigros2/navigros2/msg/detail/float_list__struct.hpp
[1.199s] -- Up-to-date: /root/nav_migration/src/install/navigros2/include/navigros2/navigros2/msg/detail/feature_locations__builder.hpp
[1.199s] -- Up-to-date: /root/nav_migration/src/install/navigros2/include/navigros2/navigros2/msg/detail/feature_locations__struct.hpp
[1.199s] -- Up-to-date: /root/nav_migration/src/install/navigros2/include/navigros2/navigros2/msg/detail/feature_locations__traits.hpp
[1.199s] -- Up-to-date: /root/nav_migration/src/install/navigros2/include/navigros2/navigros2/msg/detail/alignment__builder.hpp
[1.199s] -- Up-to-date: /root/nav_migration/src/install/navigros2/include/navigros2/navigros2/msg/detail/float_list__traits.hpp
[1.199s] -- Up-to-date: /root/nav_migration/src/install/navigros2/include/navigros2/navigros2/msg/detail/alignment__struct.hpp
[1.199s] -- Up-to-date: /root/nav_migration/src/install/navigros2/include/navigros2/navigros2/msg/detail/alignment__traits.hpp
[1.199s] -- Up-to-date: /root/nav_migration/src/install/navigros2/include/navigros2/navigros2/msg/feature_locations.hpp
[1.199s] -- Up-to-date: /root/nav_migration/src/install/navigros2/include/navigros2/navigros2/msg/float_list.hpp
[1.199s] -- Up-to-date: /root/nav_migration/src/install/navigros2/include/navigros2/navigros2/msg/alignment.hpp
[1.199s] -- Up-to-date: /root/nav_migration/src/install/navigros2/include/navigros2/navigros2/srv
[1.199s] -- Up-to-date: /root/nav_migration/src/install/navigros2/include/navigros2/navigros2/srv/detail
[1.199s] -- Up-to-date: /root/nav_migration/src/install/navigros2/include/navigros2/navigros2/srv/detail/set_dist__builder.hpp
[1.199s] -- Up-to-date: /root/nav_migration/src/install/navigros2/include/navigros2/navigros2/srv/detail/set_clock_gain__struct.hpp
[1.199s] -- Up-to-date: /root/nav_migration/src/install/navigros2/include/navigros2/navigros2/srv/detail/set_dist__struct.hpp
[1.199s] -- Up-to-date: /root/nav_migration/src/install/navigros2/include/navigros2/navigros2/srv/detail/set_clock_gain__traits.hpp
[1.199s] -- Up-to-date: /root/nav_migration/src/install/navigros2/include/navigros2/navigros2/srv/detail/set_clock_gain__builder.hpp
[1.199s] -- Up-to-date: /root/nav_migration/src/install/navigros2/include/navigros2/navigros2/srv/detail/set_dist__traits.hpp
[1.199s] -- Up-to-date: /root/nav_migration/src/install/navigros2/include/navigros2/navigros2/srv/set_dist.hpp
[1.199s] -- Up-to-date: /root/nav_migration/src/install/navigros2/include/navigros2/navigros2/srv/set_clock_gain.hpp
[1.199s] -- Up-to-date: /root/nav_migration/src/install/navigros2/include/navigros2/navigros2
[1.199s] -- Up-to-date: /root/nav_migration/src/install/navigros2/include/navigros2/navigros2/action
[1.199s] -- Up-to-date: /root/nav_migration/src/install/navigros2/include/navigros2/navigros2/action/detail
[1.199s] -- Up-to-date: /root/nav_migration/src/install/navigros2/include/navigros2/navigros2/action/detail/dds_fastrtps
[1.199s] -- Up-to-date: /root/nav_migration/src/install/navigros2/include/navigros2/navigros2/action/detail/map_repeater__rosidl_typesupport_fastrtps_cpp.hpp
[1.199s] -- Up-to-date: /root/nav_migration/src/install/navigros2/include/navigros2/navigros2/action/detail/map_maker__rosidl_typesupport_fastrtps_cpp.hpp
[1.199s] -- Up-to-date: /root/nav_migration/src/install/navigros2/include/navigros2/navigros2/msg
[1.199s] -- Up-to-date: /root/nav_migration/src/install/navigros2/include/navigros2/navigros2/msg/detail
[1.199s] -- Up-to-date: /root/nav_migration/src/install/navigros2/include/navigros2/navigros2/msg/detail/feature_locations__rosidl_typesupport_fastrtps_cpp.hpp
[1.199s] -- Up-to-date: /root/nav_migration/src/install/navigros2/include/navigros2/navigros2/msg/detail/dds_fastrtps
[1.199s] -- Up-to-date: /root/nav_migration/src/install/navigros2/include/navigros2/navigros2/msg/detail/alignment__rosidl_typesupport_fastrtps_cpp.hpp
[1.200s] -- Up-to-date: /root/nav_migration/src/install/navigros2/include/navigros2/navigros2/msg/detail/float_list__rosidl_typesupport_fastrtps_cpp.hpp
[1.200s] -- Up-to-date: /root/nav_migration/src/install/navigros2/include/navigros2/navigros2/msg/rosidl_typesupport_fastrtps_cpp__visibility_control.h
[1.200s] -- Up-to-date: /root/nav_migration/src/install/navigros2/include/navigros2/navigros2/srv
[1.200s] -- Up-to-date: /root/nav_migration/src/install/navigros2/include/navigros2/navigros2/srv/detail
[1.200s] -- Up-to-date: /root/nav_migration/src/install/navigros2/include/navigros2/navigros2/srv/detail/set_clock_gain__rosidl_typesupport_fastrtps_cpp.hpp
[1.200s] -- Up-to-date: /root/nav_migration/src/install/navigros2/include/navigros2/navigros2/srv/detail/dds_fastrtps
[1.200s] -- Up-to-date: /root/nav_migration/src/install/navigros2/include/navigros2/navigros2/srv/detail/set_dist__rosidl_typesupport_fastrtps_cpp.hpp
[1.200s] -- Up-to-date: /root/nav_migration/src/install/navigros2/lib/libnavigros2__rosidl_typesupport_fastrtps_cpp.so
[1.200s] -- Up-to-date: /root/nav_migration/src/install/navigros2/include/navigros2/navigros2
[1.200s] -- Up-to-date: /root/nav_migration/src/install/navigros2/include/navigros2/navigros2/action
[1.200s] -- Up-to-date: /root/nav_migration/src/install/navigros2/include/navigros2/navigros2/action/detail
[1.200s] -- Up-to-date: /root/nav_migration/src/install/navigros2/include/navigros2/navigros2/action/detail/map_repeater__rosidl_typesupport_introspection_cpp.hpp
[1.200s] -- Up-to-date: /root/nav_migration/src/install/navigros2/include/navigros2/navigros2/action/detail/map_maker__type_support.cpp
[1.200s] -- Up-to-date: /root/nav_migration/src/install/navigros2/include/navigros2/navigros2/action/detail/map_maker__rosidl_typesupport_introspection_cpp.hpp
[1.200s] -- Up-to-date: /root/nav_migration/src/install/navigros2/include/navigros2/navigros2/action/detail/map_repeater__type_support.cpp
[1.200s] -- Up-to-date: /root/nav_migration/src/install/navigros2/include/navigros2/navigros2/msg
[1.200s] -- Up-to-date: /root/nav_migration/src/install/navigros2/include/navigros2/navigros2/msg/detail
[1.200s] -- Up-to-date: /root/nav_migration/src/install/navigros2/include/navigros2/navigros2/msg/detail/feature_locations__type_support.cpp
[1.200s] -- Up-to-date: /root/nav_migration/src/install/navigros2/include/navigros2/navigros2/msg/detail/alignment__type_support.cpp
[1.200s] -- Up-to-date: /root/nav_migration/src/install/navigros2/include/navigros2/navigros2/msg/detail/feature_locations__rosidl_typesupport_introspection_cpp.hpp
[1.200s] -- Up-to-date: /root/nav_migration/src/install/navigros2/include/navigros2/navigros2/msg/detail/float_list__rosidl_typesupport_introspection_cpp.hpp
[1.200s] -- Up-to-date: /root/nav_migration/src/install/navigros2/include/navigros2/navigros2/msg/detail/float_list__type_support.cpp
[1.200s] -- Up-to-date: /root/nav_migration/src/install/navigros2/include/navigros2/navigros2/msg/detail/alignment__rosidl_typesupport_introspection_cpp.hpp
[1.200s] -- Up-to-date: /root/nav_migration/src/install/navigros2/include/navigros2/navigros2/srv
[1.200s] -- Up-to-date: /root/nav_migration/src/install/navigros2/include/navigros2/navigros2/srv/detail
[1.200s] -- Up-to-date: /root/nav_migration/src/install/navigros2/include/navigros2/navigros2/srv/detail/set_dist__rosidl_typesupport_introspection_cpp.hpp
[1.200s] -- Up-to-date: /root/nav_migration/src/install/navigros2/include/navigros2/navigros2/srv/detail/set_dist__type_support.cpp
[1.200s] -- Up-to-date: /root/nav_migration/src/install/navigros2/include/navigros2/navigros2/srv/detail/set_clock_gain__rosidl_typesupport_introspection_cpp.hpp
[1.200s] -- Up-to-date: /root/nav_migration/src/install/navigros2/include/navigros2/navigros2/srv/detail/set_clock_gain__type_support.cpp
[1.200s] -- Up-to-date: /root/nav_migration/src/install/navigros2/lib/libnavigros2__rosidl_typesupport_introspection_cpp.so
[1.200s] -- Up-to-date: /root/nav_migration/src/install/navigros2/lib/libnavigros2__rosidl_typesupport_cpp.so
[1.200s] -- Up-to-date: /root/nav_migration/src/install/navigros2/share/navigros2/environment/pythonpath.sh
[1.200s] -- Installing: /root/nav_migration/src/install/navigros2/share/navigros2/environment/pythonpath.dsv
[1.200s] -- Up-to-date: /root/nav_migration/src/install/navigros2/local/lib/python3.10/dist-packages/navigros2-0.0.0-py3.10.egg-info
[1.200s] -- Installing: /root/nav_migration/src/install/navigros2/local/lib/python3.10/dist-packages/navigros2-0.0.0-py3.10.egg-info/dependency_links.txt
[1.200s] -- Installing: /root/nav_migration/src/install/navigros2/local/lib/python3.10/dist-packages/navigros2-0.0.0-py3.10.egg-info/PKG-INFO
[1.200s] -- Installing: /root/nav_migration/src/install/navigros2/local/lib/python3.10/dist-packages/navigros2-0.0.0-py3.10.egg-info/SOURCES.txt
[1.200s] -- Installing: /root/nav_migration/src/install/navigros2/local/lib/python3.10/dist-packages/navigros2-0.0.0-py3.10.egg-info/top_level.txt
[1.200s] -- Up-to-date: /root/nav_migration/src/install/navigros2/local/lib/python3.10/dist-packages/navigros2
[1.200s] -- Up-to-date: /root/nav_migration/src/install/navigros2/local/lib/python3.10/dist-packages/navigros2/navigros2_s__rosidl_typesupport_c.cpython-310-x86_64-linux-gnu.so
[1.200s] -- Up-to-date: /root/nav_migration/src/install/navigros2/local/lib/python3.10/dist-packages/navigros2/action
[1.201s] -- Up-to-date: /root/nav_migration/src/install/navigros2/local/lib/python3.10/dist-packages/navigros2/action/_map_repeater_s.c
[1.201s] -- Up-to-date: /root/nav_migration/src/install/navigros2/local/lib/python3.10/dist-packages/navigros2/action/_map_maker.py
[1.201s] -- Up-to-date: /root/nav_migration/src/install/navigros2/local/lib/python3.10/dist-packages/navigros2/action/_map_repeater.py
[1.201s] -- Up-to-date: /root/nav_migration/src/install/navigros2/local/lib/python3.10/dist-packages/navigros2/action/_map_maker_s.c
[1.201s] -- Up-to-date: /root/nav_migration/src/install/navigros2/local/lib/python3.10/dist-packages/navigros2/action/__init__.py
[1.201s] -- Up-to-date: /root/nav_migration/src/install/navigros2/local/lib/python3.10/dist-packages/navigros2/navigros2_s__rosidl_typesupport_introspection_c.cpython-310-x86_64-linux-gnu.so
[1.201s] -- Up-to-date: /root/nav_migration/src/install/navigros2/local/lib/python3.10/dist-packages/navigros2/msg
[1.201s] -- Up-to-date: /root/nav_migration/src/install/navigros2/local/lib/python3.10/dist-packages/navigros2/msg/_float_list.py
[1.201s] -- Up-to-date: /root/nav_migration/src/install/navigros2/local/lib/python3.10/dist-packages/navigros2/msg/_alignment_s.c
[1.201s] -- Up-to-date: /root/nav_migration/src/install/navigros2/local/lib/python3.10/dist-packages/navigros2/msg/_feature_locations.py
[1.201s] -- Up-to-date: /root/nav_migration/src/install/navigros2/local/lib/python3.10/dist-packages/navigros2/msg/_alignment.py
[1.201s] -- Up-to-date: /root/nav_migration/src/install/navigros2/local/lib/python3.10/dist-packages/navigros2/msg/_float_list_s.c
[1.201s] -- Up-to-date: /root/nav_migration/src/install/navigros2/local/lib/python3.10/dist-packages/navigros2/msg/__init__.py
[1.201s] -- Up-to-date: /root/nav_migration/src/install/navigros2/local/lib/python3.10/dist-packages/navigros2/msg/_feature_locations_s.c
[1.201s] -- Up-to-date: /root/nav_migration/src/install/navigros2/local/lib/python3.10/dist-packages/navigros2/srv
[1.201s] -- Up-to-date: /root/nav_migration/src/install/navigros2/local/lib/python3.10/dist-packages/navigros2/srv/_set_clock_gain.py
[1.201s] -- Up-to-date: /root/nav_migration/src/install/navigros2/local/lib/python3.10/dist-packages/navigros2/srv/_set_dist.py
[1.201s] -- Up-to-date: /root/nav_migration/src/install/navigros2/local/lib/python3.10/dist-packages/navigros2/srv/_set_clock_gain_s.c
[1.201s] -- Up-to-date: /root/nav_migration/src/install/navigros2/local/lib/python3.10/dist-packages/navigros2/srv/_set_dist_s.c
[1.201s] -- Up-to-date: /root/nav_migration/src/install/navigros2/local/lib/python3.10/dist-packages/navigros2/srv/__init__.py
[1.201s] -- Up-to-date: /root/nav_migration/src/install/navigros2/local/lib/python3.10/dist-packages/navigros2/_navigros2_s.ep.rosidl_typesupport_c.c
[1.201s] -- Up-to-date: /root/nav_migration/src/install/navigros2/local/lib/python3.10/dist-packages/navigros2/navigros2_s__rosidl_typesupport_fastrtps_c.cpython-310-x86_64-linux-gnu.so
[1.201s] -- Up-to-date: /root/nav_migration/src/install/navigros2/local/lib/python3.10/dist-packages/navigros2/_navigros2_s.ep.rosidl_typesupport_introspection_c.c
[1.201s] -- Up-to-date: /root/nav_migration/src/install/navigros2/local/lib/python3.10/dist-packages/navigros2/_navigros2_s.ep.rosidl_typesupport_fastrtps_c.c
[1.201s] -- Installing: /root/nav_migration/src/install/navigros2/local/lib/python3.10/dist-packages/navigros2/__init__.py
[1.201s] -- Up-to-date: /root/nav_migration/src/install/navigros2/local/lib/python3.10/dist-packages/navigros2/libnavigros2__rosidl_generator_py.so
[1.219s] Listing '/root/nav_migration/src/install/navigros2/local/lib/python3.10/dist-packages/navigros2'...
[1.219s] Compiling '/root/nav_migration/src/install/navigros2/local/lib/python3.10/dist-packages/navigros2/__init__.py'...
[1.219s] Listing '/root/nav_migration/src/install/navigros2/local/lib/python3.10/dist-packages/navigros2/action'...
[1.219s] Listing '/root/nav_migration/src/install/navigros2/local/lib/python3.10/dist-packages/navigros2/msg'...
[1.219s] Listing '/root/nav_migration/src/install/navigros2/local/lib/python3.10/dist-packages/navigros2/srv'...
[1.221s] -- Up-to-date: /root/nav_migration/src/install/navigros2/local/lib/python3.10/dist-packages/navigros2/navigros2_s__rosidl_typesupport_fastrtps_c.cpython-310-x86_64-linux-gnu.so
[1.221s] -- Up-to-date: /root/nav_migration/src/install/navigros2/local/lib/python3.10/dist-packages/navigros2/navigros2_s__rosidl_typesupport_introspection_c.cpython-310-x86_64-linux-gnu.so
[1.222s] -- Up-to-date: /root/nav_migration/src/install/navigros2/local/lib/python3.10/dist-packages/navigros2/navigros2_s__rosidl_typesupport_c.cpython-310-x86_64-linux-gnu.so
[1.222s] -- Up-to-date: /root/nav_migration/src/install/navigros2/lib/libnavigros2__rosidl_generator_py.so
[1.222s] -- Up-to-date: /root/nav_migration/src/install/navigros2/share/navigros2/msg/Alignment.idl
[1.222s] -- Up-to-date: /root/nav_migration/src/install/navigros2/share/navigros2/msg/FeatureLocations.idl
[1.222s] -- Up-to-date: /root/nav_migration/src/install/navigros2/share/navigros2/msg/FloatList.idl
[1.222s] -- Up-to-date: /root/nav_migration/src/install/navigros2/share/navigros2/srv/SetDist.idl
[1.222s] -- Up-to-date: /root/nav_migration/src/install/navigros2/share/navigros2/srv/SetClockGain.idl
[1.222s] -- Up-to-date: /root/nav_migration/src/install/navigros2/share/navigros2/action/MapMaker.idl
[1.223s] -- Up-to-date: /root/nav_migration/src/install/navigros2/share/navigros2/action/MapRepeater.idl
[1.223s] -- Up-to-date: /root/nav_migration/src/install/navigros2/share/navigros2/msg/Alignment.msg
[1.223s] -- Up-to-date: /root/nav_migration/src/install/navigros2/share/navigros2/msg/FeatureLocations.msg
[1.223s] -- Up-to-date: /root/nav_migration/src/install/navigros2/share/navigros2/msg/FloatList.msg
[1.223s] -- Up-to-date: /root/nav_migration/src/install/navigros2/share/navigros2/srv/SetDist.srv
[1.223s] -- Up-to-date: /root/nav_migration/src/install/navigros2/share/navigros2/srv/SetDist_Request.msg
[1.223s] -- Up-to-date: /root/nav_migration/src/install/navigros2/share/navigros2/srv/SetDist_Response.msg
[1.223s] -- Up-to-date: /root/nav_migration/src/install/navigros2/share/navigros2/srv/SetClockGain.srv
[1.223s] -- Up-to-date: /root/nav_migration/src/install/navigros2/share/navigros2/srv/SetClockGain_Request.msg
[1.223s] -- Up-to-date: /root/nav_migration/src/install/navigros2/share/navigros2/srv/SetClockGain_Response.msg
[1.223s] -- Up-to-date: /root/nav_migration/src/install/navigros2/share/navigros2/action/MapMaker.action
[1.224s] -- Up-to-date: /root/nav_migration/src/install/navigros2/share/navigros2/action/MapRepeater.action
[1.224s] -- Up-to-date: /root/nav_migration/src/install/navigros2/lib/navigros2/src
[1.224s] -- Up-to-date: /root/nav_migration/src/install/navigros2/lib/navigros2/src/alignment
[1.224s] -- Up-to-date: /root/nav_migration/src/install/navigros2/lib/navigros2/src/alignment/backends
[1.224s] -- Up-to-date: /root/nav_migration/src/install/navigros2/lib/navigros2/src/alignment/backends/traditional.py
[1.224s] -- Up-to-date: /root/nav_migration/src/install/navigros2/lib/navigros2/src/alignment/backends/siam_model.py
[1.224s] -- Up-to-date: /root/nav_migration/src/install/navigros2/lib/navigros2/src/alignment/backends/__init__.py
[1.224s] -- Up-to-date: /root/nav_migration/src/install/navigros2/lib/navigros2/src/alignment/backends/vgg.py
[1.224s] -- Up-to-date: /root/nav_migration/src/install/navigros2/lib/navigros2/src/distance
[1.224s] -- Up-to-date: /root/nav_migration/src/install/navigros2/lib/navigros2/src/distance/distance_ros.py
[1.224s] -- Up-to-date: /root/nav_migration/src/install/navigros2/lib/navigros2/src/distance/__pycache__
[1.225s] -- Up-to-date: /root/nav_migration/src/install/navigros2/lib/navigros2/src/distance/distance.py
[1.225s] -- Up-to-date: /root/nav_migration/src/install/navigros2/share/navigros2/launch
[1.225s] -- Up-to-date: /root/nav_migration/src/install/navigros2/share/navigros2/launch/launch_node.py
[1.225s] -- Up-to-date: /root/nav_migration/src/install/navigros2/share/navigros2/launch/__pycache__
[1.225s] -- Up-to-date: /root/nav_migration/src/install/navigros2/share/navigros2/launch/__pycache__/launch_node.cpython-310.pyc
[1.225s] -- Up-to-date: /root/nav_migration/src/install/navigros2/share/navigros2/launch/launcher.py
[1.225s] -- Up-to-date: /root/nav_migration/src/install/navigros2/share/ament_index/resource_index/package_run_dependencies/navigros2
[1.225s] -- Up-to-date: /root/nav_migration/src/install/navigros2/share/ament_index/resource_index/parent_prefix_path/navigros2
[1.225s] -- Up-to-date: /root/nav_migration/src/install/navigros2/share/navigros2/environment/ament_prefix_path.sh
[1.225s] -- Installing: /root/nav_migration/src/install/navigros2/share/navigros2/environment/ament_prefix_path.dsv
[1.225s] -- Up-to-date: /root/nav_migration/src/install/navigros2/share/navigros2/environment/path.sh
[1.226s] -- Installing: /root/nav_migration/src/install/navigros2/share/navigros2/environment/path.dsv
[1.226s] -- Up-to-date: /root/nav_migration/src/install/navigros2/share/navigros2/local_setup.bash
[1.226s] -- Up-to-date: /root/nav_migration/src/install/navigros2/share/navigros2/local_setup.sh
[1.226s] -- Up-to-date: /root/nav_migration/src/install/navigros2/share/navigros2/local_setup.zsh
[1.226s] -- Installing: /root/nav_migration/src/install/navigros2/share/navigros2/local_setup.dsv
[1.226s] -- Installing: /root/nav_migration/src/install/navigros2/share/navigros2/package.dsv
[1.227s] -- Installing: /root/nav_migration/src/install/navigros2/share/ament_index/resource_index/packages/navigros2
[1.227s] -- Up-to-date: /root/nav_migration/src/install/navigros2/share/navigros2/cmake/export_navigros2__rosidl_generator_cExport.cmake
[1.227s] -- Up-to-date: /root/nav_migration/src/install/navigros2/share/navigros2/cmake/export_navigros2__rosidl_generator_cExport-noconfig.cmake
[1.227s] -- Up-to-date: /root/nav_migration/src/install/navigros2/share/navigros2/cmake/export_navigros2__rosidl_typesupport_fastrtps_cExport.cmake
[1.227s] -- Up-to-date: /root/nav_migration/src/install/navigros2/share/navigros2/cmake/export_navigros2__rosidl_typesupport_fastrtps_cExport-noconfig.cmake
[1.227s] -- Up-to-date: /root/nav_migration/src/install/navigros2/share/navigros2/cmake/navigros2__rosidl_typesupport_introspection_cExport.cmake
[1.227s] -- Up-to-date: /root/nav_migration/src/install/navigros2/share/navigros2/cmake/navigros2__rosidl_typesupport_introspection_cExport-noconfig.cmake
[1.227s] -- Up-to-date: /root/nav_migration/src/install/navigros2/share/navigros2/cmake/navigros2__rosidl_typesupport_cExport.cmake
[1.227s] -- Up-to-date: /root/nav_migration/src/install/navigros2/share/navigros2/cmake/navigros2__rosidl_typesupport_cExport-noconfig.cmake
[1.227s] -- Up-to-date: /root/nav_migration/src/install/navigros2/share/navigros2/cmake/export_navigros2__rosidl_generator_cppExport.cmake
[1.228s] -- Up-to-date: /root/nav_migration/src/install/navigros2/share/navigros2/cmake/export_navigros2__rosidl_typesupport_fastrtps_cppExport.cmake
[1.228s] -- Up-to-date: /root/nav_migration/src/install/navigros2/share/navigros2/cmake/export_navigros2__rosidl_typesupport_fastrtps_cppExport-noconfig.cmake
[1.228s] -- Up-to-date: /root/nav_migration/src/install/navigros2/share/navigros2/cmake/navigros2__rosidl_typesupport_introspection_cppExport.cmake
[1.228s] -- Up-to-date: /root/nav_migration/src/install/navigros2/share/navigros2/cmake/navigros2__rosidl_typesupport_introspection_cppExport-noconfig.cmake
[1.228s] -- Up-to-date: /root/nav_migration/src/install/navigros2/share/navigros2/cmake/navigros2__rosidl_typesupport_cppExport.cmake
[1.228s] -- Up-to-date: /root/nav_migration/src/install/navigros2/share/navigros2/cmake/navigros2__rosidl_typesupport_cppExport-noconfig.cmake
[1.228s] -- Up-to-date: /root/nav_migration/src/install/navigros2/share/navigros2/cmake/export_navigros2__rosidl_generator_pyExport.cmake
[1.228s] -- Up-to-date: /root/nav_migration/src/install/navigros2/share/navigros2/cmake/export_navigros2__rosidl_generator_pyExport-noconfig.cmake
[1.228s] -- Up-to-date: /root/nav_migration/src/install/navigros2/share/navigros2/cmake/rosidl_cmake-extras.cmake
[1.228s] -- Up-to-date: /root/nav_migration/src/install/navigros2/share/navigros2/cmake/ament_cmake_export_dependencies-extras.cmake
[1.228s] -- Up-to-date: /root/nav_migration/src/install/navigros2/share/navigros2/cmake/ament_cmake_export_include_directories-extras.cmake
[1.229s] -- Up-to-date: /root/nav_migration/src/install/navigros2/share/navigros2/cmake/ament_cmake_export_libraries-extras.cmake
[1.229s] -- Up-to-date: /root/nav_migration/src/install/navigros2/share/navigros2/cmake/ament_cmake_export_targets-extras.cmake
[1.229s] -- Up-to-date: /root/nav_migration/src/install/navigros2/share/navigros2/cmake/rosidl_cmake_export_typesupport_targets-extras.cmake
[1.229s] -- Up-to-date: /root/nav_migration/src/install/navigros2/share/navigros2/cmake/rosidl_cmake_export_typesupport_libraries-extras.cmake
[1.229s] -- Up-to-date: /root/nav_migration/src/install/navigros2/share/navigros2/cmake/navigros2Config.cmake
[1.229s] -- Up-to-date: /root/nav_migration/src/install/navigros2/share/navigros2/cmake/navigros2Config-version.cmake
[1.229s] -- Installing: /root/nav_migration/src/install/navigros2/share/navigros2/package.xml
[1.229s] Invoked command in '/root/nav_migration/src/build/navigros2' returned '0': CMAKE_PREFIX_PATH=${CMAKE_PREFIX_PATH}:/opt/ros/humble /usr/bin/cmake --install /root/nav_migration/src/build/navigros2
