[0.021s] Invoking command in '/root/nav_migration/src/build/husky_control': AMENT_PREFIX_PATH=/root/nav_migration/src/install/husky_description:${AMENT_PREFIX_PATH} CMAKE_PREFIX_PATH=/root/nav_migration/src/install/husky_description:/root/clearpath_ws/install/clearpath_common:/root/clearpath_ws/install/clearpath_generator_common:/root/clearpath_ws/install/clearpath_description:/root/clearpath_ws/install/clearpath_sensors_description:/root/clearpath_ws/install/clearpath_platform:/root/clearpath_ws/install/clearpath_msgs:/root/clearpath_ws/install/clearpath_platform_msgs:/root/clearpath_ws/install/clearpath_platform_description:/root/clearpath_ws/install/clearpath_mounts_description:/root/clearpath_ws/install/clearpath_manipulators:/root/clearpath_ws/install/clearpath_manipulators_description:/root/clearpath_ws/install/clearpath_customization:/root/clearpath_ws/install/clearpath_control:/root/clearpath_ws/install/clearpath_config:/opt/ros/humble /usr/bin/cmake /root/nav_migration/src/husky-humble/husky_control -DCMAKE_INSTALL_PREFIX=/root/nav_migration/src/install/husky_control
[0.094s] -- The C compiler identification is GNU 11.4.0
[0.273s] -- The CXX compiler identification is GNU 11.4.0
[0.395s] -- Detecting C compiler ABI info
[0.474s] -- Detecting C compiler ABI info - done
[0.480s] -- Check for working C compiler: /usr/bin/cc - skipped
[0.481s] -- Detecting C compile features
[0.481s] -- Detecting C compile features - done
[0.483s] -- Detecting CXX compiler ABI info
[0.573s] -- Detecting CXX compiler ABI info - done
[0.582s] -- Check for working CXX compiler: /usr/bin/c++ - skipped
[0.582s] -- Detecting CXX compile features
[0.583s] -- Detecting CXX compile features - done
[0.586s] -- Found ament_cmake: 1.3.10 (/opt/ros/humble/share/ament_cmake/cmake)
[0.736s] -- Found Python3: /usr/bin/python3 (found version "3.10.12") found components: Interpreter 
[0.882s] -- Configuring done
[0.886s] -- Generating done
[0.886s] -- Build files have been written to: /root/nav_migration/src/build/husky_control
[0.891s] Invoked command in '/root/nav_migration/src/build/husky_control' returned '0': AMENT_PREFIX_PATH=/root/nav_migration/src/install/husky_description:${AMENT_PREFIX_PATH} CMAKE_PREFIX_PATH=/root/nav_migration/src/install/husky_description:/root/clearpath_ws/install/clearpath_common:/root/clearpath_ws/install/clearpath_generator_common:/root/clearpath_ws/install/clearpath_description:/root/clearpath_ws/install/clearpath_sensors_description:/root/clearpath_ws/install/clearpath_platform:/root/clearpath_ws/install/clearpath_msgs:/root/clearpath_ws/install/clearpath_platform_msgs:/root/clearpath_ws/install/clearpath_platform_description:/root/clearpath_ws/install/clearpath_mounts_description:/root/clearpath_ws/install/clearpath_manipulators:/root/clearpath_ws/install/clearpath_manipulators_description:/root/clearpath_ws/install/clearpath_customization:/root/clearpath_ws/install/clearpath_control:/root/clearpath_ws/install/clearpath_config:/opt/ros/humble /usr/bin/cmake /root/nav_migration/src/husky-humble/husky_control -DCMAKE_INSTALL_PREFIX=/root/nav_migration/src/install/husky_control
[0.893s] Invoking command in '/root/nav_migration/src/build/husky_control': AMENT_PREFIX_PATH=/root/nav_migration/src/install/husky_description:${AMENT_PREFIX_PATH} CMAKE_PREFIX_PATH=/root/nav_migration/src/install/husky_description:/root/clearpath_ws/install/clearpath_common:/root/clearpath_ws/install/clearpath_generator_common:/root/clearpath_ws/install/clearpath_description:/root/clearpath_ws/install/clearpath_sensors_description:/root/clearpath_ws/install/clearpath_platform:/root/clearpath_ws/install/clearpath_msgs:/root/clearpath_ws/install/clearpath_platform_msgs:/root/clearpath_ws/install/clearpath_platform_description:/root/clearpath_ws/install/clearpath_mounts_description:/root/clearpath_ws/install/clearpath_manipulators:/root/clearpath_ws/install/clearpath_manipulators_description:/root/clearpath_ws/install/clearpath_customization:/root/clearpath_ws/install/clearpath_control:/root/clearpath_ws/install/clearpath_config:/opt/ros/humble /usr/bin/cmake --build /root/nav_migration/src/build/husky_control -- -j22 -l22
[0.929s] Invoked command in '/root/nav_migration/src/build/husky_control' returned '0': AMENT_PREFIX_PATH=/root/nav_migration/src/install/husky_description:${AMENT_PREFIX_PATH} CMAKE_PREFIX_PATH=/root/nav_migration/src/install/husky_description:/root/clearpath_ws/install/clearpath_common:/root/clearpath_ws/install/clearpath_generator_common:/root/clearpath_ws/install/clearpath_description:/root/clearpath_ws/install/clearpath_sensors_description:/root/clearpath_ws/install/clearpath_platform:/root/clearpath_ws/install/clearpath_msgs:/root/clearpath_ws/install/clearpath_platform_msgs:/root/clearpath_ws/install/clearpath_platform_description:/root/clearpath_ws/install/clearpath_mounts_description:/root/clearpath_ws/install/clearpath_manipulators:/root/clearpath_ws/install/clearpath_manipulators_description:/root/clearpath_ws/install/clearpath_customization:/root/clearpath_ws/install/clearpath_control:/root/clearpath_ws/install/clearpath_config:/opt/ros/humble /usr/bin/cmake --build /root/nav_migration/src/build/husky_control -- -j22 -l22
[0.947s] Invoking command in '/root/nav_migration/src/build/husky_control': AMENT_PREFIX_PATH=/root/nav_migration/src/install/husky_description:${AMENT_PREFIX_PATH} CMAKE_PREFIX_PATH=/root/nav_migration/src/install/husky_description:/root/clearpath_ws/install/clearpath_common:/root/clearpath_ws/install/clearpath_generator_common:/root/clearpath_ws/install/clearpath_description:/root/clearpath_ws/install/clearpath_sensors_description:/root/clearpath_ws/install/clearpath_platform:/root/clearpath_ws/install/clearpath_msgs:/root/clearpath_ws/install/clearpath_platform_msgs:/root/clearpath_ws/install/clearpath_platform_description:/root/clearpath_ws/install/clearpath_mounts_description:/root/clearpath_ws/install/clearpath_manipulators:/root/clearpath_ws/install/clearpath_manipulators_description:/root/clearpath_ws/install/clearpath_customization:/root/clearpath_ws/install/clearpath_control:/root/clearpath_ws/install/clearpath_config:/opt/ros/humble /usr/bin/cmake --install /root/nav_migration/src/build/husky_control
[0.954s] -- Install configuration: ""
[0.954s] -- Installing: /root/nav_migration/src/install/husky_control/share/husky_control/config
[0.954s] -- Installing: /root/nav_migration/src/install/husky_control/share/husky_control/config/public_interface.yaml
[0.954s] -- Installing: /root/nav_migration/src/install/husky_control/share/husky_control/config/teleop_ps4.yaml
[0.954s] -- Installing: /root/nav_migration/src/install/husky_control/share/husky_control/config/localization.yaml
[0.954s] -- Installing: /root/nav_migration/src/install/husky_control/share/husky_control/config/control.yaml
[0.954s] -- Installing: /root/nav_migration/src/install/husky_control/share/husky_control/config/twist_mux.yaml
[0.954s] -- Installing: /root/nav_migration/src/install/husky_control/share/husky_control/config/teleop_logitech.yaml
[0.954s] -- Installing: /root/nav_migration/src/install/husky_control/share/husky_control/config/teleop_interactive_markers.yaml
[0.954s] -- Installing: /root/nav_migration/src/install/husky_control/share/husky_control/config/empty.yaml
[0.954s] -- Installing: /root/nav_migration/src/install/husky_control/share/husky_control/config/gazebo_interface.yaml
[0.954s] -- Installing: /root/nav_migration/src/install/husky_control/share/husky_control/config/imu_filter.yaml
[0.954s] -- Installing: /root/nav_migration/src/install/husky_control/share/husky_control/launch
[0.954s] -- Installing: /root/nav_migration/src/install/husky_control/share/husky_control/launch/control.launch
[0.954s] -- Installing: /root/nav_migration/src/install/husky_control/share/husky_control/launch/teleop_joy.launch.py
[0.954s] -- Installing: /root/nav_migration/src/install/husky_control/share/husky_control/launch/control.launch.py
[0.955s] -- Installing: /root/nav_migration/src/install/husky_control/share/husky_control/launch/teleop_base.launch.py
[0.955s] -- Installing: /root/nav_migration/src/install/husky_control/share/husky_control/launch/teleop.launch
[0.955s] -- Installing: /root/nav_migration/src/install/husky_control/share/ament_index/resource_index/package_run_dependencies/husky_control
[0.955s] -- Installing: /root/nav_migration/src/install/husky_control/share/ament_index/resource_index/parent_prefix_path/husky_control
[0.955s] -- Installing: /root/nav_migration/src/install/husky_control/share/husky_control/environment/ament_prefix_path.sh
[0.955s] -- Installing: /root/nav_migration/src/install/husky_control/share/husky_control/environment/ament_prefix_path.dsv
[0.956s] -- Installing: /root/nav_migration/src/install/husky_control/share/husky_control/environment/path.sh
[0.956s] -- Installing: /root/nav_migration/src/install/husky_control/share/husky_control/environment/path.dsv
[0.956s] -- Installing: /root/nav_migration/src/install/husky_control/share/husky_control/local_setup.bash
[0.956s] -- Installing: /root/nav_migration/src/install/husky_control/share/husky_control/local_setup.sh
[0.956s] -- Installing: /root/nav_migration/src/install/husky_control/share/husky_control/local_setup.zsh
[0.956s] -- Installing: /root/nav_migration/src/install/husky_control/share/husky_control/local_setup.dsv
[0.956s] -- Installing: /root/nav_migration/src/install/husky_control/share/husky_control/package.dsv
[0.956s] -- Installing: /root/nav_migration/src/install/husky_control/share/ament_index/resource_index/packages/husky_control
[0.956s] -- Installing: /root/nav_migration/src/install/husky_control/share/husky_control/cmake/husky_controlConfig.cmake
[0.956s] -- Installing: /root/nav_migration/src/install/husky_control/share/husky_control/cmake/husky_controlConfig-version.cmake
[0.956s] -- Installing: /root/nav_migration/src/install/husky_control/share/husky_control/package.xml
[0.959s] Invoked command in '/root/nav_migration/src/build/husky_control' returned '0': AMENT_PREFIX_PATH=/root/nav_migration/src/install/husky_description:${AMENT_PREFIX_PATH} CMAKE_PREFIX_PATH=/root/nav_migration/src/install/husky_description:/root/clearpath_ws/install/clearpath_common:/root/clearpath_ws/install/clearpath_generator_common:/root/clearpath_ws/install/clearpath_description:/root/clearpath_ws/install/clearpath_sensors_description:/root/clearpath_ws/install/clearpath_platform:/root/clearpath_ws/install/clearpath_msgs:/root/clearpath_ws/install/clearpath_platform_msgs:/root/clearpath_ws/install/clearpath_platform_description:/root/clearpath_ws/install/clearpath_mounts_description:/root/clearpath_ws/install/clearpath_manipulators:/root/clearpath_ws/install/clearpath_manipulators_description:/root/clearpath_ws/install/clearpath_customization:/root/clearpath_ws/install/clearpath_control:/root/clearpath_ws/install/clearpath_config:/opt/ros/humble /usr/bin/cmake --install /root/nav_migration/src/build/husky_control
