[0.062s] Invoking command in '/root/nav_migration/src/build/husky_desktop': AMENT_PREFIX_PATH=/root/nav_migration/src/install/husky_viz:/root/nav_migration/src/install/husky_msgs:/root/nav_migration/src/install/husky_description:${AMENT_PREFIX_PATH} CMAKE_PREFIX_PATH=/root/nav_migration/src/install/husky_viz:/root/nav_migration/src/install/husky_msgs:/root/nav_migration/src/install/husky_description:/root/clearpath_ws/install/clearpath_common:/root/clearpath_ws/install/clearpath_generator_common:/root/clearpath_ws/install/clearpath_description:/root/clearpath_ws/install/clearpath_sensors_description:/root/clearpath_ws/install/clearpath_platform:/root/clearpath_ws/install/clearpath_msgs:/root/clearpath_ws/install/clearpath_platform_msgs:/root/clearpath_ws/install/clearpath_platform_description:/root/clearpath_ws/install/clearpath_mounts_description:/root/clearpath_ws/install/clearpath_manipulators:/root/clearpath_ws/install/clearpath_manipulators_description:/root/clearpath_ws/install/clearpath_customization:/root/clearpath_ws/install/clearpath_control:/root/clearpath_ws/install/clearpath_config:/opt/ros/humble LD_LIBRARY_PATH=/root/nav_migration/src/install/husky_msgs/lib:${LD_LIBRARY_PATH} PYTHONPATH=/root/nav_migration/src/install/husky_msgs/local/lib/python3.10/dist-packages:${PYTHONPATH} /usr/bin/cmake /root/nav_migration/src/husky-humble/husky_desktop -DCMAKE_INSTALL_PREFIX=/root/nav_migration/src/install/husky_desktop
[0.127s] -- The C compiler identification is GNU 11.4.0
[0.311s] -- The CXX compiler identification is GNU 11.4.0
[0.396s] -- Detecting C compiler ABI info
[0.471s] -- Detecting C compiler ABI info - done
[0.475s] -- Check for working C compiler: /usr/bin/cc - skipped
[0.476s] -- Detecting C compile features
[0.476s] -- Detecting C compile features - done
[0.478s] -- Detecting CXX compiler ABI info
[0.558s] -- Detecting CXX compiler ABI info - done
[0.563s] -- Check for working CXX compiler: /usr/bin/c++ - skipped
[0.563s] -- Detecting CXX compile features
[0.563s] -- Detecting CXX compile features - done
[0.565s] -- Found ament_cmake: 1.3.10 (/opt/ros/humble/share/ament_cmake/cmake)
[0.666s] -- Found Python3: /usr/bin/python3 (found version "3.10.12") found components: Interpreter 
[0.773s] -- Configuring done
[0.775s] -- Generating done
[0.776s] -- Build files have been written to: /root/nav_migration/src/build/husky_desktop
[0.779s] Invoked command in '/root/nav_migration/src/build/husky_desktop' returned '0': AMENT_PREFIX_PATH=/root/nav_migration/src/install/husky_viz:/root/nav_migration/src/install/husky_msgs:/root/nav_migration/src/install/husky_description:${AMENT_PREFIX_PATH} CMAKE_PREFIX_PATH=/root/nav_migration/src/install/husky_viz:/root/nav_migration/src/install/husky_msgs:/root/nav_migration/src/install/husky_description:/root/clearpath_ws/install/clearpath_common:/root/clearpath_ws/install/clearpath_generator_common:/root/clearpath_ws/install/clearpath_description:/root/clearpath_ws/install/clearpath_sensors_description:/root/clearpath_ws/install/clearpath_platform:/root/clearpath_ws/install/clearpath_msgs:/root/clearpath_ws/install/clearpath_platform_msgs:/root/clearpath_ws/install/clearpath_platform_description:/root/clearpath_ws/install/clearpath_mounts_description:/root/clearpath_ws/install/clearpath_manipulators:/root/clearpath_ws/install/clearpath_manipulators_description:/root/clearpath_ws/install/clearpath_customization:/root/clearpath_ws/install/clearpath_control:/root/clearpath_ws/install/clearpath_config:/opt/ros/humble LD_LIBRARY_PATH=/root/nav_migration/src/install/husky_msgs/lib:${LD_LIBRARY_PATH} PYTHONPATH=/root/nav_migration/src/install/husky_msgs/local/lib/python3.10/dist-packages:${PYTHONPATH} /usr/bin/cmake /root/nav_migration/src/husky-humble/husky_desktop -DCMAKE_INSTALL_PREFIX=/root/nav_migration/src/install/husky_desktop
[0.782s] Invoking command in '/root/nav_migration/src/build/husky_desktop': AMENT_PREFIX_PATH=/root/nav_migration/src/install/husky_viz:/root/nav_migration/src/install/husky_msgs:/root/nav_migration/src/install/husky_description:${AMENT_PREFIX_PATH} CMAKE_PREFIX_PATH=/root/nav_migration/src/install/husky_viz:/root/nav_migration/src/install/husky_msgs:/root/nav_migration/src/install/husky_description:/root/clearpath_ws/install/clearpath_common:/root/clearpath_ws/install/clearpath_generator_common:/root/clearpath_ws/install/clearpath_description:/root/clearpath_ws/install/clearpath_sensors_description:/root/clearpath_ws/install/clearpath_platform:/root/clearpath_ws/install/clearpath_msgs:/root/clearpath_ws/install/clearpath_platform_msgs:/root/clearpath_ws/install/clearpath_platform_description:/root/clearpath_ws/install/clearpath_mounts_description:/root/clearpath_ws/install/clearpath_manipulators:/root/clearpath_ws/install/clearpath_manipulators_description:/root/clearpath_ws/install/clearpath_customization:/root/clearpath_ws/install/clearpath_control:/root/clearpath_ws/install/clearpath_config:/opt/ros/humble LD_LIBRARY_PATH=/root/nav_migration/src/install/husky_msgs/lib:${LD_LIBRARY_PATH} PYTHONPATH=/root/nav_migration/src/install/husky_msgs/local/lib/python3.10/dist-packages:${PYTHONPATH} /usr/bin/cmake --build /root/nav_migration/src/build/husky_desktop -- -j22 -l22
[0.806s] Invoked command in '/root/nav_migration/src/build/husky_desktop' returned '0': AMENT_PREFIX_PATH=/root/nav_migration/src/install/husky_viz:/root/nav_migration/src/install/husky_msgs:/root/nav_migration/src/install/husky_description:${AMENT_PREFIX_PATH} CMAKE_PREFIX_PATH=/root/nav_migration/src/install/husky_viz:/root/nav_migration/src/install/husky_msgs:/root/nav_migration/src/install/husky_description:/root/clearpath_ws/install/clearpath_common:/root/clearpath_ws/install/clearpath_generator_common:/root/clearpath_ws/install/clearpath_description:/root/clearpath_ws/install/clearpath_sensors_description:/root/clearpath_ws/install/clearpath_platform:/root/clearpath_ws/install/clearpath_msgs:/root/clearpath_ws/install/clearpath_platform_msgs:/root/clearpath_ws/install/clearpath_platform_description:/root/clearpath_ws/install/clearpath_mounts_description:/root/clearpath_ws/install/clearpath_manipulators:/root/clearpath_ws/install/clearpath_manipulators_description:/root/clearpath_ws/install/clearpath_customization:/root/clearpath_ws/install/clearpath_control:/root/clearpath_ws/install/clearpath_config:/opt/ros/humble LD_LIBRARY_PATH=/root/nav_migration/src/install/husky_msgs/lib:${LD_LIBRARY_PATH} PYTHONPATH=/root/nav_migration/src/install/husky_msgs/local/lib/python3.10/dist-packages:${PYTHONPATH} /usr/bin/cmake --build /root/nav_migration/src/build/husky_desktop -- -j22 -l22
[0.824s] Invoking command in '/root/nav_migration/src/build/husky_desktop': AMENT_PREFIX_PATH=/root/nav_migration/src/install/husky_viz:/root/nav_migration/src/install/husky_msgs:/root/nav_migration/src/install/husky_description:${AMENT_PREFIX_PATH} CMAKE_PREFIX_PATH=/root/nav_migration/src/install/husky_viz:/root/nav_migration/src/install/husky_msgs:/root/nav_migration/src/install/husky_description:/root/clearpath_ws/install/clearpath_common:/root/clearpath_ws/install/clearpath_generator_common:/root/clearpath_ws/install/clearpath_description:/root/clearpath_ws/install/clearpath_sensors_description:/root/clearpath_ws/install/clearpath_platform:/root/clearpath_ws/install/clearpath_msgs:/root/clearpath_ws/install/clearpath_platform_msgs:/root/clearpath_ws/install/clearpath_platform_description:/root/clearpath_ws/install/clearpath_mounts_description:/root/clearpath_ws/install/clearpath_manipulators:/root/clearpath_ws/install/clearpath_manipulators_description:/root/clearpath_ws/install/clearpath_customization:/root/clearpath_ws/install/clearpath_control:/root/clearpath_ws/install/clearpath_config:/opt/ros/humble LD_LIBRARY_PATH=/root/nav_migration/src/install/husky_msgs/lib:${LD_LIBRARY_PATH} PYTHONPATH=/root/nav_migration/src/install/husky_msgs/local/lib/python3.10/dist-packages:${PYTHONPATH} /usr/bin/cmake --install /root/nav_migration/src/build/husky_desktop
[0.828s] -- Install configuration: ""
[0.828s] -- Installing: /root/nav_migration/src/install/husky_desktop/share/ament_index/resource_index/package_run_dependencies/husky_desktop
[0.829s] -- Installing: /root/nav_migration/src/install/husky_desktop/share/ament_index/resource_index/parent_prefix_path/husky_desktop
[0.829s] -- Installing: /root/nav_migration/src/install/husky_desktop/share/husky_desktop/environment/ament_prefix_path.sh
[0.830s] -- Installing: /root/nav_migration/src/install/husky_desktop/share/husky_desktop/environment/ament_prefix_path.dsv
[0.830s] -- Installing: /root/nav_migration/src/install/husky_desktop/share/husky_desktop/environment/path.sh
[0.830s] -- Installing: /root/nav_migration/src/install/husky_desktop/share/husky_desktop/environment/path.dsv
[0.830s] -- Installing: /root/nav_migration/src/install/husky_desktop/share/husky_desktop/local_setup.bash
[0.830s] -- Installing: /root/nav_migration/src/install/husky_desktop/share/husky_desktop/local_setup.sh
[0.831s] -- Installing: /root/nav_migration/src/install/husky_desktop/share/husky_desktop/local_setup.zsh
[0.831s] -- Installing: /root/nav_migration/src/install/husky_desktop/share/husky_desktop/local_setup.dsv
[0.831s] -- Installing: /root/nav_migration/src/install/husky_desktop/share/husky_desktop/package.dsv
[0.831s] -- Installing: /root/nav_migration/src/install/husky_desktop/share/ament_index/resource_index/packages/husky_desktop
[0.831s] -- Installing: /root/nav_migration/src/install/husky_desktop/share/husky_desktop/cmake/husky_desktopConfig.cmake
[0.831s] -- Installing: /root/nav_migration/src/install/husky_desktop/share/husky_desktop/cmake/husky_desktopConfig-version.cmake
[0.831s] -- Installing: /root/nav_migration/src/install/husky_desktop/share/husky_desktop/package.xml
[0.833s] Invoked command in '/root/nav_migration/src/build/husky_desktop' returned '0': AMENT_PREFIX_PATH=/root/nav_migration/src/install/husky_viz:/root/nav_migration/src/install/husky_msgs:/root/nav_migration/src/install/husky_description:${AMENT_PREFIX_PATH} CMAKE_PREFIX_PATH=/root/nav_migration/src/install/husky_viz:/root/nav_migration/src/install/husky_msgs:/root/nav_migration/src/install/husky_description:/root/clearpath_ws/install/clearpath_common:/root/clearpath_ws/install/clearpath_generator_common:/root/clearpath_ws/install/clearpath_description:/root/clearpath_ws/install/clearpath_sensors_description:/root/clearpath_ws/install/clearpath_platform:/root/clearpath_ws/install/clearpath_msgs:/root/clearpath_ws/install/clearpath_platform_msgs:/root/clearpath_ws/install/clearpath_platform_description:/root/clearpath_ws/install/clearpath_mounts_description:/root/clearpath_ws/install/clearpath_manipulators:/root/clearpath_ws/install/clearpath_manipulators_description:/root/clearpath_ws/install/clearpath_customization:/root/clearpath_ws/install/clearpath_control:/root/clearpath_ws/install/clearpath_config:/opt/ros/humble LD_LIBRARY_PATH=/root/nav_migration/src/install/husky_msgs/lib:${LD_LIBRARY_PATH} PYTHONPATH=/root/nav_migration/src/install/husky_msgs/local/lib/python3.10/dist-packages:${PYTHONPATH} /usr/bin/cmake --install /root/nav_migration/src/build/husky_desktop
