[0.103s] Invoking command in '/root/nav_migration/src/build/husky_bringup': AMENT_PREFIX_PATH=/root/nav_migration/src/install/husky_control:/root/nav_migration/src/install/husky_base:/root/nav_migration/src/install/husky_msgs:/root/nav_migration/src/install/husky_description:${AMENT_PREFIX_PATH} CMAKE_PREFIX_PATH=/root/nav_migration/src/install/husky_control:/root/nav_migration/src/install/husky_base:/root/nav_migration/src/install/husky_msgs:/root/nav_migration/src/install/husky_description:/root/clearpath_ws/install/clearpath_common:/root/clearpath_ws/install/clearpath_generator_common:/root/clearpath_ws/install/clearpath_description:/root/clearpath_ws/install/clearpath_sensors_description:/root/clearpath_ws/install/clearpath_platform:/root/clearpath_ws/install/clearpath_msgs:/root/clearpath_ws/install/clearpath_platform_msgs:/root/clearpath_ws/install/clearpath_platform_description:/root/clearpath_ws/install/clearpath_mounts_description:/root/clearpath_ws/install/clearpath_manipulators:/root/clearpath_ws/install/clearpath_manipulators_description:/root/clearpath_ws/install/clearpath_customization:/root/clearpath_ws/install/clearpath_control:/root/clearpath_ws/install/clearpath_config:/opt/ros/humble LD_LIBRARY_PATH=/root/nav_migration/src/install/husky_base/lib:/root/nav_migration/src/install/husky_msgs/lib:${LD_LIBRARY_PATH} PYTHONPATH=/root/nav_migration/src/install/husky_msgs/local/lib/python3.10/dist-packages:${PYTHONPATH} /usr/bin/cmake /root/nav_migration/src/husky-humble/husky_bringup -DCMAKE_INSTALL_PREFIX=/root/nav_migration/src/install/husky_bringup
[0.165s] -- The C compiler identification is GNU 11.4.0
[0.359s] -- The CXX compiler identification is GNU 11.4.0
[0.548s] -- Detecting C compiler ABI info
[0.608s] -- Detecting C compiler ABI info - done
[0.612s] -- Check for working C compiler: /usr/bin/cc - skipped
[0.612s] -- Detecting C compile features
[0.612s] -- Detecting C compile features - done
[0.614s] -- Detecting CXX compiler ABI info
[0.685s] -- Detecting CXX compiler ABI info - done
[0.689s] -- Check for working CXX compiler: /usr/bin/c++ - skipped
[0.689s] -- Detecting CXX compile features
[0.689s] -- Detecting CXX compile features - done
[0.691s] -- Found ament_cmake: 1.3.10 (/opt/ros/humble/share/ament_cmake/cmake)
[0.786s] -- Found Python3: /usr/bin/python3 (found version "3.10.12") found components: Interpreter 
[0.880s] -- Configuring done
[0.882s] -- Generating done
[0.883s] -- Build files have been written to: /root/nav_migration/src/build/husky_bringup
[0.885s] Invoked command in '/root/nav_migration/src/build/husky_bringup' returned '0': AMENT_PREFIX_PATH=/root/nav_migration/src/install/husky_control:/root/nav_migration/src/install/husky_base:/root/nav_migration/src/install/husky_msgs:/root/nav_migration/src/install/husky_description:${AMENT_PREFIX_PATH} CMAKE_PREFIX_PATH=/root/nav_migration/src/install/husky_control:/root/nav_migration/src/install/husky_base:/root/nav_migration/src/install/husky_msgs:/root/nav_migration/src/install/husky_description:/root/clearpath_ws/install/clearpath_common:/root/clearpath_ws/install/clearpath_generator_common:/root/clearpath_ws/install/clearpath_description:/root/clearpath_ws/install/clearpath_sensors_description:/root/clearpath_ws/install/clearpath_platform:/root/clearpath_ws/install/clearpath_msgs:/root/clearpath_ws/install/clearpath_platform_msgs:/root/clearpath_ws/install/clearpath_platform_description:/root/clearpath_ws/install/clearpath_mounts_description:/root/clearpath_ws/install/clearpath_manipulators:/root/clearpath_ws/install/clearpath_manipulators_description:/root/clearpath_ws/install/clearpath_customization:/root/clearpath_ws/install/clearpath_control:/root/clearpath_ws/install/clearpath_config:/opt/ros/humble LD_LIBRARY_PATH=/root/nav_migration/src/install/husky_base/lib:/root/nav_migration/src/install/husky_msgs/lib:${LD_LIBRARY_PATH} PYTHONPATH=/root/nav_migration/src/install/husky_msgs/local/lib/python3.10/dist-packages:${PYTHONPATH} /usr/bin/cmake /root/nav_migration/src/husky-humble/husky_bringup -DCMAKE_INSTALL_PREFIX=/root/nav_migration/src/install/husky_bringup
[0.886s] Invoking command in '/root/nav_migration/src/build/husky_bringup': AMENT_PREFIX_PATH=/root/nav_migration/src/install/husky_control:/root/nav_migration/src/install/husky_base:/root/nav_migration/src/install/husky_msgs:/root/nav_migration/src/install/husky_description:${AMENT_PREFIX_PATH} CMAKE_PREFIX_PATH=/root/nav_migration/src/install/husky_control:/root/nav_migration/src/install/husky_base:/root/nav_migration/src/install/husky_msgs:/root/nav_migration/src/install/husky_description:/root/clearpath_ws/install/clearpath_common:/root/clearpath_ws/install/clearpath_generator_common:/root/clearpath_ws/install/clearpath_description:/root/clearpath_ws/install/clearpath_sensors_description:/root/clearpath_ws/install/clearpath_platform:/root/clearpath_ws/install/clearpath_msgs:/root/clearpath_ws/install/clearpath_platform_msgs:/root/clearpath_ws/install/clearpath_platform_description:/root/clearpath_ws/install/clearpath_mounts_description:/root/clearpath_ws/install/clearpath_manipulators:/root/clearpath_ws/install/clearpath_manipulators_description:/root/clearpath_ws/install/clearpath_customization:/root/clearpath_ws/install/clearpath_control:/root/clearpath_ws/install/clearpath_config:/opt/ros/humble LD_LIBRARY_PATH=/root/nav_migration/src/install/husky_base/lib:/root/nav_migration/src/install/husky_msgs/lib:${LD_LIBRARY_PATH} PYTHONPATH=/root/nav_migration/src/install/husky_msgs/local/lib/python3.10/dist-packages:${PYTHONPATH} /usr/bin/cmake --build /root/nav_migration/src/build/husky_bringup -- -j22 -l22
[0.907s] Invoked command in '/root/nav_migration/src/build/husky_bringup' returned '0': AMENT_PREFIX_PATH=/root/nav_migration/src/install/husky_control:/root/nav_migration/src/install/husky_base:/root/nav_migration/src/install/husky_msgs:/root/nav_migration/src/install/husky_description:${AMENT_PREFIX_PATH} CMAKE_PREFIX_PATH=/root/nav_migration/src/install/husky_control:/root/nav_migration/src/install/husky_base:/root/nav_migration/src/install/husky_msgs:/root/nav_migration/src/install/husky_description:/root/clearpath_ws/install/clearpath_common:/root/clearpath_ws/install/clearpath_generator_common:/root/clearpath_ws/install/clearpath_description:/root/clearpath_ws/install/clearpath_sensors_description:/root/clearpath_ws/install/clearpath_platform:/root/clearpath_ws/install/clearpath_msgs:/root/clearpath_ws/install/clearpath_platform_msgs:/root/clearpath_ws/install/clearpath_platform_description:/root/clearpath_ws/install/clearpath_mounts_description:/root/clearpath_ws/install/clearpath_manipulators:/root/clearpath_ws/install/clearpath_manipulators_description:/root/clearpath_ws/install/clearpath_customization:/root/clearpath_ws/install/clearpath_control:/root/clearpath_ws/install/clearpath_config:/opt/ros/humble LD_LIBRARY_PATH=/root/nav_migration/src/install/husky_base/lib:/root/nav_migration/src/install/husky_msgs/lib:${LD_LIBRARY_PATH} PYTHONPATH=/root/nav_migration/src/install/husky_msgs/local/lib/python3.10/dist-packages:${PYTHONPATH} /usr/bin/cmake --build /root/nav_migration/src/build/husky_bringup -- -j22 -l22
[0.919s] Invoking command in '/root/nav_migration/src/build/husky_bringup': AMENT_PREFIX_PATH=/root/nav_migration/src/install/husky_control:/root/nav_migration/src/install/husky_base:/root/nav_migration/src/install/husky_msgs:/root/nav_migration/src/install/husky_description:${AMENT_PREFIX_PATH} CMAKE_PREFIX_PATH=/root/nav_migration/src/install/husky_control:/root/nav_migration/src/install/husky_base:/root/nav_migration/src/install/husky_msgs:/root/nav_migration/src/install/husky_description:/root/clearpath_ws/install/clearpath_common:/root/clearpath_ws/install/clearpath_generator_common:/root/clearpath_ws/install/clearpath_description:/root/clearpath_ws/install/clearpath_sensors_description:/root/clearpath_ws/install/clearpath_platform:/root/clearpath_ws/install/clearpath_msgs:/root/clearpath_ws/install/clearpath_platform_msgs:/root/clearpath_ws/install/clearpath_platform_description:/root/clearpath_ws/install/clearpath_mounts_description:/root/clearpath_ws/install/clearpath_manipulators:/root/clearpath_ws/install/clearpath_manipulators_description:/root/clearpath_ws/install/clearpath_customization:/root/clearpath_ws/install/clearpath_control:/root/clearpath_ws/install/clearpath_config:/opt/ros/humble LD_LIBRARY_PATH=/root/nav_migration/src/install/husky_base/lib:/root/nav_migration/src/install/husky_msgs/lib:${LD_LIBRARY_PATH} PYTHONPATH=/root/nav_migration/src/install/husky_msgs/local/lib/python3.10/dist-packages:${PYTHONPATH} /usr/bin/cmake --install /root/nav_migration/src/build/husky_bringup
[0.923s] -- Install configuration: ""
[0.923s] -- Installing: /root/nav_migration/src/install/husky_bringup/share/husky_bringup/config
[0.923s] -- Installing: /root/nav_migration/src/install/husky_bringup/share/husky_bringup/config/mag_config_default.yaml
[0.923s] -- Installing: /root/nav_migration/src/install/husky_bringup/share/husky_bringup/launch
[0.923s] -- Installing: /root/nav_migration/src/install/husky_bringup/share/husky_bringup/launch/accessories.launch.py
[0.923s] -- Installing: /root/nav_migration/src/install/husky_bringup/share/husky_bringup/udev
[0.924s] -- Installing: /root/nav_migration/src/install/husky_bringup/share/husky_bringup/udev/10-microstrain.rules
[0.924s] -- Installing: /root/nav_migration/src/install/husky_bringup/share/husky_bringup/udev/41-hokuyo.rules
[0.924s] -- Installing: /root/nav_migration/src/install/husky_bringup/share/husky_bringup/udev/41-logitech.rules
[0.924s] -- Installing: /root/nav_migration/src/install/husky_bringup/share/husky_bringup/udev/README.md
[0.924s] -- Installing: /root/nav_migration/src/install/husky_bringup/share/husky_bringup/udev/41-clearpath.rules
[0.924s] -- Installing: /root/nav_migration/src/install/husky_bringup/share/husky_bringup/udev/52-ftdi.rules
[0.924s] -- Installing: /root/nav_migration/src/install/husky_bringup/lib/husky_bringup/install
[0.924s] -- Installing: /root/nav_migration/src/install/husky_bringup/share/ament_index/resource_index/package_run_dependencies/husky_bringup
[0.924s] -- Installing: /root/nav_migration/src/install/husky_bringup/share/ament_index/resource_index/parent_prefix_path/husky_bringup
[0.925s] -- Installing: /root/nav_migration/src/install/husky_bringup/share/husky_bringup/environment/ament_prefix_path.sh
[0.925s] -- Installing: /root/nav_migration/src/install/husky_bringup/share/husky_bringup/environment/ament_prefix_path.dsv
[0.925s] -- Installing: /root/nav_migration/src/install/husky_bringup/share/husky_bringup/environment/path.sh
[0.925s] -- Installing: /root/nav_migration/src/install/husky_bringup/share/husky_bringup/environment/path.dsv
[0.925s] -- Installing: /root/nav_migration/src/install/husky_bringup/share/husky_bringup/local_setup.bash
[0.925s] -- Installing: /root/nav_migration/src/install/husky_bringup/share/husky_bringup/local_setup.sh
[0.925s] -- Installing: /root/nav_migration/src/install/husky_bringup/share/husky_bringup/local_setup.zsh
[0.925s] -- Installing: /root/nav_migration/src/install/husky_bringup/share/husky_bringup/local_setup.dsv
[0.925s] -- Installing: /root/nav_migration/src/install/husky_bringup/share/husky_bringup/package.dsv
[0.925s] -- Installing: /root/nav_migration/src/install/husky_bringup/share/ament_index/resource_index/packages/husky_bringup
[0.926s] -- Installing: /root/nav_migration/src/install/husky_bringup/share/husky_bringup/cmake/husky_bringupConfig.cmake
[0.926s] -- Installing: /root/nav_migration/src/install/husky_bringup/share/husky_bringup/cmake/husky_bringupConfig-version.cmake
[0.926s] -- Installing: /root/nav_migration/src/install/husky_bringup/share/husky_bringup/package.xml
[0.927s] Invoked command in '/root/nav_migration/src/build/husky_bringup' returned '0': AMENT_PREFIX_PATH=/root/nav_migration/src/install/husky_control:/root/nav_migration/src/install/husky_base:/root/nav_migration/src/install/husky_msgs:/root/nav_migration/src/install/husky_description:${AMENT_PREFIX_PATH} CMAKE_PREFIX_PATH=/root/nav_migration/src/install/husky_control:/root/nav_migration/src/install/husky_base:/root/nav_migration/src/install/husky_msgs:/root/nav_migration/src/install/husky_description:/root/clearpath_ws/install/clearpath_common:/root/clearpath_ws/install/clearpath_generator_common:/root/clearpath_ws/install/clearpath_description:/root/clearpath_ws/install/clearpath_sensors_description:/root/clearpath_ws/install/clearpath_platform:/root/clearpath_ws/install/clearpath_msgs:/root/clearpath_ws/install/clearpath_platform_msgs:/root/clearpath_ws/install/clearpath_platform_description:/root/clearpath_ws/install/clearpath_mounts_description:/root/clearpath_ws/install/clearpath_manipulators:/root/clearpath_ws/install/clearpath_manipulators_description:/root/clearpath_ws/install/clearpath_customization:/root/clearpath_ws/install/clearpath_control:/root/clearpath_ws/install/clearpath_config:/opt/ros/humble LD_LIBRARY_PATH=/root/nav_migration/src/install/husky_base/lib:/root/nav_migration/src/install/husky_msgs/lib:${LD_LIBRARY_PATH} PYTHONPATH=/root/nav_migration/src/install/husky_msgs/local/lib/python3.10/dist-packages:${PYTHONPATH} /usr/bin/cmake --install /root/nav_migration/src/build/husky_bringup
