[0.017s] Invoking command in '/root/nav_migration/src/build/husky_msgs': CMAKE_PREFIX_PATH=${CMAKE_PREFIX_PATH}:/root/clearpath_ws/install/clearpath_config:/opt/ros/humble /usr/bin/cmake --build /root/nav_migration/src/build/husky_msgs -- -j22 -l22
[0.077s] [  3%] Built target husky_msgs__cpp
[0.086s] [ 12%] Built target husky_msgs__rosidl_generator_c
[0.095s] [ 22%] Built target husky_msgs__rosidl_typesupport_cpp
[0.096s] [ 22%] Built target ament_cmake_python_copy_husky_msgs
[0.098s] [ 32%] Built target husky_msgs__rosidl_typesupport_fastrtps_cpp
[0.102s] [ 41%] Built target husky_msgs__rosidl_typesupport_introspection_cpp
[0.108s] [ 51%] Built target husky_msgs__rosidl_typesupport_introspection_c
[0.109s] [ 61%] Built target husky_msgs__rosidl_typesupport_c
[0.109s] [ 70%] Built target husky_msgs__rosidl_typesupport_fastrtps_c
[0.122s] [ 70%] Built target husky_msgs
[0.137s] [ 74%] Built target husky_msgs__py
[0.153s] [ 80%] Built target husky_msgs__rosidl_generator_py
[0.172s] [ 87%] Built target husky_msgs__rosidl_typesupport_fastrtps_c__pyext
[0.172s] [ 93%] Built target husky_msgs__rosidl_typesupport_introspection_c__pyext
[0.173s] [100%] Built target husky_msgs__rosidl_typesupport_c__pyext
[0.279s] running egg_info
[0.280s] writing husky_msgs.egg-info/PKG-INFO
[0.280s] writing dependency_links to husky_msgs.egg-info/dependency_links.txt
[0.281s] writing top-level names to husky_msgs.egg-info/top_level.txt
[0.283s] reading manifest file 'husky_msgs.egg-info/SOURCES.txt'
[0.283s] writing manifest file 'husky_msgs.egg-info/SOURCES.txt'
[0.304s] [100%] Built target ament_cmake_python_build_husky_msgs_egg
[0.310s] Invoked command in '/root/nav_migration/src/build/husky_msgs' returned '0': CMAKE_PREFIX_PATH=${CMAKE_PREFIX_PATH}:/root/clearpath_ws/install/clearpath_config:/opt/ros/humble /usr/bin/cmake --build /root/nav_migration/src/build/husky_msgs -- -j22 -l22
[0.355s] Invoking command in '/root/nav_migration/src/build/husky_msgs': CMAKE_PREFIX_PATH=${CMAKE_PREFIX_PATH}:/root/clearpath_ws/install/clearpath_config:/opt/ros/humble /usr/bin/cmake --install /root/nav_migration/src/build/husky_msgs
[0.360s] -- Install configuration: ""
[0.361s] -- Up-to-date: /root/nav_migration/src/install/husky_msgs/share/ament_index/resource_index/rosidl_interfaces/husky_msgs
[0.361s] -- Up-to-date: /root/nav_migration/src/install/husky_msgs/include/husky_msgs/husky_msgs
[0.361s] -- Up-to-date: /root/nav_migration/src/install/husky_msgs/include/husky_msgs/husky_msgs/msg
[0.361s] -- Up-to-date: /root/nav_migration/src/install/husky_msgs/include/husky_msgs/husky_msgs/msg/rosidl_generator_c__visibility_control.h
[0.361s] -- Up-to-date: /root/nav_migration/src/install/husky_msgs/include/husky_msgs/husky_msgs/msg/detail
[0.361s] -- Up-to-date: /root/nav_migration/src/install/husky_msgs/include/husky_msgs/husky_msgs/msg/detail/husky_status__functions.h
[0.361s] -- Up-to-date: /root/nav_migration/src/install/husky_msgs/include/husky_msgs/husky_msgs/msg/detail/husky_status__struct.h
[0.362s] -- Up-to-date: /root/nav_migration/src/install/husky_msgs/include/husky_msgs/husky_msgs/msg/detail/husky_status__functions.c
[0.362s] -- Up-to-date: /root/nav_migration/src/install/husky_msgs/include/husky_msgs/husky_msgs/msg/detail/husky_status__type_support.h
[0.362s] -- Up-to-date: /root/nav_migration/src/install/husky_msgs/include/husky_msgs/husky_msgs/msg/husky_status.h
[0.363s] -- Up-to-date: /root/nav_migration/src/install/husky_msgs/share/husky_msgs/environment/library_path.sh
[0.363s] -- Up-to-date: /root/nav_migration/src/install/husky_msgs/share/husky_msgs/environment/library_path.dsv
[0.363s] -- Up-to-date: /root/nav_migration/src/install/husky_msgs/lib/libhusky_msgs__rosidl_generator_c.so
[0.364s] -- Up-to-date: /root/nav_migration/src/install/husky_msgs/include/husky_msgs/husky_msgs
[0.364s] -- Up-to-date: /root/nav_migration/src/install/husky_msgs/include/husky_msgs/husky_msgs/msg
[0.364s] -- Up-to-date: /root/nav_migration/src/install/husky_msgs/include/husky_msgs/husky_msgs/msg/detail
[0.365s] -- Up-to-date: /root/nav_migration/src/install/husky_msgs/include/husky_msgs/husky_msgs/msg/detail/husky_status__rosidl_typesupport_fastrtps_c.h
[0.365s] -- Up-to-date: /root/nav_migration/src/install/husky_msgs/include/husky_msgs/husky_msgs/msg/rosidl_typesupport_fastrtps_c__visibility_control.h
[0.365s] -- Up-to-date: /root/nav_migration/src/install/husky_msgs/lib/libhusky_msgs__rosidl_typesupport_fastrtps_c.so
[0.365s] -- Up-to-date: /root/nav_migration/src/install/husky_msgs/include/husky_msgs/husky_msgs
[0.365s] -- Up-to-date: /root/nav_migration/src/install/husky_msgs/include/husky_msgs/husky_msgs/msg
[0.365s] -- Up-to-date: /root/nav_migration/src/install/husky_msgs/include/husky_msgs/husky_msgs/msg/detail
[0.365s] -- Up-to-date: /root/nav_migration/src/install/husky_msgs/include/husky_msgs/husky_msgs/msg/detail/husky_status__traits.hpp
[0.366s] -- Up-to-date: /root/nav_migration/src/install/husky_msgs/include/husky_msgs/husky_msgs/msg/detail/husky_status__builder.hpp
[0.366s] -- Up-to-date: /root/nav_migration/src/install/husky_msgs/include/husky_msgs/husky_msgs/msg/detail/husky_status__struct.hpp
[0.366s] -- Up-to-date: /root/nav_migration/src/install/husky_msgs/include/husky_msgs/husky_msgs/msg/husky_status.hpp
[0.366s] -- Up-to-date: /root/nav_migration/src/install/husky_msgs/include/husky_msgs/husky_msgs
[0.366s] -- Up-to-date: /root/nav_migration/src/install/husky_msgs/include/husky_msgs/husky_msgs/msg
[0.366s] -- Up-to-date: /root/nav_migration/src/install/husky_msgs/include/husky_msgs/husky_msgs/msg/detail
[0.366s] -- Up-to-date: /root/nav_migration/src/install/husky_msgs/include/husky_msgs/husky_msgs/msg/detail/husky_status__rosidl_typesupport_fastrtps_cpp.hpp
[0.366s] -- Up-to-date: /root/nav_migration/src/install/husky_msgs/include/husky_msgs/husky_msgs/msg/detail/dds_fastrtps
[0.366s] -- Up-to-date: /root/nav_migration/src/install/husky_msgs/include/husky_msgs/husky_msgs/msg/rosidl_typesupport_fastrtps_cpp__visibility_control.h
[0.366s] -- Up-to-date: /root/nav_migration/src/install/husky_msgs/lib/libhusky_msgs__rosidl_typesupport_fastrtps_cpp.so
[0.366s] -- Up-to-date: /root/nav_migration/src/install/husky_msgs/include/husky_msgs/husky_msgs
[0.366s] -- Up-to-date: /root/nav_migration/src/install/husky_msgs/include/husky_msgs/husky_msgs/msg
[0.366s] -- Up-to-date: /root/nav_migration/src/install/husky_msgs/include/husky_msgs/husky_msgs/msg/detail
[0.366s] -- Up-to-date: /root/nav_migration/src/install/husky_msgs/include/husky_msgs/husky_msgs/msg/detail/husky_status__type_support.c
[0.366s] -- Up-to-date: /root/nav_migration/src/install/husky_msgs/include/husky_msgs/husky_msgs/msg/detail/husky_status__rosidl_typesupport_introspection_c.h
[0.366s] -- Up-to-date: /root/nav_migration/src/install/husky_msgs/include/husky_msgs/husky_msgs/msg/rosidl_typesupport_introspection_c__visibility_control.h
[0.366s] -- Up-to-date: /root/nav_migration/src/install/husky_msgs/lib/libhusky_msgs__rosidl_typesupport_introspection_c.so
[0.366s] -- Up-to-date: /root/nav_migration/src/install/husky_msgs/lib/libhusky_msgs__rosidl_typesupport_c.so
[0.366s] -- Up-to-date: /root/nav_migration/src/install/husky_msgs/include/husky_msgs/husky_msgs
[0.366s] -- Up-to-date: /root/nav_migration/src/install/husky_msgs/include/husky_msgs/husky_msgs/msg
[0.366s] -- Up-to-date: /root/nav_migration/src/install/husky_msgs/include/husky_msgs/husky_msgs/msg/detail
[0.366s] -- Up-to-date: /root/nav_migration/src/install/husky_msgs/include/husky_msgs/husky_msgs/msg/detail/husky_status__type_support.cpp
[0.367s] -- Up-to-date: /root/nav_migration/src/install/husky_msgs/include/husky_msgs/husky_msgs/msg/detail/husky_status__rosidl_typesupport_introspection_cpp.hpp
[0.367s] -- Up-to-date: /root/nav_migration/src/install/husky_msgs/lib/libhusky_msgs__rosidl_typesupport_introspection_cpp.so
[0.367s] -- Up-to-date: /root/nav_migration/src/install/husky_msgs/lib/libhusky_msgs__rosidl_typesupport_cpp.so
[0.367s] -- Up-to-date: /root/nav_migration/src/install/husky_msgs/share/husky_msgs/environment/pythonpath.sh
[0.367s] -- Up-to-date: /root/nav_migration/src/install/husky_msgs/share/husky_msgs/environment/pythonpath.dsv
[0.368s] -- Up-to-date: /root/nav_migration/src/install/husky_msgs/local/lib/python3.10/dist-packages/husky_msgs-1.0.8-py3.10.egg-info
[0.368s] -- Installing: /root/nav_migration/src/install/husky_msgs/local/lib/python3.10/dist-packages/husky_msgs-1.0.8-py3.10.egg-info/dependency_links.txt
[0.368s] -- Installing: /root/nav_migration/src/install/husky_msgs/local/lib/python3.10/dist-packages/husky_msgs-1.0.8-py3.10.egg-info/PKG-INFO
[0.368s] -- Installing: /root/nav_migration/src/install/husky_msgs/local/lib/python3.10/dist-packages/husky_msgs-1.0.8-py3.10.egg-info/SOURCES.txt
[0.368s] -- Installing: /root/nav_migration/src/install/husky_msgs/local/lib/python3.10/dist-packages/husky_msgs-1.0.8-py3.10.egg-info/top_level.txt
[0.368s] -- Up-to-date: /root/nav_migration/src/install/husky_msgs/local/lib/python3.10/dist-packages/husky_msgs
[0.368s] -- Up-to-date: /root/nav_migration/src/install/husky_msgs/local/lib/python3.10/dist-packages/husky_msgs/_husky_msgs_s.ep.rosidl_typesupport_introspection_c.c
[0.368s] -- Up-to-date: /root/nav_migration/src/install/husky_msgs/local/lib/python3.10/dist-packages/husky_msgs/msg
[0.369s] -- Up-to-date: /root/nav_migration/src/install/husky_msgs/local/lib/python3.10/dist-packages/husky_msgs/msg/_husky_status_s.c
[0.369s] -- Up-to-date: /root/nav_migration/src/install/husky_msgs/local/lib/python3.10/dist-packages/husky_msgs/msg/_husky_status.py
[0.369s] -- Up-to-date: /root/nav_migration/src/install/husky_msgs/local/lib/python3.10/dist-packages/husky_msgs/msg/__init__.py
[0.369s] -- Up-to-date: /root/nav_migration/src/install/husky_msgs/local/lib/python3.10/dist-packages/husky_msgs/husky_msgs_s__rosidl_typesupport_fastrtps_c.cpython-310-x86_64-linux-gnu.so
[0.369s] -- Up-to-date: /root/nav_migration/src/install/husky_msgs/local/lib/python3.10/dist-packages/husky_msgs/husky_msgs_s__rosidl_typesupport_c.cpython-310-x86_64-linux-gnu.so
[0.369s] -- Up-to-date: /root/nav_migration/src/install/husky_msgs/local/lib/python3.10/dist-packages/husky_msgs/husky_msgs_s__rosidl_typesupport_introspection_c.cpython-310-x86_64-linux-gnu.so
[0.369s] -- Up-to-date: /root/nav_migration/src/install/husky_msgs/local/lib/python3.10/dist-packages/husky_msgs/libhusky_msgs__rosidl_generator_py.so
[0.369s] -- Up-to-date: /root/nav_migration/src/install/husky_msgs/local/lib/python3.10/dist-packages/husky_msgs/_husky_msgs_s.ep.rosidl_typesupport_fastrtps_c.c
[0.370s] -- Up-to-date: /root/nav_migration/src/install/husky_msgs/local/lib/python3.10/dist-packages/husky_msgs/__init__.py
[0.370s] -- Up-to-date: /root/nav_migration/src/install/husky_msgs/local/lib/python3.10/dist-packages/husky_msgs/_husky_msgs_s.ep.rosidl_typesupport_c.c
[0.388s] Listing '/root/nav_migration/src/install/husky_msgs/local/lib/python3.10/dist-packages/husky_msgs'...
[0.388s] Listing '/root/nav_migration/src/install/husky_msgs/local/lib/python3.10/dist-packages/husky_msgs/msg'...
[0.391s] -- Up-to-date: /root/nav_migration/src/install/husky_msgs/local/lib/python3.10/dist-packages/husky_msgs/husky_msgs_s__rosidl_typesupport_fastrtps_c.cpython-310-x86_64-linux-gnu.so
[0.391s] -- Up-to-date: /root/nav_migration/src/install/husky_msgs/local/lib/python3.10/dist-packages/husky_msgs/husky_msgs_s__rosidl_typesupport_introspection_c.cpython-310-x86_64-linux-gnu.so
[0.392s] -- Up-to-date: /root/nav_migration/src/install/husky_msgs/local/lib/python3.10/dist-packages/husky_msgs/husky_msgs_s__rosidl_typesupport_c.cpython-310-x86_64-linux-gnu.so
[0.392s] -- Up-to-date: /root/nav_migration/src/install/husky_msgs/lib/libhusky_msgs__rosidl_generator_py.so
[0.392s] -- Up-to-date: /root/nav_migration/src/install/husky_msgs/share/husky_msgs/msg/HuskyStatus.idl
[0.392s] -- Up-to-date: /root/nav_migration/src/install/husky_msgs/share/husky_msgs/msg/HuskyStatus.msg
[0.392s] -- Up-to-date: /root/nav_migration/src/install/husky_msgs/share/ament_index/resource_index/package_run_dependencies/husky_msgs
[0.393s] -- Up-to-date: /root/nav_migration/src/install/husky_msgs/share/ament_index/resource_index/parent_prefix_path/husky_msgs
[0.393s] -- Up-to-date: /root/nav_migration/src/install/husky_msgs/share/husky_msgs/environment/ament_prefix_path.sh
[0.393s] -- Up-to-date: /root/nav_migration/src/install/husky_msgs/share/husky_msgs/environment/ament_prefix_path.dsv
[0.393s] -- Up-to-date: /root/nav_migration/src/install/husky_msgs/share/husky_msgs/environment/path.sh
[0.393s] -- Up-to-date: /root/nav_migration/src/install/husky_msgs/share/husky_msgs/environment/path.dsv
[0.394s] -- Up-to-date: /root/nav_migration/src/install/husky_msgs/share/husky_msgs/local_setup.bash
[0.394s] -- Up-to-date: /root/nav_migration/src/install/husky_msgs/share/husky_msgs/local_setup.sh
[0.394s] -- Up-to-date: /root/nav_migration/src/install/husky_msgs/share/husky_msgs/local_setup.zsh
[0.394s] -- Up-to-date: /root/nav_migration/src/install/husky_msgs/share/husky_msgs/local_setup.dsv
[0.395s] -- Installing: /root/nav_migration/src/install/husky_msgs/share/husky_msgs/package.dsv
[0.395s] -- Up-to-date: /root/nav_migration/src/install/husky_msgs/share/ament_index/resource_index/packages/husky_msgs
[0.395s] -- Up-to-date: /root/nav_migration/src/install/husky_msgs/share/husky_msgs/cmake/export_husky_msgs__rosidl_generator_cExport.cmake
[0.396s] -- Up-to-date: /root/nav_migration/src/install/husky_msgs/share/husky_msgs/cmake/export_husky_msgs__rosidl_generator_cExport-noconfig.cmake
[0.396s] -- Up-to-date: /root/nav_migration/src/install/husky_msgs/share/husky_msgs/cmake/export_husky_msgs__rosidl_typesupport_fastrtps_cExport.cmake
[0.397s] -- Up-to-date: /root/nav_migration/src/install/husky_msgs/share/husky_msgs/cmake/export_husky_msgs__rosidl_typesupport_fastrtps_cExport-noconfig.cmake
[0.397s] -- Up-to-date: /root/nav_migration/src/install/husky_msgs/share/husky_msgs/cmake/export_husky_msgs__rosidl_generator_cppExport.cmake
[0.397s] -- Up-to-date: /root/nav_migration/src/install/husky_msgs/share/husky_msgs/cmake/export_husky_msgs__rosidl_typesupport_fastrtps_cppExport.cmake
[0.397s] -- Up-to-date: /root/nav_migration/src/install/husky_msgs/share/husky_msgs/cmake/export_husky_msgs__rosidl_typesupport_fastrtps_cppExport-noconfig.cmake
[0.397s] -- Up-to-date: /root/nav_migration/src/install/husky_msgs/share/husky_msgs/cmake/husky_msgs__rosidl_typesupport_introspection_cExport.cmake
[0.397s] -- Up-to-date: /root/nav_migration/src/install/husky_msgs/share/husky_msgs/cmake/husky_msgs__rosidl_typesupport_introspection_cExport-noconfig.cmake
[0.397s] -- Up-to-date: /root/nav_migration/src/install/husky_msgs/share/husky_msgs/cmake/husky_msgs__rosidl_typesupport_cExport.cmake
[0.397s] -- Up-to-date: /root/nav_migration/src/install/husky_msgs/share/husky_msgs/cmake/husky_msgs__rosidl_typesupport_cExport-noconfig.cmake
[0.398s] -- Up-to-date: /root/nav_migration/src/install/husky_msgs/share/husky_msgs/cmake/husky_msgs__rosidl_typesupport_introspection_cppExport.cmake
[0.398s] -- Up-to-date: /root/nav_migration/src/install/husky_msgs/share/husky_msgs/cmake/husky_msgs__rosidl_typesupport_introspection_cppExport-noconfig.cmake
[0.398s] -- Up-to-date: /root/nav_migration/src/install/husky_msgs/share/husky_msgs/cmake/husky_msgs__rosidl_typesupport_cppExport.cmake
[0.398s] -- Up-to-date: /root/nav_migration/src/install/husky_msgs/share/husky_msgs/cmake/husky_msgs__rosidl_typesupport_cppExport-noconfig.cmake
[0.398s] -- Up-to-date: /root/nav_migration/src/install/husky_msgs/share/husky_msgs/cmake/export_husky_msgs__rosidl_generator_pyExport.cmake
[0.398s] -- Up-to-date: /root/nav_migration/src/install/husky_msgs/share/husky_msgs/cmake/export_husky_msgs__rosidl_generator_pyExport-noconfig.cmake
[0.398s] -- Up-to-date: /root/nav_migration/src/install/husky_msgs/share/husky_msgs/cmake/rosidl_cmake-extras.cmake
[0.399s] -- Up-to-date: /root/nav_migration/src/install/husky_msgs/share/husky_msgs/cmake/ament_cmake_export_dependencies-extras.cmake
[0.399s] -- Up-to-date: /root/nav_migration/src/install/husky_msgs/share/husky_msgs/cmake/ament_cmake_export_include_directories-extras.cmake
[0.399s] -- Up-to-date: /root/nav_migration/src/install/husky_msgs/share/husky_msgs/cmake/ament_cmake_export_libraries-extras.cmake
[0.399s] -- Up-to-date: /root/nav_migration/src/install/husky_msgs/share/husky_msgs/cmake/ament_cmake_export_targets-extras.cmake
[0.399s] -- Up-to-date: /root/nav_migration/src/install/husky_msgs/share/husky_msgs/cmake/rosidl_cmake_export_typesupport_targets-extras.cmake
[0.399s] -- Up-to-date: /root/nav_migration/src/install/husky_msgs/share/husky_msgs/cmake/rosidl_cmake_export_typesupport_libraries-extras.cmake
[0.400s] -- Up-to-date: /root/nav_migration/src/install/husky_msgs/share/husky_msgs/cmake/husky_msgsConfig.cmake
[0.400s] -- Up-to-date: /root/nav_migration/src/install/husky_msgs/share/husky_msgs/cmake/husky_msgsConfig-version.cmake
[0.400s] -- Up-to-date: /root/nav_migration/src/install/husky_msgs/share/husky_msgs/package.xml
[0.401s] Invoked command in '/root/nav_migration/src/build/husky_msgs' returned '0': CMAKE_PREFIX_PATH=${CMAKE_PREFIX_PATH}:/root/clearpath_ws/install/clearpath_config:/opt/ros/humble /usr/bin/cmake --install /root/nav_migration/src/build/husky_msgs
