[0.014s] Invoking command in '/root/nav_migration/src/build/navigros2': CMAKE_PREFIX_PATH=${CMAKE_PREFIX_PATH}:/opt/ros/humble /usr/bin/cmake --build /root/nav_migration/src/build/navigros2 -- -j22 -l22
[0.036s] -- Found ament_cmake: 1.3.10 (/opt/ros/humble/share/ament_cmake/cmake)
[0.175s] -- Found rosidl_default_generators: 1.2.0 (/opt/ros/humble/share/rosidl_default_generators/cmake)
[0.176s] -- Using all available rosidl_typesupport_c: rosidl_typesupport_fastrtps_c;rosidl_typesupport_introspection_c
[0.179s] -- Found rosidl_adapter: 3.1.5 (/opt/ros/humble/share/rosidl_adapter/cmake)
[0.531s] -- Using all available rosidl_typesupport_cpp: rosidl_typesupport_fastrtps_cpp;rosidl_typesupport_introspection_cpp
[0.558s] -- Found rclpy: 3.3.14 (/opt/ros/humble/share/rclpy/cmake)
[0.558s] -- Found std_msgs: 4.2.4 (/opt/ros/humble/share/std_msgs/cmake)
[0.582s] -- Found geometry_msgs: 4.2.4 (/opt/ros/humble/share/geometry_msgs/cmake)
[0.596s] -- Found nav_msgs: 4.2.4 (/opt/ros/humble/share/nav_msgs/cmake)
[0.612s] -- Found action_msgs: 1.2.1 (/opt/ros/humble/share/action_msgs/cmake)
[0.947s] -- Found ament_cmake_ros: 0.10.0 (/opt/ros/humble/share/ament_cmake_ros/cmake)
[1.201s] -- Using all available rosidl_typesupport_c: rosidl_typesupport_fastrtps_c;rosidl_typesupport_introspection_c
[1.492s] -- Using all available rosidl_typesupport_cpp: rosidl_typesupport_fastrtps_cpp;rosidl_typesupport_introspection_cpp
[1.510s] -- Found python_cmake_module: 0.10.0 (/opt/ros/humble/share/python_cmake_module/cmake)
[1.533s] -- Using PYTHON_EXECUTABLE: /usr/bin/python3
[1.534s] -- Using PYTHON_INCLUDE_DIRS: /usr/include/python3.10
[1.534s] -- Using PYTHON_LIBRARIES: /usr/lib/x86_64-linux-gnu/libpython3.10.so
[1.693s] [31mCMake Error at /opt/ros/humble/share/rosidl_cmake/cmake/rosidl_generate_interfaces.cmake:213 (add_custom_target):
[1.694s]   add_custom_target cannot create target "navigros2" because another target
[1.694s]   with the same name already exists.  The existing target is a custom target
[1.694s]   created in source directory "/root/nav_migration/src/navigros2".  See
[1.694s]   documentation for policy CMP0002 for more details.
[1.694s] Call Stack (most recent call first):
[1.694s]   CMakeLists.txt:30 (rosidl_generate_interfaces)
[1.694s] 
[1.694s] [0m
[1.696s] -- Found ament_lint_auto: 0.12.11 (/opt/ros/humble/share/ament_lint_auto/cmake)
[1.748s] -- Added test 'lint_cmake' to check CMake code style
[1.751s] -- Added test 'xmllint' to check XML markup files
[1.758s] -- Configuring incomplete, errors occurred!
[1.758s] See also "/root/nav_migration/src/build/navigros2/CMakeFiles/CMakeOutput.log".
[1.765s] gmake: *** [Makefile:1611: cmake_check_build_system] Error 1
[1.767s] Invoked command in '/root/nav_migration/src/build/navigros2' returned '2': CMAKE_PREFIX_PATH=${CMAKE_PREFIX_PATH}:/opt/ros/humble /usr/bin/cmake --build /root/nav_migration/src/build/navigros2 -- -j22 -l22
