[0.017s] Invoking command in '/root/nav_migration/src/build/husky_description': CMAKE_PREFIX_PATH=${CMAKE_PREFIX_PATH}:/root/clearpath_ws/install/clearpath_config:/opt/ros/humble /usr/bin/cmake /root/nav_migration/src/husky-humble/husky_description -DCMAKE_INSTALL_PREFIX=/root/nav_migration/src/install/husky_description
[0.172s] -- The C compiler identification is GNU 11.4.0
[0.351s] -- The CXX compiler identification is GNU 11.4.0
[0.436s] -- Detecting C compiler ABI info
[0.498s] -- Detecting C compiler ABI info - done
[0.502s] -- Check for working C compiler: /usr/bin/cc - skipped
[0.503s] -- Detecting C compile features
[0.503s] -- Detecting C compile features - done
[0.504s] -- Detecting CXX compiler ABI info
[0.578s] -- Detecting CXX compiler ABI info - done
[0.582s] -- Check for working CXX compiler: /usr/bin/c++ - skipped
[0.582s] -- Detecting CXX compile features
[0.582s] -- Detecting CXX compile features - done
[0.594s] -- Found ament_cmake: 1.3.10 (/opt/ros/humble/share/ament_cmake/cmake)
[0.690s] -- Found Python3: /usr/bin/python3 (found version "3.10.12") found components: Interpreter 
[0.766s] -- Found urdf: 2.6.1 (/opt/ros/humble/share/urdf/cmake)
[1.584s] -- Configuring done
[1.586s] -- Generating done
[1.587s] -- Build files have been written to: /root/nav_migration/src/build/husky_description
[1.592s] Invoked command in '/root/nav_migration/src/build/husky_description' returned '0': CMAKE_PREFIX_PATH=${CMAKE_PREFIX_PATH}:/root/clearpath_ws/install/clearpath_config:/opt/ros/humble /usr/bin/cmake /root/nav_migration/src/husky-humble/husky_description -DCMAKE_INSTALL_PREFIX=/root/nav_migration/src/install/husky_description
[1.593s] Invoking command in '/root/nav_migration/src/build/husky_description': CMAKE_PREFIX_PATH=${CMAKE_PREFIX_PATH}:/root/clearpath_ws/install/clearpath_config:/opt/ros/humble /usr/bin/cmake --build /root/nav_migration/src/build/husky_description -- -j22 -l22
[1.618s] Invoked command in '/root/nav_migration/src/build/husky_description' returned '0': CMAKE_PREFIX_PATH=${CMAKE_PREFIX_PATH}:/root/clearpath_ws/install/clearpath_config:/opt/ros/humble /usr/bin/cmake --build /root/nav_migration/src/build/husky_description -- -j22 -l22
[1.631s] Invoking command in '/root/nav_migration/src/build/husky_description': CMAKE_PREFIX_PATH=${CMAKE_PREFIX_PATH}:/root/clearpath_ws/install/clearpath_config:/opt/ros/humble /usr/bin/cmake --install /root/nav_migration/src/build/husky_description
[1.635s] -- Install configuration: ""
[1.635s] -- Installing: /root/nav_migration/src/install/husky_description/share/husky_description/launch
[1.636s] -- Installing: /root/nav_migration/src/install/husky_description/share/husky_description/launch/description_launch.py
[1.636s] -- Installing: /root/nav_migration/src/install/husky_description/share/husky_description/launch/description.launch
[1.636s] -- Installing: /root/nav_migration/src/install/husky_description/share/husky_description/meshes
[1.636s] -- Installing: /root/nav_migration/src/install/husky_description/share/husky_description/meshes/base_link.dae
[1.636s] -- Installing: /root/nav_migration/src/install/husky_description/share/husky_description/meshes/wheel.stl
[1.637s] -- Installing: /root/nav_migration/src/install/husky_description/share/husky_description/meshes/top_plate.stl
[1.637s] -- Installing: /root/nav_migration/src/install/husky_description/share/husky_description/meshes/wheel.dae
[1.641s] -- Installing: /root/nav_migration/src/install/husky_description/share/husky_description/meshes/bumper_extension.dae
[1.641s] -- Installing: /root/nav_migration/src/install/husky_description/share/husky_description/meshes/user_rail.dae
[1.641s] -- Installing: /root/nav_migration/src/install/husky_description/share/husky_description/meshes/base_link.stl
[1.642s] -- Installing: /root/nav_migration/src/install/husky_description/share/husky_description/meshes/accessories
[1.643s] -- Installing: /root/nav_migration/src/install/husky_description/share/husky_description/meshes/accessories/300_mm_sensor_arch.stl
[1.643s] -- Installing: /root/nav_migration/src/install/husky_description/share/husky_description/meshes/accessories/510_mm_sensor_arch.dae
[1.643s] -- Installing: /root/nav_migration/src/install/husky_description/share/husky_description/meshes/accessories/lms1xx_mount.dae
[1.643s] -- Installing: /root/nav_migration/src/install/husky_description/share/husky_description/meshes/accessories/lidar_mount.stl
[1.644s] -- Installing: /root/nav_migration/src/install/husky_description/share/husky_description/meshes/accessories/300_mm_sensor_arch.dae
[1.644s] -- Installing: /root/nav_migration/src/install/husky_description/share/husky_description/meshes/accessories/lms1xx_mount.stl
[1.644s] -- Installing: /root/nav_migration/src/install/husky_description/share/husky_description/meshes/accessories/510_mm_sensor_arch.stl
[1.644s] -- Installing: /root/nav_migration/src/install/husky_description/share/husky_description/meshes/top_chassis.dae
[1.646s] -- Installing: /root/nav_migration/src/install/husky_description/share/husky_description/meshes/bumper.dae
[1.646s] -- Installing: /root/nav_migration/src/install/husky_description/share/husky_description/meshes/large_top_plate.dae
[1.646s] -- Installing: /root/nav_migration/src/install/husky_description/share/husky_description/meshes/top_chassis.stl
[1.647s] -- Installing: /root/nav_migration/src/install/husky_description/share/husky_description/meshes/top_plate.dae
[1.647s] -- Installing: /root/nav_migration/src/install/husky_description/share/husky_description/meshes/large_top_plate_collision.stl
[1.647s] -- Installing: /root/nav_migration/src/install/husky_description/share/husky_description/meshes/user_rail.stl
[1.648s] -- Installing: /root/nav_migration/src/install/husky_description/share/husky_description/urdf
[1.649s] -- Installing: /root/nav_migration/src/install/husky_description/share/husky_description/urdf/husky.urdf.xacro
[1.649s] -- Installing: /root/nav_migration/src/install/husky_description/share/husky_description/urdf/empty.urdf
[1.649s] -- Installing: /root/nav_migration/src/install/husky_description/share/husky_description/urdf/decorations.urdf.xacro
[1.649s] -- Installing: /root/nav_migration/src/install/husky_description/share/husky_description/urdf/wheel.urdf.xacro
[1.649s] -- Installing: /root/nav_migration/src/install/husky_description/share/husky_description/urdf/husky_macro.urdf.xacro
[1.649s] -- Installing: /root/nav_migration/src/install/husky_description/share/husky_description/urdf/accessories
[1.649s] -- Installing: /root/nav_migration/src/install/husky_description/share/husky_description/urdf/accessories/sensor_arch.urdf.xacro
[1.649s] -- Installing: /root/nav_migration/src/install/husky_description/share/husky_description/urdf/accessories/sick_lms1xx_mount.urdf.xacro
[1.649s] -- Installing: /root/nav_migration/src/install/husky_description/share/husky_description/urdf/accessories/intel_realsense.urdf.xacro
[1.650s] -- Installing: /root/nav_migration/src/install/husky_description/share/ament_index/resource_index/package_run_dependencies/husky_description
[1.650s] -- Installing: /root/nav_migration/src/install/husky_description/share/ament_index/resource_index/parent_prefix_path/husky_description
[1.650s] -- Installing: /root/nav_migration/src/install/husky_description/share/husky_description/environment/ament_prefix_path.sh
[1.650s] -- Installing: /root/nav_migration/src/install/husky_description/share/husky_description/environment/ament_prefix_path.dsv
[1.650s] -- Installing: /root/nav_migration/src/install/husky_description/share/husky_description/environment/path.sh
[1.650s] -- Installing: /root/nav_migration/src/install/husky_description/share/husky_description/environment/path.dsv
[1.650s] -- Installing: /root/nav_migration/src/install/husky_description/share/husky_description/local_setup.bash
[1.651s] -- Installing: /root/nav_migration/src/install/husky_description/share/husky_description/local_setup.sh
[1.651s] -- Installing: /root/nav_migration/src/install/husky_description/share/husky_description/local_setup.zsh
[1.651s] -- Installing: /root/nav_migration/src/install/husky_description/share/husky_description/local_setup.dsv
[1.651s] -- Installing: /root/nav_migration/src/install/husky_description/share/husky_description/package.dsv
[1.651s] -- Installing: /root/nav_migration/src/install/husky_description/share/ament_index/resource_index/packages/husky_description
[1.651s] -- Installing: /root/nav_migration/src/install/husky_description/share/husky_description/cmake/ament_cmake_export_dependencies-extras.cmake
[1.651s] -- Installing: /root/nav_migration/src/install/husky_description/share/husky_description/cmake/husky_descriptionConfig.cmake
[1.651s] -- Installing: /root/nav_migration/src/install/husky_description/share/husky_description/cmake/husky_descriptionConfig-version.cmake
[1.651s] -- Installing: /root/nav_migration/src/install/husky_description/share/husky_description/package.xml
[1.653s] Invoked command in '/root/nav_migration/src/build/husky_description' returned '0': CMAKE_PREFIX_PATH=${CMAKE_PREFIX_PATH}:/root/clearpath_ws/install/clearpath_config:/opt/ros/humble /usr/bin/cmake --install /root/nav_migration/src/build/husky_description
